data_dir=processed_data

----batch----
train_batch_size=64
train_batch_type=normal
dev_batch_size=64
dev_batch_type=normal
test_batch_size=64
test_batch_type=normal
shuffer=False
sort=False

----embedding----
embed_size=100
embed_uniform_init=0
embed_dropout=0
pre_embed_path=

----model----
model=char_cnn
save_model_dir=save_models
save_model_every=1
save_model_start_from=2
fc_dropout=0

----optimizer----
lr=0.001
optim=adam
weight_decay=1e-08
momentum=processed_data

----train----
epoch=100
print_every=10

----GPU----
gpu_device=0
use_cuda=False

----seed----
gpu_seed=23
seed=23

----log----
log_dir=log
log_fname=char_cnn.log

Epoch 0 step 10 acc: 28.59% loss: 0.029958
Epoch 0 step 20 acc: 27.50% loss: 0.027561
Epoch 0 step 30 acc: 27.97% loss: 0.025315
Epoch 0 step 40 acc: 23.75% loss: 0.024890
Epoch 0 step 50 acc: 24.06% loss: 0.024600
Epoch 0 step 60 acc: 28.59% loss: 0.024535
Epoch 0 step 70 acc: 29.53% loss: 0.024284
Epoch 0 step 80 acc: 28.28% loss: 0.024451
Epoch 0 step 90 acc: 23.75% loss: 0.024966
Epoch 0 step 100 acc: 31.41% loss: 0.024257
Epoch 0 step 110 acc: 29.69% loss: 0.024726
Epoch 0 step 120 acc: 30.00% loss: 0.024342
Epoch 0 step 130 acc: 28.44% loss: 0.023989
dev acc: 32.71% loss: 0.023799
test acc: 32.44% loss: 0.023846
Epoch 1 step 10 acc: 33.59% loss: 0.023428
Epoch 1 step 20 acc: 37.19% loss: 0.022911
Epoch 1 step 30 acc: 34.69% loss: 0.022485
Epoch 1 step 40 acc: 37.19% loss: 0.021813
Epoch 1 step 50 acc: 39.53% loss: 0.021585
