data_dir=processed_data

----batch----
train_batch_size=64
train_batch_type=normal
dev_batch_size=64
dev_batch_type=normal
test_batch_size=64
test_batch_type=normal
shuffer=False
sort=False

----embedding----
embed_size=100
char_embed_size=50
embed_uniform_init=0
embed_dropout=0
pre_embed_path=

----model----
model=cnn
save_model_dir=save_models
save_model_every=1
save_model_start_from=0
kernel_num=100
kernel_size=[3, 5, 7]
stride=1
fc_dropout=0

----optimizer----
lr=0.001
optim=adam
weight_decay=1e-08
momentum=processed_data

----train----
epoch=100
print_every=10

----GPU----
gpu_device=0
use_cuda=False

----seed----
gpu_seed=23
seed=23

----log----
log_dir=log
log_fname=cnn.log

[2018-10-28 11:12:33] Epoch 0 step 10 acc: 25.31% loss: 0.029741
[2018-10-28 11:12:36] Epoch 0 step 20 acc: 27.34% loss: 0.028061
[2018-10-28 11:12:39] Epoch 0 step 30 acc: 25.78% loss: 0.025536
[2018-10-28 11:12:42] Epoch 0 step 40 acc: 22.81% loss: 0.024962
[2018-10-28 11:12:44] Epoch 0 step 50 acc: 24.38% loss: 0.024618
[2018-10-28 11:12:47] Epoch 0 step 60 acc: 28.59% loss: 0.024547
[2018-10-28 11:12:50] Epoch 0 step 70 acc: 29.53% loss: 0.024269
[2018-10-28 11:12:53] Epoch 0 step 80 acc: 26.88% loss: 0.024486
[2018-10-28 11:12:56] Epoch 0 step 90 acc: 23.59% loss: 0.025027
[2018-10-28 11:12:59] Epoch 0 step 100 acc: 30.00% loss: 0.024347
[2018-10-28 11:13:1] Epoch 0 step 110 acc: 27.03% loss: 0.024874
[2018-10-28 11:13:4] Epoch 0 step 120 acc: 28.91% loss: 0.024581
[2018-10-28 11:13:7] Epoch 0 step 130 acc: 27.81% loss: 0.024334
dev acc: 28.52% loss: 0.024255
test acc: 29.14% loss: 0.024350
