data_dir=mr_processed_data

----batch----
train_batch_size=64
train_batch_type=same
dev_batch_size=64
dev_batch_type=same
test_batch_size=64
test_batch_type=same
shuffer=False
sort=True

----embedding----
embed_size=100
char_embed_size=50
embed_uniform_init=0.0
embed_dropout=0.1
pre_embed_path=/home/zrr/projects/Data/glove.6B/glove.6B.100d.txt

----model----
model=cnn_treelstm
save_model_dir=cr_save_models
save_model_every=1
save_model_start_from=0
kernel_num=100
kernel_size=[1, 2, 3, 4]
stride=1
fc_dropout=0.1

----optimizer----
lr=0.001
optim=adam
weight_decay=1e-08
momentum=0.9
early_stop=9999999

----train----
epoch=100
print_every=10

----GPU----
gpu_device=0
use_cuda=True

----seed----
gpu_seed=23
seed=23

----log----
log_dir=log
log_fname=cnn_treelstm.log

use CUDA!
data has shuffled!
[2018-11-17 21:26:38] Epoch 0 step [10|164] lr=0.00100000 acc: 51.95% loss: 0.014480
[2018-11-17 21:26:48] Epoch 0 step [20|164] lr=0.00100000 acc: 52.19% loss: 0.010954
[2018-11-17 21:26:55] Epoch 0 step [30|164] lr=0.00100000 acc: 50.35% loss: 0.017230
[2018-11-17 21:27:03] Epoch 0 step [40|164] lr=0.00100000 acc: 50.19% loss: 0.013238
[2018-11-17 21:27:12] Epoch 0 step [50|164] lr=0.00100000 acc: 60.93% loss: 0.013217
[2018-11-17 21:27:19] Epoch 0 step [60|164] lr=0.00100000 acc: 51.98% loss: 0.014030
[2018-11-17 21:27:25] Epoch 0 step [70|164] lr=0.00100000 acc: 54.26% loss: 0.017424
[2018-11-17 21:27:31] Epoch 0 step [80|164] lr=0.00100000 acc: 58.69% loss: 0.015656
[2018-11-17 21:27:38] Epoch 0 step [90|164] lr=0.00100000 acc: 57.64% loss: 0.010982
[2018-11-17 21:27:45] Epoch 0 step [100|164] lr=0.00100000 acc: 64.14% loss: 0.012080
[2018-11-17 21:27:52] Epoch 0 step [110|164] lr=0.00100000 acc: 69.55% loss: 0.011213
[2018-11-17 21:28:01] Epoch 0 step [120|164] lr=0.00100000 acc: 63.73% loss: 0.010399
[2018-11-17 21:28:06] Epoch 0 step [130|164] lr=0.00100000 acc: 65.32% loss: 0.015380
[2018-11-17 21:28:14] Epoch 0 step [140|164] lr=0.00100000 acc: 67.51% loss: 0.010063
[2018-11-17 21:28:20] Epoch 0 step [150|164] lr=0.00100000 acc: 69.24% loss: 0.009715
[2018-11-17 21:28:26] Epoch 0 step [160|164] lr=0.00100000 acc: 70.99% loss: 0.013708
dev acc: 73.45% loss: 0.024542
test acc: 76.47% loss: 0.021381
model saved succeed in cr_save_models/2018-11-17-21-28-44-cnn_treelstm-model_epoch_0.pt
Update! best test acc: 76.47%
data has shuffled!
[2018-11-17 21:28:52] Epoch 1 step [10|164] lr=0.00100000 acc: 76.11% loss: 0.008958
[2018-11-17 21:28:58] Epoch 1 step [20|164] lr=0.00100000 acc: 80.89% loss: 0.007920
[2018-11-17 21:29:04] Epoch 1 step [30|164] lr=0.00100000 acc: 78.94% loss: 0.008560
[2018-11-17 21:29:11] Epoch 1 step [40|164] lr=0.00100000 acc: 80.35% loss: 0.008112
[2018-11-17 21:29:19] Epoch 1 step [50|164] lr=0.00100000 acc: 75.76% loss: 0.008619
[2018-11-17 21:29:26] Epoch 1 step [60|164] lr=0.00100000 acc: 78.92% loss: 0.008455
[2018-11-17 21:29:32] Epoch 1 step [70|164] lr=0.00100000 acc: 79.14% loss: 0.007746
[2018-11-17 21:29:41] Epoch 1 step [80|164] lr=0.00100000 acc: 78.91% loss: 0.007010
[2018-11-17 21:29:46] Epoch 1 step [90|164] lr=0.00100000 acc: 82.53% loss: 0.008079
[2018-11-17 21:29:53] Epoch 1 step [100|164] lr=0.00100000 acc: 78.37% loss: 0.009076
[2018-11-17 21:30:01] Epoch 1 step [110|164] lr=0.00100000 acc: 82.22% loss: 0.007208
[2018-11-17 21:30:10] Epoch 1 step [120|164] lr=0.00100000 acc: 74.95% loss: 0.009364
[2018-11-17 21:30:16] Epoch 1 step [130|164] lr=0.00100000 acc: 80.17% loss: 0.008680
[2018-11-17 21:30:23] Epoch 1 step [140|164] lr=0.00100000 acc: 78.52% loss: 0.009697
[2018-11-17 21:30:29] Epoch 1 step [150|164] lr=0.00100000 acc: 77.94% loss: 0.009357
[2018-11-17 21:30:38] Epoch 1 step [160|164] lr=0.00100000 acc: 79.47% loss: 0.008079
dev acc: 75.52% loss: 0.021814
test acc: 79.11% loss: 0.018312
model saved succeed in cr_save_models/2018-11-17-21-30-58-cnn_treelstm-model_epoch_1.pt
Update! best test acc: 79.11%
data has shuffled!
[2018-11-17 21:31:06] Epoch 2 step [10|164] lr=0.00100000 acc: 84.64% loss: 0.006223
[2018-11-17 21:31:12] Epoch 2 step [20|164] lr=0.00100000 acc: 84.89% loss: 0.006335
[2018-11-17 21:31:18] Epoch 2 step [30|164] lr=0.00100000 acc: 84.42% loss: 0.006676
[2018-11-17 21:31:25] Epoch 2 step [40|164] lr=0.00100000 acc: 85.31% loss: 0.005282
[2018-11-17 21:31:33] Epoch 2 step [50|164] lr=0.00100000 acc: 86.19% loss: 0.005304
[2018-11-17 21:31:40] Epoch 2 step [60|164] lr=0.00100000 acc: 87.09% loss: 0.005295
[2018-11-17 21:31:46] Epoch 2 step [70|164] lr=0.00100000 acc: 88.15% loss: 0.005762
[2018-11-17 21:31:54] Epoch 2 step [80|164] lr=0.00100000 acc: 89.09% loss: 0.004449
[2018-11-17 21:32:00] Epoch 2 step [90|164] lr=0.00100000 acc: 87.01% loss: 0.006273
[2018-11-17 21:32:07] Epoch 2 step [100|164] lr=0.00100000 acc: 85.89% loss: 0.005484
[2018-11-17 21:32:18] Epoch 2 step [110|164] lr=0.00100000 acc: 84.36% loss: 0.005827
[2018-11-17 21:32:23] Epoch 2 step [120|164] lr=0.00100000 acc: 89.68% loss: 0.005197
[2018-11-17 21:32:31] Epoch 2 step [130|164] lr=0.00100000 acc: 85.00% loss: 0.005715
[2018-11-17 21:32:37] Epoch 2 step [140|164] lr=0.00100000 acc: 88.41% loss: 0.006198
[2018-11-17 21:32:47] Epoch 2 step [150|164] lr=0.00100000 acc: 84.73% loss: 0.005504
[2018-11-17 21:32:54] Epoch 2 step [160|164] lr=0.00100000 acc: 88.24% loss: 0.004840
dev acc: 78.14% loss: 0.020703
test acc: 78.54% loss: 0.018742
model saved succeed in cr_save_models/2018-11-17-21-33-12-cnn_treelstm-model_epoch_2.pt
Update! best test acc: 78.54%
data has shuffled!
[2018-11-17 21:33:19] Epoch 3 step [10|164] lr=0.00100000 acc: 91.35% loss: 0.003433
[2018-11-17 21:33:29] Epoch 3 step [20|164] lr=0.00100000 acc: 92.84% loss: 0.003582
[2018-11-17 21:33:38] Epoch 3 step [30|164] lr=0.00100000 acc: 90.58% loss: 0.003527
[2018-11-17 21:33:43] Epoch 3 step [40|164] lr=0.00100000 acc: 93.08% loss: 0.003058
[2018-11-17 21:33:51] Epoch 3 step [50|164] lr=0.00100000 acc: 92.07% loss: 0.003324
[2018-11-17 21:33:59] Epoch 3 step [60|164] lr=0.00100000 acc: 90.25% loss: 0.004020
[2018-11-17 21:34:07] Epoch 3 step [70|164] lr=0.00100000 acc: 90.94% loss: 0.003318
[2018-11-17 21:34:13] Epoch 3 step [80|164] lr=0.00100000 acc: 91.74% loss: 0.003337
[2018-11-17 21:34:19] Epoch 3 step [90|164] lr=0.00100000 acc: 93.19% loss: 0.003083
[2018-11-17 21:34:27] Epoch 3 step [100|164] lr=0.00100000 acc: 93.19% loss: 0.003676
[2018-11-17 21:34:36] Epoch 3 step [110|164] lr=0.00100000 acc: 94.54% loss: 0.003251
[2018-11-17 21:34:40] Epoch 3 step [120|164] lr=0.00100000 acc: 92.58% loss: 0.002981
[2018-11-17 21:34:46] Epoch 3 step [130|164] lr=0.00100000 acc: 93.61% loss: 0.002694
[2018-11-17 21:34:54] Epoch 3 step [140|164] lr=0.00100000 acc: 92.80% loss: 0.003464
[2018-11-17 21:35:04] Epoch 3 step [150|164] lr=0.00100000 acc: 90.36% loss: 0.003640
[2018-11-17 21:35:11] Epoch 3 step [160|164] lr=0.00100000 acc: 90.63% loss: 0.003515
dev acc: 78.14% loss: 0.022483
test acc: 78.17% loss: 0.021263
not improved, best test acc: 78.54%, in epoch 2
data has shuffled!
[2018-11-17 21:35:37] Epoch 4 step [10|164] lr=0.00100000 acc: 97.50% loss: 0.001639
[2018-11-17 21:35:44] Epoch 4 step [20|164] lr=0.00100000 acc: 96.46% loss: 0.001596
[2018-11-17 21:35:52] Epoch 4 step [30|164] lr=0.00100000 acc: 97.52% loss: 0.001536
[2018-11-17 21:36:02] Epoch 4 step [40|164] lr=0.00100000 acc: 96.03% loss: 0.002140
[2018-11-17 21:36:10] Epoch 4 step [50|164] lr=0.00100000 acc: 97.26% loss: 0.001427
[2018-11-17 21:36:17] Epoch 4 step [60|164] lr=0.00100000 acc: 95.82% loss: 0.001848
[2018-11-17 21:36:26] Epoch 4 step [70|164] lr=0.00100000 acc: 97.69% loss: 0.001230
[2018-11-17 21:36:32] Epoch 4 step [80|164] lr=0.00100000 acc: 98.12% loss: 0.001559
[2018-11-17 21:36:39] Epoch 4 step [90|164] lr=0.00100000 acc: 96.68% loss: 0.001452
[2018-11-17 21:36:45] Epoch 4 step [100|164] lr=0.00100000 acc: 96.48% loss: 0.001632
[2018-11-17 21:36:50] Epoch 4 step [110|164] lr=0.00100000 acc: 95.81% loss: 0.001713
[2018-11-17 21:36:58] Epoch 4 step [120|164] lr=0.00100000 acc: 95.85% loss: 0.001777
[2018-11-17 21:37:05] Epoch 4 step [130|164] lr=0.00100000 acc: 98.25% loss: 0.000996
[2018-11-17 21:37:15] Epoch 4 step [140|164] lr=0.00100000 acc: 96.90% loss: 0.001326
[2018-11-17 21:37:21] Epoch 4 step [150|164] lr=0.00100000 acc: 96.56% loss: 0.001372
[2018-11-17 21:37:30] Epoch 4 step [160|164] lr=0.00100000 acc: 96.73% loss: 0.001760
dev acc: 77.86% loss: 0.026400
test acc: 77.50% loss: 0.025275
not improved, best test acc: 78.54%, in epoch 2
data has shuffled!
[2018-11-17 21:37:58] Epoch 5 step [10|164] lr=0.00100000 acc: 99.06% loss: 0.000692
[2018-11-17 21:38:04] Epoch 5 step [20|164] lr=0.00100000 acc: 98.77% loss: 0.000859
[2018-11-17 21:38:12] Epoch 5 step [30|164] lr=0.00100000 acc: 98.65% loss: 0.000767
[2018-11-17 21:38:18] Epoch 5 step [40|164] lr=0.00100000 acc: 98.36% loss: 0.000946
[2018-11-17 21:38:23] Epoch 5 step [50|164] lr=0.00100000 acc: 98.78% loss: 0.000600
[2018-11-17 21:38:30] Epoch 5 step [60|164] lr=0.00100000 acc: 98.41% loss: 0.000781
[2018-11-17 21:38:34] Epoch 5 step [70|164] lr=0.00100000 acc: 98.93% loss: 0.000768
[2018-11-17 21:38:41] Epoch 5 step [80|164] lr=0.00100000 acc: 99.18% loss: 0.000635
[2018-11-17 21:38:48] Epoch 5 step [90|164] lr=0.00100000 acc: 98.67% loss: 0.000640
[2018-11-17 21:38:55] Epoch 5 step [100|164] lr=0.00100000 acc: 98.02% loss: 0.000820
[2018-11-17 21:38:59] Epoch 5 step [110|164] lr=0.00100000 acc: 98.11% loss: 0.000843
[2018-11-17 21:39:06] Epoch 5 step [120|164] lr=0.00100000 acc: 98.19% loss: 0.000915
[2018-11-17 21:39:12] Epoch 5 step [130|164] lr=0.00100000 acc: 98.66% loss: 0.000620
[2018-11-17 21:39:17] Epoch 5 step [140|164] lr=0.00100000 acc: 98.75% loss: 0.000692
[2018-11-17 21:39:24] Epoch 5 step [150|164] lr=0.00100000 acc: 98.68% loss: 0.000678
[2018-11-17 21:39:32] Epoch 5 step [160|164] lr=0.00100000 acc: 98.15% loss: 0.000875
dev acc: 77.77% loss: 0.033040
test acc: 76.09% loss: 0.031893
not improved, best test acc: 78.54%, in epoch 2
data has shuffled!
[2018-11-17 21:39:57] Epoch 6 step [10|164] lr=0.00100000 acc: 99.41% loss: 0.000508
[2018-11-17 21:40:04] Epoch 6 step [20|164] lr=0.00100000 acc: 98.97% loss: 0.000408
[2018-11-17 21:40:08] Epoch 6 step [30|164] lr=0.00100000 acc: 98.85% loss: 0.000545
[2018-11-17 21:40:16] Epoch 6 step [40|164] lr=0.00100000 acc: 99.58% loss: 0.000392
[2018-11-17 21:40:22] Epoch 6 step [50|164] lr=0.00100000 acc: 99.07% loss: 0.000563
[2018-11-17 21:40:28] Epoch 6 step [60|164] lr=0.00100000 acc: 99.59% loss: 0.000374
[2018-11-17 21:40:33] Epoch 6 step [70|164] lr=0.00100000 acc: 99.20% loss: 0.000588
[2018-11-17 21:40:39] Epoch 6 step [80|164] lr=0.00100000 acc: 99.24% loss: 0.000428
[2018-11-17 21:40:44] Epoch 6 step [90|164] lr=0.00100000 acc: 98.11% loss: 0.000626
[2018-11-17 21:40:53] Epoch 6 step [100|164] lr=0.00100000 acc: 99.66% loss: 0.000286
[2018-11-17 21:40:58] Epoch 6 step [110|164] lr=0.00100000 acc: 99.73% loss: 0.000552
[2018-11-17 21:41:09] Epoch 6 step [120|164] lr=0.00100000 acc: 99.23% loss: 0.000437
[2018-11-17 21:41:17] Epoch 6 step [130|164] lr=0.00100000 acc: 98.46% loss: 0.000620
[2018-11-17 21:41:26] Epoch 6 step [140|164] lr=0.00100000 acc: 99.41% loss: 0.000453
[2018-11-17 21:41:32] Epoch 6 step [150|164] lr=0.00100000 acc: 99.04% loss: 0.000536
[2018-11-17 21:41:39] Epoch 6 step [160|164] lr=0.00100000 acc: 99.50% loss: 0.000326
dev acc: 76.83% loss: 0.037170
test acc: 77.88% loss: 0.036505
not improved, best test acc: 78.54%, in epoch 2
data has shuffled!
[2018-11-17 21:42:05] Epoch 7 step [10|164] lr=0.00100000 acc: 99.46% loss: 0.000379
[2018-11-17 21:42:12] Epoch 7 step [20|164] lr=0.00100000 acc: 99.81% loss: 0.000218
[2018-11-17 21:42:21] Epoch 7 step [30|164] lr=0.00100000 acc: 99.64% loss: 0.000250
[2018-11-17 21:42:27] Epoch 7 step [40|164] lr=0.00100000 acc: 99.78% loss: 0.000170
[2018-11-17 21:42:33] Epoch 7 step [50|164] lr=0.00100000 acc: 99.74% loss: 0.000128
[2018-11-17 21:42:41] Epoch 7 step [60|164] lr=0.00100000 acc: 99.62% loss: 0.000236
[2018-11-17 21:42:46] Epoch 7 step [70|164] lr=0.00100000 acc: 99.48% loss: 0.000328
[2018-11-17 21:42:55] Epoch 7 step [80|164] lr=0.00100000 acc: 100.00% loss: 0.000157
[2018-11-17 21:43:03] Epoch 7 step [90|164] lr=0.00100000 acc: 99.46% loss: 0.000326
[2018-11-17 21:43:10] Epoch 7 step [100|164] lr=0.00100000 acc: 99.62% loss: 0.000352
[2018-11-17 21:43:17] Epoch 7 step [110|164] lr=0.00100000 acc: 99.43% loss: 0.000301
[2018-11-17 21:43:26] Epoch 7 step [120|164] lr=0.00100000 acc: 99.82% loss: 0.000219
[2018-11-17 21:43:33] Epoch 7 step [130|164] lr=0.00100000 acc: 99.78% loss: 0.000143
[2018-11-17 21:43:40] Epoch 7 step [140|164] lr=0.00100000 acc: 99.77% loss: 0.000203
[2018-11-17 21:43:48] Epoch 7 step [150|164] lr=0.00100000 acc: 99.63% loss: 0.000195
[2018-11-17 21:43:58] Epoch 7 step [160|164] lr=0.00100000 acc: 99.83% loss: 0.000179
dev acc: 77.02% loss: 0.038951
test acc: 76.94% loss: 0.038493
not improved, best test acc: 78.54%, in epoch 2
data has shuffled!
[2018-11-17 21:44:22] Epoch 8 step [10|164] lr=0.00100000 acc: 99.79% loss: 0.000097
[2018-11-17 21:44:30] Epoch 8 step [20|164] lr=0.00100000 acc: 99.79% loss: 0.000140
[2018-11-17 21:44:36] Epoch 8 step [30|164] lr=0.00100000 acc: 100.00% loss: 0.000111
[2018-11-17 21:44:43] Epoch 8 step [40|164] lr=0.00100000 acc: 100.00% loss: 0.000092
[2018-11-17 21:44:50] Epoch 8 step [50|164] lr=0.00100000 acc: 99.84% loss: 0.000103
[2018-11-17 21:44:56] Epoch 8 step [60|164] lr=0.00100000 acc: 99.82% loss: 0.000085
[2018-11-17 21:45:01] Epoch 8 step [70|164] lr=0.00100000 acc: 99.76% loss: 0.000126
[2018-11-17 21:45:08] Epoch 8 step [80|164] lr=0.00100000 acc: 99.68% loss: 0.000147
[2018-11-17 21:45:15] Epoch 8 step [90|164] lr=0.00100000 acc: 100.00% loss: 0.000066
[2018-11-17 21:45:22] Epoch 8 step [100|164] lr=0.00100000 acc: 99.84% loss: 0.000145
[2018-11-17 21:45:30] Epoch 8 step [110|164] lr=0.00100000 acc: 99.62% loss: 0.000140
[2018-11-17 21:45:35] Epoch 8 step [120|164] lr=0.00100000 acc: 99.70% loss: 0.000211
[2018-11-17 21:45:42] Epoch 8 step [130|164] lr=0.00100000 acc: 99.69% loss: 0.000202
[2018-11-17 21:45:48] Epoch 8 step [140|164] lr=0.00100000 acc: 99.61% loss: 0.000237
[2018-11-17 21:45:52] Epoch 8 step [150|164] lr=0.00100000 acc: 99.55% loss: 0.000279
[2018-11-17 21:45:59] Epoch 8 step [160|164] lr=0.00100000 acc: 99.62% loss: 0.000139
dev acc: 77.02% loss: 0.042742
test acc: 76.47% loss: 0.041701
not improved, best test acc: 78.54%, in epoch 2
data has shuffled!
[2018-11-17 21:46:23] Epoch 9 step [10|164] lr=0.00100000 acc: 99.82% loss: 0.000085
[2018-11-17 21:46:29] Epoch 9 step [20|164] lr=0.00100000 acc: 100.00% loss: 0.000057
[2018-11-17 21:46:34] Epoch 9 step [30|164] lr=0.00100000 acc: 100.00% loss: 0.000086
[2018-11-17 21:46:41] Epoch 9 step [40|164] lr=0.00100000 acc: 100.00% loss: 0.000118
[2018-11-17 21:46:50] Epoch 9 step [50|164] lr=0.00100000 acc: 99.82% loss: 0.000063
[2018-11-17 21:46:55] Epoch 9 step [60|164] lr=0.00100000 acc: 100.00% loss: 0.000061
[2018-11-17 21:47:01] Epoch 9 step [70|164] lr=0.00100000 acc: 99.80% loss: 0.000162
[2018-11-17 21:47:06] Epoch 9 step [80|164] lr=0.00100000 acc: 100.00% loss: 0.000051
[2018-11-17 21:47:13] Epoch 9 step [90|164] lr=0.00100000 acc: 99.84% loss: 0.000090
[2018-11-17 21:47:21] Epoch 9 step [100|164] lr=0.00100000 acc: 100.00% loss: 0.000050
[2018-11-17 21:47:26] Epoch 9 step [110|164] lr=0.00100000 acc: 99.82% loss: 0.000134
[2018-11-17 21:47:34] Epoch 9 step [120|164] lr=0.00100000 acc: 100.00% loss: 0.000055
[2018-11-17 21:47:42] Epoch 9 step [130|164] lr=0.00100000 acc: 100.00% loss: 0.000044
[2018-11-17 21:47:49] Epoch 9 step [140|164] lr=0.00100000 acc: 99.78% loss: 0.000149
[2018-11-17 21:47:54] Epoch 9 step [150|164] lr=0.00100000 acc: 100.00% loss: 0.000058
[2018-11-17 21:48:02] Epoch 9 step [160|164] lr=0.00100000 acc: 100.00% loss: 0.000058
dev acc: 76.64% loss: 0.043469
test acc: 77.50% loss: 0.042737
not improved, best test acc: 78.54%, in epoch 2
data has shuffled!
[2018-11-17 21:48:31] Epoch 10 step [10|164] lr=0.00100000 acc: 100.00% loss: 0.000039
[2018-11-17 21:48:37] Epoch 10 step [20|164] lr=0.00100000 acc: 99.82% loss: 0.000083
[2018-11-17 21:48:45] Epoch 10 step [30|164] lr=0.00100000 acc: 100.00% loss: 0.000059
[2018-11-17 21:48:50] Epoch 10 step [40|164] lr=0.00100000 acc: 100.00% loss: 0.000043
[2018-11-17 21:48:59] Epoch 10 step [50|164] lr=0.00100000 acc: 100.00% loss: 0.000061
[2018-11-17 21:49:06] Epoch 10 step [60|164] lr=0.00100000 acc: 100.00% loss: 0.000052
[2018-11-17 21:49:10] Epoch 10 step [70|164] lr=0.00100000 acc: 100.00% loss: 0.000049
[2018-11-17 21:49:17] Epoch 10 step [80|164] lr=0.00100000 acc: 99.77% loss: 0.000101
[2018-11-17 21:49:24] Epoch 10 step [90|164] lr=0.00100000 acc: 100.00% loss: 0.000045
[2018-11-17 21:49:30] Epoch 10 step [100|164] lr=0.00100000 acc: 99.73% loss: 0.000115
[2018-11-17 21:49:37] Epoch 10 step [110|164] lr=0.00100000 acc: 100.00% loss: 0.000069
[2018-11-17 21:49:47] Epoch 10 step [120|164] lr=0.00100000 acc: 100.00% loss: 0.000045
[2018-11-17 21:49:54] Epoch 10 step [130|164] lr=0.00100000 acc: 100.00% loss: 0.000054
[2018-11-17 21:50:03] Epoch 10 step [140|164] lr=0.00100000 acc: 100.00% loss: 0.000042
[2018-11-17 21:50:12] Epoch 10 step [150|164] lr=0.00100000 acc: 100.00% loss: 0.000043
[2018-11-17 21:50:20] Epoch 10 step [160|164] lr=0.00100000 acc: 100.00% loss: 0.000080
dev acc: 77.49% loss: 0.048428
test acc: 75.99% loss: 0.046959
not improved, best test acc: 78.54%, in epoch 2
8 epoch have not improved, so adjust lr to 0.0007
data has shuffled!
[2018-11-17 21:50:43] Epoch 11 step [10|164] lr=0.00070000 acc: 99.81% loss: 0.000069
[2018-11-17 21:50:50] Epoch 11 step [20|164] lr=0.00070000 acc: 100.00% loss: 0.000062
[2018-11-17 21:50:57] Epoch 11 step [30|164] lr=0.00070000 acc: 100.00% loss: 0.000048
[2018-11-17 21:51:02] Epoch 11 step [40|164] lr=0.00070000 acc: 100.00% loss: 0.000024
[2018-11-17 21:51:09] Epoch 11 step [50|164] lr=0.00070000 acc: 100.00% loss: 0.000028
[2018-11-17 21:51:17] Epoch 11 step [60|164] lr=0.00070000 acc: 100.00% loss: 0.000025
[2018-11-17 21:51:25] Epoch 11 step [70|164] lr=0.00070000 acc: 100.00% loss: 0.000035
[2018-11-17 21:51:33] Epoch 11 step [80|164] lr=0.00070000 acc: 99.82% loss: 0.000111
[2018-11-17 21:51:36] Epoch 11 step [90|164] lr=0.00070000 acc: 100.00% loss: 0.000054
[2018-11-17 21:51:42] Epoch 11 step [100|164] lr=0.00070000 acc: 100.00% loss: 0.000019
[2018-11-17 21:51:50] Epoch 11 step [110|164] lr=0.00070000 acc: 99.82% loss: 0.000061
[2018-11-17 21:51:57] Epoch 11 step [120|164] lr=0.00070000 acc: 100.00% loss: 0.000035
[2018-11-17 21:52:06] Epoch 11 step [130|164] lr=0.00070000 acc: 99.82% loss: 0.000071
[2018-11-17 21:52:13] Epoch 11 step [140|164] lr=0.00070000 acc: 100.00% loss: 0.000044
[2018-11-17 21:52:20] Epoch 11 step [150|164] lr=0.00070000 acc: 99.83% loss: 0.000061
[2018-11-17 21:52:26] Epoch 11 step [160|164] lr=0.00070000 acc: 100.00% loss: 0.000023
dev acc: 77.11% loss: 0.047476
test acc: 77.22% loss: 0.046438
not improved, best test acc: 78.54%, in epoch 2
data has shuffled!
[2018-11-17 21:52:50] Epoch 12 step [10|164] lr=0.00070000 acc: 100.00% loss: 0.000028
[2018-11-17 21:52:55] Epoch 12 step [20|164] lr=0.00070000 acc: 100.00% loss: 0.000019
[2018-11-17 21:52:59] Epoch 12 step [30|164] lr=0.00070000 acc: 99.76% loss: 0.000132
[2018-11-17 21:53:06] Epoch 12 step [40|164] lr=0.00070000 acc: 100.00% loss: 0.000027
[2018-11-17 21:53:14] Epoch 12 step [50|164] lr=0.00070000 acc: 100.00% loss: 0.000018
[2018-11-17 21:53:18] Epoch 12 step [60|164] lr=0.00070000 acc: 100.00% loss: 0.000016
[2018-11-17 21:53:24] Epoch 12 step [70|164] lr=0.00070000 acc: 100.00% loss: 0.000015
[2018-11-17 21:53:31] Epoch 12 step [80|164] lr=0.00070000 acc: 100.00% loss: 0.000044
[2018-11-17 21:53:37] Epoch 12 step [90|164] lr=0.00070000 acc: 100.00% loss: 0.000052
[2018-11-17 21:53:42] Epoch 12 step [100|164] lr=0.00070000 acc: 100.00% loss: 0.000013
[2018-11-17 21:53:48] Epoch 12 step [110|164] lr=0.00070000 acc: 100.00% loss: 0.000019
[2018-11-17 21:53:54] Epoch 12 step [120|164] lr=0.00070000 acc: 100.00% loss: 0.000033
[2018-11-17 21:54:04] Epoch 12 step [130|164] lr=0.00070000 acc: 100.00% loss: 0.000033
[2018-11-17 21:54:10] Epoch 12 step [140|164] lr=0.00070000 acc: 100.00% loss: 0.000020
[2018-11-17 21:54:14] Epoch 12 step [150|164] lr=0.00070000 acc: 100.00% loss: 0.000042
[2018-11-17 21:54:23] Epoch 12 step [160|164] lr=0.00070000 acc: 99.83% loss: 0.000071
dev acc: 77.39% loss: 0.048974
test acc: 76.65% loss: 0.047756
not improved, best test acc: 78.54%, in epoch 2
data has shuffled!
[2018-11-17 21:54:48] Epoch 13 step [10|164] lr=0.00070000 acc: 100.00% loss: 0.000010
[2018-11-17 21:54:54] Epoch 13 step [20|164] lr=0.00070000 acc: 100.00% loss: 0.000034
[2018-11-17 21:55:01] Epoch 13 step [30|164] lr=0.00070000 acc: 100.00% loss: 0.000060
[2018-11-17 21:55:06] Epoch 13 step [40|164] lr=0.00070000 acc: 100.00% loss: 0.000023
[2018-11-17 21:55:15] Epoch 13 step [50|164] lr=0.00070000 acc: 100.00% loss: 0.000013
[2018-11-17 21:55:20] Epoch 13 step [60|164] lr=0.00070000 acc: 100.00% loss: 0.000031
[2018-11-17 21:55:26] Epoch 13 step [70|164] lr=0.00070000 acc: 100.00% loss: 0.000032
[2018-11-17 21:55:32] Epoch 13 step [80|164] lr=0.00070000 acc: 100.00% loss: 0.000017
[2018-11-17 21:55:40] Epoch 13 step [90|164] lr=0.00070000 acc: 100.00% loss: 0.000028
[2018-11-17 21:55:46] Epoch 13 step [100|164] lr=0.00070000 acc: 100.00% loss: 0.000017
[2018-11-17 21:55:53] Epoch 13 step [110|164] lr=0.00070000 acc: 99.82% loss: 0.000045
[2018-11-17 21:55:59] Epoch 13 step [120|164] lr=0.00070000 acc: 100.00% loss: 0.000027
[2018-11-17 21:56:03] Epoch 13 step [130|164] lr=0.00070000 acc: 100.00% loss: 0.000024
[2018-11-17 21:56:10] Epoch 13 step [140|164] lr=0.00070000 acc: 100.00% loss: 0.000043
[2018-11-17 21:56:18] Epoch 13 step [150|164] lr=0.00070000 acc: 100.00% loss: 0.000013
[2018-11-17 21:56:24] Epoch 13 step [160|164] lr=0.00070000 acc: 99.80% loss: 0.000079
dev acc: 76.92% loss: 0.051975
test acc: 76.18% loss: 0.050438
not improved, best test acc: 78.54%, in epoch 2
data has shuffled!
[2018-11-17 21:56:48] Epoch 14 step [10|164] lr=0.00070000 acc: 100.00% loss: 0.000047
[2018-11-17 21:56:54] Epoch 14 step [20|164] lr=0.00070000 acc: 99.83% loss: 0.000032
[2018-11-17 21:57:01] Epoch 14 step [30|164] lr=0.00070000 acc: 99.83% loss: 0.000042
[2018-11-17 21:57:06] Epoch 14 step [40|164] lr=0.00070000 acc: 100.00% loss: 0.000016
[2018-11-17 21:57:12] Epoch 14 step [50|164] lr=0.00070000 acc: 100.00% loss: 0.000015
[2018-11-17 21:57:18] Epoch 14 step [60|164] lr=0.00070000 acc: 100.00% loss: 0.000016
[2018-11-17 21:57:25] Epoch 14 step [70|164] lr=0.00070000 acc: 100.00% loss: 0.000026
[2018-11-17 21:57:30] Epoch 14 step [80|164] lr=0.00070000 acc: 100.00% loss: 0.000015
[2018-11-17 21:57:36] Epoch 14 step [90|164] lr=0.00070000 acc: 100.00% loss: 0.000028
[2018-11-17 21:57:44] Epoch 14 step [100|164] lr=0.00070000 acc: 100.00% loss: 0.000012
[2018-11-17 21:57:49] Epoch 14 step [110|164] lr=0.00070000 acc: 100.00% loss: 0.000012
[2018-11-17 21:57:53] Epoch 14 step [120|164] lr=0.00070000 acc: 100.00% loss: 0.000037
[2018-11-17 21:58:01] Epoch 14 step [130|164] lr=0.00070000 acc: 100.00% loss: 0.000046
[2018-11-17 21:58:07] Epoch 14 step [140|164] lr=0.00070000 acc: 99.84% loss: 0.000050
[2018-11-17 21:58:17] Epoch 14 step [150|164] lr=0.00070000 acc: 100.00% loss: 0.000027
[2018-11-17 21:58:22] Epoch 14 step [160|164] lr=0.00070000 acc: 100.00% loss: 0.000033
dev acc: 77.02% loss: 0.051130
test acc: 77.98% loss: 0.050050
not improved, best test acc: 78.54%, in epoch 2
data has shuffled!
[2018-11-17 21:58:46] Epoch 15 step [10|164] lr=0.00070000 acc: 99.79% loss: 0.000041
[2018-11-17 21:58:54] Epoch 15 step [20|164] lr=0.00070000 acc: 100.00% loss: 0.000024
[2018-11-17 21:59:01] Epoch 15 step [30|164] lr=0.00070000 acc: 100.00% loss: 0.000009
[2018-11-17 21:59:07] Epoch 15 step [40|164] lr=0.00070000 acc: 100.00% loss: 0.000011
[2018-11-17 21:59:14] Epoch 15 step [50|164] lr=0.00070000 acc: 100.00% loss: 0.000012
[2018-11-17 21:59:19] Epoch 15 step [60|164] lr=0.00070000 acc: 100.00% loss: 0.000020
[2018-11-17 21:59:27] Epoch 15 step [70|164] lr=0.00070000 acc: 100.00% loss: 0.000032
[2018-11-17 21:59:33] Epoch 15 step [80|164] lr=0.00070000 acc: 100.00% loss: 0.000012
[2018-11-17 21:59:37] Epoch 15 step [90|164] lr=0.00070000 acc: 100.00% loss: 0.000017
[2018-11-17 21:59:41] Epoch 15 step [100|164] lr=0.00070000 acc: 100.00% loss: 0.000017
[2018-11-17 21:59:48] Epoch 15 step [110|164] lr=0.00070000 acc: 100.00% loss: 0.000013
[2018-11-17 21:59:52] Epoch 15 step [120|164] lr=0.00070000 acc: 100.00% loss: 0.000013
[2018-11-17 21:59:59] Epoch 15 step [130|164] lr=0.00070000 acc: 100.00% loss: 0.000022
[2018-11-17 22:00:06] Epoch 15 step [140|164] lr=0.00070000 acc: 100.00% loss: 0.000010
[2018-11-17 22:00:13] Epoch 15 step [150|164] lr=0.00070000 acc: 100.00% loss: 0.000017
[2018-11-17 22:00:19] Epoch 15 step [160|164] lr=0.00070000 acc: 99.81% loss: 0.000043
dev acc: 77.39% loss: 0.054283
test acc: 76.28% loss: 0.051922
not improved, best test acc: 78.54%, in epoch 2
data has shuffled!
[2018-11-17 22:00:45] Epoch 16 step [10|164] lr=0.00070000 acc: 100.00% loss: 0.000013
[2018-11-17 22:00:50] Epoch 16 step [20|164] lr=0.00070000 acc: 100.00% loss: 0.000012
[2018-11-17 22:00:55] Epoch 16 step [30|164] lr=0.00070000 acc: 100.00% loss: 0.000021
[2018-11-17 22:01:02] Epoch 16 step [40|164] lr=0.00070000 acc: 100.00% loss: 0.000007
[2018-11-17 22:01:06] Epoch 16 step [50|164] lr=0.00070000 acc: 100.00% loss: 0.000009
[2018-11-17 22:01:13] Epoch 16 step [60|164] lr=0.00070000 acc: 100.00% loss: 0.000007
[2018-11-17 22:01:19] Epoch 16 step [70|164] lr=0.00070000 acc: 100.00% loss: 0.000011
[2018-11-17 22:01:27] Epoch 16 step [80|164] lr=0.00070000 acc: 100.00% loss: 0.000015
[2018-11-17 22:01:33] Epoch 16 step [90|164] lr=0.00070000 acc: 100.00% loss: 0.000005
[2018-11-17 22:01:41] Epoch 16 step [100|164] lr=0.00070000 acc: 100.00% loss: 0.000022
[2018-11-17 22:01:48] Epoch 16 step [110|164] lr=0.00070000 acc: 100.00% loss: 0.000018
[2018-11-17 22:01:56] Epoch 16 step [120|164] lr=0.00070000 acc: 100.00% loss: 0.000014
[2018-11-17 22:02:01] Epoch 16 step [130|164] lr=0.00070000 acc: 100.00% loss: 0.000010
[2018-11-17 22:02:10] Epoch 16 step [140|164] lr=0.00070000 acc: 100.00% loss: 0.000007
[2018-11-17 22:02:16] Epoch 16 step [150|164] lr=0.00070000 acc: 100.00% loss: 0.000005
[2018-11-17 22:02:21] Epoch 16 step [160|164] lr=0.00070000 acc: 100.00% loss: 0.000008
dev acc: 77.67% loss: 0.053489
test acc: 76.28% loss: 0.052156
not improved, best test acc: 78.54%, in epoch 2
data has shuffled!
[2018-11-17 22:02:42] Epoch 17 step [10|164] lr=0.00070000 acc: 100.00% loss: 0.000011
[2018-11-17 22:02:49] Epoch 17 step [20|164] lr=0.00070000 acc: 100.00% loss: 0.000011
[2018-11-17 22:02:57] Epoch 17 step [30|164] lr=0.00070000 acc: 100.00% loss: 0.000005
[2018-11-17 22:03:04] Epoch 17 step [40|164] lr=0.00070000 acc: 100.00% loss: 0.000007
[2018-11-17 22:03:10] Epoch 17 step [50|164] lr=0.00070000 acc: 100.00% loss: 0.000009
[2018-11-17 22:03:17] Epoch 17 step [60|164] lr=0.00070000 acc: 100.00% loss: 0.000010
[2018-11-17 22:03:22] Epoch 17 step [70|164] lr=0.00070000 acc: 100.00% loss: 0.000045
[2018-11-17 22:03:27] Epoch 17 step [80|164] lr=0.00070000 acc: 100.00% loss: 0.000008
[2018-11-17 22:03:34] Epoch 17 step [90|164] lr=0.00070000 acc: 100.00% loss: 0.000007
[2018-11-17 22:03:40] Epoch 17 step [100|164] lr=0.00070000 acc: 100.00% loss: 0.000018
[2018-11-17 22:03:47] Epoch 17 step [110|164] lr=0.00070000 acc: 100.00% loss: 0.000022
[2018-11-17 22:03:54] Epoch 17 step [120|164] lr=0.00070000 acc: 100.00% loss: 0.000011
[2018-11-17 22:04:00] Epoch 17 step [130|164] lr=0.00070000 acc: 100.00% loss: 0.000012
[2018-11-17 22:04:06] Epoch 17 step [140|164] lr=0.00070000 acc: 100.00% loss: 0.000023
[2018-11-17 22:04:12] Epoch 17 step [150|164] lr=0.00070000 acc: 100.00% loss: 0.000013
[2018-11-17 22:04:20] Epoch 17 step [160|164] lr=0.00070000 acc: 100.00% loss: 0.000009
dev acc: 76.92% loss: 0.053528
test acc: 76.65% loss: 0.052559
not improved, best test acc: 78.54%, in epoch 2
data has shuffled!
[2018-11-17 22:04:44] Epoch 18 step [10|164] lr=0.00070000 acc: 100.00% loss: 0.000011
[2018-11-17 22:04:51] Epoch 18 step [20|164] lr=0.00070000 acc: 100.00% loss: 0.000010
[2018-11-17 22:04:56] Epoch 18 step [30|164] lr=0.00070000 acc: 100.00% loss: 0.000021
[2018-11-17 22:05:01] Epoch 18 step [40|164] lr=0.00070000 acc: 100.00% loss: 0.000011
[2018-11-17 22:05:06] Epoch 18 step [50|164] lr=0.00070000 acc: 100.00% loss: 0.000012
[2018-11-17 22:05:14] Epoch 18 step [60|164] lr=0.00070000 acc: 100.00% loss: 0.000009
[2018-11-17 22:05:20] Epoch 18 step [70|164] lr=0.00070000 acc: 100.00% loss: 0.000004
[2018-11-17 22:05:25] Epoch 18 step [80|164] lr=0.00070000 acc: 100.00% loss: 0.000009
[2018-11-17 22:05:31] Epoch 18 step [90|164] lr=0.00070000 acc: 100.00% loss: 0.000019
[2018-11-17 22:05:36] Epoch 18 step [100|164] lr=0.00070000 acc: 100.00% loss: 0.000035
[2018-11-17 22:05:44] Epoch 18 step [110|164] lr=0.00070000 acc: 100.00% loss: 0.000019
[2018-11-17 22:05:52] Epoch 18 step [120|164] lr=0.00070000 acc: 100.00% loss: 0.000014
[2018-11-17 22:05:59] Epoch 18 step [130|164] lr=0.00070000 acc: 100.00% loss: 0.000019
[2018-11-17 22:06:05] Epoch 18 step [140|164] lr=0.00070000 acc: 100.00% loss: 0.000013
[2018-11-17 22:06:12] Epoch 18 step [150|164] lr=0.00070000 acc: 100.00% loss: 0.000007
[2018-11-17 22:06:17] Epoch 18 step [160|164] lr=0.00070000 acc: 100.00% loss: 0.000011
dev acc: 77.20% loss: 0.056006
test acc: 76.56% loss: 0.054909
not improved, best test acc: 78.54%, in epoch 2
16 epoch have not improved, so adjust lr to 0.00049
data has shuffled!
[2018-11-17 22:06:40] Epoch 19 step [10|164] lr=0.00049000 acc: 100.00% loss: 0.000007
[2018-11-17 22:06:46] Epoch 19 step [20|164] lr=0.00049000 acc: 100.00% loss: 0.000008
[2018-11-17 22:06:53] Epoch 19 step [30|164] lr=0.00049000 acc: 100.00% loss: 0.000020
[2018-11-17 22:07:00] Epoch 19 step [40|164] lr=0.00049000 acc: 100.00% loss: 0.000002
[2018-11-17 22:07:04] Epoch 19 step [50|164] lr=0.00049000 acc: 100.00% loss: 0.000009
[2018-11-17 22:07:10] Epoch 19 step [60|164] lr=0.00049000 acc: 100.00% loss: 0.000007
[2018-11-17 22:07:16] Epoch 19 step [70|164] lr=0.00049000 acc: 99.81% loss: 0.000047
[2018-11-17 22:07:24] Epoch 19 step [80|164] lr=0.00049000 acc: 99.81% loss: 0.000029
[2018-11-17 22:07:31] Epoch 19 step [90|164] lr=0.00049000 acc: 100.00% loss: 0.000003
[2018-11-17 22:07:37] Epoch 19 step [100|164] lr=0.00049000 acc: 100.00% loss: 0.000012
[2018-11-17 22:07:44] Epoch 19 step [110|164] lr=0.00049000 acc: 100.00% loss: 0.000011
[2018-11-17 22:07:51] Epoch 19 step [120|164] lr=0.00049000 acc: 100.00% loss: 0.000008
[2018-11-17 22:07:56] Epoch 19 step [130|164] lr=0.00049000 acc: 100.00% loss: 0.000004
[2018-11-17 22:08:02] Epoch 19 step [140|164] lr=0.00049000 acc: 100.00% loss: 0.000018
[2018-11-17 22:08:10] Epoch 19 step [150|164] lr=0.00049000 acc: 100.00% loss: 0.000006
[2018-11-17 22:08:16] Epoch 19 step [160|164] lr=0.00049000 acc: 100.00% loss: 0.000008
dev acc: 76.64% loss: 0.057088
test acc: 76.28% loss: 0.055450
not improved, best test acc: 78.54%, in epoch 2
data has shuffled!
[2018-11-17 22:08:39] Epoch 20 step [10|164] lr=0.00049000 acc: 100.00% loss: 0.000024
[2018-11-17 22:08:46] Epoch 20 step [20|164] lr=0.00049000 acc: 100.00% loss: 0.000014
[2018-11-17 22:08:52] Epoch 20 step [30|164] lr=0.00049000 acc: 100.00% loss: 0.000006
[2018-11-17 22:08:58] Epoch 20 step [40|164] lr=0.00049000 acc: 100.00% loss: 0.000005
[2018-11-17 22:09:07] Epoch 20 step [50|164] lr=0.00049000 acc: 100.00% loss: 0.000014
[2018-11-17 22:09:11] Epoch 20 step [60|164] lr=0.00049000 acc: 100.00% loss: 0.000010
[2018-11-17 22:09:17] Epoch 20 step [70|164] lr=0.00049000 acc: 100.00% loss: 0.000007
[2018-11-17 22:09:23] Epoch 20 step [80|164] lr=0.00049000 acc: 100.00% loss: 0.000002
[2018-11-17 22:09:32] Epoch 20 step [90|164] lr=0.00049000 acc: 100.00% loss: 0.000021
[2018-11-17 22:09:39] Epoch 20 step [100|164] lr=0.00049000 acc: 100.00% loss: 0.000010
[2018-11-17 22:09:46] Epoch 20 step [110|164] lr=0.00049000 acc: 100.00% loss: 0.000003
[2018-11-17 22:09:49] Epoch 20 step [120|164] lr=0.00049000 acc: 100.00% loss: 0.000007
[2018-11-17 22:09:57] Epoch 20 step [130|164] lr=0.00049000 acc: 100.00% loss: 0.000008
[2018-11-17 22:10:03] Epoch 20 step [140|164] lr=0.00049000 acc: 99.80% loss: 0.000035
[2018-11-17 22:10:08] Epoch 20 step [150|164] lr=0.00049000 acc: 100.00% loss: 0.000025
[2018-11-17 22:10:14] Epoch 20 step [160|164] lr=0.00049000 acc: 100.00% loss: 0.000005
dev acc: 76.27% loss: 0.057219
test acc: 76.75% loss: 0.055336
not improved, best test acc: 78.54%, in epoch 2
data has shuffled!
[2018-11-17 22:10:38] Epoch 21 step [10|164] lr=0.00049000 acc: 100.00% loss: 0.000012
[2018-11-17 22:10:44] Epoch 21 step [20|164] lr=0.00049000 acc: 100.00% loss: 0.000006
[2018-11-17 22:10:50] Epoch 21 step [30|164] lr=0.00049000 acc: 100.00% loss: 0.000006
[2018-11-17 22:10:58] Epoch 21 step [40|164] lr=0.00049000 acc: 100.00% loss: 0.000003
[2018-11-17 22:11:02] Epoch 21 step [50|164] lr=0.00049000 acc: 100.00% loss: 0.000008
[2018-11-17 22:11:10] Epoch 21 step [60|164] lr=0.00049000 acc: 100.00% loss: 0.000009
[2018-11-17 22:11:17] Epoch 21 step [70|164] lr=0.00049000 acc: 100.00% loss: 0.000006
[2018-11-17 22:11:22] Epoch 21 step [80|164] lr=0.00049000 acc: 100.00% loss: 0.000018
[2018-11-17 22:11:27] Epoch 21 step [90|164] lr=0.00049000 acc: 100.00% loss: 0.000013
[2018-11-17 22:11:33] Epoch 21 step [100|164] lr=0.00049000 acc: 100.00% loss: 0.000009
[2018-11-17 22:11:41] Epoch 21 step [110|164] lr=0.00049000 acc: 100.00% loss: 0.000004
[2018-11-17 22:11:47] Epoch 21 step [120|164] lr=0.00049000 acc: 100.00% loss: 0.000002
[2018-11-17 22:11:53] Epoch 21 step [130|164] lr=0.00049000 acc: 100.00% loss: 0.000004
[2018-11-17 22:12:00] Epoch 21 step [140|164] lr=0.00049000 acc: 100.00% loss: 0.000005
[2018-11-17 22:12:05] Epoch 21 step [150|164] lr=0.00049000 acc: 100.00% loss: 0.000005
[2018-11-17 22:12:13] Epoch 21 step [160|164] lr=0.00049000 acc: 100.00% loss: 0.000005
dev acc: 76.27% loss: 0.057796
test acc: 76.94% loss: 0.055545
not improved, best test acc: 78.54%, in epoch 2
data has shuffled!
[2018-11-17 22:12:37] Epoch 22 step [10|164] lr=0.00049000 acc: 100.00% loss: 0.000004
[2018-11-17 22:12:46] Epoch 22 step [20|164] lr=0.00049000 acc: 100.00% loss: 0.000002
[2018-11-17 22:12:52] Epoch 22 step [30|164] lr=0.00049000 acc: 100.00% loss: 0.000003
[2018-11-17 22:12:58] Epoch 22 step [40|164] lr=0.00049000 acc: 100.00% loss: 0.000016
[2018-11-17 22:13:04] Epoch 22 step [50|164] lr=0.00049000 acc: 100.00% loss: 0.000007
[2018-11-17 22:13:11] Epoch 22 step [60|164] lr=0.00049000 acc: 100.00% loss: 0.000001
[2018-11-17 22:13:15] Epoch 22 step [70|164] lr=0.00049000 acc: 100.00% loss: 0.000009
[2018-11-17 22:13:21] Epoch 22 step [80|164] lr=0.00049000 acc: 100.00% loss: 0.000004
[2018-11-17 22:13:27] Epoch 22 step [90|164] lr=0.00049000 acc: 100.00% loss: 0.000008
[2018-11-17 22:13:36] Epoch 22 step [100|164] lr=0.00049000 acc: 100.00% loss: 0.000002
[2018-11-17 22:13:44] Epoch 22 step [110|164] lr=0.00049000 acc: 100.00% loss: 0.000005
[2018-11-17 22:13:49] Epoch 22 step [120|164] lr=0.00049000 acc: 100.00% loss: 0.000007
[2018-11-17 22:13:57] Epoch 22 step [130|164] lr=0.00049000 acc: 100.00% loss: 0.000016
[2018-11-17 22:14:03] Epoch 22 step [140|164] lr=0.00049000 acc: 100.00% loss: 0.000007
[2018-11-17 22:14:07] Epoch 22 step [150|164] lr=0.00049000 acc: 100.00% loss: 0.000005
[2018-11-17 22:14:14] Epoch 22 step [160|164] lr=0.00049000 acc: 100.00% loss: 0.000008
dev acc: 76.83% loss: 0.058032
test acc: 77.03% loss: 0.056031
not improved, best test acc: 78.54%, in epoch 2
data has shuffled!
[2018-11-17 22:14:38] Epoch 23 step [10|164] lr=0.00049000 acc: 100.00% loss: 0.000004
[2018-11-17 22:14:45] Epoch 23 step [20|164] lr=0.00049000 acc: 100.00% loss: 0.000002
[2018-11-17 22:14:51] Epoch 23 step [30|164] lr=0.00049000 acc: 100.00% loss: 0.000010
[2018-11-17 22:14:57] Epoch 23 step [40|164] lr=0.00049000 acc: 100.00% loss: 0.000003
[2018-11-17 22:15:03] Epoch 23 step [50|164] lr=0.00049000 acc: 100.00% loss: 0.000004
[2018-11-17 22:15:08] Epoch 23 step [60|164] lr=0.00049000 acc: 100.00% loss: 0.000003
[2018-11-17 22:15:11] Epoch 23 step [70|164] lr=0.00049000 acc: 100.00% loss: 0.000003
[2018-11-17 22:15:19] Epoch 23 step [80|164] lr=0.00049000 acc: 100.00% loss: 0.000008
[2018-11-17 22:15:24] Epoch 23 step [90|164] lr=0.00049000 acc: 100.00% loss: 0.000012
[2018-11-17 22:15:32] Epoch 23 step [100|164] lr=0.00049000 acc: 100.00% loss: 0.000004
[2018-11-17 22:15:39] Epoch 23 step [110|164] lr=0.00049000 acc: 100.00% loss: 0.000008
[2018-11-17 22:15:45] Epoch 23 step [120|164] lr=0.00049000 acc: 100.00% loss: 0.000002
[2018-11-17 22:15:51] Epoch 23 step [130|164] lr=0.00049000 acc: 100.00% loss: 0.000002
[2018-11-17 22:15:56] Epoch 23 step [140|164] lr=0.00049000 acc: 100.00% loss: 0.000004
[2018-11-17 22:16:04] Epoch 23 step [150|164] lr=0.00049000 acc: 100.00% loss: 0.000003
[2018-11-17 22:16:11] Epoch 23 step [160|164] lr=0.00049000 acc: 100.00% loss: 0.000005
dev acc: 76.83% loss: 0.058096
test acc: 77.22% loss: 0.056850
not improved, best test acc: 78.54%, in epoch 2
data has shuffled!
[2018-11-17 22:16:35] Epoch 24 step [10|164] lr=0.00049000 acc: 100.00% loss: 0.000003
[2018-11-17 22:16:42] Epoch 24 step [20|164] lr=0.00049000 acc: 100.00% loss: 0.000008
[2018-11-17 22:16:51] Epoch 24 step [30|164] lr=0.00049000 acc: 100.00% loss: 0.000002
[2018-11-17 22:16:55] Epoch 24 step [40|164] lr=0.00049000 acc: 100.00% loss: 0.000004
[2018-11-17 22:17:03] Epoch 24 step [50|164] lr=0.00049000 acc: 100.00% loss: 0.000010
[2018-11-17 22:17:08] Epoch 24 step [60|164] lr=0.00049000 acc: 100.00% loss: 0.000006
[2018-11-17 22:17:15] Epoch 24 step [70|164] lr=0.00049000 acc: 100.00% loss: 0.000003
[2018-11-17 22:17:20] Epoch 24 step [80|164] lr=0.00049000 acc: 100.00% loss: 0.000004
[2018-11-17 22:17:26] Epoch 24 step [90|164] lr=0.00049000 acc: 100.00% loss: 0.000007
[2018-11-17 22:17:33] Epoch 24 step [100|164] lr=0.00049000 acc: 100.00% loss: 0.000002
[2018-11-17 22:17:39] Epoch 24 step [110|164] lr=0.00049000 acc: 100.00% loss: 0.000009
[2018-11-17 22:17:45] Epoch 24 step [120|164] lr=0.00049000 acc: 100.00% loss: 0.000002
[2018-11-17 22:17:50] Epoch 24 step [130|164] lr=0.00049000 acc: 100.00% loss: 0.000004
[2018-11-17 22:17:59] Epoch 24 step [140|164] lr=0.00049000 acc: 100.00% loss: 0.000004
[2018-11-17 22:18:04] Epoch 24 step [150|164] lr=0.00049000 acc: 100.00% loss: 0.000006
[2018-11-17 22:18:10] Epoch 24 step [160|164] lr=0.00049000 acc: 100.00% loss: 0.000005
dev acc: 76.36% loss: 0.058614
test acc: 77.69% loss: 0.057243
not improved, best test acc: 78.54%, in epoch 2
data has shuffled!
[2018-11-17 22:18:34] Epoch 25 step [10|164] lr=0.00049000 acc: 100.00% loss: 0.000003
[2018-11-17 22:18:40] Epoch 25 step [20|164] lr=0.00049000 acc: 100.00% loss: 0.000006
[2018-11-17 22:18:46] Epoch 25 step [30|164] lr=0.00049000 acc: 100.00% loss: 0.000002
[2018-11-17 22:18:54] Epoch 25 step [40|164] lr=0.00049000 acc: 99.82% loss: 0.000035
[2018-11-17 22:19:00] Epoch 25 step [50|164] lr=0.00049000 acc: 100.00% loss: 0.000006
[2018-11-17 22:19:06] Epoch 25 step [60|164] lr=0.00049000 acc: 100.00% loss: 0.000003
[2018-11-17 22:19:11] Epoch 25 step [70|164] lr=0.00049000 acc: 100.00% loss: 0.000005
[2018-11-17 22:19:19] Epoch 25 step [80|164] lr=0.00049000 acc: 100.00% loss: 0.000002
[2018-11-17 22:19:25] Epoch 25 step [90|164] lr=0.00049000 acc: 100.00% loss: 0.000004
[2018-11-17 22:19:31] Epoch 25 step [100|164] lr=0.00049000 acc: 100.00% loss: 0.000005
[2018-11-17 22:19:38] Epoch 25 step [110|164] lr=0.00049000 acc: 100.00% loss: 0.000002
[2018-11-17 22:19:44] Epoch 25 step [120|164] lr=0.00049000 acc: 100.00% loss: 0.000008
[2018-11-17 22:19:50] Epoch 25 step [130|164] lr=0.00049000 acc: 100.00% loss: 0.000007
[2018-11-17 22:19:58] Epoch 25 step [140|164] lr=0.00049000 acc: 100.00% loss: 0.000004
[2018-11-17 22:20:03] Epoch 25 step [150|164] lr=0.00049000 acc: 100.00% loss: 0.000006
[2018-11-17 22:20:08] Epoch 25 step [160|164] lr=0.00049000 acc: 100.00% loss: 0.000003
dev acc: 76.74% loss: 0.061592
test acc: 76.47% loss: 0.058717
not improved, best test acc: 78.54%, in epoch 2
data has shuffled!
[2018-11-17 22:20:32] Epoch 26 step [10|164] lr=0.00049000 acc: 100.00% loss: 0.000004
[2018-11-17 22:20:40] Epoch 26 step [20|164] lr=0.00049000 acc: 100.00% loss: 0.000018
[2018-11-17 22:20:46] Epoch 26 step [30|164] lr=0.00049000 acc: 100.00% loss: 0.000003
[2018-11-17 22:20:51] Epoch 26 step [40|164] lr=0.00049000 acc: 100.00% loss: 0.000004
[2018-11-17 22:20:56] Epoch 26 step [50|164] lr=0.00049000 acc: 100.00% loss: 0.000010
[2018-11-17 22:20:59] Epoch 26 step [60|164] lr=0.00049000 acc: 99.81% loss: 0.000031
[2018-11-17 22:21:06] Epoch 26 step [70|164] lr=0.00049000 acc: 100.00% loss: 0.000005
[2018-11-17 22:21:14] Epoch 26 step [80|164] lr=0.00049000 acc: 100.00% loss: 0.000006
[2018-11-17 22:21:19] Epoch 26 step [90|164] lr=0.00049000 acc: 100.00% loss: 0.000002
[2018-11-17 22:21:28] Epoch 26 step [100|164] lr=0.00049000 acc: 100.00% loss: 0.000004
[2018-11-17 22:21:35] Epoch 26 step [110|164] lr=0.00049000 acc: 100.00% loss: 0.000007
[2018-11-17 22:21:40] Epoch 26 step [120|164] lr=0.00049000 acc: 100.00% loss: 0.000014
[2018-11-17 22:21:47] Epoch 26 step [130|164] lr=0.00049000 acc: 100.00% loss: 0.000007
[2018-11-17 22:21:54] Epoch 26 step [140|164] lr=0.00049000 acc: 100.00% loss: 0.000008
[2018-11-17 22:22:02] Epoch 26 step [150|164] lr=0.00049000 acc: 100.00% loss: 0.000003
[2018-11-17 22:22:07] Epoch 26 step [160|164] lr=0.00049000 acc: 100.00% loss: 0.000024
dev acc: 76.83% loss: 0.061484
test acc: 77.60% loss: 0.059366
not improved, best test acc: 78.54%, in epoch 2
24 epoch have not improved, so adjust lr to 0.000343
data has shuffled!
