data_dir=processed_data

----batch----
train_batch_size=64
train_batch_type=normal
dev_batch_size=64
dev_batch_type=normal
test_batch_size=64
test_batch_type=normal
shuffer=False
sort=False

----embedding----
embed_size=100
char_embed_size=50
embed_uniform_init=0
embed_dropout=0
pre_embed_path=

----model----
model=lstm_cnn
save_model_dir=save_models
save_model_every=1
save_model_start_from=0
kernel_num=100
kernel_size=[3, 5, 7]
stride=1
fc_dropout=0

----optimizer----
lr=0.001
optim=adam
weight_decay=1e-08
momentum=processed_data

----train----
epoch=100
print_every=10

----GPU----
gpu_device=0
use_cuda=False

----seed----
gpu_seed=23
seed=23

----log----
log_dir=log
log_fname=lstm_cnn.log

[2018-10-28 15:50:22] Epoch 0 step 10 acc: 25.94% loss: 0.028069
