data_dir=processed_data

----batch----
train_batch_size=16
train_batch_type=normal
dev_batch_size=64
dev_batch_type=normal
test_batch_size=64
test_batch_type=normal
shuffer=False
sort=True

----embedding----
embed_size=100
char_embed_size=50
embed_uniform_init=0.0
embed_dropout=0.1
pre_embed_path=/home/zrr/projects/Data/glove.6B/glove.6B.100d.txt

----model----
model=multi_layer_cnn
save_model_dir=save_models
save_model_every=1
save_model_start_from=0
kernel_num=100
kernel_size=[1, 2, 3, 4]
stride=1
fc_dropout=0.1

----optimizer----
lr=0.001
optim=adam
weight_decay=1e-08
momentum=0.9
early_stop=9999999

----train----
epoch=100
print_every=10

----GPU----
gpu_device=0
use_cuda=True

----seed----
gpu_seed=23
seed=23

----log----
log_dir=log
log_fname=multi_layer_cnn.log

use CUDA!
data has shuffled!
[2018-11-04 16:37:17] Epoch 0 step 10 lr=0.00100000 acc: 48.75% loss: 0.059921
[2018-11-04 16:37:17] Epoch 0 step 20 lr=0.00100000 acc: 48.75% loss: 0.049279
[2018-11-04 16:37:17] Epoch 0 step 30 lr=0.00100000 acc: 59.38% loss: 0.043423
[2018-11-04 16:37:17] Epoch 0 step 40 lr=0.00100000 acc: 52.50% loss: 0.043630
[2018-11-04 16:37:17] Epoch 0 step 50 lr=0.00100000 acc: 50.62% loss: 0.044116
[2018-11-04 16:37:17] Epoch 0 step 60 lr=0.00100000 acc: 56.25% loss: 0.043849
[2018-11-04 16:37:18] Epoch 0 step 70 lr=0.00100000 acc: 61.88% loss: 0.042188
[2018-11-04 16:37:18] Epoch 0 step 80 lr=0.00100000 acc: 53.75% loss: 0.041839
[2018-11-04 16:37:18] Epoch 0 step 90 lr=0.00100000 acc: 66.25% loss: 0.040869
[2018-11-04 16:37:18] Epoch 0 step 100 lr=0.00100000 acc: 66.25% loss: 0.039307
[2018-11-04 16:37:18] Epoch 0 step 110 lr=0.00100000 acc: 68.12% loss: 0.037962
[2018-11-04 16:37:18] Epoch 0 step 120 lr=0.00100000 acc: 66.25% loss: 0.039063
[2018-11-04 16:37:18] Epoch 0 step 130 lr=0.00100000 acc: 63.75% loss: 0.037193
[2018-11-04 16:37:18] Epoch 0 step 140 lr=0.00100000 acc: 73.12% loss: 0.036366
[2018-11-04 16:37:18] Epoch 0 step 150 lr=0.00100000 acc: 68.75% loss: 0.038408
[2018-11-04 16:37:18] Epoch 0 step 160 lr=0.00100000 acc: 70.62% loss: 0.033928
[2018-11-04 16:37:19] Epoch 0 step 170 lr=0.00100000 acc: 73.75% loss: 0.033257
[2018-11-04 16:37:19] Epoch 0 step 180 lr=0.00100000 acc: 73.12% loss: 0.035658
[2018-11-04 16:37:19] Epoch 0 step 190 lr=0.00100000 acc: 69.38% loss: 0.035365
[2018-11-04 16:37:19] Epoch 0 step 200 lr=0.00100000 acc: 70.62% loss: 0.034554
[2018-11-04 16:37:19] Epoch 0 step 210 lr=0.00100000 acc: 75.62% loss: 0.032091
[2018-11-04 16:37:19] Epoch 0 step 220 lr=0.00100000 acc: 73.75% loss: 0.033865
[2018-11-04 16:37:19] Epoch 0 step 230 lr=0.00100000 acc: 74.38% loss: 0.032154
[2018-11-04 16:37:19] Epoch 0 step 240 lr=0.00100000 acc: 64.38% loss: 0.040496
[2018-11-04 16:37:19] Epoch 0 step 250 lr=0.00100000 acc: 74.38% loss: 0.033561
[2018-11-04 16:37:19] Epoch 0 step 260 lr=0.00100000 acc: 73.12% loss: 0.031490
[2018-11-04 16:37:20] Epoch 0 step 270 lr=0.00100000 acc: 72.50% loss: 0.031963
[2018-11-04 16:37:20] Epoch 0 step 280 lr=0.00100000 acc: 79.38% loss: 0.026979
[2018-11-04 16:37:20] Epoch 0 step 290 lr=0.00100000 acc: 75.62% loss: 0.034498
[2018-11-04 16:37:20] Epoch 0 step 300 lr=0.00100000 acc: 69.38% loss: 0.035049
[2018-11-04 16:37:20] Epoch 0 step 310 lr=0.00100000 acc: 78.12% loss: 0.028939
[2018-11-04 16:37:20] Epoch 0 step 320 lr=0.00100000 acc: 68.12% loss: 0.034463
[2018-11-04 16:37:20] Epoch 0 step 330 lr=0.00100000 acc: 75.62% loss: 0.031743
[2018-11-04 16:37:20] Epoch 0 step 340 lr=0.00100000 acc: 73.75% loss: 0.031917
[2018-11-04 16:37:20] Epoch 0 step 350 lr=0.00100000 acc: 79.38% loss: 0.030485
[2018-11-04 16:37:20] Epoch 0 step 360 lr=0.00100000 acc: 78.75% loss: 0.029785
[2018-11-04 16:37:21] Epoch 0 step 370 lr=0.00100000 acc: 67.50% loss: 0.035874
[2018-11-04 16:37:21] Epoch 0 step 380 lr=0.00100000 acc: 74.38% loss: 0.032414
[2018-11-04 16:37:21] Epoch 0 step 390 lr=0.00100000 acc: 76.25% loss: 0.030963
[2018-11-04 16:37:21] Epoch 0 step 400 lr=0.00100000 acc: 75.62% loss: 0.033004
[2018-11-04 16:37:21] Epoch 0 step 410 lr=0.00100000 acc: 75.00% loss: 0.031493
[2018-11-04 16:37:21] Epoch 0 step 420 lr=0.00100000 acc: 80.62% loss: 0.029498
[2018-11-04 16:37:21] Epoch 0 step 430 lr=0.00100000 acc: 75.62% loss: 0.032009
[2018-11-04 16:37:21] Epoch 0 step 440 lr=0.00100000 acc: 76.25% loss: 0.031230
[2018-11-04 16:37:21] Epoch 0 step 450 lr=0.00100000 acc: 73.12% loss: 0.033127
[2018-11-04 16:37:21] Epoch 0 step 460 lr=0.00100000 acc: 71.25% loss: 0.035080
[2018-11-04 16:37:22] Epoch 0 step 470 lr=0.00100000 acc: 73.12% loss: 0.034372
[2018-11-04 16:37:22] Epoch 0 step 480 lr=0.00100000 acc: 80.00% loss: 0.029978
[2018-11-04 16:37:22] Epoch 0 step 490 lr=0.00100000 acc: 75.00% loss: 0.033343
[2018-11-04 16:37:22] Epoch 0 step 500 lr=0.00100000 acc: 76.25% loss: 0.033383
dev acc: 73.24% loss: 0.008329
test acc: 76.66% loss: 0.007765
model saved succeed in save_models/2018-11-04-16-37-22-multi_layer_cnn-model_epoch_0.pt
Update! best test acc: 76.66%
data has shuffled!
[2018-11-04 16:37:22] Epoch 1 step 10 lr=0.00100000 acc: 77.50% loss: 0.028218
[2018-11-04 16:37:22] Epoch 1 step 20 lr=0.00100000 acc: 80.62% loss: 0.028378
[2018-11-04 16:37:22] Epoch 1 step 30 lr=0.00100000 acc: 81.88% loss: 0.025586
[2018-11-04 16:37:22] Epoch 1 step 40 lr=0.00100000 acc: 80.00% loss: 0.024791
[2018-11-04 16:37:23] Epoch 1 step 50 lr=0.00100000 acc: 82.50% loss: 0.024476
[2018-11-04 16:37:23] Epoch 1 step 60 lr=0.00100000 acc: 86.88% loss: 0.022278
[2018-11-04 16:37:23] Epoch 1 step 70 lr=0.00100000 acc: 83.75% loss: 0.023503
[2018-11-04 16:37:23] Epoch 1 step 80 lr=0.00100000 acc: 79.38% loss: 0.027972
[2018-11-04 16:37:23] Epoch 1 step 90 lr=0.00100000 acc: 77.50% loss: 0.027528
[2018-11-04 16:37:23] Epoch 1 step 100 lr=0.00100000 acc: 83.12% loss: 0.024690
[2018-11-04 16:37:23] Epoch 1 step 110 lr=0.00100000 acc: 80.62% loss: 0.027321
[2018-11-04 16:37:23] Epoch 1 step 120 lr=0.00100000 acc: 80.00% loss: 0.023587
[2018-11-04 16:37:23] Epoch 1 step 130 lr=0.00100000 acc: 81.25% loss: 0.029296
[2018-11-04 16:37:23] Epoch 1 step 140 lr=0.00100000 acc: 80.00% loss: 0.027651
[2018-11-04 16:37:23] Epoch 1 step 150 lr=0.00100000 acc: 88.75% loss: 0.019393
[2018-11-04 16:37:24] Epoch 1 step 160 lr=0.00100000 acc: 81.25% loss: 0.026257
[2018-11-04 16:37:24] Epoch 1 step 170 lr=0.00100000 acc: 79.38% loss: 0.027094
[2018-11-04 16:37:24] Epoch 1 step 180 lr=0.00100000 acc: 81.25% loss: 0.027501
[2018-11-04 16:37:24] Epoch 1 step 190 lr=0.00100000 acc: 85.62% loss: 0.021222
[2018-11-04 16:37:24] Epoch 1 step 200 lr=0.00100000 acc: 79.38% loss: 0.025094
[2018-11-04 16:37:24] Epoch 1 step 210 lr=0.00100000 acc: 81.25% loss: 0.023815
[2018-11-04 16:37:24] Epoch 1 step 220 lr=0.00100000 acc: 83.75% loss: 0.024762
[2018-11-04 16:37:24] Epoch 1 step 230 lr=0.00100000 acc: 84.38% loss: 0.023632
[2018-11-04 16:37:24] Epoch 1 step 240 lr=0.00100000 acc: 84.38% loss: 0.021820
[2018-11-04 16:37:24] Epoch 1 step 250 lr=0.00100000 acc: 83.75% loss: 0.026112
[2018-11-04 16:37:25] Epoch 1 step 260 lr=0.00100000 acc: 80.62% loss: 0.026008
[2018-11-04 16:37:25] Epoch 1 step 270 lr=0.00100000 acc: 76.88% loss: 0.027430
[2018-11-04 16:37:25] Epoch 1 step 280 lr=0.00100000 acc: 81.88% loss: 0.024755
[2018-11-04 16:37:25] Epoch 1 step 290 lr=0.00100000 acc: 78.75% loss: 0.025183
[2018-11-04 16:37:25] Epoch 1 step 300 lr=0.00100000 acc: 81.88% loss: 0.026000
[2018-11-04 16:37:25] Epoch 1 step 310 lr=0.00100000 acc: 85.62% loss: 0.022010
[2018-11-04 16:37:25] Epoch 1 step 320 lr=0.00100000 acc: 82.50% loss: 0.026334
[2018-11-04 16:37:25] Epoch 1 step 330 lr=0.00100000 acc: 87.50% loss: 0.018650
[2018-11-04 16:37:25] Epoch 1 step 340 lr=0.00100000 acc: 77.50% loss: 0.029831
[2018-11-04 16:37:25] Epoch 1 step 350 lr=0.00100000 acc: 86.88% loss: 0.017782
[2018-11-04 16:37:26] Epoch 1 step 360 lr=0.00100000 acc: 88.12% loss: 0.017458
[2018-11-04 16:37:26] Epoch 1 step 370 lr=0.00100000 acc: 82.50% loss: 0.022675
[2018-11-04 16:37:26] Epoch 1 step 380 lr=0.00100000 acc: 83.12% loss: 0.025417
[2018-11-04 16:37:26] Epoch 1 step 390 lr=0.00100000 acc: 79.38% loss: 0.030937
[2018-11-04 16:37:26] Epoch 1 step 400 lr=0.00100000 acc: 85.00% loss: 0.023055
[2018-11-04 16:37:26] Epoch 1 step 410 lr=0.00100000 acc: 81.25% loss: 0.029508
[2018-11-04 16:37:26] Epoch 1 step 420 lr=0.00100000 acc: 88.12% loss: 0.021055
[2018-11-04 16:37:26] Epoch 1 step 430 lr=0.00100000 acc: 80.62% loss: 0.027105
[2018-11-04 16:37:26] Epoch 1 step 440 lr=0.00100000 acc: 75.62% loss: 0.030643
[2018-11-04 16:37:26] Epoch 1 step 450 lr=0.00100000 acc: 86.25% loss: 0.020746
[2018-11-04 16:37:27] Epoch 1 step 460 lr=0.00100000 acc: 81.25% loss: 0.025729
[2018-11-04 16:37:27] Epoch 1 step 470 lr=0.00100000 acc: 84.38% loss: 0.022702
[2018-11-04 16:37:27] Epoch 1 step 480 lr=0.00100000 acc: 84.38% loss: 0.020944
[2018-11-04 16:37:27] Epoch 1 step 490 lr=0.00100000 acc: 81.88% loss: 0.024689
[2018-11-04 16:37:27] Epoch 1 step 500 lr=0.00100000 acc: 81.25% loss: 0.027284
dev acc: 73.93% loss: 0.008973
test acc: 73.24% loss: 0.009008
model saved succeed in save_models/2018-11-04-16-37-27-multi_layer_cnn-model_epoch_1.pt
Update! best test acc: 73.24%
data has shuffled!
[2018-11-04 16:37:27] Epoch 2 step 10 lr=0.00100000 acc: 90.62% loss: 0.016841
[2018-11-04 16:37:27] Epoch 2 step 20 lr=0.00100000 acc: 92.50% loss: 0.016969
[2018-11-04 16:37:27] Epoch 2 step 30 lr=0.00100000 acc: 91.88% loss: 0.011543
[2018-11-04 16:37:27] Epoch 2 step 40 lr=0.00100000 acc: 93.75% loss: 0.011442
[2018-11-04 16:37:28] Epoch 2 step 50 lr=0.00100000 acc: 88.75% loss: 0.016910
[2018-11-04 16:37:28] Epoch 2 step 60 lr=0.00100000 acc: 91.25% loss: 0.016164
[2018-11-04 16:37:28] Epoch 2 step 70 lr=0.00100000 acc: 88.75% loss: 0.018763
[2018-11-04 16:37:28] Epoch 2 step 80 lr=0.00100000 acc: 94.38% loss: 0.009472
[2018-11-04 16:37:28] Epoch 2 step 90 lr=0.00100000 acc: 90.62% loss: 0.013291
[2018-11-04 16:37:28] Epoch 2 step 100 lr=0.00100000 acc: 93.12% loss: 0.013528
[2018-11-04 16:37:28] Epoch 2 step 110 lr=0.00100000 acc: 91.88% loss: 0.014507
[2018-11-04 16:37:28] Epoch 2 step 120 lr=0.00100000 acc: 89.38% loss: 0.014330
[2018-11-04 16:37:28] Epoch 2 step 130 lr=0.00100000 acc: 91.25% loss: 0.014451
[2018-11-04 16:37:28] Epoch 2 step 140 lr=0.00100000 acc: 89.38% loss: 0.016914
[2018-11-04 16:37:29] Epoch 2 step 150 lr=0.00100000 acc: 93.12% loss: 0.014432
[2018-11-04 16:37:29] Epoch 2 step 160 lr=0.00100000 acc: 90.62% loss: 0.016948
[2018-11-04 16:37:29] Epoch 2 step 170 lr=0.00100000 acc: 89.38% loss: 0.016879
[2018-11-04 16:37:29] Epoch 2 step 180 lr=0.00100000 acc: 90.00% loss: 0.013847
[2018-11-04 16:37:29] Epoch 2 step 190 lr=0.00100000 acc: 91.25% loss: 0.014964
[2018-11-04 16:37:29] Epoch 2 step 200 lr=0.00100000 acc: 91.25% loss: 0.012550
[2018-11-04 16:37:29] Epoch 2 step 210 lr=0.00100000 acc: 91.88% loss: 0.013143
[2018-11-04 16:37:29] Epoch 2 step 220 lr=0.00100000 acc: 88.75% loss: 0.014317
[2018-11-04 16:37:29] Epoch 2 step 230 lr=0.00100000 acc: 85.62% loss: 0.018279
[2018-11-04 16:37:29] Epoch 2 step 240 lr=0.00100000 acc: 91.88% loss: 0.013926
[2018-11-04 16:37:30] Epoch 2 step 250 lr=0.00100000 acc: 90.00% loss: 0.015447
[2018-11-04 16:37:30] Epoch 2 step 260 lr=0.00100000 acc: 86.88% loss: 0.022788
[2018-11-04 16:37:30] Epoch 2 step 270 lr=0.00100000 acc: 90.62% loss: 0.014181
[2018-11-04 16:37:30] Epoch 2 step 280 lr=0.00100000 acc: 90.00% loss: 0.012687
[2018-11-04 16:37:30] Epoch 2 step 290 lr=0.00100000 acc: 92.50% loss: 0.010548
[2018-11-04 16:37:30] Epoch 2 step 300 lr=0.00100000 acc: 94.38% loss: 0.009078
[2018-11-04 16:37:30] Epoch 2 step 310 lr=0.00100000 acc: 91.88% loss: 0.015546
[2018-11-04 16:37:30] Epoch 2 step 320 lr=0.00100000 acc: 91.88% loss: 0.011144
[2018-11-04 16:37:30] Epoch 2 step 330 lr=0.00100000 acc: 86.25% loss: 0.021971
[2018-11-04 16:37:30] Epoch 2 step 340 lr=0.00100000 acc: 88.75% loss: 0.019078
[2018-11-04 16:37:30] Epoch 2 step 350 lr=0.00100000 acc: 85.62% loss: 0.023100
[2018-11-04 16:37:31] Epoch 2 step 360 lr=0.00100000 acc: 90.62% loss: 0.015423
[2018-11-04 16:37:31] Epoch 2 step 370 lr=0.00100000 acc: 92.50% loss: 0.011122
[2018-11-04 16:37:31] Epoch 2 step 380 lr=0.00100000 acc: 86.88% loss: 0.017831
[2018-11-04 16:37:31] Epoch 2 step 390 lr=0.00100000 acc: 95.62% loss: 0.008657
[2018-11-04 16:37:31] Epoch 2 step 400 lr=0.00100000 acc: 88.12% loss: 0.017783
[2018-11-04 16:37:31] Epoch 2 step 410 lr=0.00100000 acc: 81.88% loss: 0.022791
[2018-11-04 16:37:31] Epoch 2 step 420 lr=0.00100000 acc: 91.25% loss: 0.015774
[2018-11-04 16:37:31] Epoch 2 step 430 lr=0.00100000 acc: 86.88% loss: 0.015597
[2018-11-04 16:37:31] Epoch 2 step 440 lr=0.00100000 acc: 88.12% loss: 0.017147
[2018-11-04 16:37:31] Epoch 2 step 450 lr=0.00100000 acc: 93.12% loss: 0.013994
[2018-11-04 16:37:32] Epoch 2 step 460 lr=0.00100000 acc: 90.62% loss: 0.012144
[2018-11-04 16:37:32] Epoch 2 step 470 lr=0.00100000 acc: 85.00% loss: 0.019198
[2018-11-04 16:37:32] Epoch 2 step 480 lr=0.00100000 acc: 90.62% loss: 0.014466
[2018-11-04 16:37:32] Epoch 2 step 490 lr=0.00100000 acc: 88.75% loss: 0.016382
[2018-11-04 16:37:32] Epoch 2 step 500 lr=0.00100000 acc: 91.25% loss: 0.014287
dev acc: 77.25% loss: 0.008166
test acc: 79.00% loss: 0.007891
model saved succeed in save_models/2018-11-04-16-37-32-multi_layer_cnn-model_epoch_2.pt
Update! best test acc: 79.00%
data has shuffled!
[2018-11-04 16:37:32] Epoch 3 step 10 lr=0.00100000 acc: 96.88% loss: 0.006275
[2018-11-04 16:37:32] Epoch 3 step 20 lr=0.00100000 acc: 97.50% loss: 0.007439
[2018-11-04 16:37:32] Epoch 3 step 30 lr=0.00100000 acc: 95.00% loss: 0.008926
[2018-11-04 16:37:32] Epoch 3 step 40 lr=0.00100000 acc: 93.75% loss: 0.009523
[2018-11-04 16:37:33] Epoch 3 step 50 lr=0.00100000 acc: 93.12% loss: 0.009964
[2018-11-04 16:37:33] Epoch 3 step 60 lr=0.00100000 acc: 96.25% loss: 0.007897
[2018-11-04 16:37:33] Epoch 3 step 70 lr=0.00100000 acc: 97.50% loss: 0.004406
[2018-11-04 16:37:33] Epoch 3 step 80 lr=0.00100000 acc: 96.88% loss: 0.005567
[2018-11-04 16:37:33] Epoch 3 step 90 lr=0.00100000 acc: 94.38% loss: 0.009179
[2018-11-04 16:37:33] Epoch 3 step 100 lr=0.00100000 acc: 92.50% loss: 0.008860
[2018-11-04 16:37:33] Epoch 3 step 110 lr=0.00100000 acc: 98.12% loss: 0.003444
[2018-11-04 16:37:33] Epoch 3 step 120 lr=0.00100000 acc: 96.88% loss: 0.007047
[2018-11-04 16:37:33] Epoch 3 step 130 lr=0.00100000 acc: 96.88% loss: 0.004690
[2018-11-04 16:37:33] Epoch 3 step 140 lr=0.00100000 acc: 92.50% loss: 0.011968
[2018-11-04 16:37:33] Epoch 3 step 150 lr=0.00100000 acc: 95.62% loss: 0.007231
[2018-11-04 16:37:34] Epoch 3 step 160 lr=0.00100000 acc: 96.25% loss: 0.005674
[2018-11-04 16:37:34] Epoch 3 step 170 lr=0.00100000 acc: 98.12% loss: 0.004884
[2018-11-04 16:37:34] Epoch 3 step 180 lr=0.00100000 acc: 95.00% loss: 0.005923
[2018-11-04 16:37:34] Epoch 3 step 190 lr=0.00100000 acc: 98.75% loss: 0.004214
[2018-11-04 16:37:34] Epoch 3 step 200 lr=0.00100000 acc: 94.38% loss: 0.005586
[2018-11-04 16:37:34] Epoch 3 step 210 lr=0.00100000 acc: 98.12% loss: 0.004610
[2018-11-04 16:37:34] Epoch 3 step 220 lr=0.00100000 acc: 96.88% loss: 0.005299
[2018-11-04 16:37:34] Epoch 3 step 230 lr=0.00100000 acc: 95.62% loss: 0.005972
[2018-11-04 16:37:34] Epoch 3 step 240 lr=0.00100000 acc: 95.62% loss: 0.005940
[2018-11-04 16:37:34] Epoch 3 step 250 lr=0.00100000 acc: 93.75% loss: 0.008471
[2018-11-04 16:37:35] Epoch 3 step 260 lr=0.00100000 acc: 93.12% loss: 0.009390
[2018-11-04 16:37:35] Epoch 3 step 270 lr=0.00100000 acc: 95.00% loss: 0.010395
[2018-11-04 16:37:35] Epoch 3 step 280 lr=0.00100000 acc: 95.62% loss: 0.009145
[2018-11-04 16:37:35] Epoch 3 step 290 lr=0.00100000 acc: 97.50% loss: 0.005844
[2018-11-04 16:37:35] Epoch 3 step 300 lr=0.00100000 acc: 96.88% loss: 0.005255
[2018-11-04 16:37:35] Epoch 3 step 310 lr=0.00100000 acc: 95.00% loss: 0.008660
[2018-11-04 16:37:35] Epoch 3 step 320 lr=0.00100000 acc: 95.62% loss: 0.006882
[2018-11-04 16:37:35] Epoch 3 step 330 lr=0.00100000 acc: 95.00% loss: 0.008309
[2018-11-04 16:37:35] Epoch 3 step 340 lr=0.00100000 acc: 96.88% loss: 0.005958
[2018-11-04 16:37:35] Epoch 3 step 350 lr=0.00100000 acc: 96.88% loss: 0.006506
[2018-11-04 16:37:35] Epoch 3 step 360 lr=0.00100000 acc: 96.88% loss: 0.005931
[2018-11-04 16:37:36] Epoch 3 step 370 lr=0.00100000 acc: 94.38% loss: 0.007746
[2018-11-04 16:37:36] Epoch 3 step 380 lr=0.00100000 acc: 95.00% loss: 0.009949
[2018-11-04 16:37:36] Epoch 3 step 390 lr=0.00100000 acc: 93.75% loss: 0.010629
[2018-11-04 16:37:36] Epoch 3 step 400 lr=0.00100000 acc: 96.88% loss: 0.005820
[2018-11-04 16:37:36] Epoch 3 step 410 lr=0.00100000 acc: 91.25% loss: 0.014208
[2018-11-04 16:37:36] Epoch 3 step 420 lr=0.00100000 acc: 95.62% loss: 0.006910
[2018-11-04 16:37:36] Epoch 3 step 430 lr=0.00100000 acc: 93.12% loss: 0.011162
[2018-11-04 16:37:36] Epoch 3 step 440 lr=0.00100000 acc: 93.75% loss: 0.008668
[2018-11-04 16:37:36] Epoch 3 step 450 lr=0.00100000 acc: 93.12% loss: 0.008705
[2018-11-04 16:37:36] Epoch 3 step 460 lr=0.00100000 acc: 89.38% loss: 0.015993
[2018-11-04 16:37:37] Epoch 3 step 470 lr=0.00100000 acc: 93.12% loss: 0.010039
[2018-11-04 16:37:37] Epoch 3 step 480 lr=0.00100000 acc: 93.75% loss: 0.012263
[2018-11-04 16:37:37] Epoch 3 step 490 lr=0.00100000 acc: 95.62% loss: 0.007703
[2018-11-04 16:37:37] Epoch 3 step 500 lr=0.00100000 acc: 94.38% loss: 0.009184
dev acc: 75.29% loss: 0.011806
test acc: 76.07% loss: 0.012036
not improved, best test acc: 79.00%, in epoch 2
data has shuffled!
[2018-11-04 16:37:37] Epoch 4 step 10 lr=0.00100000 acc: 98.12% loss: 0.003607
[2018-11-04 16:37:37] Epoch 4 step 20 lr=0.00100000 acc: 98.75% loss: 0.002550
[2018-11-04 16:37:37] Epoch 4 step 30 lr=0.00100000 acc: 98.75% loss: 0.002773
[2018-11-04 16:37:37] Epoch 4 step 40 lr=0.00100000 acc: 98.75% loss: 0.001564
[2018-11-04 16:37:37] Epoch 4 step 50 lr=0.00100000 acc: 96.25% loss: 0.003196
[2018-11-04 16:37:37] Epoch 4 step 60 lr=0.00100000 acc: 98.75% loss: 0.003837
[2018-11-04 16:37:38] Epoch 4 step 70 lr=0.00100000 acc: 97.50% loss: 0.004557
[2018-11-04 16:37:38] Epoch 4 step 80 lr=0.00100000 acc: 96.88% loss: 0.005133
[2018-11-04 16:37:38] Epoch 4 step 90 lr=0.00100000 acc: 96.88% loss: 0.005490
[2018-11-04 16:37:38] Epoch 4 step 100 lr=0.00100000 acc: 93.75% loss: 0.009634
[2018-11-04 16:37:38] Epoch 4 step 110 lr=0.00100000 acc: 95.62% loss: 0.004779
[2018-11-04 16:37:38] Epoch 4 step 120 lr=0.00100000 acc: 97.50% loss: 0.003888
[2018-11-04 16:37:38] Epoch 4 step 130 lr=0.00100000 acc: 98.75% loss: 0.002424
[2018-11-04 16:37:38] Epoch 4 step 140 lr=0.00100000 acc: 95.62% loss: 0.004949
[2018-11-04 16:37:38] Epoch 4 step 150 lr=0.00100000 acc: 94.38% loss: 0.005180
[2018-11-04 16:37:38] Epoch 4 step 160 lr=0.00100000 acc: 96.88% loss: 0.004576
[2018-11-04 16:37:39] Epoch 4 step 170 lr=0.00100000 acc: 97.50% loss: 0.005000
[2018-11-04 16:37:39] Epoch 4 step 180 lr=0.00100000 acc: 96.88% loss: 0.004705
[2018-11-04 16:37:39] Epoch 4 step 190 lr=0.00100000 acc: 97.50% loss: 0.003992
[2018-11-04 16:37:39] Epoch 4 step 200 lr=0.00100000 acc: 97.50% loss: 0.004159
[2018-11-04 16:37:39] Epoch 4 step 210 lr=0.00100000 acc: 98.75% loss: 0.002943
[2018-11-04 16:37:39] Epoch 4 step 220 lr=0.00100000 acc: 98.12% loss: 0.003387
[2018-11-04 16:37:39] Epoch 4 step 230 lr=0.00100000 acc: 97.50% loss: 0.005142
[2018-11-04 16:37:39] Epoch 4 step 240 lr=0.00100000 acc: 98.75% loss: 0.002759
[2018-11-04 16:37:39] Epoch 4 step 250 lr=0.00100000 acc: 99.38% loss: 0.001986
[2018-11-04 16:37:39] Epoch 4 step 260 lr=0.00100000 acc: 98.12% loss: 0.001983
[2018-11-04 16:37:39] Epoch 4 step 270 lr=0.00100000 acc: 98.12% loss: 0.004896
[2018-11-04 16:37:40] Epoch 4 step 280 lr=0.00100000 acc: 96.88% loss: 0.005152
[2018-11-04 16:37:40] Epoch 4 step 290 lr=0.00100000 acc: 98.12% loss: 0.002832
[2018-11-04 16:37:40] Epoch 4 step 300 lr=0.00100000 acc: 96.88% loss: 0.005606
[2018-11-04 16:37:40] Epoch 4 step 310 lr=0.00100000 acc: 96.25% loss: 0.005004
[2018-11-04 16:37:40] Epoch 4 step 320 lr=0.00100000 acc: 97.50% loss: 0.004485
[2018-11-04 16:37:40] Epoch 4 step 330 lr=0.00100000 acc: 99.38% loss: 0.002781
[2018-11-04 16:37:40] Epoch 4 step 340 lr=0.00100000 acc: 96.88% loss: 0.003260
[2018-11-04 16:37:40] Epoch 4 step 350 lr=0.00100000 acc: 95.00% loss: 0.007608
[2018-11-04 16:37:40] Epoch 4 step 360 lr=0.00100000 acc: 99.38% loss: 0.001778
[2018-11-04 16:37:40] Epoch 4 step 370 lr=0.00100000 acc: 98.12% loss: 0.002192
[2018-11-04 16:37:41] Epoch 4 step 380 lr=0.00100000 acc: 97.50% loss: 0.005815
[2018-11-04 16:37:41] Epoch 4 step 390 lr=0.00100000 acc: 95.62% loss: 0.006318
[2018-11-04 16:37:41] Epoch 4 step 400 lr=0.00100000 acc: 98.12% loss: 0.004276
[2018-11-04 16:37:41] Epoch 4 step 410 lr=0.00100000 acc: 95.62% loss: 0.007041
[2018-11-04 16:37:41] Epoch 4 step 420 lr=0.00100000 acc: 95.62% loss: 0.008594
[2018-11-04 16:37:41] Epoch 4 step 430 lr=0.00100000 acc: 98.12% loss: 0.003768
[2018-11-04 16:37:41] Epoch 4 step 440 lr=0.00100000 acc: 98.12% loss: 0.004980
[2018-11-04 16:37:41] Epoch 4 step 450 lr=0.00100000 acc: 98.75% loss: 0.002384
[2018-11-04 16:37:41] Epoch 4 step 460 lr=0.00100000 acc: 97.50% loss: 0.002824
[2018-11-04 16:37:41] Epoch 4 step 470 lr=0.00100000 acc: 97.50% loss: 0.004158
[2018-11-04 16:37:41] Epoch 4 step 480 lr=0.00100000 acc: 96.88% loss: 0.002699
[2018-11-04 16:37:42] Epoch 4 step 490 lr=0.00100000 acc: 97.50% loss: 0.004055
[2018-11-04 16:37:42] Epoch 4 step 500 lr=0.00100000 acc: 95.62% loss: 0.005088
dev acc: 76.66% loss: 0.014477
test acc: 77.15% loss: 0.014591
not improved, best test acc: 79.00%, in epoch 2
data has shuffled!
[2018-11-04 16:37:42] Epoch 5 step 10 lr=0.00100000 acc: 100.00% loss: 0.001538
[2018-11-04 16:37:42] Epoch 5 step 20 lr=0.00100000 acc: 98.75% loss: 0.004745
[2018-11-04 16:37:42] Epoch 5 step 30 lr=0.00100000 acc: 98.75% loss: 0.002250
[2018-11-04 16:37:42] Epoch 5 step 40 lr=0.00100000 acc: 98.75% loss: 0.001974
[2018-11-04 16:37:42] Epoch 5 step 50 lr=0.00100000 acc: 96.88% loss: 0.002563
[2018-11-04 16:37:42] Epoch 5 step 60 lr=0.00100000 acc: 99.38% loss: 0.002335
[2018-11-04 16:37:42] Epoch 5 step 70 lr=0.00100000 acc: 98.12% loss: 0.002309
[2018-11-04 16:37:43] Epoch 5 step 80 lr=0.00100000 acc: 98.75% loss: 0.001471
[2018-11-04 16:37:43] Epoch 5 step 90 lr=0.00100000 acc: 99.38% loss: 0.001504
[2018-11-04 16:37:43] Epoch 5 step 100 lr=0.00100000 acc: 100.00% loss: 0.000443
[2018-11-04 16:37:43] Epoch 5 step 110 lr=0.00100000 acc: 100.00% loss: 0.000530
[2018-11-04 16:37:43] Epoch 5 step 120 lr=0.00100000 acc: 99.38% loss: 0.001132
[2018-11-04 16:37:43] Epoch 5 step 130 lr=0.00100000 acc: 98.75% loss: 0.001881
[2018-11-04 16:37:43] Epoch 5 step 140 lr=0.00100000 acc: 96.88% loss: 0.004096
[2018-11-04 16:37:43] Epoch 5 step 150 lr=0.00100000 acc: 99.38% loss: 0.001033
[2018-11-04 16:37:43] Epoch 5 step 160 lr=0.00100000 acc: 100.00% loss: 0.001279
[2018-11-04 16:37:43] Epoch 5 step 170 lr=0.00100000 acc: 96.25% loss: 0.003991
[2018-11-04 16:37:44] Epoch 5 step 180 lr=0.00100000 acc: 96.88% loss: 0.004068
[2018-11-04 16:37:44] Epoch 5 step 190 lr=0.00100000 acc: 100.00% loss: 0.000899
[2018-11-04 16:37:44] Epoch 5 step 200 lr=0.00100000 acc: 98.12% loss: 0.002217
[2018-11-04 16:37:44] Epoch 5 step 210 lr=0.00100000 acc: 100.00% loss: 0.000658
[2018-11-04 16:37:44] Epoch 5 step 220 lr=0.00100000 acc: 100.00% loss: 0.000522
[2018-11-04 16:37:44] Epoch 5 step 230 lr=0.00100000 acc: 99.38% loss: 0.002368
[2018-11-04 16:37:44] Epoch 5 step 240 lr=0.00100000 acc: 98.12% loss: 0.001968
[2018-11-04 16:37:44] Epoch 5 step 250 lr=0.00100000 acc: 98.12% loss: 0.005517
[2018-11-04 16:37:44] Epoch 5 step 260 lr=0.00100000 acc: 95.62% loss: 0.006610
[2018-11-04 16:37:44] Epoch 5 step 270 lr=0.00100000 acc: 99.38% loss: 0.001458
[2018-11-04 16:37:44] Epoch 5 step 280 lr=0.00100000 acc: 98.12% loss: 0.003148
[2018-11-04 16:37:45] Epoch 5 step 290 lr=0.00100000 acc: 98.12% loss: 0.003301
[2018-11-04 16:37:45] Epoch 5 step 300 lr=0.00100000 acc: 98.75% loss: 0.002842
[2018-11-04 16:37:45] Epoch 5 step 310 lr=0.00100000 acc: 98.12% loss: 0.003835
[2018-11-04 16:37:45] Epoch 5 step 320 lr=0.00100000 acc: 98.75% loss: 0.003048
[2018-11-04 16:37:45] Epoch 5 step 330 lr=0.00100000 acc: 99.38% loss: 0.001894
[2018-11-04 16:37:45] Epoch 5 step 340 lr=0.00100000 acc: 98.75% loss: 0.001270
[2018-11-04 16:37:45] Epoch 5 step 350 lr=0.00100000 acc: 97.50% loss: 0.004829
[2018-11-04 16:37:45] Epoch 5 step 360 lr=0.00100000 acc: 98.12% loss: 0.004730
[2018-11-04 16:37:45] Epoch 5 step 370 lr=0.00100000 acc: 98.12% loss: 0.004589
[2018-11-04 16:37:45] Epoch 5 step 380 lr=0.00100000 acc: 98.75% loss: 0.002943
[2018-11-04 16:37:45] Epoch 5 step 390 lr=0.00100000 acc: 98.75% loss: 0.001802
[2018-11-04 16:37:46] Epoch 5 step 400 lr=0.00100000 acc: 97.50% loss: 0.005091
[2018-11-04 16:37:46] Epoch 5 step 410 lr=0.00100000 acc: 96.88% loss: 0.004576
[2018-11-04 16:37:46] Epoch 5 step 420 lr=0.00100000 acc: 98.75% loss: 0.002106
[2018-11-04 16:37:46] Epoch 5 step 430 lr=0.00100000 acc: 99.38% loss: 0.001609
[2018-11-04 16:37:46] Epoch 5 step 440 lr=0.00100000 acc: 99.38% loss: 0.001464
[2018-11-04 16:37:46] Epoch 5 step 450 lr=0.00100000 acc: 100.00% loss: 0.000932
[2018-11-04 16:37:46] Epoch 5 step 460 lr=0.00100000 acc: 96.88% loss: 0.004437
[2018-11-04 16:37:46] Epoch 5 step 470 lr=0.00100000 acc: 98.75% loss: 0.003673
[2018-11-04 16:37:46] Epoch 5 step 480 lr=0.00100000 acc: 96.88% loss: 0.003799
[2018-11-04 16:37:46] Epoch 5 step 490 lr=0.00100000 acc: 97.50% loss: 0.003822
[2018-11-04 16:37:47] Epoch 5 step 500 lr=0.00100000 acc: 98.12% loss: 0.002517
dev acc: 76.37% loss: 0.016113
test acc: 77.44% loss: 0.016617
not improved, best test acc: 79.00%, in epoch 2
data has shuffled!
[2018-11-04 16:37:47] Epoch 6 step 10 lr=0.00100000 acc: 99.38% loss: 0.001631
[2018-11-04 16:37:47] Epoch 6 step 20 lr=0.00100000 acc: 98.75% loss: 0.000860
[2018-11-04 16:37:47] Epoch 6 step 30 lr=0.00100000 acc: 98.75% loss: 0.001094
[2018-11-04 16:37:47] Epoch 6 step 40 lr=0.00100000 acc: 98.75% loss: 0.002203
[2018-11-04 16:37:47] Epoch 6 step 50 lr=0.00100000 acc: 100.00% loss: 0.000432
[2018-11-04 16:37:47] Epoch 6 step 60 lr=0.00100000 acc: 99.38% loss: 0.000866
[2018-11-04 16:37:47] Epoch 6 step 70 lr=0.00100000 acc: 95.62% loss: 0.003697
[2018-11-04 16:37:47] Epoch 6 step 80 lr=0.00100000 acc: 99.38% loss: 0.001218
[2018-11-04 16:37:48] Epoch 6 step 90 lr=0.00100000 acc: 99.38% loss: 0.002877
[2018-11-04 16:37:48] Epoch 6 step 100 lr=0.00100000 acc: 99.38% loss: 0.001652
[2018-11-04 16:37:48] Epoch 6 step 110 lr=0.00100000 acc: 100.00% loss: 0.001145
[2018-11-04 16:37:48] Epoch 6 step 120 lr=0.00100000 acc: 99.38% loss: 0.000867
[2018-11-04 16:37:48] Epoch 6 step 130 lr=0.00100000 acc: 98.75% loss: 0.001761
[2018-11-04 16:37:48] Epoch 6 step 140 lr=0.00100000 acc: 98.12% loss: 0.001803
[2018-11-04 16:37:48] Epoch 6 step 150 lr=0.00100000 acc: 98.75% loss: 0.001944
[2018-11-04 16:37:48] Epoch 6 step 160 lr=0.00100000 acc: 100.00% loss: 0.000231
[2018-11-04 16:37:48] Epoch 6 step 170 lr=0.00100000 acc: 100.00% loss: 0.000235
[2018-11-04 16:37:48] Epoch 6 step 180 lr=0.00100000 acc: 99.38% loss: 0.001203
[2018-11-04 16:37:48] Epoch 6 step 190 lr=0.00100000 acc: 100.00% loss: 0.000297
[2018-11-04 16:37:49] Epoch 6 step 200 lr=0.00100000 acc: 98.12% loss: 0.005636
[2018-11-04 16:37:49] Epoch 6 step 210 lr=0.00100000 acc: 99.38% loss: 0.000667
[2018-11-04 16:37:49] Epoch 6 step 220 lr=0.00100000 acc: 98.12% loss: 0.001763
[2018-11-04 16:37:49] Epoch 6 step 230 lr=0.00100000 acc: 97.50% loss: 0.003110
[2018-11-04 16:37:49] Epoch 6 step 240 lr=0.00100000 acc: 100.00% loss: 0.000803
[2018-11-04 16:37:49] Epoch 6 step 250 lr=0.00100000 acc: 99.38% loss: 0.000512
[2018-11-04 16:37:49] Epoch 6 step 260 lr=0.00100000 acc: 100.00% loss: 0.000159
[2018-11-04 16:37:49] Epoch 6 step 270 lr=0.00100000 acc: 99.38% loss: 0.002007
[2018-11-04 16:37:49] Epoch 6 step 280 lr=0.00100000 acc: 100.00% loss: 0.000602
[2018-11-04 16:37:49] Epoch 6 step 290 lr=0.00100000 acc: 100.00% loss: 0.000216
[2018-11-04 16:37:49] Epoch 6 step 300 lr=0.00100000 acc: 100.00% loss: 0.000170
[2018-11-04 16:37:50] Epoch 6 step 310 lr=0.00100000 acc: 99.38% loss: 0.001364
[2018-11-04 16:37:50] Epoch 6 step 320 lr=0.00100000 acc: 98.12% loss: 0.001854
[2018-11-04 16:37:50] Epoch 6 step 330 lr=0.00100000 acc: 98.75% loss: 0.002285
[2018-11-04 16:37:50] Epoch 6 step 340 lr=0.00100000 acc: 100.00% loss: 0.000658
