data_dir=subj_processed_data

----batch----
train_batch_size=64
train_batch_type=normal
dev_batch_size=64
dev_batch_type=normal
test_batch_size=64
test_batch_type=normal
shuffer=True
sort=True

----embedding----
embed_size=100
char_embed_size=50
embed_uniform_init=0.0
pre_embed_path=/home/zrr/projects/Data/glove.6B/glove.6B.100d.txt

----model----
model=treelstm_rel
save_model_dir=save_models
save_model_every=1
save_model_start_from=0
hidden_num=1
hidden_size=100
bidirectional=True
dropout=0.3

----optimizer----
lr=0.001
optim=adam
weight_decay=1e-08
momentum=0.9
early_stop=9999999

----train----
epoch=100
print_every=10

----GPU----
gpu_device=0
use_cuda=False

----seed----
gpu_seed=23
seed=23

----log----
log_dir=log
log_fname=treelstm_rel.subj.log

[2018-12-07 11:48:38] Epoch 0 step [10|124] lr=0.00100000 acc: 60.94% loss: 0.014648
[2018-12-07 11:48:46] Epoch 0 step [20|124] lr=0.00100000 acc: 69.69% loss: 0.010065
[2018-12-07 11:48:55] Epoch 0 step [30|124] lr=0.00100000 acc: 78.12% loss: 0.008718
[2018-12-07 11:49:07] Epoch 0 step [40|124] lr=0.00100000 acc: 82.97% loss: 0.007361
[2018-12-07 11:49:21] Epoch 0 step [50|124] lr=0.00100000 acc: 85.16% loss: 0.005806
[2018-12-07 11:49:35] Epoch 0 step [60|124] lr=0.00100000 acc: 86.88% loss: 0.005015
[2018-12-07 11:49:52] Epoch 0 step [70|124] lr=0.00100000 acc: 88.59% loss: 0.004897
[2018-12-07 11:50:12] Epoch 0 step [80|124] lr=0.00100000 acc: 91.25% loss: 0.003777
[2018-12-07 11:50:36] Epoch 0 step [90|124] lr=0.00100000 acc: 89.53% loss: 0.004237
[2018-12-07 11:51:03] Epoch 0 step [100|124] lr=0.00100000 acc: 89.84% loss: 0.004057
[2018-12-07 11:51:37] Epoch 0 step [110|124] lr=0.00100000 acc: 90.47% loss: 0.003679
[2018-12-07 11:52:22] Epoch 0 step [120|124] lr=0.00100000 acc: 90.31% loss: 0.003688
dev acc: 89.27% loss: 0.004550
test acc: 87.71% loss: 0.005039
model saved succeed in save_models/2018-12-07-11-52-59-treelstm_rel-model_epoch_0.pt
Update! best test acc: 87.71%
[2018-12-07 11:53:05] Epoch 1 step [10|124] lr=0.00100000 acc: 87.66% loss: 0.005069
[2018-12-07 11:53:12] Epoch 1 step [20|124] lr=0.00100000 acc: 88.75% loss: 0.004592
[2018-12-07 11:53:21] Epoch 1 step [30|124] lr=0.00100000 acc: 90.16% loss: 0.003880
[2018-12-07 11:53:32] Epoch 1 step [40|124] lr=0.00100000 acc: 90.16% loss: 0.003773
[2018-12-07 11:53:46] Epoch 1 step [50|124] lr=0.00100000 acc: 91.09% loss: 0.003483
[2018-12-07 11:54:00] Epoch 1 step [60|124] lr=0.00100000 acc: 92.81% loss: 0.003131
[2018-12-07 11:54:17] Epoch 1 step [70|124] lr=0.00100000 acc: 92.34% loss: 0.003041
[2018-12-07 11:54:36] Epoch 1 step [80|124] lr=0.00100000 acc: 93.44% loss: 0.002601
[2018-12-07 11:54:58] Epoch 1 step [90|124] lr=0.00100000 acc: 93.59% loss: 0.002721
[2018-12-07 11:55:27] Epoch 1 step [100|124] lr=0.00100000 acc: 92.81% loss: 0.003134
[2018-12-07 11:56:01] Epoch 1 step [110|124] lr=0.00100000 acc: 93.75% loss: 0.002859
[2018-12-07 11:56:46] Epoch 1 step [120|124] lr=0.00100000 acc: 92.81% loss: 0.002758
dev acc: 91.04% loss: 0.003905
test acc: 88.65% loss: 0.004408
model saved succeed in save_models/2018-12-07-11-57-21-treelstm_rel-model_epoch_1.pt
Update! best test acc: 88.65%
[2018-12-07 11:57:27] Epoch 2 step [10|124] lr=0.00100000 acc: 90.31% loss: 0.003994
[2018-12-07 11:57:34] Epoch 2 step [20|124] lr=0.00100000 acc: 91.09% loss: 0.003699
[2018-12-07 11:57:44] Epoch 2 step [30|124] lr=0.00100000 acc: 92.19% loss: 0.003051
[2018-12-07 11:57:55] Epoch 2 step [40|124] lr=0.00100000 acc: 93.12% loss: 0.002651
[2018-12-07 11:58:08] Epoch 2 step [50|124] lr=0.00100000 acc: 92.34% loss: 0.002735
[2018-12-07 11:58:23] Epoch 2 step [60|124] lr=0.00100000 acc: 94.69% loss: 0.002162
[2018-12-07 11:58:41] Epoch 2 step [70|124] lr=0.00100000 acc: 93.75% loss: 0.002351
[2018-12-07 11:59:01] Epoch 2 step [80|124] lr=0.00100000 acc: 95.16% loss: 0.001947
[2018-12-07 11:59:24] Epoch 2 step [90|124] lr=0.00100000 acc: 95.47% loss: 0.002106
[2018-12-07 11:59:50] Epoch 2 step [100|124] lr=0.00100000 acc: 93.75% loss: 0.002460
[2018-12-07 12:00:24] Epoch 2 step [110|124] lr=0.00100000 acc: 94.53% loss: 0.002206
[2018-12-07 12:01:07] Epoch 2 step [120|124] lr=0.00100000 acc: 95.78% loss: 0.001763
dev acc: 91.35% loss: 0.003654
test acc: 89.58% loss: 0.003976
model saved succeed in save_models/2018-12-07-12-01-43-treelstm_rel-model_epoch_2.pt
Update! best test acc: 89.58%
[2018-12-07 12:01:49] Epoch 3 step [10|124] lr=0.00100000 acc: 92.66% loss: 0.003084
[2018-12-07 12:01:56] Epoch 3 step [20|124] lr=0.00100000 acc: 92.97% loss: 0.002863
[2018-12-07 12:02:05] Epoch 3 step [30|124] lr=0.00100000 acc: 94.06% loss: 0.002255
[2018-12-07 12:02:16] Epoch 3 step [40|124] lr=0.00100000 acc: 95.62% loss: 0.002010
[2018-12-07 12:02:29] Epoch 3 step [50|124] lr=0.00100000 acc: 95.47% loss: 0.002041
[2018-12-07 12:02:43] Epoch 3 step [60|124] lr=0.00100000 acc: 96.25% loss: 0.001686
[2018-12-07 12:03:01] Epoch 3 step [70|124] lr=0.00100000 acc: 96.72% loss: 0.001654
[2018-12-07 12:03:22] Epoch 3 step [80|124] lr=0.00100000 acc: 97.19% loss: 0.001390
[2018-12-07 12:03:45] Epoch 3 step [90|124] lr=0.00100000 acc: 97.19% loss: 0.001433
[2018-12-07 12:04:11] Epoch 3 step [100|124] lr=0.00100000 acc: 96.25% loss: 0.001814
[2018-12-07 12:04:43] Epoch 3 step [110|124] lr=0.00100000 acc: 96.09% loss: 0.001734
[2018-12-07 12:05:28] Epoch 3 step [120|124] lr=0.00100000 acc: 96.41% loss: 0.001505
dev acc: 90.31% loss: 0.003800
test acc: 90.94% loss: 0.003769
not improved, best test acc: 89.58%, in epoch 2
[2018-12-07 12:06:09] Epoch 4 step [10|124] lr=0.00100000 acc: 94.06% loss: 0.002427
[2018-12-07 12:06:17] Epoch 4 step [20|124] lr=0.00100000 acc: 93.75% loss: 0.002323
[2018-12-07 12:06:26] Epoch 4 step [30|124] lr=0.00100000 acc: 95.78% loss: 0.001868
[2018-12-07 12:06:37] Epoch 4 step [40|124] lr=0.00100000 acc: 97.03% loss: 0.001359
[2018-12-07 12:06:49] Epoch 4 step [50|124] lr=0.00100000 acc: 96.56% loss: 0.001559
[2018-12-07 12:07:04] Epoch 4 step [60|124] lr=0.00100000 acc: 97.19% loss: 0.001142
[2018-12-07 12:07:20] Epoch 4 step [70|124] lr=0.00100000 acc: 97.66% loss: 0.001150
[2018-12-07 12:07:40] Epoch 4 step [80|124] lr=0.00100000 acc: 97.34% loss: 0.001045
[2018-12-07 12:08:03] Epoch 4 step [90|124] lr=0.00100000 acc: 98.12% loss: 0.000927
[2018-12-07 12:08:30] Epoch 4 step [100|124] lr=0.00100000 acc: 98.12% loss: 0.001204
[2018-12-07 12:09:02] Epoch 4 step [110|124] lr=0.00100000 acc: 96.88% loss: 0.001424
[2018-12-07 12:09:48] Epoch 4 step [120|124] lr=0.00100000 acc: 97.66% loss: 0.001012
dev acc: 90.31% loss: 0.003923
test acc: 91.25% loss: 0.003793
not improved, best test acc: 89.58%, in epoch 2
[2018-12-07 12:10:28] Epoch 5 step [10|124] lr=0.00100000 acc: 95.62% loss: 0.001616
[2018-12-07 12:10:36] Epoch 5 step [20|124] lr=0.00100000 acc: 96.09% loss: 0.001635
[2018-12-07 12:10:47] Epoch 5 step [30|124] lr=0.00100000 acc: 97.34% loss: 0.001210
[2018-12-07 12:10:59] Epoch 5 step [40|124] lr=0.00100000 acc: 97.03% loss: 0.001185
[2018-12-07 12:11:11] Epoch 5 step [50|124] lr=0.00100000 acc: 98.12% loss: 0.001092
[2018-12-07 12:11:27] Epoch 5 step [60|124] lr=0.00100000 acc: 98.44% loss: 0.000723
[2018-12-07 12:11:45] Epoch 5 step [70|124] lr=0.00100000 acc: 97.81% loss: 0.000869
[2018-12-07 12:12:05] Epoch 5 step [80|124] lr=0.00100000 acc: 98.44% loss: 0.000728
[2018-12-07 12:12:28] Epoch 5 step [90|124] lr=0.00100000 acc: 97.50% loss: 0.000961
[2018-12-07 12:12:56] Epoch 5 step [100|124] lr=0.00100000 acc: 97.81% loss: 0.000972
[2018-12-07 12:13:29] Epoch 5 step [110|124] lr=0.00100000 acc: 98.44% loss: 0.000818
[2018-12-07 12:14:13] Epoch 5 step [120|124] lr=0.00100000 acc: 97.97% loss: 0.000737
dev acc: 90.73% loss: 0.003670
test acc: 90.52% loss: 0.003663
not improved, best test acc: 89.58%, in epoch 2
[2018-12-07 12:14:53] Epoch 6 step [10|124] lr=0.00100000 acc: 96.09% loss: 0.001643
[2018-12-07 12:15:00] Epoch 6 step [20|124] lr=0.00100000 acc: 97.66% loss: 0.001257
[2018-12-07 12:15:09] Epoch 6 step [30|124] lr=0.00100000 acc: 98.28% loss: 0.000930
[2018-12-07 12:15:19] Epoch 6 step [40|124] lr=0.00100000 acc: 97.66% loss: 0.000881
[2018-12-07 12:15:33] Epoch 6 step [50|124] lr=0.00100000 acc: 97.50% loss: 0.000914
[2018-12-07 12:15:48] Epoch 6 step [60|124] lr=0.00100000 acc: 98.75% loss: 0.000566
[2018-12-07 12:16:05] Epoch 6 step [70|124] lr=0.00100000 acc: 98.91% loss: 0.000527
[2018-12-07 12:16:24] Epoch 6 step [80|124] lr=0.00100000 acc: 98.75% loss: 0.000507
[2018-12-07 12:16:46] Epoch 6 step [90|124] lr=0.00100000 acc: 99.22% loss: 0.000420
[2018-12-07 12:17:15] Epoch 6 step [100|124] lr=0.00100000 acc: 98.59% loss: 0.000603
[2018-12-07 12:17:48] Epoch 6 step [110|124] lr=0.00100000 acc: 99.22% loss: 0.000437
[2018-12-07 12:18:33] Epoch 6 step [120|124] lr=0.00100000 acc: 99.53% loss: 0.000267
dev acc: 90.31% loss: 0.003842
test acc: 90.31% loss: 0.003667
not improved, best test acc: 89.58%, in epoch 2
[2018-12-07 12:19:16] Epoch 7 step [10|124] lr=0.00100000 acc: 97.97% loss: 0.001040
[2018-12-07 12:19:23] Epoch 7 step [20|124] lr=0.00100000 acc: 98.28% loss: 0.000831
[2018-12-07 12:19:33] Epoch 7 step [30|124] lr=0.00100000 acc: 98.59% loss: 0.000650
[2018-12-07 12:19:44] Epoch 7 step [40|124] lr=0.00100000 acc: 98.59% loss: 0.000585
[2018-12-07 12:19:56] Epoch 7 step [50|124] lr=0.00100000 acc: 98.75% loss: 0.000548
[2018-12-07 12:20:12] Epoch 7 step [60|124] lr=0.00100000 acc: 98.75% loss: 0.000387
[2018-12-07 12:20:30] Epoch 7 step [70|124] lr=0.00100000 acc: 98.44% loss: 0.000626
[2018-12-07 12:20:49] Epoch 7 step [80|124] lr=0.00100000 acc: 98.91% loss: 0.000429
[2018-12-07 12:21:13] Epoch 7 step [90|124] lr=0.00100000 acc: 99.22% loss: 0.000327
[2018-12-07 12:21:40] Epoch 7 step [100|124] lr=0.00100000 acc: 99.53% loss: 0.000390
[2018-12-07 12:22:14] Epoch 7 step [110|124] lr=0.00100000 acc: 99.53% loss: 0.000202
[2018-12-07 12:22:58] Epoch 7 step [120|124] lr=0.00100000 acc: 99.06% loss: 0.000336
dev acc: 90.62% loss: 0.003838
test acc: 91.35% loss: 0.003607
not improved, best test acc: 89.58%, in epoch 2
[2018-12-07 12:23:40] Epoch 8 step [10|124] lr=0.00100000 acc: 98.91% loss: 0.000677
[2018-12-07 12:23:48] Epoch 8 step [20|124] lr=0.00100000 acc: 98.75% loss: 0.000704
[2018-12-07 12:23:57] Epoch 8 step [30|124] lr=0.00100000 acc: 99.53% loss: 0.000494
[2018-12-07 12:24:08] Epoch 8 step [40|124] lr=0.00100000 acc: 99.06% loss: 0.000435
[2018-12-07 12:24:21] Epoch 8 step [50|124] lr=0.00100000 acc: 98.44% loss: 0.000464
[2018-12-07 12:24:36] Epoch 8 step [60|124] lr=0.00100000 acc: 99.84% loss: 0.000199
[2018-12-07 12:24:55] Epoch 8 step [70|124] lr=0.00100000 acc: 98.75% loss: 0.000481
[2018-12-07 12:25:15] Epoch 8 step [80|124] lr=0.00100000 acc: 99.69% loss: 0.000268
[2018-12-07 12:25:37] Epoch 8 step [90|124] lr=0.00100000 acc: 99.53% loss: 0.000223
[2018-12-07 12:26:03] Epoch 8 step [100|124] lr=0.00100000 acc: 99.53% loss: 0.000243
[2018-12-07 12:26:35] Epoch 8 step [110|124] lr=0.00100000 acc: 99.84% loss: 0.000153
[2018-12-07 12:27:19] Epoch 8 step [120|124] lr=0.00100000 acc: 99.69% loss: 0.000220
dev acc: 90.21% loss: 0.004013
test acc: 91.25% loss: 0.003701
not improved, best test acc: 89.58%, in epoch 2
[2018-12-07 12:27:58] Epoch 9 step [10|124] lr=0.00100000 acc: 99.38% loss: 0.000445
[2018-12-07 12:28:04] Epoch 9 step [20|124] lr=0.00100000 acc: 98.75% loss: 0.000529
[2018-12-07 12:28:13] Epoch 9 step [30|124] lr=0.00100000 acc: 99.69% loss: 0.000284
[2018-12-07 12:28:23] Epoch 9 step [40|124] lr=0.00100000 acc: 99.38% loss: 0.000243
[2018-12-07 12:28:34] Epoch 9 step [50|124] lr=0.00100000 acc: 98.75% loss: 0.000343
[2018-12-07 12:28:48] Epoch 9 step [60|124] lr=0.00100000 acc: 99.38% loss: 0.000230
[2018-12-07 12:29:04] Epoch 9 step [70|124] lr=0.00100000 acc: 99.38% loss: 0.000217
[2018-12-07 12:29:24] Epoch 9 step [80|124] lr=0.00100000 acc: 99.38% loss: 0.000222
[2018-12-07 12:29:46] Epoch 9 step [90|124] lr=0.00100000 acc: 99.69% loss: 0.000220
[2018-12-07 12:30:12] Epoch 9 step [100|124] lr=0.00100000 acc: 99.69% loss: 0.000144
[2018-12-07 12:30:44] Epoch 9 step [110|124] lr=0.00100000 acc: 99.53% loss: 0.000171
[2018-12-07 12:31:28] Epoch 9 step [120|124] lr=0.00100000 acc: 99.53% loss: 0.000208
dev acc: 89.06% loss: 0.004347
test acc: 90.10% loss: 0.003940
not improved, best test acc: 89.58%, in epoch 2
[2018-12-07 12:32:05] Epoch 10 step [10|124] lr=0.00100000 acc: 98.28% loss: 0.000578
[2018-12-07 12:32:11] Epoch 10 step [20|124] lr=0.00100000 acc: 99.38% loss: 0.000306
[2018-12-07 12:32:20] Epoch 10 step [30|124] lr=0.00100000 acc: 98.91% loss: 0.000543
[2018-12-07 12:32:30] Epoch 10 step [40|124] lr=0.00100000 acc: 99.84% loss: 0.000147
[2018-12-07 12:32:42] Epoch 10 step [50|124] lr=0.00100000 acc: 99.53% loss: 0.000335
[2018-12-07 12:32:56] Epoch 10 step [60|124] lr=0.00100000 acc: 100.00% loss: 0.000071
[2018-12-07 12:33:12] Epoch 10 step [70|124] lr=0.00100000 acc: 99.53% loss: 0.000192
[2018-12-07 12:33:31] Epoch 10 step [80|124] lr=0.00100000 acc: 99.84% loss: 0.000086
[2018-12-07 12:33:55] Epoch 10 step [90|124] lr=0.00100000 acc: 99.22% loss: 0.000219
[2018-12-07 12:34:22] Epoch 10 step [100|124] lr=0.00100000 acc: 100.00% loss: 0.000058
[2018-12-07 12:34:55] Epoch 10 step [110|124] lr=0.00100000 acc: 99.69% loss: 0.000188
[2018-12-07 12:35:38] Epoch 10 step [120|124] lr=0.00100000 acc: 99.69% loss: 0.000107
dev acc: 89.90% loss: 0.004832
test acc: 90.62% loss: 0.004071
not improved, best test acc: 89.58%, in epoch 2
8 epoch have not improved, so adjust lr to 0.0007
[2018-12-07 12:36:20] Epoch 11 step [10|124] lr=0.00070000 acc: 99.38% loss: 0.000364
[2018-12-07 12:36:27] Epoch 11 step [20|124] lr=0.00070000 acc: 98.75% loss: 0.000489
[2018-12-07 12:36:36] Epoch 11 step [30|124] lr=0.00070000 acc: 99.69% loss: 0.000231
[2018-12-07 12:36:47] Epoch 11 step [40|124] lr=0.00070000 acc: 99.53% loss: 0.000264
[2018-12-07 12:37:01] Epoch 11 step [50|124] lr=0.00070000 acc: 99.69% loss: 0.000196
[2018-12-07 12:37:16] Epoch 11 step [60|124] lr=0.00070000 acc: 99.84% loss: 0.000096
[2018-12-07 12:37:34] Epoch 11 step [70|124] lr=0.00070000 acc: 99.84% loss: 0.000130
[2018-12-07 12:37:53] Epoch 11 step [80|124] lr=0.00070000 acc: 99.38% loss: 0.000216
[2018-12-07 12:38:17] Epoch 11 step [90|124] lr=0.00070000 acc: 99.38% loss: 0.000194
[2018-12-07 12:38:45] Epoch 11 step [100|124] lr=0.00070000 acc: 99.69% loss: 0.000131
[2018-12-07 12:39:19] Epoch 11 step [110|124] lr=0.00070000 acc: 99.84% loss: 0.000162
[2018-12-07 12:40:03] Epoch 11 step [120|124] lr=0.00070000 acc: 99.69% loss: 0.000142
dev acc: 88.54% loss: 0.005875
test acc: 88.85% loss: 0.004668
not improved, best test acc: 89.58%, in epoch 2
[2018-12-07 12:40:45] Epoch 12 step [10|124] lr=0.00070000 acc: 99.22% loss: 0.000407
[2018-12-07 12:40:52] Epoch 12 step [20|124] lr=0.00070000 acc: 99.53% loss: 0.000269
[2018-12-07 12:41:02] Epoch 12 step [30|124] lr=0.00070000 acc: 99.84% loss: 0.000142
[2018-12-07 12:41:13] Epoch 12 step [40|124] lr=0.00070000 acc: 99.06% loss: 0.000241
[2018-12-07 12:41:26] Epoch 12 step [50|124] lr=0.00070000 acc: 99.53% loss: 0.000191
[2018-12-07 12:41:42] Epoch 12 step [60|124] lr=0.00070000 acc: 99.84% loss: 0.000098
[2018-12-07 12:42:00] Epoch 12 step [70|124] lr=0.00070000 acc: 99.84% loss: 0.000073
[2018-12-07 12:42:19] Epoch 12 step [80|124] lr=0.00070000 acc: 99.69% loss: 0.000150
[2018-12-07 12:42:42] Epoch 12 step [90|124] lr=0.00070000 acc: 100.00% loss: 0.000067
[2018-12-07 12:43:08] Epoch 12 step [100|124] lr=0.00070000 acc: 99.38% loss: 0.000185
[2018-12-07 12:43:43] Epoch 12 step [110|124] lr=0.00070000 acc: 99.22% loss: 0.000278
[2018-12-07 12:44:28] Epoch 12 step [120|124] lr=0.00070000 acc: 99.22% loss: 0.000315
dev acc: 86.56% loss: 0.007062
test acc: 87.40% loss: 0.005496
not improved, best test acc: 89.58%, in epoch 2
[2018-12-07 12:45:08] Epoch 13 step [10|124] lr=0.00070000 acc: 98.75% loss: 0.000476
[2018-12-07 12:45:15] Epoch 13 step [20|124] lr=0.00070000 acc: 99.69% loss: 0.000217
[2018-12-07 12:45:23] Epoch 13 step [30|124] lr=0.00070000 acc: 99.38% loss: 0.000269
[2018-12-07 12:45:33] Epoch 13 step [40|124] lr=0.00070000 acc: 99.53% loss: 0.000177
[2018-12-07 12:45:45] Epoch 13 step [50|124] lr=0.00070000 acc: 99.22% loss: 0.000228
[2018-12-07 12:45:59] Epoch 13 step [60|124] lr=0.00070000 acc: 100.00% loss: 0.000077
[2018-12-07 12:46:17] Epoch 13 step [70|124] lr=0.00070000 acc: 100.00% loss: 0.000036
[2018-12-07 12:46:36] Epoch 13 step [80|124] lr=0.00070000 acc: 99.53% loss: 0.000179
[2018-12-07 12:46:58] Epoch 13 step [90|124] lr=0.00070000 acc: 100.00% loss: 0.000036
[2018-12-07 12:47:25] Epoch 13 step [100|124] lr=0.00070000 acc: 99.69% loss: 0.000121
[2018-12-07 12:47:59] Epoch 13 step [110|124] lr=0.00070000 acc: 100.00% loss: 0.000037
[2018-12-07 12:48:42] Epoch 13 step [120|124] lr=0.00070000 acc: 99.69% loss: 0.000142
dev acc: 89.48% loss: 0.005299
test acc: 90.31% loss: 0.004208
not improved, best test acc: 89.58%, in epoch 2
[2018-12-07 12:49:23] Epoch 14 step [10|124] lr=0.00070000 acc: 99.53% loss: 0.000331
[2018-12-07 12:49:31] Epoch 14 step [20|124] lr=0.00070000 acc: 99.69% loss: 0.000146
[2018-12-07 12:49:40] Epoch 14 step [30|124] lr=0.00070000 acc: 99.84% loss: 0.000261
[2018-12-07 12:49:52] Epoch 14 step [40|124] lr=0.00070000 acc: 100.00% loss: 0.000083
[2018-12-07 12:50:04] Epoch 14 step [50|124] lr=0.00070000 acc: 99.69% loss: 0.000171
[2018-12-07 12:50:18] Epoch 14 step [60|124] lr=0.00070000 acc: 99.69% loss: 0.000185
[2018-12-07 12:50:35] Epoch 14 step [70|124] lr=0.00070000 acc: 99.84% loss: 0.000086
[2018-12-07 12:50:55] Epoch 14 step [80|124] lr=0.00070000 acc: 99.53% loss: 0.000138
[2018-12-07 12:51:18] Epoch 14 step [90|124] lr=0.00070000 acc: 99.84% loss: 0.000146
[2018-12-07 12:51:44] Epoch 14 step [100|124] lr=0.00070000 acc: 99.69% loss: 0.000087
[2018-12-07 12:52:16] Epoch 14 step [110|124] lr=0.00070000 acc: 99.84% loss: 0.000072
[2018-12-07 12:53:00] Epoch 14 step [120|124] lr=0.00070000 acc: 100.00% loss: 0.000060
dev acc: 89.58% loss: 0.005081
test acc: 90.94% loss: 0.004129
not improved, best test acc: 89.58%, in epoch 2
[2018-12-07 12:53:41] Epoch 15 step [10|124] lr=0.00070000 acc: 99.53% loss: 0.000190
[2018-12-07 12:53:48] Epoch 15 step [20|124] lr=0.00070000 acc: 99.38% loss: 0.000177
[2018-12-07 12:53:57] Epoch 15 step [30|124] lr=0.00070000 acc: 99.84% loss: 0.000191
[2018-12-07 12:54:07] Epoch 15 step [40|124] lr=0.00070000 acc: 99.84% loss: 0.000153
[2018-12-07 12:54:19] Epoch 15 step [50|124] lr=0.00070000 acc: 100.00% loss: 0.000069
[2018-12-07 12:54:33] Epoch 15 step [60|124] lr=0.00070000 acc: 99.84% loss: 0.000108
[2018-12-07 12:54:50] Epoch 15 step [70|124] lr=0.00070000 acc: 99.84% loss: 0.000108
[2018-12-07 12:55:09] Epoch 15 step [80|124] lr=0.00070000 acc: 100.00% loss: 0.000044
[2018-12-07 12:55:32] Epoch 15 step [90|124] lr=0.00070000 acc: 99.84% loss: 0.000112
[2018-12-07 12:55:59] Epoch 15 step [100|124] lr=0.00070000 acc: 99.69% loss: 0.000094
[2018-12-07 12:56:31] Epoch 15 step [110|124] lr=0.00070000 acc: 100.00% loss: 0.000025
[2018-12-07 12:57:14] Epoch 15 step [120|124] lr=0.00070000 acc: 99.69% loss: 0.000131
dev acc: 89.17% loss: 0.005056
test acc: 91.25% loss: 0.004080
not improved, best test acc: 89.58%, in epoch 2
[2018-12-07 12:57:55] Epoch 16 step [10|124] lr=0.00070000 acc: 99.69% loss: 0.000205
[2018-12-07 12:58:03] Epoch 16 step [20|124] lr=0.00070000 acc: 99.84% loss: 0.000097
[2018-12-07 12:58:12] Epoch 16 step [30|124] lr=0.00070000 acc: 99.69% loss: 0.000098
[2018-12-07 12:58:23] Epoch 16 step [40|124] lr=0.00070000 acc: 100.00% loss: 0.000052
[2018-12-07 12:58:38] Epoch 16 step [50|124] lr=0.00070000 acc: 99.38% loss: 0.000163
[2018-12-07 12:58:52] Epoch 16 step [60|124] lr=0.00070000 acc: 100.00% loss: 0.000050
[2018-12-07 12:59:10] Epoch 16 step [70|124] lr=0.00070000 acc: 100.00% loss: 0.000027
[2018-12-07 12:59:30] Epoch 16 step [80|124] lr=0.00070000 acc: 100.00% loss: 0.000019
[2018-12-07 12:59:53] Epoch 16 step [90|124] lr=0.00070000 acc: 99.84% loss: 0.000047
[2018-12-07 13:00:22] Epoch 16 step [100|124] lr=0.00070000 acc: 100.00% loss: 0.000011
[2018-12-07 13:00:55] Epoch 16 step [110|124] lr=0.00070000 acc: 100.00% loss: 0.000050
[2018-12-07 13:01:40] Epoch 16 step [120|124] lr=0.00070000 acc: 100.00% loss: 0.000028
dev acc: 89.06% loss: 0.005371
test acc: 91.25% loss: 0.004159
not improved, best test acc: 89.58%, in epoch 2
[2018-12-07 13:02:22] Epoch 17 step [10|124] lr=0.00070000 acc: 99.69% loss: 0.000118
[2018-12-07 13:02:29] Epoch 17 step [20|124] lr=0.00070000 acc: 99.38% loss: 0.000185
[2018-12-07 13:02:39] Epoch 17 step [30|124] lr=0.00070000 acc: 100.00% loss: 0.000059
[2018-12-07 13:02:51] Epoch 17 step [40|124] lr=0.00070000 acc: 99.53% loss: 0.000197
[2018-12-07 13:03:04] Epoch 17 step [50|124] lr=0.00070000 acc: 100.00% loss: 0.000039
[2018-12-07 13:03:20] Epoch 17 step [60|124] lr=0.00070000 acc: 99.53% loss: 0.000145
[2018-12-07 13:03:38] Epoch 17 step [70|124] lr=0.00070000 acc: 99.69% loss: 0.000098
[2018-12-07 13:03:58] Epoch 17 step [80|124] lr=0.00070000 acc: 100.00% loss: 0.000037
[2018-12-07 13:04:22] Epoch 17 step [90|124] lr=0.00070000 acc: 99.84% loss: 0.000080
[2018-12-07 13:04:49] Epoch 17 step [100|124] lr=0.00070000 acc: 100.00% loss: 0.000018
[2018-12-07 13:05:24] Epoch 17 step [110|124] lr=0.00070000 acc: 99.84% loss: 0.000045
[2018-12-07 13:06:07] Epoch 17 step [120|124] lr=0.00070000 acc: 100.00% loss: 0.000006
dev acc: 88.96% loss: 0.005155
test acc: 90.94% loss: 0.004209
not improved, best test acc: 89.58%, in epoch 2
[2018-12-07 13:06:50] Epoch 18 step [10|124] lr=0.00070000 acc: 99.69% loss: 0.000148
[2018-12-07 13:06:57] Epoch 18 step [20|124] lr=0.00070000 acc: 99.84% loss: 0.000049
[2018-12-07 13:07:06] Epoch 18 step [30|124] lr=0.00070000 acc: 99.69% loss: 0.000146
[2018-12-07 13:07:16] Epoch 18 step [40|124] lr=0.00070000 acc: 99.84% loss: 0.000066
[2018-12-07 13:07:28] Epoch 18 step [50|124] lr=0.00070000 acc: 100.00% loss: 0.000040
[2018-12-07 13:07:42] Epoch 18 step [60|124] lr=0.00070000 acc: 100.00% loss: 0.000028
[2018-12-07 13:08:00] Epoch 18 step [70|124] lr=0.00070000 acc: 100.00% loss: 0.000041
[2018-12-07 13:08:19] Epoch 18 step [80|124] lr=0.00070000 acc: 100.00% loss: 0.000014
[2018-12-07 13:08:41] Epoch 18 step [90|124] lr=0.00070000 acc: 100.00% loss: 0.000025
[2018-12-07 13:09:08] Epoch 18 step [100|124] lr=0.00070000 acc: 100.00% loss: 0.000008
[2018-12-07 13:09:40] Epoch 18 step [110|124] lr=0.00070000 acc: 100.00% loss: 0.000009
[2018-12-07 13:10:25] Epoch 18 step [120|124] lr=0.00070000 acc: 100.00% loss: 0.000006
dev acc: 89.06% loss: 0.005630
test acc: 90.42% loss: 0.004520
not improved, best test acc: 89.58%, in epoch 2
16 epoch have not improved, so adjust lr to 0.00049
[2018-12-07 13:11:05] Epoch 19 step [10|124] lr=0.00049000 acc: 100.00% loss: 0.000054
[2018-12-07 13:11:12] Epoch 19 step [20|124] lr=0.00049000 acc: 99.69% loss: 0.000078
[2018-12-07 13:11:20] Epoch 19 step [30|124] lr=0.00049000 acc: 100.00% loss: 0.000026
[2018-12-07 13:11:30] Epoch 19 step [40|124] lr=0.00049000 acc: 100.00% loss: 0.000022
[2018-12-07 13:11:42] Epoch 19 step [50|124] lr=0.00049000 acc: 100.00% loss: 0.000040
[2018-12-07 13:11:56] Epoch 19 step [60|124] lr=0.00049000 acc: 100.00% loss: 0.000018
[2018-12-07 13:12:12] Epoch 19 step [70|124] lr=0.00049000 acc: 99.84% loss: 0.000071
[2018-12-07 13:12:32] Epoch 19 step [80|124] lr=0.00049000 acc: 100.00% loss: 0.000013
[2018-12-07 13:12:55] Epoch 19 step [90|124] lr=0.00049000 acc: 99.84% loss: 0.000041
[2018-12-07 13:13:20] Epoch 19 step [100|124] lr=0.00049000 acc: 100.00% loss: 0.000008
[2018-12-07 13:13:52] Epoch 19 step [110|124] lr=0.00049000 acc: 100.00% loss: 0.000014
[2018-12-07 13:14:37] Epoch 19 step [120|124] lr=0.00049000 acc: 100.00% loss: 0.000004
dev acc: 89.17% loss: 0.005815
test acc: 90.42% loss: 0.004617
not improved, best test acc: 89.58%, in epoch 2
[2018-12-07 13:15:15] Epoch 20 step [10|124] lr=0.00049000 acc: 100.00% loss: 0.000087
[2018-12-07 13:15:22] Epoch 20 step [20|124] lr=0.00049000 acc: 99.69% loss: 0.000111
[2018-12-07 13:15:31] Epoch 20 step [30|124] lr=0.00049000 acc: 100.00% loss: 0.000019
[2018-12-07 13:15:41] Epoch 20 step [40|124] lr=0.00049000 acc: 99.84% loss: 0.000074
[2018-12-07 13:15:53] Epoch 20 step [50|124] lr=0.00049000 acc: 99.84% loss: 0.000091
[2018-12-07 13:16:07] Epoch 20 step [60|124] lr=0.00049000 acc: 100.00% loss: 0.000009
[2018-12-07 13:16:23] Epoch 20 step [70|124] lr=0.00049000 acc: 99.53% loss: 0.000260
[2018-12-07 13:16:42] Epoch 20 step [80|124] lr=0.00049000 acc: 99.84% loss: 0.000083
[2018-12-07 13:17:05] Epoch 20 step [90|124] lr=0.00049000 acc: 99.84% loss: 0.000093
[2018-12-07 13:17:31] Epoch 20 step [100|124] lr=0.00049000 acc: 99.84% loss: 0.000043
[2018-12-07 13:18:03] Epoch 20 step [110|124] lr=0.00049000 acc: 99.84% loss: 0.000060
[2018-12-07 13:18:46] Epoch 20 step [120|124] lr=0.00049000 acc: 100.00% loss: 0.000005
dev acc: 89.17% loss: 0.005491
test acc: 90.94% loss: 0.004398
not improved, best test acc: 89.58%, in epoch 2
[2018-12-07 13:19:27] Epoch 21 step [10|124] lr=0.00049000 acc: 100.00% loss: 0.000033
[2018-12-07 13:19:34] Epoch 21 step [20|124] lr=0.00049000 acc: 99.69% loss: 0.000164
[2018-12-07 13:19:44] Epoch 21 step [30|124] lr=0.00049000 acc: 99.84% loss: 0.000084
[2018-12-07 13:19:56] Epoch 21 step [40|124] lr=0.00049000 acc: 100.00% loss: 0.000021
[2018-12-07 13:20:09] Epoch 21 step [50|124] lr=0.00049000 acc: 99.69% loss: 0.000113
[2018-12-07 13:20:24] Epoch 21 step [60|124] lr=0.00049000 acc: 100.00% loss: 0.000031
[2018-12-07 13:20:42] Epoch 21 step [70|124] lr=0.00049000 acc: 100.00% loss: 0.000036
[2018-12-07 13:21:01] Epoch 21 step [80|124] lr=0.00049000 acc: 100.00% loss: 0.000019
[2018-12-07 13:21:24] Epoch 21 step [90|124] lr=0.00049000 acc: 99.69% loss: 0.000090
[2018-12-07 13:21:53] Epoch 21 step [100|124] lr=0.00049000 acc: 100.00% loss: 0.000020
[2018-12-07 13:22:26] Epoch 21 step [110|124] lr=0.00049000 acc: 100.00% loss: 0.000005
[2018-12-07 13:23:09] Epoch 21 step [120|124] lr=0.00049000 acc: 99.84% loss: 0.000027
dev acc: 88.85% loss: 0.005869
test acc: 90.10% loss: 0.004601
not improved, best test acc: 89.58%, in epoch 2
[2018-12-07 13:23:51] Epoch 22 step [10|124] lr=0.00049000 acc: 99.84% loss: 0.000123
[2018-12-07 13:23:58] Epoch 22 step [20|124] lr=0.00049000 acc: 99.84% loss: 0.000060
[2018-12-07 13:24:08] Epoch 22 step [30|124] lr=0.00049000 acc: 99.84% loss: 0.000058
[2018-12-07 13:24:19] Epoch 22 step [40|124] lr=0.00049000 acc: 100.00% loss: 0.000038
[2018-12-07 13:24:33] Epoch 22 step [50|124] lr=0.00049000 acc: 100.00% loss: 0.000021
[2018-12-07 13:24:48] Epoch 22 step [60|124] lr=0.00049000 acc: 100.00% loss: 0.000015
[2018-12-07 13:25:05] Epoch 22 step [70|124] lr=0.00049000 acc: 99.69% loss: 0.000088
[2018-12-07 13:25:25] Epoch 22 step [80|124] lr=0.00049000 acc: 100.00% loss: 0.000010
[2018-12-07 13:25:49] Epoch 22 step [90|124] lr=0.00049000 acc: 100.00% loss: 0.000006
[2018-12-07 13:26:16] Epoch 22 step [100|124] lr=0.00049000 acc: 100.00% loss: 0.000009
[2018-12-07 13:26:48] Epoch 22 step [110|124] lr=0.00049000 acc: 100.00% loss: 0.000003
[2018-12-07 13:27:30] Epoch 22 step [120|124] lr=0.00049000 acc: 100.00% loss: 0.000010
dev acc: 88.75% loss: 0.006020
test acc: 90.52% loss: 0.004508
not improved, best test acc: 89.58%, in epoch 2
[2018-12-07 13:28:09] Epoch 23 step [10|124] lr=0.00049000 acc: 100.00% loss: 0.000061
[2018-12-07 13:28:16] Epoch 23 step [20|124] lr=0.00049000 acc: 99.69% loss: 0.000068
[2018-12-07 13:28:24] Epoch 23 step [30|124] lr=0.00049000 acc: 100.00% loss: 0.000062
[2018-12-07 13:28:34] Epoch 23 step [40|124] lr=0.00049000 acc: 100.00% loss: 0.000024
[2018-12-07 13:28:46] Epoch 23 step [50|124] lr=0.00049000 acc: 99.84% loss: 0.000081
[2018-12-07 13:29:01] Epoch 23 step [60|124] lr=0.00049000 acc: 100.00% loss: 0.000011
[2018-12-07 13:29:17] Epoch 23 step [70|124] lr=0.00049000 acc: 100.00% loss: 0.000033
[2018-12-07 13:29:36] Epoch 23 step [80|124] lr=0.00049000 acc: 99.84% loss: 0.000036
[2018-12-07 13:29:58] Epoch 23 step [90|124] lr=0.00049000 acc: 100.00% loss: 0.000032
[2018-12-07 13:30:24] Epoch 23 step [100|124] lr=0.00049000 acc: 100.00% loss: 0.000007
[2018-12-07 13:30:57] Epoch 23 step [110|124] lr=0.00049000 acc: 99.84% loss: 0.000058
[2018-12-07 13:31:41] Epoch 23 step [120|124] lr=0.00049000 acc: 100.00% loss: 0.000011
dev acc: 89.27% loss: 0.005628
test acc: 90.94% loss: 0.004317
not improved, best test acc: 89.58%, in epoch 2
[2018-12-07 13:32:22] Epoch 24 step [10|124] lr=0.00049000 acc: 99.84% loss: 0.000098
[2018-12-07 13:32:29] Epoch 24 step [20|124] lr=0.00049000 acc: 99.69% loss: 0.000080
[2018-12-07 13:32:39] Epoch 24 step [30|124] lr=0.00049000 acc: 100.00% loss: 0.000026
[2018-12-07 13:32:50] Epoch 24 step [40|124] lr=0.00049000 acc: 100.00% loss: 0.000023
[2018-12-07 13:33:03] Epoch 24 step [50|124] lr=0.00049000 acc: 99.84% loss: 0.000055
[2018-12-07 13:33:18] Epoch 24 step [60|124] lr=0.00049000 acc: 100.00% loss: 0.000025
[2018-12-07 13:33:35] Epoch 24 step [70|124] lr=0.00049000 acc: 100.00% loss: 0.000028
[2018-12-07 13:33:55] Epoch 24 step [80|124] lr=0.00049000 acc: 99.84% loss: 0.000048
[2018-12-07 13:34:17] Epoch 24 step [90|124] lr=0.00049000 acc: 99.84% loss: 0.000043
[2018-12-07 13:34:43] Epoch 24 step [100|124] lr=0.00049000 acc: 100.00% loss: 0.000007
[2018-12-07 13:35:14] Epoch 24 step [110|124] lr=0.00049000 acc: 100.00% loss: 0.000004
[2018-12-07 13:35:58] Epoch 24 step [120|124] lr=0.00049000 acc: 100.00% loss: 0.000007
dev acc: 89.27% loss: 0.005984
test acc: 91.46% loss: 0.004462
not improved, best test acc: 89.58%, in epoch 2
[2018-12-07 13:36:35] Epoch 25 step [10|124] lr=0.00049000 acc: 100.00% loss: 0.000018
[2018-12-07 13:36:44] Epoch 25 step [20|124] lr=0.00049000 acc: 100.00% loss: 0.000030
[2018-12-07 13:36:53] Epoch 25 step [30|124] lr=0.00049000 acc: 99.69% loss: 0.000173
[2018-12-07 13:37:04] Epoch 25 step [40|124] lr=0.00049000 acc: 99.84% loss: 0.000059
[2018-12-07 13:37:17] Epoch 25 step [50|124] lr=0.00049000 acc: 100.00% loss: 0.000025
[2018-12-07 13:37:32] Epoch 25 step [60|124] lr=0.00049000 acc: 99.84% loss: 0.000042
[2018-12-07 13:37:50] Epoch 25 step [70|124] lr=0.00049000 acc: 100.00% loss: 0.000027
[2018-12-07 13:38:10] Epoch 25 step [80|124] lr=0.00049000 acc: 100.00% loss: 0.000004
[2018-12-07 13:38:34] Epoch 25 step [90|124] lr=0.00049000 acc: 100.00% loss: 0.000010
[2018-12-07 13:39:01] Epoch 25 step [100|124] lr=0.00049000 acc: 99.84% loss: 0.000073
[2018-12-07 13:39:34] Epoch 25 step [110|124] lr=0.00049000 acc: 100.00% loss: 0.000025
[2018-12-07 13:40:19] Epoch 25 step [120|124] lr=0.00049000 acc: 100.00% loss: 0.000021
dev acc: 89.48% loss: 0.006023
test acc: 90.94% loss: 0.004578
not improved, best test acc: 89.58%, in epoch 2
[2018-12-07 13:41:00] Epoch 26 step [10|124] lr=0.00049000 acc: 99.84% loss: 0.000131
[2018-12-07 13:41:07] Epoch 26 step [20|124] lr=0.00049000 acc: 99.84% loss: 0.000051
[2018-12-07 13:41:17] Epoch 26 step [30|124] lr=0.00049000 acc: 100.00% loss: 0.000012
[2018-12-07 13:41:29] Epoch 26 step [40|124] lr=0.00049000 acc: 99.84% loss: 0.000052
[2018-12-07 13:41:42] Epoch 26 step [50|124] lr=0.00049000 acc: 99.69% loss: 0.000103
[2018-12-07 13:41:56] Epoch 26 step [60|124] lr=0.00049000 acc: 100.00% loss: 0.000010
[2018-12-07 13:42:13] Epoch 26 step [70|124] lr=0.00049000 acc: 100.00% loss: 0.000010
[2018-12-07 13:42:31] Epoch 26 step [80|124] lr=0.00049000 acc: 100.00% loss: 0.000017
[2018-12-07 13:42:54] Epoch 26 step [90|124] lr=0.00049000 acc: 100.00% loss: 0.000021
[2018-12-07 13:43:22] Epoch 26 step [100|124] lr=0.00049000 acc: 100.00% loss: 0.000017
[2018-12-07 13:43:55] Epoch 26 step [110|124] lr=0.00049000 acc: 100.00% loss: 0.000005
[2018-12-07 13:44:39] Epoch 26 step [120|124] lr=0.00049000 acc: 100.00% loss: 0.000003
dev acc: 89.06% loss: 0.006013
test acc: 90.94% loss: 0.004445
not improved, best test acc: 89.58%, in epoch 2
24 epoch have not improved, so adjust lr to 0.000343
[2018-12-07 13:45:19] Epoch 27 step [10|124] lr=0.00034300 acc: 99.53% loss: 0.000133
[2018-12-07 13:45:27] Epoch 27 step [20|124] lr=0.00034300 acc: 100.00% loss: 0.000054
[2018-12-07 13:45:36] Epoch 27 step [30|124] lr=0.00034300 acc: 99.84% loss: 0.000070
[2018-12-07 13:45:47] Epoch 27 step [40|124] lr=0.00034300 acc: 100.00% loss: 0.000023
[2018-12-07 13:46:02] Epoch 27 step [50|124] lr=0.00034300 acc: 99.84% loss: 0.000084
[2018-12-07 13:46:17] Epoch 27 step [60|124] lr=0.00034300 acc: 100.00% loss: 0.000015
[2018-12-07 13:46:34] Epoch 27 step [70|124] lr=0.00034300 acc: 100.00% loss: 0.000044
[2018-12-07 13:46:54] Epoch 27 step [80|124] lr=0.00034300 acc: 100.00% loss: 0.000008
[2018-12-07 13:47:17] Epoch 27 step [90|124] lr=0.00034300 acc: 100.00% loss: 0.000006
[2018-12-07 13:47:44] Epoch 27 step [100|124] lr=0.00034300 acc: 100.00% loss: 0.000009
[2018-12-07 13:48:17] Epoch 27 step [110|124] lr=0.00034300 acc: 100.00% loss: 0.000022
[2018-12-07 13:49:00] Epoch 27 step [120|124] lr=0.00034300 acc: 100.00% loss: 0.000007
dev acc: 89.06% loss: 0.006316
test acc: 90.83% loss: 0.004453
not improved, best test acc: 89.58%, in epoch 2
[2018-12-07 13:49:42] Epoch 28 step [10|124] lr=0.00034300 acc: 100.00% loss: 0.000021
[2018-12-07 13:49:49] Epoch 28 step [20|124] lr=0.00034300 acc: 100.00% loss: 0.000054
[2018-12-07 13:49:59] Epoch 28 step [30|124] lr=0.00034300 acc: 100.00% loss: 0.000029
[2018-12-07 13:50:09] Epoch 28 step [40|124] lr=0.00034300 acc: 99.69% loss: 0.000081
[2018-12-07 13:50:22] Epoch 28 step [50|124] lr=0.00034300 acc: 100.00% loss: 0.000039
[2018-12-07 13:50:38] Epoch 28 step [60|124] lr=0.00034300 acc: 100.00% loss: 0.000010
[2018-12-07 13:50:56] Epoch 28 step [70|124] lr=0.00034300 acc: 100.00% loss: 0.000026
[2018-12-07 13:51:15] Epoch 28 step [80|124] lr=0.00034300 acc: 100.00% loss: 0.000004
[2018-12-07 13:51:38] Epoch 28 step [90|124] lr=0.00034300 acc: 100.00% loss: 0.000004
[2018-12-07 13:52:05] Epoch 28 step [100|124] lr=0.00034300 acc: 100.00% loss: 0.000016
[2018-12-07 13:52:39] Epoch 28 step [110|124] lr=0.00034300 acc: 100.00% loss: 0.000002
[2018-12-07 13:53:23] Epoch 28 step [120|124] lr=0.00034300 acc: 100.00% loss: 0.000002
dev acc: 89.48% loss: 0.005944
test acc: 90.83% loss: 0.004448
not improved, best test acc: 89.58%, in epoch 2
[2018-12-07 13:54:03] Epoch 29 step [10|124] lr=0.00034300 acc: 100.00% loss: 0.000057
[2018-12-07 13:54:10] Epoch 29 step [20|124] lr=0.00034300 acc: 100.00% loss: 0.000021
[2018-12-07 13:54:19] Epoch 29 step [30|124] lr=0.00034300 acc: 100.00% loss: 0.000022
[2018-12-07 13:54:31] Epoch 29 step [40|124] lr=0.00034300 acc: 100.00% loss: 0.000009
[2018-12-07 13:54:44] Epoch 29 step [50|124] lr=0.00034300 acc: 100.00% loss: 0.000004
[2018-12-07 13:54:59] Epoch 29 step [60|124] lr=0.00034300 acc: 100.00% loss: 0.000014
[2018-12-07 13:55:17] Epoch 29 step [70|124] lr=0.00034300 acc: 100.00% loss: 0.000020
[2018-12-07 13:55:37] Epoch 29 step [80|124] lr=0.00034300 acc: 100.00% loss: 0.000006
[2018-12-07 13:56:00] Epoch 29 step [90|124] lr=0.00034300 acc: 100.00% loss: 0.000024
[2018-12-07 13:56:27] Epoch 29 step [100|124] lr=0.00034300 acc: 99.84% loss: 0.000050
[2018-12-07 13:56:59] Epoch 29 step [110|124] lr=0.00034300 acc: 100.00% loss: 0.000003
[2018-12-07 13:57:44] Epoch 29 step [120|124] lr=0.00034300 acc: 100.00% loss: 0.000002
dev acc: 88.96% loss: 0.006019
test acc: 91.35% loss: 0.004475
not improved, best test acc: 89.58%, in epoch 2
[2018-12-07 13:58:24] Epoch 30 step [10|124] lr=0.00034300 acc: 100.00% loss: 0.000029
[2018-12-07 13:58:31] Epoch 30 step [20|124] lr=0.00034300 acc: 100.00% loss: 0.000018
[2018-12-07 13:58:40] Epoch 30 step [30|124] lr=0.00034300 acc: 100.00% loss: 0.000020
[2018-12-07 13:58:51] Epoch 30 step [40|124] lr=0.00034300 acc: 100.00% loss: 0.000010
[2018-12-07 13:59:04] Epoch 30 step [50|124] lr=0.00034300 acc: 100.00% loss: 0.000017
[2018-12-07 13:59:18] Epoch 30 step [60|124] lr=0.00034300 acc: 100.00% loss: 0.000016
[2018-12-07 13:59:36] Epoch 30 step [70|124] lr=0.00034300 acc: 99.84% loss: 0.000047
[2018-12-07 13:59:56] Epoch 30 step [80|124] lr=0.00034300 acc: 100.00% loss: 0.000002
[2018-12-07 14:00:19] Epoch 30 step [90|124] lr=0.00034300 acc: 100.00% loss: 0.000007
[2018-12-07 14:00:46] Epoch 30 step [100|124] lr=0.00034300 acc: 100.00% loss: 0.000004
[2018-12-07 14:01:19] Epoch 30 step [110|124] lr=0.00034300 acc: 100.00% loss: 0.000002
[2018-12-07 14:02:03] Epoch 30 step [120|124] lr=0.00034300 acc: 100.00% loss: 0.000006
dev acc: 89.27% loss: 0.006257
test acc: 90.83% loss: 0.004656
not improved, best test acc: 89.58%, in epoch 2
[2018-12-07 14:02:42] Epoch 31 step [10|124] lr=0.00034300 acc: 100.00% loss: 0.000035
[2018-12-07 14:02:50] Epoch 31 step [20|124] lr=0.00034300 acc: 100.00% loss: 0.000027
[2018-12-07 14:03:00] Epoch 31 step [30|124] lr=0.00034300 acc: 99.84% loss: 0.000045
[2018-12-07 14:03:11] Epoch 31 step [40|124] lr=0.00034300 acc: 99.84% loss: 0.000043
[2018-12-07 14:03:24] Epoch 31 step [50|124] lr=0.00034300 acc: 100.00% loss: 0.000007
[2018-12-07 14:03:39] Epoch 31 step [60|124] lr=0.00034300 acc: 99.84% loss: 0.000042
[2018-12-07 14:03:56] Epoch 31 step [70|124] lr=0.00034300 acc: 100.00% loss: 0.000012
[2018-12-07 14:04:16] Epoch 31 step [80|124] lr=0.00034300 acc: 99.84% loss: 0.000054
[2018-12-07 14:04:40] Epoch 31 step [90|124] lr=0.00034300 acc: 100.00% loss: 0.000018
[2018-12-07 14:05:08] Epoch 31 step [100|124] lr=0.00034300 acc: 100.00% loss: 0.000005
[2018-12-07 14:05:40] Epoch 31 step [110|124] lr=0.00034300 acc: 100.00% loss: 0.000004
[2018-12-07 14:06:23] Epoch 31 step [120|124] lr=0.00034300 acc: 100.00% loss: 0.000002
dev acc: 89.06% loss: 0.006290
test acc: 91.46% loss: 0.004598
not improved, best test acc: 89.58%, in epoch 2
[2018-12-07 14:07:03] Epoch 32 step [10|124] lr=0.00034300 acc: 100.00% loss: 0.000014
[2018-12-07 14:07:10] Epoch 32 step [20|124] lr=0.00034300 acc: 100.00% loss: 0.000024
[2018-12-07 14:07:20] Epoch 32 step [30|124] lr=0.00034300 acc: 100.00% loss: 0.000006
[2018-12-07 14:07:31] Epoch 32 step [40|124] lr=0.00034300 acc: 100.00% loss: 0.000009
[2018-12-07 14:07:45] Epoch 32 step [50|124] lr=0.00034300 acc: 100.00% loss: 0.000032
[2018-12-07 14:08:00] Epoch 32 step [60|124] lr=0.00034300 acc: 100.00% loss: 0.000007
[2018-12-07 14:08:17] Epoch 32 step [70|124] lr=0.00034300 acc: 100.00% loss: 0.000009
[2018-12-07 14:08:37] Epoch 32 step [80|124] lr=0.00034300 acc: 100.00% loss: 0.000005
[2018-12-07 14:09:01] Epoch 32 step [90|124] lr=0.00034300 acc: 99.84% loss: 0.000036
[2018-12-07 14:09:28] Epoch 32 step [100|124] lr=0.00034300 acc: 100.00% loss: 0.000006
[2018-12-07 14:09:59] Epoch 32 step [110|124] lr=0.00034300 acc: 100.00% loss: 0.000021
[2018-12-07 14:10:42] Epoch 32 step [120|124] lr=0.00034300 acc: 100.00% loss: 0.000002
dev acc: 88.96% loss: 0.006266
test acc: 91.25% loss: 0.004625
not improved, best test acc: 89.58%, in epoch 2
[2018-12-07 14:11:22] Epoch 33 step [10|124] lr=0.00034300 acc: 99.69% loss: 0.000094
[2018-12-07 14:11:28] Epoch 33 step [20|124] lr=0.00034300 acc: 100.00% loss: 0.000010
[2018-12-07 14:11:37] Epoch 33 step [30|124] lr=0.00034300 acc: 99.69% loss: 0.000112
[2018-12-07 14:11:47] Epoch 33 step [40|124] lr=0.00034300 acc: 99.84% loss: 0.000095
[2018-12-07 14:11:59] Epoch 33 step [50|124] lr=0.00034300 acc: 100.00% loss: 0.000014
[2018-12-07 14:12:14] Epoch 33 step [60|124] lr=0.00034300 acc: 99.84% loss: 0.000031
[2018-12-07 14:12:31] Epoch 33 step [70|124] lr=0.00034300 acc: 100.00% loss: 0.000015
[2018-12-07 14:12:49] Epoch 33 step [80|124] lr=0.00034300 acc: 99.84% loss: 0.000030
[2018-12-07 14:13:11] Epoch 33 step [90|124] lr=0.00034300 acc: 100.00% loss: 0.000028
[2018-12-07 14:13:37] Epoch 33 step [100|124] lr=0.00034300 acc: 99.84% loss: 0.000031
[2018-12-07 14:14:09] Epoch 33 step [110|124] lr=0.00034300 acc: 100.00% loss: 0.000004
[2018-12-07 14:14:52] Epoch 33 step [120|124] lr=0.00034300 acc: 100.00% loss: 0.000008
dev acc: 88.65% loss: 0.006413
test acc: 90.62% loss: 0.004637
not improved, best test acc: 89.58%, in epoch 2
[2018-12-07 14:15:32] Epoch 34 step [10|124] lr=0.00034300 acc: 99.84% loss: 0.000044
[2018-12-07 14:15:40] Epoch 34 step [20|124] lr=0.00034300 acc: 100.00% loss: 0.000015
[2018-12-07 14:15:49] Epoch 34 step [30|124] lr=0.00034300 acc: 100.00% loss: 0.000021
[2018-12-07 14:16:00] Epoch 34 step [40|124] lr=0.00034300 acc: 99.84% loss: 0.000086
[2018-12-07 14:16:12] Epoch 34 step [50|124] lr=0.00034300 acc: 100.00% loss: 0.000017
[2018-12-07 14:16:27] Epoch 34 step [60|124] lr=0.00034300 acc: 100.00% loss: 0.000011
[2018-12-07 14:16:45] Epoch 34 step [70|124] lr=0.00034300 acc: 99.84% loss: 0.000123
[2018-12-07 14:17:04] Epoch 34 step [80|124] lr=0.00034300 acc: 99.84% loss: 0.000023
[2018-12-07 14:17:26] Epoch 34 step [90|124] lr=0.00034300 acc: 100.00% loss: 0.000010
[2018-12-07 14:17:53] Epoch 34 step [100|124] lr=0.00034300 acc: 100.00% loss: 0.000015
[2018-12-07 14:18:25] Epoch 34 step [110|124] lr=0.00034300 acc: 100.00% loss: 0.000004
[2018-12-07 14:19:11] Epoch 34 step [120|124] lr=0.00034300 acc: 100.00% loss: 0.000002
dev acc: 89.06% loss: 0.006051
test acc: 91.56% loss: 0.004512
not improved, best test acc: 89.58%, in epoch 2
32 epoch have not improved, so adjust lr to 0.00024009999999999998
[2018-12-07 14:19:51] Epoch 35 step [10|124] lr=0.00024010 acc: 99.84% loss: 0.000049
[2018-12-07 14:19:59] Epoch 35 step [20|124] lr=0.00024010 acc: 100.00% loss: 0.000021
[2018-12-07 14:20:08] Epoch 35 step [30|124] lr=0.00024010 acc: 100.00% loss: 0.000012
[2018-12-07 14:20:19] Epoch 35 step [40|124] lr=0.00024010 acc: 100.00% loss: 0.000033
[2018-12-07 14:20:33] Epoch 35 step [50|124] lr=0.00024010 acc: 100.00% loss: 0.000009
[2018-12-07 14:20:47] Epoch 35 step [60|124] lr=0.00024010 acc: 100.00% loss: 0.000012
[2018-12-07 14:21:05] Epoch 35 step [70|124] lr=0.00024010 acc: 100.00% loss: 0.000007
[2018-12-07 14:21:25] Epoch 35 step [80|124] lr=0.00024010 acc: 100.00% loss: 0.000005
[2018-12-07 14:21:48] Epoch 35 step [90|124] lr=0.00024010 acc: 100.00% loss: 0.000009
[2018-12-07 14:22:15] Epoch 35 step [100|124] lr=0.00024010 acc: 100.00% loss: 0.000022
[2018-12-07 14:22:47] Epoch 35 step [110|124] lr=0.00024010 acc: 100.00% loss: 0.000002
[2018-12-07 14:23:32] Epoch 35 step [120|124] lr=0.00024010 acc: 100.00% loss: 0.000007
dev acc: 89.17% loss: 0.006287
test acc: 91.35% loss: 0.004662
not improved, best test acc: 89.58%, in epoch 2
[2018-12-07 14:24:12] Epoch 36 step [10|124] lr=0.00024010 acc: 100.00% loss: 0.000019
[2018-12-07 14:24:19] Epoch 36 step [20|124] lr=0.00024010 acc: 100.00% loss: 0.000028
[2018-12-07 14:24:29] Epoch 36 step [30|124] lr=0.00024010 acc: 99.69% loss: 0.000054
[2018-12-07 14:24:40] Epoch 36 step [40|124] lr=0.00024010 acc: 99.69% loss: 0.000055
[2018-12-07 14:24:53] Epoch 36 step [50|124] lr=0.00024010 acc: 100.00% loss: 0.000040
[2018-12-07 14:25:08] Epoch 36 step [60|124] lr=0.00024010 acc: 100.00% loss: 0.000016
[2018-12-07 14:25:24] Epoch 36 step [70|124] lr=0.00024010 acc: 100.00% loss: 0.000006
[2018-12-07 14:25:43] Epoch 36 step [80|124] lr=0.00024010 acc: 100.00% loss: 0.000005
[2018-12-07 14:26:06] Epoch 36 step [90|124] lr=0.00024010 acc: 100.00% loss: 0.000002
[2018-12-07 14:26:32] Epoch 36 step [100|124] lr=0.00024010 acc: 99.84% loss: 0.000030
[2018-12-07 14:27:04] Epoch 36 step [110|124] lr=0.00024010 acc: 100.00% loss: 0.000002
[2018-12-07 14:27:47] Epoch 36 step [120|124] lr=0.00024010 acc: 100.00% loss: 0.000001
dev acc: 88.85% loss: 0.006304
test acc: 91.35% loss: 0.004600
not improved, best test acc: 89.58%, in epoch 2
[2018-12-07 14:28:25] Epoch 37 step [10|124] lr=0.00024010 acc: 100.00% loss: 0.000016
[2018-12-07 14:28:31] Epoch 37 step [20|124] lr=0.00024010 acc: 99.84% loss: 0.000052
[2018-12-07 14:28:39] Epoch 37 step [30|124] lr=0.00024010 acc: 100.00% loss: 0.000020
[2018-12-07 14:28:49] Epoch 37 step [40|124] lr=0.00024010 acc: 100.00% loss: 0.000023
[2018-12-07 14:29:02] Epoch 37 step [50|124] lr=0.00024010 acc: 99.69% loss: 0.000120
[2018-12-07 14:29:17] Epoch 37 step [60|124] lr=0.00024010 acc: 99.84% loss: 0.000038
[2018-12-07 14:29:34] Epoch 37 step [70|124] lr=0.00024010 acc: 100.00% loss: 0.000008
[2018-12-07 14:29:54] Epoch 37 step [80|124] lr=0.00024010 acc: 100.00% loss: 0.000004
[2018-12-07 14:30:16] Epoch 37 step [90|124] lr=0.00024010 acc: 100.00% loss: 0.000003
[2018-12-07 14:30:43] Epoch 37 step [100|124] lr=0.00024010 acc: 100.00% loss: 0.000011
[2018-12-07 14:31:15] Epoch 37 step [110|124] lr=0.00024010 acc: 100.00% loss: 0.000003
[2018-12-07 14:31:58] Epoch 37 step [120|124] lr=0.00024010 acc: 100.00% loss: 0.000004
dev acc: 88.96% loss: 0.006099
test acc: 91.46% loss: 0.004582
not improved, best test acc: 89.58%, in epoch 2
[2018-12-07 14:32:37] Epoch 38 step [10|124] lr=0.00024010 acc: 100.00% loss: 0.000029
[2018-12-07 14:32:44] Epoch 38 step [20|124] lr=0.00024010 acc: 100.00% loss: 0.000016
[2018-12-07 14:32:53] Epoch 38 step [30|124] lr=0.00024010 acc: 100.00% loss: 0.000012
[2018-12-07 14:33:04] Epoch 38 step [40|124] lr=0.00024010 acc: 100.00% loss: 0.000056
[2018-12-07 14:33:17] Epoch 38 step [50|124] lr=0.00024010 acc: 100.00% loss: 0.000013
[2018-12-07 14:33:33] Epoch 38 step [60|124] lr=0.00024010 acc: 99.84% loss: 0.000146
[2018-12-07 14:33:50] Epoch 38 step [70|124] lr=0.00024010 acc: 100.00% loss: 0.000026
[2018-12-07 14:34:10] Epoch 38 step [80|124] lr=0.00024010 acc: 100.00% loss: 0.000005
[2018-12-07 14:34:32] Epoch 38 step [90|124] lr=0.00024010 acc: 99.84% loss: 0.000048
[2018-12-07 14:34:57] Epoch 38 step [100|124] lr=0.00024010 acc: 100.00% loss: 0.000003
[2018-12-07 14:35:29] Epoch 38 step [110|124] lr=0.00024010 acc: 100.00% loss: 0.000001
[2018-12-07 14:36:11] Epoch 38 step [120|124] lr=0.00024010 acc: 100.00% loss: 0.000021
dev acc: 88.54% loss: 0.006034
test acc: 91.46% loss: 0.004516
not improved, best test acc: 89.58%, in epoch 2
[2018-12-07 14:36:48] Epoch 39 step [10|124] lr=0.00024010 acc: 100.00% loss: 0.000019
[2018-12-07 14:36:55] Epoch 39 step [20|124] lr=0.00024010 acc: 100.00% loss: 0.000016
[2018-12-07 14:37:03] Epoch 39 step [30|124] lr=0.00024010 acc: 100.00% loss: 0.000019
[2018-12-07 14:37:13] Epoch 39 step [40|124] lr=0.00024010 acc: 99.84% loss: 0.000037
[2018-12-07 14:37:26] Epoch 39 step [50|124] lr=0.00024010 acc: 100.00% loss: 0.000010
[2018-12-07 14:37:41] Epoch 39 step [60|124] lr=0.00024010 acc: 100.00% loss: 0.000003
