data_dir=processed_data

----batch----
train_batch_size=64
train_batch_type=normal
dev_batch_size=64
dev_batch_type=normal
test_batch_size=64
test_batch_type=normal
shuffer=True
sort=True

----embedding----
embed_size=100
char_embed_size=50
embed_uniform_init=0.0
pre_embed_path=/home/zrr/projects/Data/glove.6B/glove.6B.100d.txt

----model----
model=treelstm
save_model_dir=save_models
save_model_every=1
save_model_start_from=0
hidden_num=1
hidden_size=100
bidirectional=True
dropout=1.0

----optimizer----
lr=0.001
optim=adam
weight_decay=1e-08
momentum=0.9
early_stop=9999999

----train----
epoch=100
print_every=10

----GPU----
gpu_device=0
use_cuda=False

----seed----
gpu_seed=23
seed=23

----log----
log_dir=log
log_fname=treelstm.subj-d0-predemb.log

[2018-12-06 21:31:12] Epoch 0 step [10|124] lr=0.00100000 acc: 58.91% loss: 0.017131
[2018-12-06 21:31:18] Epoch 0 step [20|124] lr=0.00100000 acc: 75.78% loss: 0.011030
[2018-12-06 21:31:25] Epoch 0 step [30|124] lr=0.00100000 acc: 83.91% loss: 0.008748
[2018-12-06 21:31:34] Epoch 0 step [40|124] lr=0.00100000 acc: 85.94% loss: 0.006608
[2018-12-06 21:31:44] Epoch 0 step [50|124] lr=0.00100000 acc: 87.66% loss: 0.005007
[2018-12-06 21:31:55] Epoch 0 step [60|124] lr=0.00100000 acc: 88.75% loss: 0.004384
[2018-12-06 21:32:08] Epoch 0 step [70|124] lr=0.00100000 acc: 89.38% loss: 0.004435
[2018-12-06 21:32:22] Epoch 0 step [80|124] lr=0.00100000 acc: 91.56% loss: 0.003521
[2018-12-06 21:32:39] Epoch 0 step [90|124] lr=0.00100000 acc: 90.31% loss: 0.003779
[2018-12-06 21:33:00] Epoch 0 step [100|124] lr=0.00100000 acc: 91.25% loss: 0.003839
[2018-12-06 21:33:23] Epoch 0 step [110|124] lr=0.00100000 acc: 92.19% loss: 0.003512
[2018-12-06 21:33:54] Epoch 0 step [120|124] lr=0.00100000 acc: 91.88% loss: 0.003309
dev acc: 91.15% loss: 0.003755
test acc: 89.27% loss: 0.004011
model saved succeed in save_models/2018-12-06-21-34-19-treelstm-model_epoch_0.pt
Update! best test acc: 89.27%
[2018-12-06 21:34:24] Epoch 1 step [10|124] lr=0.00100000 acc: 87.66% loss: 0.004714
[2018-12-06 21:34:30] Epoch 1 step [20|124] lr=0.00100000 acc: 89.38% loss: 0.004282
[2018-12-06 21:34:37] Epoch 1 step [30|124] lr=0.00100000 acc: 91.41% loss: 0.003470
[2018-12-06 21:34:45] Epoch 1 step [40|124] lr=0.00100000 acc: 91.25% loss: 0.003238
[2018-12-06 21:34:55] Epoch 1 step [50|124] lr=0.00100000 acc: 92.34% loss: 0.002900
[2018-12-06 21:35:08] Epoch 1 step [60|124] lr=0.00100000 acc: 95.16% loss: 0.002353
[2018-12-06 21:35:21] Epoch 1 step [70|124] lr=0.00100000 acc: 93.75% loss: 0.002637
[2018-12-06 21:35:35] Epoch 1 step [80|124] lr=0.00100000 acc: 94.84% loss: 0.002175
[2018-12-06 21:35:52] Epoch 1 step [90|124] lr=0.00100000 acc: 95.31% loss: 0.002230
[2018-12-06 21:36:11] Epoch 1 step [100|124] lr=0.00100000 acc: 94.06% loss: 0.002488
[2018-12-06 21:36:36] Epoch 1 step [110|124] lr=0.00100000 acc: 95.16% loss: 0.002352
[2018-12-06 21:37:06] Epoch 1 step [120|124] lr=0.00100000 acc: 95.16% loss: 0.002164
dev acc: 91.46% loss: 0.003298
test acc: 91.35% loss: 0.003283
model saved succeed in save_models/2018-12-06-21-37-31-treelstm-model_epoch_1.pt
Update! best test acc: 91.35%
[2018-12-06 21:37:36] Epoch 2 step [10|124] lr=0.00100000 acc: 91.09% loss: 0.003181
[2018-12-06 21:37:41] Epoch 2 step [20|124] lr=0.00100000 acc: 92.50% loss: 0.003005
[2018-12-06 21:37:49] Epoch 2 step [30|124] lr=0.00100000 acc: 95.00% loss: 0.002183
[2018-12-06 21:37:57] Epoch 2 step [40|124] lr=0.00100000 acc: 94.84% loss: 0.002051
[2018-12-06 21:38:07] Epoch 2 step [50|124] lr=0.00100000 acc: 95.62% loss: 0.001859
[2018-12-06 21:38:18] Epoch 2 step [60|124] lr=0.00100000 acc: 97.50% loss: 0.001438
[2018-12-06 21:38:32] Epoch 2 step [70|124] lr=0.00100000 acc: 95.94% loss: 0.001636
[2018-12-06 21:38:47] Epoch 2 step [80|124] lr=0.00100000 acc: 96.56% loss: 0.001305
[2018-12-06 21:39:04] Epoch 2 step [90|124] lr=0.00100000 acc: 96.88% loss: 0.001427
[2018-12-06 21:39:24] Epoch 2 step [100|124] lr=0.00100000 acc: 96.25% loss: 0.001613
[2018-12-06 21:39:48] Epoch 2 step [110|124] lr=0.00100000 acc: 96.41% loss: 0.001610
[2018-12-06 21:40:19] Epoch 2 step [120|124] lr=0.00100000 acc: 97.81% loss: 0.001289
dev acc: 91.25% loss: 0.003455
test acc: 90.94% loss: 0.003150
not improved, best test acc: 91.35%, in epoch 1
[2018-12-06 21:40:49] Epoch 3 step [10|124] lr=0.00100000 acc: 95.00% loss: 0.002100
[2018-12-06 21:40:55] Epoch 3 step [20|124] lr=0.00100000 acc: 95.47% loss: 0.001952
[2018-12-06 21:41:02] Epoch 3 step [30|124] lr=0.00100000 acc: 97.66% loss: 0.001269
[2018-12-06 21:41:11] Epoch 3 step [40|124] lr=0.00100000 acc: 97.50% loss: 0.001204
[2018-12-06 21:41:21] Epoch 3 step [50|124] lr=0.00100000 acc: 98.59% loss: 0.001107
[2018-12-06 21:41:32] Epoch 3 step [60|124] lr=0.00100000 acc: 98.12% loss: 0.000835
[2018-12-06 21:41:44] Epoch 3 step [70|124] lr=0.00100000 acc: 97.81% loss: 0.001113
[2018-12-06 21:42:00] Epoch 3 step [80|124] lr=0.00100000 acc: 98.12% loss: 0.000901
[2018-12-06 21:42:17] Epoch 3 step [90|124] lr=0.00100000 acc: 98.75% loss: 0.000795
[2018-12-06 21:42:37] Epoch 3 step [100|124] lr=0.00100000 acc: 98.75% loss: 0.001096
[2018-12-06 21:43:00] Epoch 3 step [110|124] lr=0.00100000 acc: 97.66% loss: 0.001272
[2018-12-06 21:43:32] Epoch 3 step [120|124] lr=0.00100000 acc: 97.03% loss: 0.001218
dev acc: 92.08% loss: 0.003599
test acc: 91.56% loss: 0.003568
model saved succeed in save_models/2018-12-06-21-43-56-treelstm-model_epoch_3.pt
Update! best test acc: 91.56%
[2018-12-06 21:44:01] Epoch 4 step [10|124] lr=0.00100000 acc: 96.72% loss: 0.001455
[2018-12-06 21:44:08] Epoch 4 step [20|124] lr=0.00100000 acc: 96.56% loss: 0.001368
[2018-12-06 21:44:15] Epoch 4 step [30|124] lr=0.00100000 acc: 98.75% loss: 0.000865
[2018-12-06 21:44:23] Epoch 4 step [40|124] lr=0.00100000 acc: 99.06% loss: 0.000642
[2018-12-06 21:44:33] Epoch 4 step [50|124] lr=0.00100000 acc: 98.91% loss: 0.000649
[2018-12-06 21:44:44] Epoch 4 step [60|124] lr=0.00100000 acc: 99.38% loss: 0.000391
[2018-12-06 21:44:57] Epoch 4 step [70|124] lr=0.00100000 acc: 98.91% loss: 0.000653
[2018-12-06 21:45:12] Epoch 4 step [80|124] lr=0.00100000 acc: 98.91% loss: 0.000393
[2018-12-06 21:45:29] Epoch 4 step [90|124] lr=0.00100000 acc: 99.38% loss: 0.000475
[2018-12-06 21:45:49] Epoch 4 step [100|124] lr=0.00100000 acc: 99.22% loss: 0.000636
[2018-12-06 21:46:12] Epoch 4 step [110|124] lr=0.00100000 acc: 98.12% loss: 0.000681
[2018-12-06 21:46:43] Epoch 4 step [120|124] lr=0.00100000 acc: 96.56% loss: 0.001049
dev acc: 91.67% loss: 0.003929
test acc: 91.67% loss: 0.003638
not improved, best test acc: 91.56%, in epoch 3
[2018-12-06 21:47:13] Epoch 5 step [10|124] lr=0.00100000 acc: 97.97% loss: 0.001167
[2018-12-06 21:47:19] Epoch 5 step [20|124] lr=0.00100000 acc: 97.50% loss: 0.001108
[2018-12-06 21:47:26] Epoch 5 step [30|124] lr=0.00100000 acc: 99.06% loss: 0.000636
[2018-12-06 21:47:35] Epoch 5 step [40|124] lr=0.00100000 acc: 99.22% loss: 0.000355
[2018-12-06 21:47:45] Epoch 5 step [50|124] lr=0.00100000 acc: 99.22% loss: 0.000479
[2018-12-06 21:47:56] Epoch 5 step [60|124] lr=0.00100000 acc: 99.69% loss: 0.000222
[2018-12-06 21:48:09] Epoch 5 step [70|124] lr=0.00100000 acc: 99.38% loss: 0.000449
[2018-12-06 21:48:24] Epoch 5 step [80|124] lr=0.00100000 acc: 99.84% loss: 0.000228
[2018-12-06 21:48:40] Epoch 5 step [90|124] lr=0.00100000 acc: 99.84% loss: 0.000149
[2018-12-06 21:49:01] Epoch 5 step [100|124] lr=0.00100000 acc: 99.69% loss: 0.000306
[2018-12-06 21:49:24] Epoch 5 step [110|124] lr=0.00100000 acc: 99.84% loss: 0.000220
[2018-12-06 21:49:55] Epoch 5 step [120|124] lr=0.00100000 acc: 100.00% loss: 0.000162
dev acc: 91.67% loss: 0.004399
test acc: 91.15% loss: 0.003517
not improved, best test acc: 91.56%, in epoch 3
[2018-12-06 21:50:25] Epoch 6 step [10|124] lr=0.00100000 acc: 99.22% loss: 0.000523
[2018-12-06 21:50:31] Epoch 6 step [20|124] lr=0.00100000 acc: 99.22% loss: 0.000378
[2018-12-06 21:50:38] Epoch 6 step [30|124] lr=0.00100000 acc: 99.69% loss: 0.000295
[2018-12-06 21:50:47] Epoch 6 step [40|124] lr=0.00100000 acc: 100.00% loss: 0.000146
[2018-12-06 21:50:57] Epoch 6 step [50|124] lr=0.00100000 acc: 99.84% loss: 0.000151
[2018-12-06 21:51:09] Epoch 6 step [60|124] lr=0.00100000 acc: 100.00% loss: 0.000108
[2018-12-06 21:51:22] Epoch 6 step [70|124] lr=0.00100000 acc: 99.53% loss: 0.000224
[2018-12-06 21:51:37] Epoch 6 step [80|124] lr=0.00100000 acc: 99.84% loss: 0.000123
[2018-12-06 21:51:53] Epoch 6 step [90|124] lr=0.00100000 acc: 100.00% loss: 0.000141
[2018-12-06 21:52:13] Epoch 6 step [100|124] lr=0.00100000 acc: 99.69% loss: 0.000176
[2018-12-06 21:52:37] Epoch 6 step [110|124] lr=0.00100000 acc: 100.00% loss: 0.000081
[2018-12-06 21:53:07] Epoch 6 step [120|124] lr=0.00100000 acc: 100.00% loss: 0.000049
dev acc: 91.46% loss: 0.004772
test acc: 91.67% loss: 0.004064
not improved, best test acc: 91.56%, in epoch 3
[2018-12-06 21:53:37] Epoch 7 step [10|124] lr=0.00100000 acc: 99.69% loss: 0.000286
[2018-12-06 21:53:43] Epoch 7 step [20|124] lr=0.00100000 acc: 99.84% loss: 0.000189
[2018-12-06 21:53:49] Epoch 7 step [30|124] lr=0.00100000 acc: 99.69% loss: 0.000176
[2018-12-06 21:53:57] Epoch 7 step [40|124] lr=0.00100000 acc: 100.00% loss: 0.000063
[2018-12-06 21:54:06] Epoch 7 step [50|124] lr=0.00100000 acc: 100.00% loss: 0.000064
[2018-12-06 21:54:16] Epoch 7 step [60|124] lr=0.00100000 acc: 100.00% loss: 0.000035
[2018-12-06 21:54:29] Epoch 7 step [70|124] lr=0.00100000 acc: 100.00% loss: 0.000057
[2018-12-06 21:54:43] Epoch 7 step [80|124] lr=0.00100000 acc: 100.00% loss: 0.000073
[2018-12-06 21:54:59] Epoch 7 step [90|124] lr=0.00100000 acc: 100.00% loss: 0.000059
[2018-12-06 21:55:18] Epoch 7 step [100|124] lr=0.00100000 acc: 99.69% loss: 0.000124
[2018-12-06 21:55:40] Epoch 7 step [110|124] lr=0.00100000 acc: 100.00% loss: 0.000064
[2018-12-06 21:56:12] Epoch 7 step [120|124] lr=0.00100000 acc: 100.00% loss: 0.000042
dev acc: 90.83% loss: 0.005367
test acc: 90.94% loss: 0.004484
not improved, best test acc: 91.56%, in epoch 3
[2018-12-06 21:56:42] Epoch 8 step [10|124] lr=0.00100000 acc: 99.84% loss: 0.000198
[2018-12-06 21:56:48] Epoch 8 step [20|124] lr=0.00100000 acc: 99.84% loss: 0.000087
[2018-12-06 21:56:55] Epoch 8 step [30|124] lr=0.00100000 acc: 99.84% loss: 0.000104
[2018-12-06 21:57:04] Epoch 8 step [40|124] lr=0.00100000 acc: 100.00% loss: 0.000045
[2018-12-06 21:57:13] Epoch 8 step [50|124] lr=0.00100000 acc: 100.00% loss: 0.000042
[2018-12-06 21:57:25] Epoch 8 step [60|124] lr=0.00100000 acc: 100.00% loss: 0.000027
[2018-12-06 21:57:37] Epoch 8 step [70|124] lr=0.00100000 acc: 100.00% loss: 0.000033
[2018-12-06 21:57:53] Epoch 8 step [80|124] lr=0.00100000 acc: 100.00% loss: 0.000024
[2018-12-06 21:58:10] Epoch 8 step [90|124] lr=0.00100000 acc: 100.00% loss: 0.000023
[2018-12-06 21:58:29] Epoch 8 step [100|124] lr=0.00100000 acc: 100.00% loss: 0.000044
[2018-12-06 21:58:53] Epoch 8 step [110|124] lr=0.00100000 acc: 100.00% loss: 0.000031
[2018-12-06 21:59:25] Epoch 8 step [120|124] lr=0.00100000 acc: 99.84% loss: 0.000058
dev acc: 91.77% loss: 0.005291
test acc: 91.77% loss: 0.004085
not improved, best test acc: 91.56%, in epoch 3
[2018-12-06 21:59:54] Epoch 9 step [10|124] lr=0.00100000 acc: 99.84% loss: 0.000110
[2018-12-06 22:00:00] Epoch 9 step [20|124] lr=0.00100000 acc: 100.00% loss: 0.000066
[2018-12-06 22:00:08] Epoch 9 step [30|124] lr=0.00100000 acc: 100.00% loss: 0.000043
[2018-12-06 22:00:16] Epoch 9 step [40|124] lr=0.00100000 acc: 100.00% loss: 0.000056
[2018-12-06 22:00:26] Epoch 9 step [50|124] lr=0.00100000 acc: 100.00% loss: 0.000030
[2018-12-06 22:00:37] Epoch 9 step [60|124] lr=0.00100000 acc: 100.00% loss: 0.000032
[2018-12-06 22:00:49] Epoch 9 step [70|124] lr=0.00100000 acc: 100.00% loss: 0.000029
[2018-12-06 22:01:04] Epoch 9 step [80|124] lr=0.00100000 acc: 100.00% loss: 0.000021
[2018-12-06 22:01:22] Epoch 9 step [90|124] lr=0.00100000 acc: 100.00% loss: 0.000021
