data_dir=processed_data

----batch----
train_batch_size=64
train_batch_type=normal
dev_batch_size=64
dev_batch_type=normal
test_batch_size=64
test_batch_type=normal
shuffer=True
sort=True

----embedding----
embed_size=100
char_embed_size=50
embed_uniform_init=0.0
pre_embed_path=/home/zrr/projects/Data/glove.6B/glove.6B.100d.txt

----model----
model=treelstm
save_model_dir=save_models
save_model_every=1
save_model_start_from=0
hidden_num=1
hidden_size=100
bidirectional=True
dropout=0.3

----optimizer----
lr=0.001
optim=adam
weight_decay=1e-08
momentum=0.9
early_stop=9999999

----train----
epoch=100
print_every=10

----GPU----
gpu_device=0
use_cuda=False

----seed----
gpu_seed=23
seed=23

----log----
log_dir=log
log_fname=treelstm.subj-d3-predemb-v2.log

[2018-12-06 22:00:01] Epoch 0 step [10|124] lr=0.00100000 acc: 58.13% loss: 0.016254
[2018-12-06 22:00:07] Epoch 0 step [20|124] lr=0.00100000 acc: 73.44% loss: 0.010565
[2018-12-06 22:00:13] Epoch 0 step [30|124] lr=0.00100000 acc: 81.88% loss: 0.008744
[2018-12-06 22:00:22] Epoch 0 step [40|124] lr=0.00100000 acc: 83.91% loss: 0.006951
[2018-12-06 22:00:31] Epoch 0 step [50|124] lr=0.00100000 acc: 86.88% loss: 0.005406
[2018-12-06 22:00:42] Epoch 0 step [60|124] lr=0.00100000 acc: 87.97% loss: 0.004724
[2018-12-06 22:00:55] Epoch 0 step [70|124] lr=0.00100000 acc: 87.50% loss: 0.005045
[2018-12-06 22:01:09] Epoch 0 step [80|124] lr=0.00100000 acc: 90.78% loss: 0.003733
[2018-12-06 22:01:26] Epoch 0 step [90|124] lr=0.00100000 acc: 88.12% loss: 0.004429
[2018-12-06 22:01:47] Epoch 0 step [100|124] lr=0.00100000 acc: 87.34% loss: 0.004595
[2018-12-06 22:02:10] Epoch 0 step [110|124] lr=0.00100000 acc: 89.22% loss: 0.004112
[2018-12-06 22:02:42] Epoch 0 step [120|124] lr=0.00100000 acc: 90.00% loss: 0.003712
dev acc: 90.31% loss: 0.004218
test acc: 89.17% loss: 0.004382
model saved succeed in save_models/2018-12-06-22-03-08-treelstm-model_epoch_0.pt
Update! best test acc: 89.17%
[2018-12-06 22:03:12] Epoch 1 step [10|124] lr=0.00100000 acc: 85.47% loss: 0.005485
[2018-12-06 22:03:18] Epoch 1 step [20|124] lr=0.00100000 acc: 86.88% loss: 0.004926
[2018-12-06 22:03:25] Epoch 1 step [30|124] lr=0.00100000 acc: 90.62% loss: 0.003842
[2018-12-06 22:03:34] Epoch 1 step [40|124] lr=0.00100000 acc: 89.53% loss: 0.003805
[2018-12-06 22:03:45] Epoch 1 step [50|124] lr=0.00100000 acc: 91.25% loss: 0.003566
[2018-12-06 22:03:56] Epoch 1 step [60|124] lr=0.00100000 acc: 93.12% loss: 0.003018
[2018-12-06 22:04:10] Epoch 1 step [70|124] lr=0.00100000 acc: 91.09% loss: 0.003321
[2018-12-06 22:04:24] Epoch 1 step [80|124] lr=0.00100000 acc: 93.75% loss: 0.002768
[2018-12-06 22:04:41] Epoch 1 step [90|124] lr=0.00100000 acc: 93.12% loss: 0.002875
[2018-12-06 22:05:02] Epoch 1 step [100|124] lr=0.00100000 acc: 91.88% loss: 0.003079
[2018-12-06 22:05:26] Epoch 1 step [110|124] lr=0.00100000 acc: 92.66% loss: 0.002785
[2018-12-06 22:05:56] Epoch 1 step [120|124] lr=0.00100000 acc: 92.03% loss: 0.002751
dev acc: 91.46% loss: 0.003525
test acc: 90.83% loss: 0.003668
model saved succeed in save_models/2018-12-06-22-06-23-treelstm-model_epoch_1.pt
Update! best test acc: 90.83%
[2018-12-06 22:06:27] Epoch 2 step [10|124] lr=0.00100000 acc: 89.22% loss: 0.004132
[2018-12-06 22:06:33] Epoch 2 step [20|124] lr=0.00100000 acc: 90.00% loss: 0.004005
[2018-12-06 22:06:40] Epoch 2 step [30|124] lr=0.00100000 acc: 92.50% loss: 0.003063
[2018-12-06 22:06:48] Epoch 2 step [40|124] lr=0.00100000 acc: 92.03% loss: 0.003056
[2018-12-06 22:06:58] Epoch 2 step [50|124] lr=0.00100000 acc: 92.81% loss: 0.002789
[2018-12-06 22:07:10] Epoch 2 step [60|124] lr=0.00100000 acc: 95.00% loss: 0.002253
[2018-12-06 22:07:24] Epoch 2 step [70|124] lr=0.00100000 acc: 94.22% loss: 0.002502
[2018-12-06 22:07:38] Epoch 2 step [80|124] lr=0.00100000 acc: 94.38% loss: 0.001956
[2018-12-06 22:07:55] Epoch 2 step [90|124] lr=0.00100000 acc: 94.22% loss: 0.002164
[2018-12-06 22:08:15] Epoch 2 step [100|124] lr=0.00100000 acc: 93.59% loss: 0.002599
[2018-12-06 22:08:40] Epoch 2 step [110|124] lr=0.00100000 acc: 95.00% loss: 0.002131
[2018-12-06 22:09:11] Epoch 2 step [120|124] lr=0.00100000 acc: 95.00% loss: 0.001958
dev acc: 91.98% loss: 0.003180
test acc: 92.08% loss: 0.003296
model saved succeed in save_models/2018-12-06-22-09-37-treelstm-model_epoch_2.pt
Update! best test acc: 92.08%
[2018-12-06 22:09:41] Epoch 3 step [10|124] lr=0.00100000 acc: 91.41% loss: 0.003351
[2018-12-06 22:09:47] Epoch 3 step [20|124] lr=0.00100000 acc: 92.50% loss: 0.003048
[2018-12-06 22:09:54] Epoch 3 step [30|124] lr=0.00100000 acc: 93.75% loss: 0.002414
[2018-12-06 22:10:03] Epoch 3 step [40|124] lr=0.00100000 acc: 94.69% loss: 0.002195
[2018-12-06 22:10:13] Epoch 3 step [50|124] lr=0.00100000 acc: 95.62% loss: 0.002147
[2018-12-06 22:10:24] Epoch 3 step [60|124] lr=0.00100000 acc: 97.03% loss: 0.001605
[2018-12-06 22:10:37] Epoch 3 step [70|124] lr=0.00100000 acc: 95.31% loss: 0.002031
[2018-12-06 22:10:53] Epoch 3 step [80|124] lr=0.00100000 acc: 95.78% loss: 0.001635
[2018-12-06 22:11:10] Epoch 3 step [90|124] lr=0.00100000 acc: 96.09% loss: 0.001582
[2018-12-06 22:11:30] Epoch 3 step [100|124] lr=0.00100000 acc: 95.94% loss: 0.001956
[2018-12-06 22:11:54] Epoch 3 step [110|124] lr=0.00100000 acc: 94.38% loss: 0.002075
[2018-12-06 22:12:26] Epoch 3 step [120|124] lr=0.00100000 acc: 95.94% loss: 0.001625
dev acc: 91.46% loss: 0.003505
test acc: 90.73% loss: 0.003660
not improved, best test acc: 92.08%, in epoch 2
[2018-12-06 22:12:56] Epoch 4 step [10|124] lr=0.00100000 acc: 93.28% loss: 0.002625
[2018-12-06 22:13:02] Epoch 4 step [20|124] lr=0.00100000 acc: 93.91% loss: 0.002587
[2018-12-06 22:13:09] Epoch 4 step [30|124] lr=0.00100000 acc: 96.09% loss: 0.001812
[2018-12-06 22:13:18] Epoch 4 step [40|124] lr=0.00100000 acc: 96.41% loss: 0.001624
[2018-12-06 22:13:28] Epoch 4 step [50|124] lr=0.00100000 acc: 95.94% loss: 0.001679
[2018-12-06 22:13:39] Epoch 4 step [60|124] lr=0.00100000 acc: 97.66% loss: 0.001134
[2018-12-06 22:13:52] Epoch 4 step [70|124] lr=0.00100000 acc: 96.72% loss: 0.001420
[2018-12-06 22:14:08] Epoch 4 step [80|124] lr=0.00100000 acc: 97.34% loss: 0.001151
[2018-12-06 22:14:25] Epoch 4 step [90|124] lr=0.00100000 acc: 97.19% loss: 0.001193
[2018-12-06 22:14:45] Epoch 4 step [100|124] lr=0.00100000 acc: 97.03% loss: 0.001440
[2018-12-06 22:15:09] Epoch 4 step [110|124] lr=0.00100000 acc: 96.88% loss: 0.001403
[2018-12-06 22:15:42] Epoch 4 step [120|124] lr=0.00100000 acc: 96.88% loss: 0.001374
dev acc: 92.50% loss: 0.003013
test acc: 92.08% loss: 0.002906
model saved succeed in save_models/2018-12-06-22-16-06-treelstm-model_epoch_4.pt
Update! best test acc: 92.08%
[2018-12-06 22:16:11] Epoch 5 step [10|124] lr=0.00100000 acc: 93.75% loss: 0.002285
[2018-12-06 22:16:17] Epoch 5 step [20|124] lr=0.00100000 acc: 95.47% loss: 0.002167
[2018-12-06 22:16:25] Epoch 5 step [30|124] lr=0.00100000 acc: 95.78% loss: 0.001526
[2018-12-06 22:16:34] Epoch 5 step [40|124] lr=0.00100000 acc: 97.34% loss: 0.001212
[2018-12-06 22:16:43] Epoch 5 step [50|124] lr=0.00100000 acc: 96.88% loss: 0.001290
[2018-12-06 22:16:55] Epoch 5 step [60|124] lr=0.00100000 acc: 97.81% loss: 0.001036
[2018-12-06 22:17:07] Epoch 5 step [70|124] lr=0.00100000 acc: 97.66% loss: 0.000893
[2018-12-06 22:17:21] Epoch 5 step [80|124] lr=0.00100000 acc: 97.97% loss: 0.000870
[2018-12-06 22:17:38] Epoch 5 step [90|124] lr=0.00100000 acc: 97.97% loss: 0.000863
[2018-12-06 22:17:58] Epoch 5 step [100|124] lr=0.00100000 acc: 98.12% loss: 0.001079
[2018-12-06 22:18:21] Epoch 5 step [110|124] lr=0.00100000 acc: 98.12% loss: 0.000873
[2018-12-06 22:18:52] Epoch 5 step [120|124] lr=0.00100000 acc: 98.44% loss: 0.000664
dev acc: 91.67% loss: 0.003142
test acc: 92.19% loss: 0.002777
not improved, best test acc: 92.08%, in epoch 4
[2018-12-06 22:19:25] Epoch 6 step [10|124] lr=0.00100000 acc: 96.72% loss: 0.001429
[2018-12-06 22:19:32] Epoch 6 step [20|124] lr=0.00100000 acc: 97.03% loss: 0.001530
[2018-12-06 22:19:41] Epoch 6 step [30|124] lr=0.00100000 acc: 98.28% loss: 0.001031
[2018-12-06 22:19:50] Epoch 6 step [40|124] lr=0.00100000 acc: 97.81% loss: 0.001131
[2018-12-06 22:20:01] Epoch 6 step [50|124] lr=0.00100000 acc: 98.28% loss: 0.000851
[2018-12-06 22:20:13] Epoch 6 step [60|124] lr=0.00100000 acc: 97.81% loss: 0.000819
[2018-12-06 22:20:26] Epoch 6 step [70|124] lr=0.00100000 acc: 98.91% loss: 0.000669
[2018-12-06 22:20:41] Epoch 6 step [80|124] lr=0.00100000 acc: 98.91% loss: 0.000455
[2018-12-06 22:21:00] Epoch 6 step [90|124] lr=0.00100000 acc: 98.91% loss: 0.000573
[2018-12-06 22:21:23] Epoch 6 step [100|124] lr=0.00100000 acc: 99.06% loss: 0.000549
[2018-12-06 22:21:49] Epoch 6 step [110|124] lr=0.00100000 acc: 98.75% loss: 0.000601
[2018-12-06 22:22:22] Epoch 6 step [120|124] lr=0.00100000 acc: 98.59% loss: 0.000480
dev acc: 92.40% loss: 0.003499
test acc: 92.60% loss: 0.002912
not improved, best test acc: 92.08%, in epoch 4
[2018-12-06 22:22:55] Epoch 7 step [10|124] lr=0.00100000 acc: 96.72% loss: 0.001178
[2018-12-06 22:23:02] Epoch 7 step [20|124] lr=0.00100000 acc: 98.44% loss: 0.000966
[2018-12-06 22:23:10] Epoch 7 step [30|124] lr=0.00100000 acc: 98.44% loss: 0.000842
[2018-12-06 22:23:19] Epoch 7 step [40|124] lr=0.00100000 acc: 98.59% loss: 0.000683
[2018-12-06 22:23:30] Epoch 7 step [50|124] lr=0.00100000 acc: 98.12% loss: 0.000826
[2018-12-06 22:23:44] Epoch 7 step [60|124] lr=0.00100000 acc: 99.06% loss: 0.000416
[2018-12-06 22:23:59] Epoch 7 step [70|124] lr=0.00100000 acc: 99.06% loss: 0.000480
