data_dir=processed_data

----batch----
train_batch_size=64
train_batch_type=normal
dev_batch_size=64
dev_batch_type=normal
test_batch_size=64
test_batch_type=normal
shuffer=True
sort=True

----embedding----
embed_size=100
char_embed_size=50
embed_uniform_init=0.0
pre_embed_path=

----model----
model=treelstm
save_model_dir=save_models
save_model_every=1
save_model_start_from=0
hidden_num=1
hidden_size=100
bidirectional=True
dropout=0.0

----optimizer----
lr=0.001
optim=adam
weight_decay=1e-08
momentum=0.9
early_stop=9999999

----train----
epoch=100
print_every=10

----GPU----
gpu_device=0
use_cuda=False

----seed----
gpu_seed=23
seed=23

----log----
log_dir=log
log_fname=treelstm.subj-d0-normal.log

[2018-12-06 20:45:04] Epoch 0 step [10|124] lr=0.00100000 acc: 53.91% loss: 0.017150
[2018-12-06 20:45:10] Epoch 0 step [20|124] lr=0.00100000 acc: 58.44% loss: 0.012584
[2018-12-06 20:45:17] Epoch 0 step [30|124] lr=0.00100000 acc: 68.75% loss: 0.010668
[2018-12-06 20:45:26] Epoch 0 step [40|124] lr=0.00100000 acc: 72.81% loss: 0.010101
[2018-12-06 20:45:36] Epoch 0 step [50|124] lr=0.00100000 acc: 75.00% loss: 0.009497
[2018-12-06 20:45:47] Epoch 0 step [60|124] lr=0.00100000 acc: 76.72% loss: 0.008887
[2018-12-06 20:46:00] Epoch 0 step [70|124] lr=0.00100000 acc: 74.84% loss: 0.008441
[2018-12-06 20:46:15] Epoch 0 step [80|124] lr=0.00100000 acc: 80.16% loss: 0.007271
[2018-12-06 20:46:33] Epoch 0 step [90|124] lr=0.00100000 acc: 79.06% loss: 0.006883
[2018-12-06 20:46:53] Epoch 0 step [100|124] lr=0.00100000 acc: 79.84% loss: 0.006716
[2018-12-06 20:47:17] Epoch 0 step [110|124] lr=0.00100000 acc: 86.09% loss: 0.005814
[2018-12-06 20:47:48] Epoch 0 step [120|124] lr=0.00100000 acc: 82.66% loss: 0.006135
dev acc: 81.88% loss: 0.006249
test acc: 81.35% loss: 0.006328
model saved succeed in save_models/2018-12-06-20-48-14-treelstm-model_epoch_0.pt
Update! best test acc: 81.35%
[2018-12-06 20:48:18] Epoch 1 step [10|124] lr=0.00100000 acc: 78.28% loss: 0.007200
[2018-12-06 20:48:24] Epoch 1 step [20|124] lr=0.00100000 acc: 79.84% loss: 0.006898
[2018-12-06 20:48:31] Epoch 1 step [30|124] lr=0.00100000 acc: 87.03% loss: 0.005660
[2018-12-06 20:48:39] Epoch 1 step [40|124] lr=0.00100000 acc: 81.25% loss: 0.006340
[2018-12-06 20:48:50] Epoch 1 step [50|124] lr=0.00100000 acc: 86.56% loss: 0.005281
[2018-12-06 20:49:01] Epoch 1 step [60|124] lr=0.00100000 acc: 89.22% loss: 0.004253
[2018-12-06 20:49:14] Epoch 1 step [70|124] lr=0.00100000 acc: 85.31% loss: 0.005203
[2018-12-06 20:49:28] Epoch 1 step [80|124] lr=0.00100000 acc: 87.66% loss: 0.004016
[2018-12-06 20:49:45] Epoch 1 step [90|124] lr=0.00100000 acc: 89.22% loss: 0.003868
[2018-12-06 20:50:05] Epoch 1 step [100|124] lr=0.00100000 acc: 88.28% loss: 0.004226
[2018-12-06 20:50:29] Epoch 1 step [110|124] lr=0.00100000 acc: 91.09% loss: 0.003708
[2018-12-06 20:51:01] Epoch 1 step [120|124] lr=0.00100000 acc: 90.00% loss: 0.003887
dev acc: 84.90% loss: 0.005178
test acc: 84.06% loss: 0.005415
model saved succeed in save_models/2018-12-06-20-51-27-treelstm-model_epoch_1.pt
Update! best test acc: 84.06%
[2018-12-06 20:51:32] Epoch 2 step [10|124] lr=0.00100000 acc: 87.19% loss: 0.005149
[2018-12-06 20:51:38] Epoch 2 step [20|124] lr=0.00100000 acc: 86.72% loss: 0.005081
[2018-12-06 20:51:45] Epoch 2 step [30|124] lr=0.00100000 acc: 91.09% loss: 0.003788
[2018-12-06 20:51:54] Epoch 2 step [40|124] lr=0.00100000 acc: 89.38% loss: 0.004224
[2018-12-06 20:52:04] Epoch 2 step [50|124] lr=0.00100000 acc: 91.88% loss: 0.003614
[2018-12-06 20:52:15] Epoch 2 step [60|124] lr=0.00100000 acc: 93.91% loss: 0.002551
[2018-12-06 20:52:29] Epoch 2 step [70|124] lr=0.00100000 acc: 92.34% loss: 0.003430
[2018-12-06 20:52:44] Epoch 2 step [80|124] lr=0.00100000 acc: 94.53% loss: 0.002347
[2018-12-06 20:53:01] Epoch 2 step [90|124] lr=0.00100000 acc: 95.62% loss: 0.002212
[2018-12-06 20:53:20] Epoch 2 step [100|124] lr=0.00100000 acc: 94.22% loss: 0.002573
[2018-12-06 20:53:45] Epoch 2 step [110|124] lr=0.00100000 acc: 94.84% loss: 0.002455
[2018-12-06 20:54:15] Epoch 2 step [120|124] lr=0.00100000 acc: 94.22% loss: 0.002517
dev acc: 85.62% loss: 0.005059
test acc: 85.62% loss: 0.005113
model saved succeed in save_models/2018-12-06-20-54-40-treelstm-model_epoch_2.pt
Update! best test acc: 85.62%
[2018-12-06 20:54:45] Epoch 3 step [10|124] lr=0.00100000 acc: 91.72% loss: 0.003755
[2018-12-06 20:54:51] Epoch 3 step [20|124] lr=0.00100000 acc: 91.09% loss: 0.003653
[2018-12-06 20:54:58] Epoch 3 step [30|124] lr=0.00100000 acc: 95.16% loss: 0.002569
[2018-12-06 20:55:07] Epoch 3 step [40|124] lr=0.00100000 acc: 95.00% loss: 0.002583
[2018-12-06 20:55:17] Epoch 3 step [50|124] lr=0.00100000 acc: 95.00% loss: 0.002441
[2018-12-06 20:55:29] Epoch 3 step [60|124] lr=0.00100000 acc: 97.97% loss: 0.001393
[2018-12-06 20:55:41] Epoch 3 step [70|124] lr=0.00100000 acc: 95.16% loss: 0.002041
[2018-12-06 20:55:57] Epoch 3 step [80|124] lr=0.00100000 acc: 97.66% loss: 0.001196
[2018-12-06 20:56:14] Epoch 3 step [90|124] lr=0.00100000 acc: 97.66% loss: 0.001243
[2018-12-06 20:56:33] Epoch 3 step [100|124] lr=0.00100000 acc: 97.50% loss: 0.001455
[2018-12-06 20:56:57] Epoch 3 step [110|124] lr=0.00100000 acc: 97.50% loss: 0.001513
[2018-12-06 20:57:29] Epoch 3 step [120|124] lr=0.00100000 acc: 97.19% loss: 0.001472
dev acc: 86.15% loss: 0.005127
test acc: 87.60% loss: 0.004750
model saved succeed in save_models/2018-12-06-20-57-54-treelstm-model_epoch_3.pt
Update! best test acc: 87.60%
[2018-12-06 20:57:58] Epoch 4 step [10|124] lr=0.00100000 acc: 94.69% loss: 0.002517
[2018-12-06 20:58:03] Epoch 4 step [20|124] lr=0.00100000 acc: 94.69% loss: 0.002288
[2018-12-06 20:58:11] Epoch 4 step [30|124] lr=0.00100000 acc: 97.34% loss: 0.001656
[2018-12-06 20:58:19] Epoch 4 step [40|124] lr=0.00100000 acc: 98.12% loss: 0.001466
[2018-12-06 20:58:28] Epoch 4 step [50|124] lr=0.00100000 acc: 97.34% loss: 0.001467
[2018-12-06 20:58:38] Epoch 4 step [60|124] lr=0.00100000 acc: 99.38% loss: 0.000679
[2018-12-06 20:58:51] Epoch 4 step [70|124] lr=0.00100000 acc: 98.12% loss: 0.001044
[2018-12-06 20:59:04] Epoch 4 step [80|124] lr=0.00100000 acc: 99.69% loss: 0.000515
[2018-12-06 20:59:22] Epoch 4 step [90|124] lr=0.00100000 acc: 98.75% loss: 0.000659
[2018-12-06 20:59:41] Epoch 4 step [100|124] lr=0.00100000 acc: 99.38% loss: 0.000726
[2018-12-06 21:00:03] Epoch 4 step [110|124] lr=0.00100000 acc: 98.91% loss: 0.000734
[2018-12-06 21:00:33] Epoch 4 step [120|124] lr=0.00100000 acc: 98.28% loss: 0.000768
dev acc: 86.67% loss: 0.005853
test acc: 88.12% loss: 0.004928
model saved succeed in save_models/2018-12-06-21-00-59-treelstm-model_epoch_4.pt
Update! best test acc: 88.12%
[2018-12-06 21:01:03] Epoch 5 step [10|124] lr=0.00100000 acc: 97.34% loss: 0.001602
[2018-12-06 21:01:08] Epoch 5 step [20|124] lr=0.00100000 acc: 97.66% loss: 0.001281
[2018-12-06 21:01:15] Epoch 5 step [30|124] lr=0.00100000 acc: 98.44% loss: 0.001008
[2018-12-06 21:01:24] Epoch 5 step [40|124] lr=0.00100000 acc: 99.38% loss: 0.000770
[2018-12-06 21:01:33] Epoch 5 step [50|124] lr=0.00100000 acc: 98.28% loss: 0.000830
[2018-12-06 21:01:44] Epoch 5 step [60|124] lr=0.00100000 acc: 99.84% loss: 0.000332
[2018-12-06 21:01:56] Epoch 5 step [70|124] lr=0.00100000 acc: 98.91% loss: 0.000514
[2018-12-06 21:02:10] Epoch 5 step [80|124] lr=0.00100000 acc: 99.84% loss: 0.000223
[2018-12-06 21:02:26] Epoch 5 step [90|124] lr=0.00100000 acc: 99.84% loss: 0.000241
[2018-12-06 21:02:47] Epoch 5 step [100|124] lr=0.00100000 acc: 99.69% loss: 0.000496
[2018-12-06 21:03:11] Epoch 5 step [110|124] lr=0.00100000 acc: 99.53% loss: 0.000312
[2018-12-06 21:03:43] Epoch 5 step [120|124] lr=0.00100000 acc: 99.69% loss: 0.000241
dev acc: 86.98% loss: 0.006141
test acc: 88.02% loss: 0.005131
model saved succeed in save_models/2018-12-06-21-04-09-treelstm-model_epoch_5.pt
Update! best test acc: 88.02%
[2018-12-06 21:04:14] Epoch 6 step [10|124] lr=0.00100000 acc: 99.22% loss: 0.000851
[2018-12-06 21:04:20] Epoch 6 step [20|124] lr=0.00100000 acc: 99.69% loss: 0.000550
[2018-12-06 21:04:27] Epoch 6 step [30|124] lr=0.00100000 acc: 99.84% loss: 0.000443
[2018-12-06 21:04:35] Epoch 6 step [40|124] lr=0.00100000 acc: 99.69% loss: 0.000388
[2018-12-06 21:04:46] Epoch 6 step [50|124] lr=0.00100000 acc: 99.69% loss: 0.000451
[2018-12-06 21:04:58] Epoch 6 step [60|124] lr=0.00100000 acc: 99.84% loss: 0.000175
[2018-12-06 21:05:11] Epoch 6 step [70|124] lr=0.00100000 acc: 99.84% loss: 0.000234
[2018-12-06 21:05:25] Epoch 6 step [80|124] lr=0.00100000 acc: 100.00% loss: 0.000124
[2018-12-06 21:05:41] Epoch 6 step [90|124] lr=0.00100000 acc: 100.00% loss: 0.000113
[2018-12-06 21:06:01] Epoch 6 step [100|124] lr=0.00100000 acc: 99.84% loss: 0.000325
[2018-12-06 21:06:26] Epoch 6 step [110|124] lr=0.00100000 acc: 100.00% loss: 0.000135
[2018-12-06 21:06:57] Epoch 6 step [120|124] lr=0.00100000 acc: 99.84% loss: 0.000150
dev acc: 87.60% loss: 0.006700
test acc: 87.81% loss: 0.005755
model saved succeed in save_models/2018-12-06-21-07-23-treelstm-model_epoch_6.pt
Update! best test acc: 87.81%
[2018-12-06 21:07:28] Epoch 7 step [10|124] lr=0.00100000 acc: 99.84% loss: 0.000458
[2018-12-06 21:07:34] Epoch 7 step [20|124] lr=0.00100000 acc: 100.00% loss: 0.000261
[2018-12-06 21:07:41] Epoch 7 step [30|124] lr=0.00100000 acc: 99.84% loss: 0.000257
[2018-12-06 21:07:49] Epoch 7 step [40|124] lr=0.00100000 acc: 100.00% loss: 0.000161
[2018-12-06 21:07:59] Epoch 7 step [50|124] lr=0.00100000 acc: 99.84% loss: 0.000242
[2018-12-06 21:08:10] Epoch 7 step [60|124] lr=0.00100000 acc: 100.00% loss: 0.000109
[2018-12-06 21:08:24] Epoch 7 step [70|124] lr=0.00100000 acc: 100.00% loss: 0.000137
[2018-12-06 21:08:39] Epoch 7 step [80|124] lr=0.00100000 acc: 100.00% loss: 0.000089
[2018-12-06 21:08:56] Epoch 7 step [90|124] lr=0.00100000 acc: 99.84% loss: 0.000120
[2018-12-06 21:09:16] Epoch 7 step [100|124] lr=0.00100000 acc: 99.84% loss: 0.000232
[2018-12-06 21:09:40] Epoch 7 step [110|124] lr=0.00100000 acc: 100.00% loss: 0.000106
[2018-12-06 21:10:12] Epoch 7 step [120|124] lr=0.00100000 acc: 100.00% loss: 0.000079
dev acc: 87.50% loss: 0.007614
test acc: 87.71% loss: 0.006457
not improved, best test acc: 87.81%, in epoch 6
[2018-12-06 21:10:42] Epoch 8 step [10|124] lr=0.00100000 acc: 100.00% loss: 0.000274
[2018-12-06 21:10:48] Epoch 8 step [20|124] lr=0.00100000 acc: 100.00% loss: 0.000151
[2018-12-06 21:10:55] Epoch 8 step [30|124] lr=0.00100000 acc: 99.84% loss: 0.000159
[2018-12-06 21:11:04] Epoch 8 step [40|124] lr=0.00100000 acc: 100.00% loss: 0.000099
[2018-12-06 21:11:14] Epoch 8 step [50|124] lr=0.00100000 acc: 99.84% loss: 0.000152
[2018-12-06 21:11:25] Epoch 8 step [60|124] lr=0.00100000 acc: 100.00% loss: 0.000049
[2018-12-06 21:11:38] Epoch 8 step [70|124] lr=0.00100000 acc: 100.00% loss: 0.000063
[2018-12-06 21:11:54] Epoch 8 step [80|124] lr=0.00100000 acc: 100.00% loss: 0.000095
[2018-12-06 21:12:11] Epoch 8 step [90|124] lr=0.00100000 acc: 100.00% loss: 0.000060
[2018-12-06 21:12:30] Epoch 8 step [100|124] lr=0.00100000 acc: 99.84% loss: 0.000171
[2018-12-06 21:12:52] Epoch 8 step [110|124] lr=0.00100000 acc: 100.00% loss: 0.000086
[2018-12-06 21:13:24] Epoch 8 step [120|124] lr=0.00100000 acc: 100.00% loss: 0.000065
dev acc: 87.50% loss: 0.008117
test acc: 87.29% loss: 0.006825
not improved, best test acc: 87.81%, in epoch 6
[2018-12-06 21:13:53] Epoch 9 step [10|124] lr=0.00100000 acc: 100.00% loss: 0.000187
[2018-12-06 21:13:59] Epoch 9 step [20|124] lr=0.00100000 acc: 100.00% loss: 0.000108
[2018-12-06 21:14:07] Epoch 9 step [30|124] lr=0.00100000 acc: 99.84% loss: 0.000109
[2018-12-06 21:14:16] Epoch 9 step [40|124] lr=0.00100000 acc: 100.00% loss: 0.000088
[2018-12-06 21:14:26] Epoch 9 step [50|124] lr=0.00100000 acc: 99.84% loss: 0.000083
[2018-12-06 21:14:37] Epoch 9 step [60|124] lr=0.00100000 acc: 100.00% loss: 0.000032
[2018-12-06 21:14:50] Epoch 9 step [70|124] lr=0.00100000 acc: 100.00% loss: 0.000042
[2018-12-06 21:15:04] Epoch 9 step [80|124] lr=0.00100000 acc: 100.00% loss: 0.000029
[2018-12-06 21:15:21] Epoch 9 step [90|124] lr=0.00100000 acc: 99.84% loss: 0.000162
[2018-12-06 21:15:39] Epoch 9 step [100|124] lr=0.00100000 acc: 99.53% loss: 0.000233
[2018-12-06 21:16:02] Epoch 9 step [110|124] lr=0.00100000 acc: 99.84% loss: 0.000197
[2018-12-06 21:16:32] Epoch 9 step [120|124] lr=0.00100000 acc: 99.53% loss: 0.000170
dev acc: 86.46% loss: 0.008610
test acc: 87.92% loss: 0.006549
not improved, best test acc: 87.81%, in epoch 6
[2018-12-06 21:17:01] Epoch 10 step [10|124] lr=0.00100000 acc: 100.00% loss: 0.000177
[2018-12-06 21:17:06] Epoch 10 step [20|124] lr=0.00100000 acc: 99.69% loss: 0.000180
[2018-12-06 21:17:12] Epoch 10 step [30|124] lr=0.00100000 acc: 99.84% loss: 0.000114
[2018-12-06 21:17:21] Epoch 10 step [40|124] lr=0.00100000 acc: 100.00% loss: 0.000098
[2018-12-06 21:17:29] Epoch 10 step [50|124] lr=0.00100000 acc: 100.00% loss: 0.000079
[2018-12-06 21:17:40] Epoch 10 step [60|124] lr=0.00100000 acc: 100.00% loss: 0.000043
[2018-12-06 21:17:52] Epoch 10 step [70|124] lr=0.00100000 acc: 100.00% loss: 0.000051
[2018-12-06 21:18:05] Epoch 10 step [80|124] lr=0.00100000 acc: 100.00% loss: 0.000034
[2018-12-06 21:18:21] Epoch 10 step [90|124] lr=0.00100000 acc: 99.84% loss: 0.000047
[2018-12-06 21:18:40] Epoch 10 step [100|124] lr=0.00100000 acc: 99.69% loss: 0.000117
[2018-12-06 21:19:03] Epoch 10 step [110|124] lr=0.00100000 acc: 100.00% loss: 0.000091
[2018-12-06 21:19:33] Epoch 10 step [120|124] lr=0.00100000 acc: 99.53% loss: 0.000229
dev acc: 86.15% loss: 0.009408
test acc: 86.67% loss: 0.007986
not improved, best test acc: 87.81%, in epoch 6
[2018-12-06 21:20:03] Epoch 11 step [10|124] lr=0.00100000 acc: 100.00% loss: 0.000127
[2018-12-06 21:20:10] Epoch 11 step [20|124] lr=0.00100000 acc: 100.00% loss: 0.000097
[2018-12-06 21:20:17] Epoch 11 step [30|124] lr=0.00100000 acc: 100.00% loss: 0.000064
[2018-12-06 21:20:25] Epoch 11 step [40|124] lr=0.00100000 acc: 100.00% loss: 0.000093
[2018-12-06 21:20:35] Epoch 11 step [50|124] lr=0.00100000 acc: 100.00% loss: 0.000044
[2018-12-06 21:20:48] Epoch 11 step [60|124] lr=0.00100000 acc: 100.00% loss: 0.000041
[2018-12-06 21:21:01] Epoch 11 step [70|124] lr=0.00100000 acc: 100.00% loss: 0.000036
[2018-12-06 21:21:15] Epoch 11 step [80|124] lr=0.00100000 acc: 100.00% loss: 0.000024
[2018-12-06 21:21:32] Epoch 11 step [90|124] lr=0.00100000 acc: 100.00% loss: 0.000026
[2018-12-06 21:21:52] Epoch 11 step [100|124] lr=0.00100000 acc: 100.00% loss: 0.000054
[2018-12-06 21:22:17] Epoch 11 step [110|124] lr=0.00100000 acc: 100.00% loss: 0.000048
[2018-12-06 21:22:48] Epoch 11 step [120|124] lr=0.00100000 acc: 99.84% loss: 0.000103
dev acc: 86.15% loss: 0.009288
test acc: 86.67% loss: 0.007921
not improved, best test acc: 87.81%, in epoch 6
[2018-12-06 21:23:18] Epoch 12 step [10|124] lr=0.00100000 acc: 100.00% loss: 0.000139
[2018-12-06 21:23:24] Epoch 12 step [20|124] lr=0.00100000 acc: 99.84% loss: 0.000122
[2018-12-06 21:23:31] Epoch 12 step [30|124] lr=0.00100000 acc: 99.84% loss: 0.000088
[2018-12-06 21:23:39] Epoch 12 step [40|124] lr=0.00100000 acc: 100.00% loss: 0.000082
[2018-12-06 21:23:50] Epoch 12 step [50|124] lr=0.00100000 acc: 100.00% loss: 0.000049
[2018-12-06 21:24:01] Epoch 12 step [60|124] lr=0.00100000 acc: 100.00% loss: 0.000018
[2018-12-06 21:24:14] Epoch 12 step [70|124] lr=0.00100000 acc: 100.00% loss: 0.000031
[2018-12-06 21:24:28] Epoch 12 step [80|124] lr=0.00100000 acc: 100.00% loss: 0.000031
[2018-12-06 21:24:44] Epoch 12 step [90|124] lr=0.00100000 acc: 99.84% loss: 0.000055
[2018-12-06 21:25:03] Epoch 12 step [100|124] lr=0.00100000 acc: 100.00% loss: 0.000018
[2018-12-06 21:25:26] Epoch 12 step [110|124] lr=0.00100000 acc: 100.00% loss: 0.000031
[2018-12-06 21:25:57] Epoch 12 step [120|124] lr=0.00100000 acc: 100.00% loss: 0.000027
dev acc: 86.88% loss: 0.009229
test acc: 88.33% loss: 0.007085
not improved, best test acc: 87.81%, in epoch 6
[2018-12-06 21:26:27] Epoch 13 step [10|124] lr=0.00100000 acc: 100.00% loss: 0.000060
[2018-12-06 21:26:33] Epoch 13 step [20|124] lr=0.00100000 acc: 100.00% loss: 0.000037
[2018-12-06 21:26:41] Epoch 13 step [30|124] lr=0.00100000 acc: 100.00% loss: 0.000041
[2018-12-06 21:26:49] Epoch 13 step [40|124] lr=0.00100000 acc: 100.00% loss: 0.000027
[2018-12-06 21:26:59] Epoch 13 step [50|124] lr=0.00100000 acc: 100.00% loss: 0.000024
[2018-12-06 21:27:11] Epoch 13 step [60|124] lr=0.00100000 acc: 100.00% loss: 0.000023
[2018-12-06 21:27:24] Epoch 13 step [70|124] lr=0.00100000 acc: 100.00% loss: 0.000016
[2018-12-06 21:27:39] Epoch 13 step [80|124] lr=0.00100000 acc: 100.00% loss: 0.000009
[2018-12-06 21:27:56] Epoch 13 step [90|124] lr=0.00100000 acc: 100.00% loss: 0.000008
[2018-12-06 21:28:16] Epoch 13 step [100|124] lr=0.00100000 acc: 100.00% loss: 0.000006
[2018-12-06 21:28:40] Epoch 13 step [110|124] lr=0.00100000 acc: 100.00% loss: 0.000006
[2018-12-06 21:29:12] Epoch 13 step [120|124] lr=0.00100000 acc: 100.00% loss: 0.000008
dev acc: 86.67% loss: 0.009692
test acc: 88.02% loss: 0.007362
not improved, best test acc: 87.81%, in epoch 6
[2018-12-06 21:29:40] Epoch 14 step [10|124] lr=0.00100000 acc: 100.00% loss: 0.000035
[2018-12-06 21:29:46] Epoch 14 step [20|124] lr=0.00100000 acc: 100.00% loss: 0.000020
[2018-12-06 21:29:54] Epoch 14 step [30|124] lr=0.00100000 acc: 100.00% loss: 0.000017
[2018-12-06 21:30:03] Epoch 14 step [40|124] lr=0.00100000 acc: 100.00% loss: 0.000015
[2018-12-06 21:30:13] Epoch 14 step [50|124] lr=0.00100000 acc: 100.00% loss: 0.000010
[2018-12-06 21:30:24] Epoch 14 step [60|124] lr=0.00100000 acc: 100.00% loss: 0.000010
[2018-12-06 21:30:37] Epoch 14 step [70|124] lr=0.00100000 acc: 100.00% loss: 0.000012
[2018-12-06 21:30:51] Epoch 14 step [80|124] lr=0.00100000 acc: 100.00% loss: 0.000008
[2018-12-06 21:31:09] Epoch 14 step [90|124] lr=0.00100000 acc: 100.00% loss: 0.000009
[2018-12-06 21:31:29] Epoch 14 step [100|124] lr=0.00100000 acc: 100.00% loss: 0.000006
[2018-12-06 21:31:52] Epoch 14 step [110|124] lr=0.00100000 acc: 100.00% loss: 0.000004
[2018-12-06 21:32:23] Epoch 14 step [120|124] lr=0.00100000 acc: 100.00% loss: 0.000006
dev acc: 86.77% loss: 0.010020
test acc: 87.92% loss: 0.007579
not improved, best test acc: 87.81%, in epoch 6
8 epoch have not improved, so adjust lr to 0.0007
[2018-12-06 21:32:54] Epoch 15 step [10|124] lr=0.00070000 acc: 100.00% loss: 0.000027
[2018-12-06 21:32:59] Epoch 15 step [20|124] lr=0.00070000 acc: 100.00% loss: 0.000016
[2018-12-06 21:33:07] Epoch 15 step [30|124] lr=0.00070000 acc: 100.00% loss: 0.000014
[2018-12-06 21:33:15] Epoch 15 step [40|124] lr=0.00070000 acc: 100.00% loss: 0.000013
[2018-12-06 21:33:26] Epoch 15 step [50|124] lr=0.00070000 acc: 100.00% loss: 0.000009
[2018-12-06 21:33:37] Epoch 15 step [60|124] lr=0.00070000 acc: 100.00% loss: 0.000007
[2018-12-06 21:33:50] Epoch 15 step [70|124] lr=0.00070000 acc: 100.00% loss: 0.000008
[2018-12-06 21:34:05] Epoch 15 step [80|124] lr=0.00070000 acc: 100.00% loss: 0.000006
[2018-12-06 21:34:22] Epoch 15 step [90|124] lr=0.00070000 acc: 100.00% loss: 0.000008
[2018-12-06 21:34:42] Epoch 15 step [100|124] lr=0.00070000 acc: 100.00% loss: 0.000005
[2018-12-06 21:35:06] Epoch 15 step [110|124] lr=0.00070000 acc: 100.00% loss: 0.000003
