data_dir=subj_processed_data

----batch----
train_batch_size=64
train_batch_type=normal
dev_batch_size=64
dev_batch_type=normal
test_batch_size=64
test_batch_type=normal
shuffer=True
sort=True

----embedding----
embed_size=100
char_embed_size=50
embed_uniform_init=0.0
pre_embed_path=/home/zrr/projects/Data/glove.6B/glove.6B.100d.txt

----model----
model=treelstm
save_model_dir=save_models
save_model_every=1
save_model_start_from=0
hidden_num=1
hidden_size=100
bidirectional=True
dropout=0.2

----optimizer----
lr=0.001
optim=adam
weight_decay=1e-08
momentum=0.9
early_stop=9999999

----train----
epoch=100
print_every=10

----GPU----
gpu_device=0
use_cuda=False

----seed----
gpu_seed=23
seed=23

----log----
log_dir=log
log_fname=treelstm.subj.log

[2018-12-07 09:27:01] Epoch 0 step [10|124] lr=0.00100000 acc: 59.06% loss: 0.016592
[2018-12-07 09:27:06] Epoch 0 step [20|124] lr=0.00100000 acc: 72.19% loss: 0.010727
[2018-12-07 09:27:13] Epoch 0 step [30|124] lr=0.00100000 acc: 82.97% loss: 0.008779
[2018-12-07 09:27:22] Epoch 0 step [40|124] lr=0.00100000 acc: 85.00% loss: 0.006747
[2018-12-07 09:27:31] Epoch 0 step [50|124] lr=0.00100000 acc: 86.56% loss: 0.005257
[2018-12-07 09:27:43] Epoch 0 step [60|124] lr=0.00100000 acc: 88.12% loss: 0.004687
[2018-12-07 09:27:56] Epoch 0 step [70|124] lr=0.00100000 acc: 88.28% loss: 0.004758
[2018-12-07 09:28:10] Epoch 0 step [80|124] lr=0.00100000 acc: 91.09% loss: 0.003607
[2018-12-07 09:28:26] Epoch 0 step [90|124] lr=0.00100000 acc: 88.44% loss: 0.004251
[2018-12-07 09:28:48] Epoch 0 step [100|124] lr=0.00100000 acc: 89.53% loss: 0.004217
[2018-12-07 09:29:12] Epoch 0 step [110|124] lr=0.00100000 acc: 90.00% loss: 0.003819
[2018-12-07 09:29:44] Epoch 0 step [120|124] lr=0.00100000 acc: 90.94% loss: 0.003500
dev acc: 90.42% loss: 0.004034
test acc: 89.06% loss: 0.004251
model saved succeed in save_models/2018-12-07-09-30-11-treelstm-model_epoch_0.pt
Update! best test acc: 89.06%
[2018-12-07 09:30:16] Epoch 1 step [10|124] lr=0.00100000 acc: 86.09% loss: 0.005259
[2018-12-07 09:30:22] Epoch 1 step [20|124] lr=0.00100000 acc: 88.44% loss: 0.004708
[2018-12-07 09:30:30] Epoch 1 step [30|124] lr=0.00100000 acc: 91.56% loss: 0.003650
[2018-12-07 09:30:40] Epoch 1 step [40|124] lr=0.00100000 acc: 91.25% loss: 0.003587
[2018-12-07 09:30:51] Epoch 1 step [50|124] lr=0.00100000 acc: 90.47% loss: 0.003457
[2018-12-07 09:31:03] Epoch 1 step [60|124] lr=0.00100000 acc: 94.06% loss: 0.002702
[2018-12-07 09:31:15] Epoch 1 step [70|124] lr=0.00100000 acc: 92.19% loss: 0.003158
[2018-12-07 09:31:30] Epoch 1 step [80|124] lr=0.00100000 acc: 93.75% loss: 0.002517
[2018-12-07 09:31:49] Epoch 1 step [90|124] lr=0.00100000 acc: 94.06% loss: 0.002603
[2018-12-07 09:32:11] Epoch 1 step [100|124] lr=0.00100000 acc: 91.56% loss: 0.003016
[2018-12-07 09:32:35] Epoch 1 step [110|124] lr=0.00100000 acc: 93.75% loss: 0.002784
[2018-12-07 09:33:07] Epoch 1 step [120|124] lr=0.00100000 acc: 93.91% loss: 0.002476
dev acc: 91.46% loss: 0.003379
test acc: 90.83% loss: 0.003532
model saved succeed in save_models/2018-12-07-09-33-34-treelstm-model_epoch_1.pt
Update! best test acc: 90.83%
[2018-12-07 09:33:38] Epoch 2 step [10|124] lr=0.00100000 acc: 90.62% loss: 0.003743
[2018-12-07 09:33:44] Epoch 2 step [20|124] lr=0.00100000 acc: 91.09% loss: 0.003791
[2018-12-07 09:33:51] Epoch 2 step [30|124] lr=0.00100000 acc: 93.12% loss: 0.002881
[2018-12-07 09:33:59] Epoch 2 step [40|124] lr=0.00100000 acc: 92.66% loss: 0.002740
[2018-12-07 09:34:08] Epoch 2 step [50|124] lr=0.00100000 acc: 93.12% loss: 0.002454
[2018-12-07 09:34:20] Epoch 2 step [60|124] lr=0.00100000 acc: 95.16% loss: 0.001994
[2018-12-07 09:34:34] Epoch 2 step [70|124] lr=0.00100000 acc: 95.31% loss: 0.002118
[2018-12-07 09:34:48] Epoch 2 step [80|124] lr=0.00100000 acc: 95.47% loss: 0.001791
[2018-12-07 09:35:05] Epoch 2 step [90|124] lr=0.00100000 acc: 95.62% loss: 0.002015
[2018-12-07 09:35:25] Epoch 2 step [100|124] lr=0.00100000 acc: 94.69% loss: 0.002091
[2018-12-07 09:35:50] Epoch 2 step [110|124] lr=0.00100000 acc: 95.78% loss: 0.001885
[2018-12-07 09:36:24] Epoch 2 step [120|124] lr=0.00100000 acc: 96.25% loss: 0.001672
dev acc: 92.08% loss: 0.003128
test acc: 91.77% loss: 0.003167
model saved succeed in save_models/2018-12-07-09-36-51-treelstm-model_epoch_2.pt
Update! best test acc: 91.77%
[2018-12-07 09:36:55] Epoch 3 step [10|124] lr=0.00100000 acc: 92.34% loss: 0.002983
[2018-12-07 09:37:01] Epoch 3 step [20|124] lr=0.00100000 acc: 93.75% loss: 0.002783
[2018-12-07 09:37:08] Epoch 3 step [30|124] lr=0.00100000 acc: 95.47% loss: 0.002012
[2018-12-07 09:37:16] Epoch 3 step [40|124] lr=0.00100000 acc: 95.94% loss: 0.001930
[2018-12-07 09:37:26] Epoch 3 step [50|124] lr=0.00100000 acc: 96.56% loss: 0.001839
[2018-12-07 09:37:37] Epoch 3 step [60|124] lr=0.00100000 acc: 97.50% loss: 0.001356
[2018-12-07 09:37:50] Epoch 3 step [70|124] lr=0.00100000 acc: 96.25% loss: 0.001675
[2018-12-07 09:38:05] Epoch 3 step [80|124] lr=0.00100000 acc: 96.72% loss: 0.001459
[2018-12-07 09:38:22] Epoch 3 step [90|124] lr=0.00100000 acc: 96.88% loss: 0.001434
[2018-12-07 09:38:41] Epoch 3 step [100|124] lr=0.00100000 acc: 96.25% loss: 0.001704
[2018-12-07 09:39:06] Epoch 3 step [110|124] lr=0.00100000 acc: 96.56% loss: 0.001619
[2018-12-07 09:39:40] Epoch 3 step [120|124] lr=0.00100000 acc: 97.66% loss: 0.001219
dev acc: 91.98% loss: 0.003270
test acc: 91.77% loss: 0.003344
not improved, best test acc: 91.77%, in epoch 2
[2018-12-07 09:40:12] Epoch 4 step [10|124] lr=0.00100000 acc: 95.00% loss: 0.002386
[2018-12-07 09:40:17] Epoch 4 step [20|124] lr=0.00100000 acc: 94.53% loss: 0.002159
[2018-12-07 09:40:24] Epoch 4 step [30|124] lr=0.00100000 acc: 97.34% loss: 0.001468
[2018-12-07 09:40:32] Epoch 4 step [40|124] lr=0.00100000 acc: 97.66% loss: 0.001200
[2018-12-07 09:40:41] Epoch 4 step [50|124] lr=0.00100000 acc: 96.88% loss: 0.001282
[2018-12-07 09:40:54] Epoch 4 step [60|124] lr=0.00100000 acc: 98.28% loss: 0.000840
[2018-12-07 09:41:07] Epoch 4 step [70|124] lr=0.00100000 acc: 97.50% loss: 0.001136
[2018-12-07 09:41:24] Epoch 4 step [80|124] lr=0.00100000 acc: 97.50% loss: 0.000933
[2018-12-07 09:41:43] Epoch 4 step [90|124] lr=0.00100000 acc: 97.66% loss: 0.000920
[2018-12-07 09:42:03] Epoch 4 step [100|124] lr=0.00100000 acc: 98.44% loss: 0.001124
[2018-12-07 09:42:26] Epoch 4 step [110|124] lr=0.00100000 acc: 96.25% loss: 0.001443
[2018-12-07 09:43:00] Epoch 4 step [120|124] lr=0.00100000 acc: 96.56% loss: 0.001500
dev acc: 91.46% loss: 0.003723
test acc: 91.67% loss: 0.003710
not improved, best test acc: 91.77%, in epoch 2
[2018-12-07 09:43:30] Epoch 5 step [10|124] lr=0.00100000 acc: 95.16% loss: 0.002102
[2018-12-07 09:43:37] Epoch 5 step [20|124] lr=0.00100000 acc: 96.25% loss: 0.001836
[2018-12-07 09:43:45] Epoch 5 step [30|124] lr=0.00100000 acc: 97.19% loss: 0.001268
[2018-12-07 09:43:53] Epoch 5 step [40|124] lr=0.00100000 acc: 97.50% loss: 0.000977
[2018-12-07 09:44:04] Epoch 5 step [50|124] lr=0.00100000 acc: 97.81% loss: 0.000979
[2018-12-07 09:44:15] Epoch 5 step [60|124] lr=0.00100000 acc: 98.75% loss: 0.000749
[2018-12-07 09:44:29] Epoch 5 step [70|124] lr=0.00100000 acc: 99.06% loss: 0.000599
[2018-12-07 09:44:43] Epoch 5 step [80|124] lr=0.00100000 acc: 98.75% loss: 0.000452
[2018-12-07 09:45:01] Epoch 5 step [90|124] lr=0.00100000 acc: 98.44% loss: 0.000630
[2018-12-07 09:45:21] Epoch 5 step [100|124] lr=0.00100000 acc: 98.91% loss: 0.000722
[2018-12-07 09:45:46] Epoch 5 step [110|124] lr=0.00100000 acc: 98.59% loss: 0.000545
[2018-12-07 09:46:17] Epoch 5 step [120|124] lr=0.00100000 acc: 97.66% loss: 0.000642
dev acc: 91.35% loss: 0.003575
test acc: 92.08% loss: 0.003032
not improved, best test acc: 91.77%, in epoch 2
[2018-12-07 09:46:48] Epoch 6 step [10|124] lr=0.00100000 acc: 97.34% loss: 0.001272
[2018-12-07 09:46:54] Epoch 6 step [20|124] lr=0.00100000 acc: 97.34% loss: 0.001179
[2018-12-07 09:47:01] Epoch 6 step [30|124] lr=0.00100000 acc: 99.06% loss: 0.000642
[2018-12-07 09:47:09] Epoch 6 step [40|124] lr=0.00100000 acc: 97.97% loss: 0.000730
[2018-12-07 09:47:20] Epoch 6 step [50|124] lr=0.00100000 acc: 98.59% loss: 0.000709
[2018-12-07 09:47:31] Epoch 6 step [60|124] lr=0.00100000 acc: 99.38% loss: 0.000371
[2018-12-07 09:47:44] Epoch 6 step [70|124] lr=0.00100000 acc: 99.22% loss: 0.000483
[2018-12-07 09:47:59] Epoch 6 step [80|124] lr=0.00100000 acc: 99.38% loss: 0.000319
[2018-12-07 09:48:16] Epoch 6 step [90|124] lr=0.00100000 acc: 99.06% loss: 0.000430
[2018-12-07 09:48:37] Epoch 6 step [100|124] lr=0.00100000 acc: 99.69% loss: 0.000429
[2018-12-07 09:49:01] Epoch 6 step [110|124] lr=0.00100000 acc: 99.22% loss: 0.000432
[2018-12-07 09:49:31] Epoch 6 step [120|124] lr=0.00100000 acc: 98.91% loss: 0.000356
