data_dir=processed_data

----batch----
train_batch_size=64
train_batch_type=normal
dev_batch_size=64
dev_batch_type=normal
test_batch_size=64
test_batch_type=normal
shuffer=True
sort=True

----embedding----
embed_size=100
char_embed_size=50
embed_uniform_init=0.0
pre_embed_path=/home/zrr/projects/Data/glove.6B/glove.6B.100d.txt

----model----
model=treelstm
save_model_dir=save_models
save_model_every=1
save_model_start_from=0
hidden_num=1
hidden_size=100
bidirectional=True
dropout=0.3

----optimizer----
lr=0.001
optim=adam
weight_decay=1e-08
momentum=0.9
early_stop=9999999

----train----
epoch=100
print_every=10

----GPU----
gpu_device=0
use_cuda=False

----seed----
gpu_seed=23
seed=23

----log----
log_dir=log
log_fname=treelstm.subj-d3-predemb.log

[2018-12-06 21:50:46] Epoch 0 step [10|124] lr=0.00100000 acc: 58.28% loss: 0.017181
[2018-12-06 21:50:52] Epoch 0 step [20|124] lr=0.00100000 acc: 68.28% loss: 0.011442
[2018-12-06 21:50:59] Epoch 0 step [30|124] lr=0.00100000 acc: 78.59% loss: 0.009396
[2018-12-06 21:51:08] Epoch 0 step [40|124] lr=0.00100000 acc: 81.25% loss: 0.007770
[2018-12-06 21:51:18] Epoch 0 step [50|124] lr=0.00100000 acc: 85.94% loss: 0.005887
[2018-12-06 21:51:29] Epoch 0 step [60|124] lr=0.00100000 acc: 86.25% loss: 0.004976
[2018-12-06 21:51:42] Epoch 0 step [70|124] lr=0.00100000 acc: 87.03% loss: 0.005270
[2018-12-06 21:51:56] Epoch 0 step [80|124] lr=0.00100000 acc: 89.84% loss: 0.003901
[2018-12-06 21:52:13] Epoch 0 step [90|124] lr=0.00100000 acc: 89.69% loss: 0.004357
[2018-12-06 21:52:34] Epoch 0 step [100|124] lr=0.00100000 acc: 89.53% loss: 0.004390
[2018-12-06 21:52:57] Epoch 0 step [110|124] lr=0.00100000 acc: 90.31% loss: 0.004093
[2018-12-06 21:53:28] Epoch 0 step [120|124] lr=0.00100000 acc: 90.47% loss: 0.003760
dev acc: 90.10% loss: 0.003970
test acc: 89.17% loss: 0.004198
model saved succeed in save_models/2018-12-06-21-53-55-treelstm-model_epoch_0.pt
Update! best test acc: 89.17%
[2018-12-06 21:53:59] Epoch 1 step [10|124] lr=0.00100000 acc: 88.28% loss: 0.005168
[2018-12-06 21:54:05] Epoch 1 step [20|124] lr=0.00100000 acc: 87.19% loss: 0.005003
[2018-12-06 21:54:12] Epoch 1 step [30|124] lr=0.00100000 acc: 89.53% loss: 0.004125
[2018-12-06 21:54:20] Epoch 1 step [40|124] lr=0.00100000 acc: 87.97% loss: 0.004158
[2018-12-06 21:54:29] Epoch 1 step [50|124] lr=0.00100000 acc: 90.16% loss: 0.003536
[2018-12-06 21:54:42] Epoch 1 step [60|124] lr=0.00100000 acc: 92.81% loss: 0.003230
[2018-12-06 21:54:55] Epoch 1 step [70|124] lr=0.00100000 acc: 91.88% loss: 0.003452
[2018-12-06 21:55:10] Epoch 1 step [80|124] lr=0.00100000 acc: 93.12% loss: 0.002967
[2018-12-06 21:55:27] Epoch 1 step [90|124] lr=0.00100000 acc: 92.66% loss: 0.003048
[2018-12-06 21:55:46] Epoch 1 step [100|124] lr=0.00100000 acc: 91.25% loss: 0.003338
[2018-12-06 21:56:11] Epoch 1 step [110|124] lr=0.00100000 acc: 93.28% loss: 0.002876
[2018-12-06 21:56:42] Epoch 1 step [120|124] lr=0.00100000 acc: 92.66% loss: 0.002875
dev acc: 91.35% loss: 0.003388
test acc: 91.04% loss: 0.003574
model saved succeed in save_models/2018-12-06-21-57-07-treelstm-model_epoch_1.pt
Update! best test acc: 91.04%
[2018-12-06 21:57:12] Epoch 2 step [10|124] lr=0.00100000 acc: 88.12% loss: 0.004201
[2018-12-06 21:57:18] Epoch 2 step [20|124] lr=0.00100000 acc: 89.06% loss: 0.004192
[2018-12-06 21:57:24] Epoch 2 step [30|124] lr=0.00100000 acc: 93.59% loss: 0.003095
[2018-12-06 21:57:33] Epoch 2 step [40|124] lr=0.00100000 acc: 92.34% loss: 0.002805
[2018-12-06 21:57:43] Epoch 2 step [50|124] lr=0.00100000 acc: 93.12% loss: 0.002960
[2018-12-06 21:57:54] Epoch 2 step [60|124] lr=0.00100000 acc: 95.00% loss: 0.002278
[2018-12-06 21:58:08] Epoch 2 step [70|124] lr=0.00100000 acc: 93.12% loss: 0.002731
[2018-12-06 21:58:23] Epoch 2 step [80|124] lr=0.00100000 acc: 95.47% loss: 0.001936
[2018-12-06 21:58:40] Epoch 2 step [90|124] lr=0.00100000 acc: 95.47% loss: 0.002189
[2018-12-06 21:58:59] Epoch 2 step [100|124] lr=0.00100000 acc: 93.28% loss: 0.002750
[2018-12-06 21:59:24] Epoch 2 step [110|124] lr=0.00100000 acc: 94.38% loss: 0.002343
[2018-12-06 21:59:55] Epoch 2 step [120|124] lr=0.00100000 acc: 95.16% loss: 0.001892
dev acc: 92.08% loss: 0.003239
test acc: 91.77% loss: 0.003352
model saved succeed in save_models/2018-12-06-22-00-21-treelstm-model_epoch_2.pt
Update! best test acc: 91.77%
[2018-12-06 22:00:25] Epoch 3 step [10|124] lr=0.00100000 acc: 90.78% loss: 0.003266
[2018-12-06 22:00:30] Epoch 3 step [20|124] lr=0.00100000 acc: 91.88% loss: 0.003189
[2018-12-06 22:00:36] Epoch 3 step [30|124] lr=0.00100000 acc: 95.00% loss: 0.002330
[2018-12-06 22:00:44] Epoch 3 step [40|124] lr=0.00100000 acc: 93.59% loss: 0.002365
[2018-12-06 22:00:53] Epoch 3 step [50|124] lr=0.00100000 acc: 95.00% loss: 0.002149
[2018-12-06 22:01:03] Epoch 3 step [60|124] lr=0.00100000 acc: 96.41% loss: 0.001693
[2018-12-06 22:01:15] Epoch 3 step [70|124] lr=0.00100000 acc: 95.78% loss: 0.002011
[2018-12-06 22:01:30] Epoch 3 step [80|124] lr=0.00100000 acc: 95.16% loss: 0.001829
[2018-12-06 22:01:46] Epoch 3 step [90|124] lr=0.00100000 acc: 95.62% loss: 0.001645
[2018-12-06 22:02:05] Epoch 3 step [100|124] lr=0.00100000 acc: 96.88% loss: 0.001626
[2018-12-06 22:02:27] Epoch 3 step [110|124] lr=0.00100000 acc: 95.47% loss: 0.001979
[2018-12-06 22:02:58] Epoch 3 step [120|124] lr=0.00100000 acc: 96.09% loss: 0.001495
dev acc: 91.56% loss: 0.003412
test acc: 91.46% loss: 0.003665
not improved, best test acc: 91.77%, in epoch 2
[2018-12-06 22:03:26] Epoch 4 step [10|124] lr=0.00100000 acc: 94.06% loss: 0.002524
[2018-12-06 22:03:32] Epoch 4 step [20|124] lr=0.00100000 acc: 93.91% loss: 0.002457
[2018-12-06 22:03:38] Epoch 4 step [30|124] lr=0.00100000 acc: 96.09% loss: 0.001827
[2018-12-06 22:03:46] Epoch 4 step [40|124] lr=0.00100000 acc: 96.72% loss: 0.001573
[2018-12-06 22:03:55] Epoch 4 step [50|124] lr=0.00100000 acc: 96.25% loss: 0.001571
[2018-12-06 22:04:05] Epoch 4 step [60|124] lr=0.00100000 acc: 97.19% loss: 0.001146
[2018-12-06 22:04:17] Epoch 4 step [70|124] lr=0.00100000 acc: 96.56% loss: 0.001481
[2018-12-06 22:04:30] Epoch 4 step [80|124] lr=0.00100000 acc: 97.03% loss: 0.001117
[2018-12-06 22:04:47] Epoch 4 step [90|124] lr=0.00100000 acc: 97.03% loss: 0.001275
[2018-12-06 22:05:06] Epoch 4 step [100|124] lr=0.00100000 acc: 97.19% loss: 0.001246
[2018-12-06 22:05:28] Epoch 4 step [110|124] lr=0.00100000 acc: 96.09% loss: 0.001600
[2018-12-06 22:05:58] Epoch 4 step [120|124] lr=0.00100000 acc: 97.50% loss: 0.001043
dev acc: 91.67% loss: 0.003218
test acc: 91.77% loss: 0.003260
not improved, best test acc: 91.77%, in epoch 2
[2018-12-06 22:06:27] Epoch 5 step [10|124] lr=0.00100000 acc: 95.16% loss: 0.002054
[2018-12-06 22:06:32] Epoch 5 step [20|124] lr=0.00100000 acc: 95.78% loss: 0.001994
[2018-12-06 22:06:38] Epoch 5 step [30|124] lr=0.00100000 acc: 97.66% loss: 0.001341
[2018-12-06 22:06:47] Epoch 5 step [40|124] lr=0.00100000 acc: 96.72% loss: 0.001275
[2018-12-06 22:06:56] Epoch 5 step [50|124] lr=0.00100000 acc: 97.03% loss: 0.001299
[2018-12-06 22:07:07] Epoch 5 step [60|124] lr=0.00100000 acc: 97.19% loss: 0.001065
[2018-12-06 22:07:19] Epoch 5 step [70|124] lr=0.00100000 acc: 97.34% loss: 0.001208
[2018-12-06 22:07:32] Epoch 5 step [80|124] lr=0.00100000 acc: 98.12% loss: 0.000802
[2018-12-06 22:07:48] Epoch 5 step [90|124] lr=0.00100000 acc: 97.66% loss: 0.000902
[2018-12-06 22:08:08] Epoch 5 step [100|124] lr=0.00100000 acc: 98.12% loss: 0.000960
[2018-12-06 22:08:30] Epoch 5 step [110|124] lr=0.00100000 acc: 97.81% loss: 0.001020
[2018-12-06 22:09:00] Epoch 5 step [120|124] lr=0.00100000 acc: 98.12% loss: 0.000873
dev acc: 91.46% loss: 0.003416
test acc: 92.71% loss: 0.002946
not improved, best test acc: 91.77%, in epoch 2
[2018-12-06 22:09:29] Epoch 6 step [10|124] lr=0.00100000 acc: 97.03% loss: 0.001527
[2018-12-06 22:09:34] Epoch 6 step [20|124] lr=0.00100000 acc: 97.50% loss: 0.001448
[2018-12-06 22:09:40] Epoch 6 step [30|124] lr=0.00100000 acc: 98.12% loss: 0.000966
[2018-12-06 22:09:48] Epoch 6 step [40|124] lr=0.00100000 acc: 97.19% loss: 0.001099
[2018-12-06 22:09:57] Epoch 6 step [50|124] lr=0.00100000 acc: 97.19% loss: 0.001137
[2018-12-06 22:10:08] Epoch 6 step [60|124] lr=0.00100000 acc: 98.91% loss: 0.000564
[2018-12-06 22:10:20] Epoch 6 step [70|124] lr=0.00100000 acc: 98.28% loss: 0.000697
[2018-12-06 22:10:34] Epoch 6 step [80|124] lr=0.00100000 acc: 98.75% loss: 0.000591
[2018-12-06 22:10:50] Epoch 6 step [90|124] lr=0.00100000 acc: 98.59% loss: 0.000578
[2018-12-06 22:11:08] Epoch 6 step [100|124] lr=0.00100000 acc: 98.75% loss: 0.000660
[2018-12-06 22:11:32] Epoch 6 step [110|124] lr=0.00100000 acc: 98.91% loss: 0.000493
[2018-12-06 22:12:02] Epoch 6 step [120|124] lr=0.00100000 acc: 99.38% loss: 0.000389
dev acc: 91.98% loss: 0.003793
test acc: 92.92% loss: 0.003134
not improved, best test acc: 91.77%, in epoch 2
[2018-12-06 22:12:31] Epoch 7 step [10|124] lr=0.00100000 acc: 97.50% loss: 0.001167
[2018-12-06 22:12:36] Epoch 7 step [20|124] lr=0.00100000 acc: 97.19% loss: 0.000960
[2018-12-06 22:12:42] Epoch 7 step [30|124] lr=0.00100000 acc: 98.44% loss: 0.000737
[2018-12-06 22:12:50] Epoch 7 step [40|124] lr=0.00100000 acc: 98.75% loss: 0.000492
