data_dir=mr_processed_data

----batch----
train_batch_size=64
train_batch_type=normal
dev_batch_size=64
dev_batch_type=normal
test_batch_size=64
test_batch_type=normal
shuffer=True
sort=True

----embedding----
embed_size=100
char_embed_size=50
embed_uniform_init=0.0
pre_embed_path=/home/zrr/projects/Data/glove.6B/glove.6B.100d.txt

----model----
model=treelstm
save_model_dir=save_models
save_model_every=1
save_model_start_from=0
hidden_num=1
hidden_size=100
bidirectional=True
dropout=0.1

----optimizer----
lr=0.001
optim=adam
weight_decay=1e-08
momentum=0.9
early_stop=9999999

----train----
epoch=100
print_every=10

----GPU----
gpu_device=0
use_cuda=False

----seed----
gpu_seed=23
seed=23

----log----
log_dir=log
log_fname=treelstm.mr.log

[2018-12-07 10:27:40] Epoch 0 step [10|133] lr=0.00100000 acc: 53.91% loss: 0.018174
[2018-12-07 10:27:44] Epoch 0 step [20|133] lr=0.00100000 acc: 55.62% loss: 0.012267
[2018-12-07 10:27:49] Epoch 0 step [30|133] lr=0.00100000 acc: 61.09% loss: 0.010608
[2018-12-07 10:27:56] Epoch 0 step [40|133] lr=0.00100000 acc: 64.22% loss: 0.010225
[2018-12-07 10:28:04] Epoch 0 step [50|133] lr=0.00100000 acc: 67.81% loss: 0.009765
[2018-12-07 10:28:13] Epoch 0 step [60|133] lr=0.00100000 acc: 67.03% loss: 0.009620
[2018-12-07 10:28:25] Epoch 0 step [70|133] lr=0.00100000 acc: 68.12% loss: 0.009308
[2018-12-07 10:28:38] Epoch 0 step [80|133] lr=0.00100000 acc: 67.97% loss: 0.009035
[2018-12-07 10:28:52] Epoch 0 step [90|133] lr=0.00100000 acc: 68.91% loss: 0.009167
[2018-12-07 10:29:08] Epoch 0 step [100|133] lr=0.00100000 acc: 70.16% loss: 0.008970
[2018-12-07 10:29:27] Epoch 0 step [110|133] lr=0.00100000 acc: 69.84% loss: 0.008947
[2018-12-07 10:29:50] Epoch 0 step [120|133] lr=0.00100000 acc: 68.91% loss: 0.009215
[2018-12-07 10:30:17] Epoch 0 step [130|133] lr=0.00100000 acc: 70.78% loss: 0.009088
dev acc: 70.02% loss: 0.008742
test acc: 69.43% loss: 0.008735
model saved succeed in save_models/2018-12-07-10-30-36-treelstm-model_epoch_0.pt
Update! best test acc: 69.43%
[2018-12-07 10:30:38] Epoch 1 step [10|133] lr=0.00100000 acc: 82.66% loss: 0.007439
[2018-12-07 10:30:42] Epoch 1 step [20|133] lr=0.00100000 acc: 77.50% loss: 0.007275
[2018-12-07 10:30:48] Epoch 1 step [30|133] lr=0.00100000 acc: 80.62% loss: 0.007077
[2018-12-07 10:30:54] Epoch 1 step [40|133] lr=0.00100000 acc: 77.81% loss: 0.007065
[2018-12-07 10:31:03] Epoch 1 step [50|133] lr=0.00100000 acc: 79.38% loss: 0.006524
[2018-12-07 10:31:12] Epoch 1 step [60|133] lr=0.00100000 acc: 79.84% loss: 0.006744
[2018-12-07 10:31:23] Epoch 1 step [70|133] lr=0.00100000 acc: 79.22% loss: 0.006660
[2018-12-07 10:31:36] Epoch 1 step [80|133] lr=0.00100000 acc: 79.84% loss: 0.006999
[2018-12-07 10:31:51] Epoch 1 step [90|133] lr=0.00100000 acc: 78.44% loss: 0.007287
[2018-12-07 10:32:08] Epoch 1 step [100|133] lr=0.00100000 acc: 82.34% loss: 0.006433
[2018-12-07 10:32:27] Epoch 1 step [110|133] lr=0.00100000 acc: 78.44% loss: 0.007381
[2018-12-07 10:32:49] Epoch 1 step [120|133] lr=0.00100000 acc: 77.34% loss: 0.007186
[2018-12-07 10:33:17] Epoch 1 step [130|133] lr=0.00100000 acc: 79.38% loss: 0.007193
dev acc: 74.90% loss: 0.007800
test acc: 73.73% loss: 0.007753
model saved succeed in save_models/2018-12-07-10-33-34-treelstm-model_epoch_1.pt
Update! best test acc: 73.73%
[2018-12-07 10:33:37] Epoch 2 step [10|133] lr=0.00100000 acc: 84.38% loss: 0.005577
[2018-12-07 10:33:41] Epoch 2 step [20|133] lr=0.00100000 acc: 84.53% loss: 0.005343
[2018-12-07 10:33:46] Epoch 2 step [30|133] lr=0.00100000 acc: 85.00% loss: 0.005502
[2018-12-07 10:33:54] Epoch 2 step [40|133] lr=0.00100000 acc: 84.69% loss: 0.005181
[2018-12-07 10:34:03] Epoch 2 step [50|133] lr=0.00100000 acc: 88.12% loss: 0.004556
[2018-12-07 10:34:12] Epoch 2 step [60|133] lr=0.00100000 acc: 85.94% loss: 0.005313
[2018-12-07 10:34:23] Epoch 2 step [70|133] lr=0.00100000 acc: 85.47% loss: 0.004954
[2018-12-07 10:34:36] Epoch 2 step [80|133] lr=0.00100000 acc: 85.78% loss: 0.005465
[2018-12-07 10:34:51] Epoch 2 step [90|133] lr=0.00100000 acc: 83.44% loss: 0.005815
[2018-12-07 10:35:08] Epoch 2 step [100|133] lr=0.00100000 acc: 90.16% loss: 0.004648
[2018-12-07 10:35:27] Epoch 2 step [110|133] lr=0.00100000 acc: 84.06% loss: 0.006148
[2018-12-07 10:35:49] Epoch 2 step [120|133] lr=0.00100000 acc: 84.53% loss: 0.005144
[2018-12-07 10:36:16] Epoch 2 step [130|133] lr=0.00100000 acc: 85.78% loss: 0.005358
dev acc: 76.37% loss: 0.007713
test acc: 75.00% loss: 0.007840
model saved succeed in save_models/2018-12-07-10-36-35-treelstm-model_epoch_2.pt
Update! best test acc: 75.00%
[2018-12-07 10:36:38] Epoch 3 step [10|133] lr=0.00100000 acc: 88.59% loss: 0.004440
[2018-12-07 10:36:42] Epoch 3 step [20|133] lr=0.00100000 acc: 89.53% loss: 0.003945
[2018-12-07 10:36:47] Epoch 3 step [30|133] lr=0.00100000 acc: 91.09% loss: 0.003575
[2018-12-07 10:36:54] Epoch 3 step [40|133] lr=0.00100000 acc: 89.38% loss: 0.003807
[2018-12-07 10:37:03] Epoch 3 step [50|133] lr=0.00100000 acc: 91.88% loss: 0.003224
[2018-12-07 10:37:13] Epoch 3 step [60|133] lr=0.00100000 acc: 89.38% loss: 0.003984
[2018-12-07 10:37:24] Epoch 3 step [70|133] lr=0.00100000 acc: 90.00% loss: 0.003732
[2018-12-07 10:37:36] Epoch 3 step [80|133] lr=0.00100000 acc: 90.47% loss: 0.003875
[2018-12-07 10:37:51] Epoch 3 step [90|133] lr=0.00100000 acc: 88.91% loss: 0.004026
[2018-12-07 10:38:07] Epoch 3 step [100|133] lr=0.00100000 acc: 91.41% loss: 0.003393
[2018-12-07 10:38:27] Epoch 3 step [110|133] lr=0.00100000 acc: 89.06% loss: 0.004400
[2018-12-07 10:38:49] Epoch 3 step [120|133] lr=0.00100000 acc: 89.84% loss: 0.003437
[2018-12-07 10:39:17] Epoch 3 step [130|133] lr=0.00100000 acc: 90.31% loss: 0.003440
dev acc: 77.34% loss: 0.007676
test acc: 77.25% loss: 0.007740
model saved succeed in save_models/2018-12-07-10-39-35-treelstm-model_epoch_3.pt
Update! best test acc: 77.25%
[2018-12-07 10:39:38] Epoch 4 step [10|133] lr=0.00100000 acc: 92.19% loss: 0.003360
[2018-12-07 10:39:42] Epoch 4 step [20|133] lr=0.00100000 acc: 92.66% loss: 0.002845
[2018-12-07 10:39:47] Epoch 4 step [30|133] lr=0.00100000 acc: 93.75% loss: 0.002575
[2018-12-07 10:39:54] Epoch 4 step [40|133] lr=0.00100000 acc: 92.66% loss: 0.002743
[2018-12-07 10:40:02] Epoch 4 step [50|133] lr=0.00100000 acc: 94.53% loss: 0.002217
[2018-12-07 10:40:12] Epoch 4 step [60|133] lr=0.00100000 acc: 92.34% loss: 0.002809
[2018-12-07 10:40:23] Epoch 4 step [70|133] lr=0.00100000 acc: 93.28% loss: 0.002739
[2018-12-07 10:40:37] Epoch 4 step [80|133] lr=0.00100000 acc: 93.28% loss: 0.002733
[2018-12-07 10:40:51] Epoch 4 step [90|133] lr=0.00100000 acc: 92.81% loss: 0.002647
[2018-12-07 10:41:08] Epoch 4 step [100|133] lr=0.00100000 acc: 93.28% loss: 0.002346
[2018-12-07 10:41:26] Epoch 4 step [110|133] lr=0.00100000 acc: 92.81% loss: 0.002586
[2018-12-07 10:41:49] Epoch 4 step [120|133] lr=0.00100000 acc: 93.75% loss: 0.002355
[2018-12-07 10:42:17] Epoch 4 step [130|133] lr=0.00100000 acc: 94.22% loss: 0.002305
dev acc: 76.56% loss: 0.008382
test acc: 78.12% loss: 0.008569
not improved, best test acc: 77.25%, in epoch 3
[2018-12-07 10:42:38] Epoch 5 step [10|133] lr=0.00100000 acc: 93.44% loss: 0.002549
[2018-12-07 10:42:42] Epoch 5 step [20|133] lr=0.00100000 acc: 94.84% loss: 0.002185
[2018-12-07 10:42:48] Epoch 5 step [30|133] lr=0.00100000 acc: 95.16% loss: 0.001964
[2018-12-07 10:42:55] Epoch 5 step [40|133] lr=0.00100000 acc: 96.25% loss: 0.001766
[2018-12-07 10:43:03] Epoch 5 step [50|133] lr=0.00100000 acc: 96.41% loss: 0.001566
[2018-12-07 10:43:13] Epoch 5 step [60|133] lr=0.00100000 acc: 95.47% loss: 0.001966
[2018-12-07 10:43:24] Epoch 5 step [70|133] lr=0.00100000 acc: 94.69% loss: 0.002235
[2018-12-07 10:43:37] Epoch 5 step [80|133] lr=0.00100000 acc: 93.75% loss: 0.002300
[2018-12-07 10:43:53] Epoch 5 step [90|133] lr=0.00100000 acc: 95.47% loss: 0.001771
[2018-12-07 10:44:09] Epoch 5 step [100|133] lr=0.00100000 acc: 97.97% loss: 0.001169
[2018-12-07 10:44:28] Epoch 5 step [110|133] lr=0.00100000 acc: 97.03% loss: 0.001524
[2018-12-07 10:44:50] Epoch 5 step [120|133] lr=0.00100000 acc: 97.34% loss: 0.001164
[2018-12-07 10:45:19] Epoch 5 step [130|133] lr=0.00100000 acc: 98.28% loss: 0.001000
dev acc: 76.56% loss: 0.009788
test acc: 77.83% loss: 0.009998
not improved, best test acc: 77.25%, in epoch 3
[2018-12-07 10:45:39] Epoch 6 step [10|133] lr=0.00100000 acc: 94.69% loss: 0.002091
[2018-12-07 10:45:43] Epoch 6 step [20|133] lr=0.00100000 acc: 97.81% loss: 0.001366
[2018-12-07 10:45:48] Epoch 6 step [30|133] lr=0.00100000 acc: 96.72% loss: 0.001512
[2018-12-07 10:45:56] Epoch 6 step [40|133] lr=0.00100000 acc: 97.34% loss: 0.001260
[2018-12-07 10:46:05] Epoch 6 step [50|133] lr=0.00100000 acc: 98.12% loss: 0.000975
[2018-12-07 10:46:14] Epoch 6 step [60|133] lr=0.00100000 acc: 96.56% loss: 0.001245
[2018-12-07 10:46:25] Epoch 6 step [70|133] lr=0.00100000 acc: 96.56% loss: 0.001455
[2018-12-07 10:46:37] Epoch 6 step [80|133] lr=0.00100000 acc: 96.56% loss: 0.001404
[2018-12-07 10:46:51] Epoch 6 step [90|133] lr=0.00100000 acc: 97.66% loss: 0.001222
[2018-12-07 10:47:08] Epoch 6 step [100|133] lr=0.00100000 acc: 98.44% loss: 0.000689
[2018-12-07 10:47:27] Epoch 6 step [110|133] lr=0.00100000 acc: 98.28% loss: 0.000909
[2018-12-07 10:47:48] Epoch 6 step [120|133] lr=0.00100000 acc: 99.38% loss: 0.000612
[2018-12-07 10:48:15] Epoch 6 step [130|133] lr=0.00100000 acc: 97.66% loss: 0.000903
dev acc: 75.49% loss: 0.012062
test acc: 78.22% loss: 0.012125
not improved, best test acc: 77.25%, in epoch 3
[2018-12-07 10:48:36] Epoch 7 step [10|133] lr=0.00100000 acc: 95.62% loss: 0.001830
[2018-12-07 10:48:40] Epoch 7 step [20|133] lr=0.00100000 acc: 97.19% loss: 0.001158
[2018-12-07 10:48:46] Epoch 7 step [30|133] lr=0.00100000 acc: 97.34% loss: 0.001294
[2018-12-07 10:48:53] Epoch 7 step [40|133] lr=0.00100000 acc: 98.12% loss: 0.000839
[2018-12-07 10:49:02] Epoch 7 step [50|133] lr=0.00100000 acc: 98.12% loss: 0.000790
[2018-12-07 10:49:12] Epoch 7 step [60|133] lr=0.00100000 acc: 98.28% loss: 0.000802
[2018-12-07 10:49:23] Epoch 7 step [70|133] lr=0.00100000 acc: 98.12% loss: 0.000774
[2018-12-07 10:49:36] Epoch 7 step [80|133] lr=0.00100000 acc: 97.66% loss: 0.001015
[2018-12-07 10:49:50] Epoch 7 step [90|133] lr=0.00100000 acc: 97.81% loss: 0.001028
[2018-12-07 10:50:07] Epoch 7 step [100|133] lr=0.00100000 acc: 98.44% loss: 0.000626
[2018-12-07 10:50:26] Epoch 7 step [110|133] lr=0.00100000 acc: 99.22% loss: 0.000565
[2018-12-07 10:50:49] Epoch 7 step [120|133] lr=0.00100000 acc: 99.06% loss: 0.000525
[2018-12-07 10:51:17] Epoch 7 step [130|133] lr=0.00100000 acc: 99.53% loss: 0.000368
dev acc: 76.66% loss: 0.011679
test acc: 76.17% loss: 0.012621
not improved, best test acc: 77.25%, in epoch 3
[2018-12-07 10:51:38] Epoch 8 step [10|133] lr=0.00100000 acc: 96.56% loss: 0.001531
[2018-12-07 10:51:42] Epoch 8 step [20|133] lr=0.00100000 acc: 98.12% loss: 0.000935
[2018-12-07 10:51:47] Epoch 8 step [30|133] lr=0.00100000 acc: 97.97% loss: 0.001004
[2018-12-07 10:51:54] Epoch 8 step [40|133] lr=0.00100000 acc: 99.22% loss: 0.000547
[2018-12-07 10:52:02] Epoch 8 step [50|133] lr=0.00100000 acc: 98.75% loss: 0.000706
[2018-12-07 10:52:12] Epoch 8 step [60|133] lr=0.00100000 acc: 98.28% loss: 0.000796
[2018-12-07 10:52:23] Epoch 8 step [70|133] lr=0.00100000 acc: 98.44% loss: 0.000618
[2018-12-07 10:52:36] Epoch 8 step [80|133] lr=0.00100000 acc: 98.91% loss: 0.000504
[2018-12-07 10:52:51] Epoch 8 step [90|133] lr=0.00100000 acc: 99.06% loss: 0.000525
[2018-12-07 10:53:07] Epoch 8 step [100|133] lr=0.00100000 acc: 98.91% loss: 0.000372
[2018-12-07 10:53:26] Epoch 8 step [110|133] lr=0.00100000 acc: 99.22% loss: 0.000346
[2018-12-07 10:53:49] Epoch 8 step [120|133] lr=0.00100000 acc: 99.38% loss: 0.000464
[2018-12-07 10:54:17] Epoch 8 step [130|133] lr=0.00100000 acc: 99.06% loss: 0.000303
dev acc: 76.46% loss: 0.012659
test acc: 75.39% loss: 0.013787
not improved, best test acc: 77.25%, in epoch 3
[2018-12-07 10:54:39] Epoch 9 step [10|133] lr=0.00100000 acc: 98.12% loss: 0.000944
[2018-12-07 10:54:43] Epoch 9 step [20|133] lr=0.00100000 acc: 99.53% loss: 0.000596
[2018-12-07 10:54:49] Epoch 9 step [30|133] lr=0.00100000 acc: 98.59% loss: 0.000644
[2018-12-07 10:54:56] Epoch 9 step [40|133] lr=0.00100000 acc: 99.06% loss: 0.000529
[2018-12-07 10:55:04] Epoch 9 step [50|133] lr=0.00100000 acc: 98.75% loss: 0.000542
[2018-12-07 10:55:13] Epoch 9 step [60|133] lr=0.00100000 acc: 99.22% loss: 0.000441
[2018-12-07 10:55:24] Epoch 9 step [70|133] lr=0.00100000 acc: 99.38% loss: 0.000340
[2018-12-07 10:55:37] Epoch 9 step [80|133] lr=0.00100000 acc: 98.91% loss: 0.000411
[2018-12-07 10:55:52] Epoch 9 step [90|133] lr=0.00100000 acc: 99.38% loss: 0.000278
[2018-12-07 10:56:09] Epoch 9 step [100|133] lr=0.00100000 acc: 99.84% loss: 0.000155
[2018-12-07 10:56:27] Epoch 9 step [110|133] lr=0.00100000 acc: 99.69% loss: 0.000222
[2018-12-07 10:56:49] Epoch 9 step [120|133] lr=0.00100000 acc: 99.69% loss: 0.000195
[2018-12-07 10:57:18] Epoch 9 step [130|133] lr=0.00100000 acc: 99.22% loss: 0.000279
dev acc: 75.78% loss: 0.015363
test acc: 73.34% loss: 0.017947
not improved, best test acc: 77.25%, in epoch 3
[2018-12-07 10:57:38] Epoch 10 step [10|133] lr=0.00100000 acc: 98.59% loss: 0.000818
[2018-12-07 10:57:42] Epoch 10 step [20|133] lr=0.00100000 acc: 99.06% loss: 0.000588
[2018-12-07 10:57:48] Epoch 10 step [30|133] lr=0.00100000 acc: 98.75% loss: 0.000560
[2018-12-07 10:57:55] Epoch 10 step [40|133] lr=0.00100000 acc: 99.38% loss: 0.000369
[2018-12-07 10:58:04] Epoch 10 step [50|133] lr=0.00100000 acc: 98.91% loss: 0.000410
[2018-12-07 10:58:14] Epoch 10 step [60|133] lr=0.00100000 acc: 99.53% loss: 0.000398
[2018-12-07 10:58:25] Epoch 10 step [70|133] lr=0.00100000 acc: 99.69% loss: 0.000223
[2018-12-07 10:58:38] Epoch 10 step [80|133] lr=0.00100000 acc: 99.69% loss: 0.000173
[2018-12-07 10:58:52] Epoch 10 step [90|133] lr=0.00100000 acc: 99.38% loss: 0.000255
[2018-12-07 10:59:09] Epoch 10 step [100|133] lr=0.00100000 acc: 100.00% loss: 0.000141
[2018-12-07 10:59:28] Epoch 10 step [110|133] lr=0.00100000 acc: 100.00% loss: 0.000095
[2018-12-07 10:59:50] Epoch 10 step [120|133] lr=0.00100000 acc: 99.84% loss: 0.000100
[2018-12-07 11:00:19] Epoch 10 step [130|133] lr=0.00100000 acc: 99.69% loss: 0.000173
dev acc: 75.59% loss: 0.015764
test acc: 75.10% loss: 0.018186
not improved, best test acc: 77.25%, in epoch 3
[2018-12-07 11:00:40] Epoch 11 step [10|133] lr=0.00100000 acc: 98.75% loss: 0.000638
[2018-12-07 11:00:44] Epoch 11 step [20|133] lr=0.00100000 acc: 99.22% loss: 0.000404
[2018-12-07 11:00:49] Epoch 11 step [30|133] lr=0.00100000 acc: 99.53% loss: 0.000242
[2018-12-07 11:00:56] Epoch 11 step [40|133] lr=0.00100000 acc: 99.22% loss: 0.000321
[2018-12-07 11:01:04] Epoch 11 step [50|133] lr=0.00100000 acc: 99.22% loss: 0.000369
[2018-12-07 11:01:14] Epoch 11 step [60|133] lr=0.00100000 acc: 99.06% loss: 0.000265
[2018-12-07 11:01:26] Epoch 11 step [70|133] lr=0.00100000 acc: 99.69% loss: 0.000283
[2018-12-07 11:01:39] Epoch 11 step [80|133] lr=0.00100000 acc: 99.84% loss: 0.000173
[2018-12-07 11:01:54] Epoch 11 step [90|133] lr=0.00100000 acc: 100.00% loss: 0.000092
[2018-12-07 11:02:10] Epoch 11 step [100|133] lr=0.00100000 acc: 99.84% loss: 0.000154
[2018-12-07 11:02:30] Epoch 11 step [110|133] lr=0.00100000 acc: 99.69% loss: 0.000217
[2018-12-07 11:02:52] Epoch 11 step [120|133] lr=0.00100000 acc: 99.69% loss: 0.000180
[2018-12-07 11:03:20] Epoch 11 step [130|133] lr=0.00100000 acc: 99.84% loss: 0.000126
dev acc: 76.27% loss: 0.015734
test acc: 75.10% loss: 0.017211
not improved, best test acc: 77.25%, in epoch 3
8 epoch have not improved, so adjust lr to 0.0007
[2018-12-07 11:03:41] Epoch 12 step [10|133] lr=0.00070000 acc: 98.91% loss: 0.000547
[2018-12-07 11:03:45] Epoch 12 step [20|133] lr=0.00070000 acc: 99.69% loss: 0.000276
[2018-12-07 11:03:51] Epoch 12 step [30|133] lr=0.00070000 acc: 99.69% loss: 0.000247
[2018-12-07 11:03:57] Epoch 12 step [40|133] lr=0.00070000 acc: 99.84% loss: 0.000170
[2018-12-07 11:04:06] Epoch 12 step [50|133] lr=0.00070000 acc: 99.53% loss: 0.000181
[2018-12-07 11:04:15] Epoch 12 step [60|133] lr=0.00070000 acc: 99.22% loss: 0.000249
[2018-12-07 11:04:27] Epoch 12 step [70|133] lr=0.00070000 acc: 99.38% loss: 0.000257
[2018-12-07 11:04:40] Epoch 12 step [80|133] lr=0.00070000 acc: 99.53% loss: 0.000191
[2018-12-07 11:04:55] Epoch 12 step [90|133] lr=0.00070000 acc: 99.84% loss: 0.000132
[2018-12-07 11:05:12] Epoch 12 step [100|133] lr=0.00070000 acc: 99.69% loss: 0.000167
[2018-12-07 11:05:31] Epoch 12 step [110|133] lr=0.00070000 acc: 100.00% loss: 0.000052
[2018-12-07 11:05:54] Epoch 12 step [120|133] lr=0.00070000 acc: 100.00% loss: 0.000040
[2018-12-07 11:06:22] Epoch 12 step [130|133] lr=0.00070000 acc: 100.00% loss: 0.000055
dev acc: 76.37% loss: 0.016484
test acc: 75.59% loss: 0.017745
not improved, best test acc: 77.25%, in epoch 3
[2018-12-07 11:06:42] Epoch 13 step [10|133] lr=0.00070000 acc: 99.06% loss: 0.000429
[2018-12-07 11:06:47] Epoch 13 step [20|133] lr=0.00070000 acc: 99.53% loss: 0.000193
[2018-12-07 11:06:52] Epoch 13 step [30|133] lr=0.00070000 acc: 99.84% loss: 0.000163
[2018-12-07 11:06:59] Epoch 13 step [40|133] lr=0.00070000 acc: 99.22% loss: 0.000289
[2018-12-07 11:07:08] Epoch 13 step [50|133] lr=0.00070000 acc: 99.53% loss: 0.000261
[2018-12-07 11:07:17] Epoch 13 step [60|133] lr=0.00070000 acc: 99.38% loss: 0.000314
[2018-12-07 11:07:28] Epoch 13 step [70|133] lr=0.00070000 acc: 99.53% loss: 0.000251
[2018-12-07 11:07:41] Epoch 13 step [80|133] lr=0.00070000 acc: 99.84% loss: 0.000117
[2018-12-07 11:07:55] Epoch 13 step [90|133] lr=0.00070000 acc: 99.84% loss: 0.000122
[2018-12-07 11:08:13] Epoch 13 step [100|133] lr=0.00070000 acc: 99.53% loss: 0.000181
[2018-12-07 11:08:32] Epoch 13 step [110|133] lr=0.00070000 acc: 100.00% loss: 0.000025
[2018-12-07 11:08:54] Epoch 13 step [120|133] lr=0.00070000 acc: 100.00% loss: 0.000043
[2018-12-07 11:09:23] Epoch 13 step [130|133] lr=0.00070000 acc: 100.00% loss: 0.000048
dev acc: 76.07% loss: 0.017155
test acc: 76.17% loss: 0.018586
not improved, best test acc: 77.25%, in epoch 3
[2018-12-07 11:09:43] Epoch 14 step [10|133] lr=0.00070000 acc: 98.91% loss: 0.000433
[2018-12-07 11:09:48] Epoch 14 step [20|133] lr=0.00070000 acc: 100.00% loss: 0.000155
[2018-12-07 11:09:53] Epoch 14 step [30|133] lr=0.00070000 acc: 100.00% loss: 0.000144
[2018-12-07 11:10:00] Epoch 14 step [40|133] lr=0.00070000 acc: 99.53% loss: 0.000214
[2018-12-07 11:10:10] Epoch 14 step [50|133] lr=0.00070000 acc: 99.84% loss: 0.000098
[2018-12-07 11:10:19] Epoch 14 step [60|133] lr=0.00070000 acc: 99.53% loss: 0.000319
[2018-12-07 11:10:31] Epoch 14 step [70|133] lr=0.00070000 acc: 99.22% loss: 0.000181
[2018-12-07 11:10:43] Epoch 14 step [80|133] lr=0.00070000 acc: 99.22% loss: 0.000205
[2018-12-07 11:10:58] Epoch 14 step [90|133] lr=0.00070000 acc: 99.69% loss: 0.000133
[2018-12-07 11:11:14] Epoch 14 step [100|133] lr=0.00070000 acc: 99.84% loss: 0.000088
[2018-12-07 11:11:34] Epoch 14 step [110|133] lr=0.00070000 acc: 100.00% loss: 0.000062
[2018-12-07 11:11:56] Epoch 14 step [120|133] lr=0.00070000 acc: 100.00% loss: 0.000037
[2018-12-07 11:12:23] Epoch 14 step [130|133] lr=0.00070000 acc: 100.00% loss: 0.000025
dev acc: 76.27% loss: 0.017027
test acc: 76.46% loss: 0.018448
not improved, best test acc: 77.25%, in epoch 3
[2018-12-07 11:12:44] Epoch 15 step [10|133] lr=0.00070000 acc: 99.06% loss: 0.000428
[2018-12-07 11:12:48] Epoch 15 step [20|133] lr=0.00070000 acc: 99.84% loss: 0.000177
[2018-12-07 11:12:53] Epoch 15 step [30|133] lr=0.00070000 acc: 99.38% loss: 0.000239
[2018-12-07 11:13:00] Epoch 15 step [40|133] lr=0.00070000 acc: 100.00% loss: 0.000118
[2018-12-07 11:13:09] Epoch 15 step [50|133] lr=0.00070000 acc: 99.69% loss: 0.000144
[2018-12-07 11:13:18] Epoch 15 step [60|133] lr=0.00070000 acc: 99.84% loss: 0.000154
[2018-12-07 11:13:30] Epoch 15 step [70|133] lr=0.00070000 acc: 100.00% loss: 0.000054
[2018-12-07 11:13:43] Epoch 15 step [80|133] lr=0.00070000 acc: 99.53% loss: 0.000176
[2018-12-07 11:13:57] Epoch 15 step [90|133] lr=0.00070000 acc: 99.69% loss: 0.000147
[2018-12-07 11:14:13] Epoch 15 step [100|133] lr=0.00070000 acc: 100.00% loss: 0.000031
[2018-12-07 11:14:32] Epoch 15 step [110|133] lr=0.00070000 acc: 99.84% loss: 0.000077
[2018-12-07 11:14:55] Epoch 15 step [120|133] lr=0.00070000 acc: 100.00% loss: 0.000034
[2018-12-07 11:15:23] Epoch 15 step [130|133] lr=0.00070000 acc: 100.00% loss: 0.000059
dev acc: 76.56% loss: 0.017750
test acc: 75.68% loss: 0.019418
not improved, best test acc: 77.25%, in epoch 3
[2018-12-07 11:15:44] Epoch 16 step [10|133] lr=0.00070000 acc: 99.53% loss: 0.000311
[2018-12-07 11:15:49] Epoch 16 step [20|133] lr=0.00070000 acc: 100.00% loss: 0.000083
[2018-12-07 11:15:54] Epoch 16 step [30|133] lr=0.00070000 acc: 100.00% loss: 0.000127
[2018-12-07 11:16:01] Epoch 16 step [40|133] lr=0.00070000 acc: 99.84% loss: 0.000110
[2018-12-07 11:16:10] Epoch 16 step [50|133] lr=0.00070000 acc: 100.00% loss: 0.000045
[2018-12-07 11:16:19] Epoch 16 step [60|133] lr=0.00070000 acc: 99.84% loss: 0.000147
[2018-12-07 11:16:30] Epoch 16 step [70|133] lr=0.00070000 acc: 100.00% loss: 0.000052
[2018-12-07 11:16:43] Epoch 16 step [80|133] lr=0.00070000 acc: 99.69% loss: 0.000128
[2018-12-07 11:16:56] Epoch 16 step [90|133] lr=0.00070000 acc: 100.00% loss: 0.000056
[2018-12-07 11:17:12] Epoch 16 step [100|133] lr=0.00070000 acc: 99.84% loss: 0.000049
[2018-12-07 11:17:31] Epoch 16 step [110|133] lr=0.00070000 acc: 100.00% loss: 0.000025
[2018-12-07 11:17:53] Epoch 16 step [120|133] lr=0.00070000 acc: 100.00% loss: 0.000054
[2018-12-07 11:18:22] Epoch 16 step [130|133] lr=0.00070000 acc: 100.00% loss: 0.000023
dev acc: 75.88% loss: 0.019154
test acc: 76.27% loss: 0.020439
not improved, best test acc: 77.25%, in epoch 3
[2018-12-07 11:18:42] Epoch 17 step [10|133] lr=0.00070000 acc: 99.38% loss: 0.000264
[2018-12-07 11:18:46] Epoch 17 step [20|133] lr=0.00070000 acc: 100.00% loss: 0.000096
[2018-12-07 11:18:53] Epoch 17 step [30|133] lr=0.00070000 acc: 99.53% loss: 0.000190
[2018-12-07 11:19:00] Epoch 17 step [40|133] lr=0.00070000 acc: 100.00% loss: 0.000043
[2018-12-07 11:19:08] Epoch 17 step [50|133] lr=0.00070000 acc: 99.84% loss: 0.000086
[2018-12-07 11:19:18] Epoch 17 step [60|133] lr=0.00070000 acc: 99.84% loss: 0.000082
[2018-12-07 11:19:29] Epoch 17 step [70|133] lr=0.00070000 acc: 100.00% loss: 0.000065
[2018-12-07 11:19:42] Epoch 17 step [80|133] lr=0.00070000 acc: 99.84% loss: 0.000085
[2018-12-07 11:19:57] Epoch 17 step [90|133] lr=0.00070000 acc: 100.00% loss: 0.000023
[2018-12-07 11:20:14] Epoch 17 step [100|133] lr=0.00070000 acc: 99.84% loss: 0.000053
[2018-12-07 11:20:33] Epoch 17 step [110|133] lr=0.00070000 acc: 99.84% loss: 0.000073
[2018-12-07 11:20:55] Epoch 17 step [120|133] lr=0.00070000 acc: 99.84% loss: 0.000045
[2018-12-07 11:21:24] Epoch 17 step [130|133] lr=0.00070000 acc: 100.00% loss: 0.000026
dev acc: 76.07% loss: 0.019230
test acc: 76.86% loss: 0.020668
not improved, best test acc: 77.25%, in epoch 3
[2018-12-07 11:21:44] Epoch 18 step [10|133] lr=0.00070000 acc: 99.69% loss: 0.000252
[2018-12-07 11:21:48] Epoch 18 step [20|133] lr=0.00070000 acc: 99.84% loss: 0.000130
[2018-12-07 11:21:54] Epoch 18 step [30|133] lr=0.00070000 acc: 99.69% loss: 0.000207
[2018-12-07 11:22:01] Epoch 18 step [40|133] lr=0.00070000 acc: 99.84% loss: 0.000086
[2018-12-07 11:22:09] Epoch 18 step [50|133] lr=0.00070000 acc: 100.00% loss: 0.000047
[2018-12-07 11:22:20] Epoch 18 step [60|133] lr=0.00070000 acc: 99.69% loss: 0.000142
[2018-12-07 11:22:31] Epoch 18 step [70|133] lr=0.00070000 acc: 99.84% loss: 0.000142
[2018-12-07 11:22:44] Epoch 18 step [80|133] lr=0.00070000 acc: 100.00% loss: 0.000039
[2018-12-07 11:22:59] Epoch 18 step [90|133] lr=0.00070000 acc: 100.00% loss: 0.000056
[2018-12-07 11:23:15] Epoch 18 step [100|133] lr=0.00070000 acc: 99.84% loss: 0.000086
[2018-12-07 11:23:35] Epoch 18 step [110|133] lr=0.00070000 acc: 100.00% loss: 0.000041
[2018-12-07 11:23:58] Epoch 18 step [120|133] lr=0.00070000 acc: 100.00% loss: 0.000024
[2018-12-07 11:24:25] Epoch 18 step [130|133] lr=0.00070000 acc: 100.00% loss: 0.000034
dev acc: 76.56% loss: 0.018829
test acc: 76.17% loss: 0.020732
not improved, best test acc: 77.25%, in epoch 3
[2018-12-07 11:24:47] Epoch 19 step [10|133] lr=0.00070000 acc: 99.69% loss: 0.000269
[2018-12-07 11:24:51] Epoch 19 step [20|133] lr=0.00070000 acc: 99.84% loss: 0.000095
[2018-12-07 11:24:56] Epoch 19 step [30|133] lr=0.00070000 acc: 100.00% loss: 0.000083
[2018-12-07 11:25:03] Epoch 19 step [40|133] lr=0.00070000 acc: 100.00% loss: 0.000076
[2018-12-07 11:25:12] Epoch 19 step [50|133] lr=0.00070000 acc: 100.00% loss: 0.000058
[2018-12-07 11:25:21] Epoch 19 step [60|133] lr=0.00070000 acc: 99.84% loss: 0.000061
[2018-12-07 11:25:34] Epoch 19 step [70|133] lr=0.00070000 acc: 99.84% loss: 0.000081
[2018-12-07 11:25:46] Epoch 19 step [80|133] lr=0.00070000 acc: 99.84% loss: 0.000128
[2018-12-07 11:26:01] Epoch 19 step [90|133] lr=0.00070000 acc: 99.84% loss: 0.000048
[2018-12-07 11:26:17] Epoch 19 step [100|133] lr=0.00070000 acc: 100.00% loss: 0.000033
[2018-12-07 11:26:36] Epoch 19 step [110|133] lr=0.00070000 acc: 99.84% loss: 0.000056
[2018-12-07 11:26:59] Epoch 19 step [120|133] lr=0.00070000 acc: 100.00% loss: 0.000023
[2018-12-07 11:27:27] Epoch 19 step [130|133] lr=0.00070000 acc: 100.00% loss: 0.000023
dev acc: 76.66% loss: 0.019389
test acc: 75.98% loss: 0.021388
not improved, best test acc: 77.25%, in epoch 3
16 epoch have not improved, so adjust lr to 0.00049
[2018-12-07 11:27:48] Epoch 20 step [10|133] lr=0.00049000 acc: 99.84% loss: 0.000164
[2018-12-07 11:27:52] Epoch 20 step [20|133] lr=0.00049000 acc: 99.84% loss: 0.000111
[2018-12-07 11:27:58] Epoch 20 step [30|133] lr=0.00049000 acc: 100.00% loss: 0.000062
[2018-12-07 11:28:05] Epoch 20 step [40|133] lr=0.00049000 acc: 99.69% loss: 0.000111
[2018-12-07 11:28:13] Epoch 20 step [50|133] lr=0.00049000 acc: 99.84% loss: 0.000076
[2018-12-07 11:28:23] Epoch 20 step [60|133] lr=0.00049000 acc: 99.84% loss: 0.000052
[2018-12-07 11:28:34] Epoch 20 step [70|133] lr=0.00049000 acc: 100.00% loss: 0.000036
[2018-12-07 11:28:47] Epoch 20 step [80|133] lr=0.00049000 acc: 100.00% loss: 0.000041
[2018-12-07 11:29:03] Epoch 20 step [90|133] lr=0.00049000 acc: 100.00% loss: 0.000032
[2018-12-07 11:29:19] Epoch 20 step [100|133] lr=0.00049000 acc: 100.00% loss: 0.000015
[2018-12-07 11:29:38] Epoch 20 step [110|133] lr=0.00049000 acc: 99.84% loss: 0.000053
[2018-12-07 11:30:00] Epoch 20 step [120|133] lr=0.00049000 acc: 100.00% loss: 0.000010
[2018-12-07 11:30:28] Epoch 20 step [130|133] lr=0.00049000 acc: 100.00% loss: 0.000023
dev acc: 76.76% loss: 0.019952
test acc: 76.66% loss: 0.021874
not improved, best test acc: 77.25%, in epoch 3
[2018-12-07 11:30:47] Epoch 21 step [10|133] lr=0.00049000 acc: 99.84% loss: 0.000138
