data_dir=mpqa_processed_data

----batch----
train_batch_size=64
train_batch_type=normal
dev_batch_size=64
dev_batch_type=normal
test_batch_size=64
test_batch_type=normal
shuffer=True
sort=True

----embedding----
embed_size=100
char_embed_size=50
embed_uniform_init=0.0
pre_embed_path=/home/zrr/projects/Data/glove.6B/glove.6B.100d.txt

----model----
model=treelstm
save_model_dir=save_models
save_model_every=1
save_model_start_from=0
hidden_num=1
hidden_size=100
bidirectional=True
dropout=0.35

----optimizer----
lr=0.001
optim=adam
weight_decay=1e-08
momentum=0.9
early_stop=9999999

----train----
epoch=100
print_every=10

----GPU----
gpu_device=0
use_cuda=False

----seed----
gpu_seed=23
seed=23

----log----
log_dir=log
log_fname=treelstm.mpqa.log

[2018-12-07 09:34:16] Epoch 0 step [10|132] lr=0.00100000 acc: 46.25% loss: 0.020729
[2018-12-07 09:34:17] Epoch 0 step [20|132] lr=0.00100000 acc: 74.69% loss: 0.016951
[2018-12-07 09:34:17] Epoch 0 step [30|132] lr=0.00100000 acc: 75.47% loss: 0.013210
[2018-12-07 09:34:17] Epoch 0 step [40|132] lr=0.00100000 acc: 79.69% loss: 0.010076
[2018-12-07 09:34:18] Epoch 0 step [50|132] lr=0.00100000 acc: 83.75% loss: 0.007999
[2018-12-07 09:34:18] Epoch 0 step [60|132] lr=0.00100000 acc: 81.72% loss: 0.007164
[2018-12-07 09:34:19] Epoch 0 step [70|132] lr=0.00100000 acc: 82.50% loss: 0.006626
[2018-12-07 09:34:19] Epoch 0 step [80|132] lr=0.00100000 acc: 83.75% loss: 0.006237
[2018-12-07 09:34:20] Epoch 0 step [90|132] lr=0.00100000 acc: 81.25% loss: 0.006696
[2018-12-07 09:34:21] Epoch 0 step [100|132] lr=0.00100000 acc: 82.19% loss: 0.006617
[2018-12-07 09:34:22] Epoch 0 step [110|132] lr=0.00100000 acc: 79.53% loss: 0.006916
[2018-12-07 09:34:24] Epoch 0 step [120|132] lr=0.00100000 acc: 79.53% loss: 0.007667
[2018-12-07 09:34:27] Epoch 0 step [130|132] lr=0.00100000 acc: 80.47% loss: 0.006996
dev acc: 80.66% loss: 0.007042
test acc: 81.84% loss: 0.006611
model saved succeed in save_models/2018-12-07-09-34-29-treelstm-model_epoch_0.pt
Update! best test acc: 81.84%
[2018-12-07 09:34:30] Epoch 1 step [10|132] lr=0.00100000 acc: 87.81% loss: 0.005804
[2018-12-07 09:34:30] Epoch 1 step [20|132] lr=0.00100000 acc: 88.91% loss: 0.005105
[2018-12-07 09:34:30] Epoch 1 step [30|132] lr=0.00100000 acc: 87.03% loss: 0.005479
[2018-12-07 09:34:30] Epoch 1 step [40|132] lr=0.00100000 acc: 89.53% loss: 0.004473
[2018-12-07 09:34:31] Epoch 1 step [50|132] lr=0.00100000 acc: 84.84% loss: 0.005336
[2018-12-07 09:34:31] Epoch 1 step [60|132] lr=0.00100000 acc: 84.53% loss: 0.005387
[2018-12-07 09:34:32] Epoch 1 step [70|132] lr=0.00100000 acc: 85.78% loss: 0.005159
[2018-12-07 09:34:33] Epoch 1 step [80|132] lr=0.00100000 acc: 86.41% loss: 0.005195
[2018-12-07 09:34:33] Epoch 1 step [90|132] lr=0.00100000 acc: 85.31% loss: 0.005398
[2018-12-07 09:34:34] Epoch 1 step [100|132] lr=0.00100000 acc: 84.22% loss: 0.005827
[2018-12-07 09:34:35] Epoch 1 step [110|132] lr=0.00100000 acc: 81.72% loss: 0.006255
[2018-12-07 09:34:37] Epoch 1 step [120|132] lr=0.00100000 acc: 81.56% loss: 0.006965
[2018-12-07 09:34:40] Epoch 1 step [130|132] lr=0.00100000 acc: 82.81% loss: 0.006392
dev acc: 84.38% loss: 0.006531
test acc: 85.94% loss: 0.005951
model saved succeed in save_models/2018-12-07-09-34-41-treelstm-model_epoch_1.pt
Update! best test acc: 85.94%
[2018-12-07 09:34:42] Epoch 2 step [10|132] lr=0.00100000 acc: 89.22% loss: 0.004309
[2018-12-07 09:34:42] Epoch 2 step [20|132] lr=0.00100000 acc: 91.88% loss: 0.003967
[2018-12-07 09:34:42] Epoch 2 step [30|132] lr=0.00100000 acc: 90.00% loss: 0.004175
[2018-12-07 09:34:42] Epoch 2 step [40|132] lr=0.00100000 acc: 91.25% loss: 0.003656
[2018-12-07 09:34:43] Epoch 2 step [50|132] lr=0.00100000 acc: 88.28% loss: 0.004448
[2018-12-07 09:34:43] Epoch 2 step [60|132] lr=0.00100000 acc: 87.66% loss: 0.005038
[2018-12-07 09:34:44] Epoch 2 step [70|132] lr=0.00100000 acc: 87.66% loss: 0.004619
[2018-12-07 09:34:44] Epoch 2 step [80|132] lr=0.00100000 acc: 90.16% loss: 0.004463
[2018-12-07 09:34:45] Epoch 2 step [90|132] lr=0.00100000 acc: 86.25% loss: 0.004815
[2018-12-07 09:34:46] Epoch 2 step [100|132] lr=0.00100000 acc: 86.56% loss: 0.004857
[2018-12-07 09:34:47] Epoch 2 step [110|132] lr=0.00100000 acc: 85.62% loss: 0.005306
[2018-12-07 09:34:49] Epoch 2 step [120|132] lr=0.00100000 acc: 84.38% loss: 0.006416
[2018-12-07 09:34:52] Epoch 2 step [130|132] lr=0.00100000 acc: 87.34% loss: 0.005112
dev acc: 87.01% loss: 0.006044
test acc: 88.09% loss: 0.005383
model saved succeed in save_models/2018-12-07-09-34-54-treelstm-model_epoch_2.pt
Update! best test acc: 88.09%
[2018-12-07 09:34:54] Epoch 3 step [10|132] lr=0.00100000 acc: 88.28% loss: 0.003863
[2018-12-07 09:34:55] Epoch 3 step [20|132] lr=0.00100000 acc: 91.72% loss: 0.003580
[2018-12-07 09:34:55] Epoch 3 step [30|132] lr=0.00100000 acc: 92.03% loss: 0.003418
[2018-12-07 09:34:55] Epoch 3 step [40|132] lr=0.00100000 acc: 92.81% loss: 0.002812
[2018-12-07 09:34:56] Epoch 3 step [50|132] lr=0.00100000 acc: 89.38% loss: 0.004153
[2018-12-07 09:34:56] Epoch 3 step [60|132] lr=0.00100000 acc: 87.97% loss: 0.004513
[2018-12-07 09:34:57] Epoch 3 step [70|132] lr=0.00100000 acc: 89.69% loss: 0.003894
[2018-12-07 09:34:58] Epoch 3 step [80|132] lr=0.00100000 acc: 90.94% loss: 0.004045
[2018-12-07 09:34:59] Epoch 3 step [90|132] lr=0.00100000 acc: 89.38% loss: 0.004318
[2018-12-07 09:35:00] Epoch 3 step [100|132] lr=0.00100000 acc: 88.44% loss: 0.004619
[2018-12-07 09:35:01] Epoch 3 step [110|132] lr=0.00100000 acc: 86.09% loss: 0.004852
[2018-12-07 09:35:03] Epoch 3 step [120|132] lr=0.00100000 acc: 87.03% loss: 0.005676
[2018-12-07 09:35:05] Epoch 3 step [130|132] lr=0.00100000 acc: 85.94% loss: 0.005075
dev acc: 87.30% loss: 0.005942
test acc: 88.77% loss: 0.005216
model saved succeed in save_models/2018-12-07-09-35-07-treelstm-model_epoch_3.pt
Update! best test acc: 88.77%
[2018-12-07 09:35:08] Epoch 4 step [10|132] lr=0.00100000 acc: 92.34% loss: 0.003104
[2018-12-07 09:35:08] Epoch 4 step [20|132] lr=0.00100000 acc: 93.12% loss: 0.003103
[2018-12-07 09:35:08] Epoch 4 step [30|132] lr=0.00100000 acc: 92.03% loss: 0.002890
[2018-12-07 09:35:09] Epoch 4 step [40|132] lr=0.00100000 acc: 94.06% loss: 0.002506
[2018-12-07 09:35:09] Epoch 4 step [50|132] lr=0.00100000 acc: 90.00% loss: 0.003717
[2018-12-07 09:35:10] Epoch 4 step [60|132] lr=0.00100000 acc: 90.47% loss: 0.004008
[2018-12-07 09:35:10] Epoch 4 step [70|132] lr=0.00100000 acc: 90.47% loss: 0.003671
[2018-12-07 09:35:11] Epoch 4 step [80|132] lr=0.00100000 acc: 90.47% loss: 0.003768
[2018-12-07 09:35:12] Epoch 4 step [90|132] lr=0.00100000 acc: 91.56% loss: 0.003865
[2018-12-07 09:35:13] Epoch 4 step [100|132] lr=0.00100000 acc: 90.94% loss: 0.003857
[2018-12-07 09:35:14] Epoch 4 step [110|132] lr=0.00100000 acc: 88.12% loss: 0.004248
[2018-12-07 09:35:15] Epoch 4 step [120|132] lr=0.00100000 acc: 87.34% loss: 0.005321
[2018-12-07 09:35:18] Epoch 4 step [130|132] lr=0.00100000 acc: 88.44% loss: 0.004349
dev acc: 87.50% loss: 0.005956
test acc: 88.77% loss: 0.005137
model saved succeed in save_models/2018-12-07-09-35-20-treelstm-model_epoch_4.pt
Update! best test acc: 88.77%
[2018-12-07 09:35:20] Epoch 5 step [10|132] lr=0.00100000 acc: 92.50% loss: 0.002993
[2018-12-07 09:35:20] Epoch 5 step [20|132] lr=0.00100000 acc: 93.59% loss: 0.002834
[2018-12-07 09:35:21] Epoch 5 step [30|132] lr=0.00100000 acc: 92.66% loss: 0.003004
[2018-12-07 09:35:21] Epoch 5 step [40|132] lr=0.00100000 acc: 94.69% loss: 0.002537
[2018-12-07 09:35:21] Epoch 5 step [50|132] lr=0.00100000 acc: 92.03% loss: 0.003336
[2018-12-07 09:35:22] Epoch 5 step [60|132] lr=0.00100000 acc: 90.94% loss: 0.003485
[2018-12-07 09:35:23] Epoch 5 step [70|132] lr=0.00100000 acc: 92.03% loss: 0.002910
[2018-12-07 09:35:23] Epoch 5 step [80|132] lr=0.00100000 acc: 92.81% loss: 0.003279
[2018-12-07 09:35:24] Epoch 5 step [90|132] lr=0.00100000 acc: 92.66% loss: 0.003191
[2018-12-07 09:35:26] Epoch 5 step [100|132] lr=0.00100000 acc: 92.66% loss: 0.003391
[2018-12-07 09:35:27] Epoch 5 step [110|132] lr=0.00100000 acc: 90.16% loss: 0.003773
[2018-12-07 09:35:29] Epoch 5 step [120|132] lr=0.00100000 acc: 88.75% loss: 0.004799
[2018-12-07 09:35:32] Epoch 5 step [130|132] lr=0.00100000 acc: 91.09% loss: 0.003543
dev acc: 87.60% loss: 0.006017
test acc: 89.26% loss: 0.005116
model saved succeed in save_models/2018-12-07-09-35-34-treelstm-model_epoch_5.pt
Update! best test acc: 89.26%
[2018-12-07 09:35:34] Epoch 6 step [10|132] lr=0.00100000 acc: 93.91% loss: 0.002448
[2018-12-07 09:35:35] Epoch 6 step [20|132] lr=0.00100000 acc: 93.59% loss: 0.002723
[2018-12-07 09:35:35] Epoch 6 step [30|132] lr=0.00100000 acc: 93.12% loss: 0.002777
[2018-12-07 09:35:35] Epoch 6 step [40|132] lr=0.00100000 acc: 94.22% loss: 0.002458
[2018-12-07 09:35:36] Epoch 6 step [50|132] lr=0.00100000 acc: 92.66% loss: 0.003071
[2018-12-07 09:35:37] Epoch 6 step [60|132] lr=0.00100000 acc: 93.28% loss: 0.003131
[2018-12-07 09:35:37] Epoch 6 step [70|132] lr=0.00100000 acc: 92.03% loss: 0.002954
[2018-12-07 09:35:38] Epoch 6 step [80|132] lr=0.00100000 acc: 93.75% loss: 0.003032
[2018-12-07 09:35:40] Epoch 6 step [90|132] lr=0.00100000 acc: 92.19% loss: 0.003245
[2018-12-07 09:35:41] Epoch 6 step [100|132] lr=0.00100000 acc: 92.19% loss: 0.003118
[2018-12-07 09:35:42] Epoch 6 step [110|132] lr=0.00100000 acc: 91.41% loss: 0.003340
[2018-12-07 09:35:44] Epoch 6 step [120|132] lr=0.00100000 acc: 91.25% loss: 0.003918
[2018-12-07 09:35:47] Epoch 6 step [130|132] lr=0.00100000 acc: 93.28% loss: 0.003068
dev acc: 87.40% loss: 0.006165
test acc: 89.26% loss: 0.005182
not improved, best test acc: 89.26%, in epoch 5
[2018-12-07 09:35:49] Epoch 7 step [10|132] lr=0.00100000 acc: 94.22% loss: 0.002405
[2018-12-07 09:35:49] Epoch 7 step [20|132] lr=0.00100000 acc: 94.38% loss: 0.002315
[2018-12-07 09:35:49] Epoch 7 step [30|132] lr=0.00100000 acc: 94.06% loss: 0.002590
[2018-12-07 09:35:50] Epoch 7 step [40|132] lr=0.00100000 acc: 96.09% loss: 0.001654
[2018-12-07 09:35:50] Epoch 7 step [50|132] lr=0.00100000 acc: 92.50% loss: 0.003258
[2018-12-07 09:35:51] Epoch 7 step [60|132] lr=0.00100000 acc: 91.41% loss: 0.003073
[2018-12-07 09:35:51] Epoch 7 step [70|132] lr=0.00100000 acc: 94.06% loss: 0.002545
[2018-12-07 09:35:52] Epoch 7 step [80|132] lr=0.00100000 acc: 93.44% loss: 0.002890
[2018-12-07 09:35:53] Epoch 7 step [90|132] lr=0.00100000 acc: 93.28% loss: 0.002957
[2018-12-07 09:35:54] Epoch 7 step [100|132] lr=0.00100000 acc: 93.44% loss: 0.002953
[2018-12-07 09:35:55] Epoch 7 step [110|132] lr=0.00100000 acc: 90.62% loss: 0.003654
[2018-12-07 09:35:57] Epoch 7 step [120|132] lr=0.00100000 acc: 91.41% loss: 0.003780
[2018-12-07 09:36:00] Epoch 7 step [130|132] lr=0.00100000 acc: 93.91% loss: 0.002743
dev acc: 87.11% loss: 0.006249
test acc: 89.16% loss: 0.005186
not improved, best test acc: 89.26%, in epoch 5
[2018-12-07 09:36:03] Epoch 8 step [10|132] lr=0.00100000 acc: 94.22% loss: 0.002102
[2018-12-07 09:36:03] Epoch 8 step [20|132] lr=0.00100000 acc: 95.31% loss: 0.002035
[2018-12-07 09:36:03] Epoch 8 step [30|132] lr=0.00100000 acc: 95.00% loss: 0.002153
[2018-12-07 09:36:03] Epoch 8 step [40|132] lr=0.00100000 acc: 95.62% loss: 0.001801
[2018-12-07 09:36:04] Epoch 8 step [50|132] lr=0.00100000 acc: 92.97% loss: 0.002789
[2018-12-07 09:36:04] Epoch 8 step [60|132] lr=0.00100000 acc: 92.97% loss: 0.002755
[2018-12-07 09:36:05] Epoch 8 step [70|132] lr=0.00100000 acc: 92.97% loss: 0.002352
[2018-12-07 09:36:06] Epoch 8 step [80|132] lr=0.00100000 acc: 95.31% loss: 0.002528
[2018-12-07 09:36:06] Epoch 8 step [90|132] lr=0.00100000 acc: 92.97% loss: 0.002664
[2018-12-07 09:36:07] Epoch 8 step [100|132] lr=0.00100000 acc: 93.28% loss: 0.002924
[2018-12-07 09:36:09] Epoch 8 step [110|132] lr=0.00100000 acc: 93.12% loss: 0.002829
[2018-12-07 09:36:11] Epoch 8 step [120|132] lr=0.00100000 acc: 92.03% loss: 0.003605
[2018-12-07 09:36:14] Epoch 8 step [130|132] lr=0.00100000 acc: 94.84% loss: 0.002224
dev acc: 86.72% loss: 0.006442
test acc: 89.26% loss: 0.005320
not improved, best test acc: 89.26%, in epoch 5
[2018-12-07 09:36:17] Epoch 9 step [10|132] lr=0.00100000 acc: 94.69% loss: 0.002074
[2018-12-07 09:36:17] Epoch 9 step [20|132] lr=0.00100000 acc: 95.47% loss: 0.002022
[2018-12-07 09:36:17] Epoch 9 step [30|132] lr=0.00100000 acc: 95.31% loss: 0.001999
[2018-12-07 09:36:17] Epoch 9 step [40|132] lr=0.00100000 acc: 95.16% loss: 0.001796
[2018-12-07 09:36:18] Epoch 9 step [50|132] lr=0.00100000 acc: 93.59% loss: 0.002713
[2018-12-07 09:36:19] Epoch 9 step [60|132] lr=0.00100000 acc: 94.38% loss: 0.002215
[2018-12-07 09:36:19] Epoch 9 step [70|132] lr=0.00100000 acc: 93.91% loss: 0.002419
[2018-12-07 09:36:20] Epoch 9 step [80|132] lr=0.00100000 acc: 94.38% loss: 0.002696
[2018-12-07 09:36:21] Epoch 9 step [90|132] lr=0.00100000 acc: 92.97% loss: 0.002795
[2018-12-07 09:36:23] Epoch 9 step [100|132] lr=0.00100000 acc: 92.81% loss: 0.002709
[2018-12-07 09:36:24] Epoch 9 step [110|132] lr=0.00100000 acc: 94.38% loss: 0.002573
[2018-12-07 09:36:25] Epoch 9 step [120|132] lr=0.00100000 acc: 93.28% loss: 0.003161
[2018-12-07 09:36:28] Epoch 9 step [130|132] lr=0.00100000 acc: 95.47% loss: 0.002151
dev acc: 85.84% loss: 0.006603
test acc: 88.77% loss: 0.005460
not improved, best test acc: 89.26%, in epoch 5
[2018-12-07 09:36:31] Epoch 10 step [10|132] lr=0.00100000 acc: 95.00% loss: 0.001783
[2018-12-07 09:36:31] Epoch 10 step [20|132] lr=0.00100000 acc: 96.72% loss: 0.001628
[2018-12-07 09:36:31] Epoch 10 step [30|132] lr=0.00100000 acc: 95.78% loss: 0.001885
[2018-12-07 09:36:32] Epoch 10 step [40|132] lr=0.00100000 acc: 96.56% loss: 0.001390
[2018-12-07 09:36:32] Epoch 10 step [50|132] lr=0.00100000 acc: 94.22% loss: 0.002495
[2018-12-07 09:36:33] Epoch 10 step [60|132] lr=0.00100000 acc: 95.00% loss: 0.002349
[2018-12-07 09:36:34] Epoch 10 step [70|132] lr=0.00100000 acc: 95.62% loss: 0.002128
[2018-12-07 09:36:35] Epoch 10 step [80|132] lr=0.00100000 acc: 95.47% loss: 0.002022
[2018-12-07 09:36:36] Epoch 10 step [90|132] lr=0.00100000 acc: 94.84% loss: 0.002351
[2018-12-07 09:36:37] Epoch 10 step [100|132] lr=0.00100000 acc: 94.84% loss: 0.002165
[2018-12-07 09:36:38] Epoch 10 step [110|132] lr=0.00100000 acc: 95.47% loss: 0.002150
[2018-12-07 09:36:41] Epoch 10 step [120|132] lr=0.00100000 acc: 94.06% loss: 0.002713
[2018-12-07 09:36:44] Epoch 10 step [130|132] lr=0.00100000 acc: 95.00% loss: 0.001924
dev acc: 86.13% loss: 0.006936
test acc: 88.96% loss: 0.005577
not improved, best test acc: 89.26%, in epoch 5
[2018-12-07 09:36:46] Epoch 11 step [10|132] lr=0.00100000 acc: 95.00% loss: 0.001910
[2018-12-07 09:36:47] Epoch 11 step [20|132] lr=0.00100000 acc: 95.62% loss: 0.001748
[2018-12-07 09:36:47] Epoch 11 step [30|132] lr=0.00100000 acc: 94.53% loss: 0.002279
[2018-12-07 09:36:47] Epoch 11 step [40|132] lr=0.00100000 acc: 97.50% loss: 0.001380
[2018-12-07 09:36:48] Epoch 11 step [50|132] lr=0.00100000 acc: 94.06% loss: 0.002277
[2018-12-07 09:36:49] Epoch 11 step [60|132] lr=0.00100000 acc: 94.69% loss: 0.002039
[2018-12-07 09:36:49] Epoch 11 step [70|132] lr=0.00100000 acc: 95.47% loss: 0.001795
[2018-12-07 09:36:50] Epoch 11 step [80|132] lr=0.00100000 acc: 95.16% loss: 0.001967
[2018-12-07 09:36:51] Epoch 11 step [90|132] lr=0.00100000 acc: 95.00% loss: 0.002390
[2018-12-07 09:36:52] Epoch 11 step [100|132] lr=0.00100000 acc: 94.84% loss: 0.002346
[2018-12-07 09:36:53] Epoch 11 step [110|132] lr=0.00100000 acc: 94.22% loss: 0.002294
[2018-12-07 09:36:55] Epoch 11 step [120|132] lr=0.00100000 acc: 95.62% loss: 0.002241
[2018-12-07 09:36:58] Epoch 11 step [130|132] lr=0.00100000 acc: 95.94% loss: 0.001571
dev acc: 85.55% loss: 0.007075
test acc: 88.48% loss: 0.005689
not improved, best test acc: 89.26%, in epoch 5
[2018-12-07 09:37:00] Epoch 12 step [10|132] lr=0.00100000 acc: 94.69% loss: 0.001930
[2018-12-07 09:37:00] Epoch 12 step [20|132] lr=0.00100000 acc: 96.25% loss: 0.001462
[2018-12-07 09:37:00] Epoch 12 step [30|132] lr=0.00100000 acc: 96.41% loss: 0.001788
[2018-12-07 09:37:01] Epoch 12 step [40|132] lr=0.00100000 acc: 96.56% loss: 0.001264
[2018-12-07 09:37:01] Epoch 12 step [50|132] lr=0.00100000 acc: 94.53% loss: 0.002422
[2018-12-07 09:37:02] Epoch 12 step [60|132] lr=0.00100000 acc: 95.47% loss: 0.002031
[2018-12-07 09:37:02] Epoch 12 step [70|132] lr=0.00100000 acc: 96.09% loss: 0.001997
[2018-12-07 09:37:03] Epoch 12 step [80|132] lr=0.00100000 acc: 95.31% loss: 0.002101
[2018-12-07 09:37:04] Epoch 12 step [90|132] lr=0.00100000 acc: 96.25% loss: 0.001978
[2018-12-07 09:37:05] Epoch 12 step [100|132] lr=0.00100000 acc: 95.00% loss: 0.002188
[2018-12-07 09:37:06] Epoch 12 step [110|132] lr=0.00100000 acc: 95.47% loss: 0.002091
[2018-12-07 09:37:07] Epoch 12 step [120|132] lr=0.00100000 acc: 94.06% loss: 0.002459
[2018-12-07 09:37:10] Epoch 12 step [130|132] lr=0.00100000 acc: 97.81% loss: 0.001370
dev acc: 85.74% loss: 0.007158
test acc: 88.28% loss: 0.005759
not improved, best test acc: 89.26%, in epoch 5
[2018-12-07 09:37:12] Epoch 13 step [10|132] lr=0.00100000 acc: 95.31% loss: 0.001836
[2018-12-07 09:37:12] Epoch 13 step [20|132] lr=0.00100000 acc: 95.94% loss: 0.001602
[2018-12-07 09:37:12] Epoch 13 step [30|132] lr=0.00100000 acc: 94.53% loss: 0.001917
[2018-12-07 09:37:13] Epoch 13 step [40|132] lr=0.00100000 acc: 97.34% loss: 0.001201
[2018-12-07 09:37:13] Epoch 13 step [50|132] lr=0.00100000 acc: 94.69% loss: 0.002206
[2018-12-07 09:37:14] Epoch 13 step [60|132] lr=0.00100000 acc: 94.84% loss: 0.002049
[2018-12-07 09:37:14] Epoch 13 step [70|132] lr=0.00100000 acc: 96.56% loss: 0.001743
[2018-12-07 09:37:15] Epoch 13 step [80|132] lr=0.00100000 acc: 95.62% loss: 0.001954
[2018-12-07 09:37:16] Epoch 13 step [90|132] lr=0.00100000 acc: 94.84% loss: 0.002204
[2018-12-07 09:37:17] Epoch 13 step [100|132] lr=0.00100000 acc: 95.94% loss: 0.001884
[2018-12-07 09:37:18] Epoch 13 step [110|132] lr=0.00100000 acc: 95.00% loss: 0.002208
[2018-12-07 09:37:19] Epoch 13 step [120|132] lr=0.00100000 acc: 95.47% loss: 0.001950
[2018-12-07 09:37:22] Epoch 13 step [130|132] lr=0.00100000 acc: 95.78% loss: 0.001726
dev acc: 85.06% loss: 0.007215
test acc: 88.87% loss: 0.005732
not improved, best test acc: 89.26%, in epoch 5
8 epoch have not improved, so adjust lr to 0.0007
[2018-12-07 09:37:24] Epoch 14 step [10|132] lr=0.00070000 acc: 95.31% loss: 0.001675
[2018-12-07 09:37:24] Epoch 14 step [20|132] lr=0.00070000 acc: 96.88% loss: 0.001379
[2018-12-07 09:37:25] Epoch 14 step [30|132] lr=0.00070000 acc: 96.09% loss: 0.001729
[2018-12-07 09:37:25] Epoch 14 step [40|132] lr=0.00070000 acc: 96.72% loss: 0.001346
[2018-12-07 09:37:25] Epoch 14 step [50|132] lr=0.00070000 acc: 95.31% loss: 0.001810
[2018-12-07 09:37:26] Epoch 14 step [60|132] lr=0.00070000 acc: 96.25% loss: 0.001660
[2018-12-07 09:37:26] Epoch 14 step [70|132] lr=0.00070000 acc: 96.56% loss: 0.001469
[2018-12-07 09:37:27] Epoch 14 step [80|132] lr=0.00070000 acc: 95.47% loss: 0.001811
[2018-12-07 09:37:28] Epoch 14 step [90|132] lr=0.00070000 acc: 95.47% loss: 0.001889
[2018-12-07 09:37:29] Epoch 14 step [100|132] lr=0.00070000 acc: 96.25% loss: 0.002050
[2018-12-07 09:37:30] Epoch 14 step [110|132] lr=0.00070000 acc: 96.09% loss: 0.001732
[2018-12-07 09:37:32] Epoch 14 step [120|132] lr=0.00070000 acc: 96.09% loss: 0.001830
[2018-12-07 09:37:35] Epoch 14 step [130|132] lr=0.00070000 acc: 97.50% loss: 0.001026
dev acc: 84.38% loss: 0.007722
test acc: 86.62% loss: 0.006245
not improved, best test acc: 89.26%, in epoch 5
[2018-12-07 09:37:37] Epoch 15 step [10|132] lr=0.00070000 acc: 96.56% loss: 0.001413
[2018-12-07 09:37:37] Epoch 15 step [20|132] lr=0.00070000 acc: 96.56% loss: 0.001564
[2018-12-07 09:37:37] Epoch 15 step [30|132] lr=0.00070000 acc: 95.47% loss: 0.001983
[2018-12-07 09:37:38] Epoch 15 step [40|132] lr=0.00070000 acc: 96.72% loss: 0.001141
[2018-12-07 09:37:38] Epoch 15 step [50|132] lr=0.00070000 acc: 95.78% loss: 0.001885
[2018-12-07 09:37:38] Epoch 15 step [60|132] lr=0.00070000 acc: 95.78% loss: 0.001847
[2018-12-07 09:37:39] Epoch 15 step [70|132] lr=0.00070000 acc: 95.78% loss: 0.001571
[2018-12-07 09:37:40] Epoch 15 step [80|132] lr=0.00070000 acc: 95.00% loss: 0.001861
[2018-12-07 09:37:40] Epoch 15 step [90|132] lr=0.00070000 acc: 97.03% loss: 0.001670
[2018-12-07 09:37:41] Epoch 15 step [100|132] lr=0.00070000 acc: 95.78% loss: 0.001761
[2018-12-07 09:37:42] Epoch 15 step [110|132] lr=0.00070000 acc: 96.72% loss: 0.001480
[2018-12-07 09:37:44] Epoch 15 step [120|132] lr=0.00070000 acc: 96.25% loss: 0.001698
[2018-12-07 09:37:47] Epoch 15 step [130|132] lr=0.00070000 acc: 96.88% loss: 0.001193
dev acc: 84.86% loss: 0.007704
test acc: 87.01% loss: 0.006110
not improved, best test acc: 89.26%, in epoch 5
[2018-12-07 09:37:49] Epoch 16 step [10|132] lr=0.00070000 acc: 96.72% loss: 0.001287
[2018-12-07 09:37:50] Epoch 16 step [20|132] lr=0.00070000 acc: 96.56% loss: 0.001417
[2018-12-07 09:37:50] Epoch 16 step [30|132] lr=0.00070000 acc: 95.31% loss: 0.001678
[2018-12-07 09:37:50] Epoch 16 step [40|132] lr=0.00070000 acc: 97.19% loss: 0.001209
[2018-12-07 09:37:50] Epoch 16 step [50|132] lr=0.00070000 acc: 95.00% loss: 0.002053
[2018-12-07 09:37:51] Epoch 16 step [60|132] lr=0.00070000 acc: 96.41% loss: 0.001761
[2018-12-07 09:37:51] Epoch 16 step [70|132] lr=0.00070000 acc: 95.31% loss: 0.001689
[2018-12-07 09:37:52] Epoch 16 step [80|132] lr=0.00070000 acc: 95.62% loss: 0.001996
[2018-12-07 09:37:53] Epoch 16 step [90|132] lr=0.00070000 acc: 95.62% loss: 0.001861
[2018-12-07 09:37:54] Epoch 16 step [100|132] lr=0.00070000 acc: 95.62% loss: 0.001920
[2018-12-07 09:37:55] Epoch 16 step [110|132] lr=0.00070000 acc: 96.25% loss: 0.001545
[2018-12-07 09:37:57] Epoch 16 step [120|132] lr=0.00070000 acc: 96.88% loss: 0.001398
[2018-12-07 09:37:59] Epoch 16 step [130|132] lr=0.00070000 acc: 98.44% loss: 0.000888
dev acc: 84.57% loss: 0.007760
test acc: 87.40% loss: 0.006187
not improved, best test acc: 89.26%, in epoch 5
[2018-12-07 09:38:02] Epoch 17 step [10|132] lr=0.00070000 acc: 94.84% loss: 0.001665
[2018-12-07 09:38:02] Epoch 17 step [20|132] lr=0.00070000 acc: 97.34% loss: 0.001217
[2018-12-07 09:38:02] Epoch 17 step [30|132] lr=0.00070000 acc: 96.09% loss: 0.001639
[2018-12-07 09:38:02] Epoch 17 step [40|132] lr=0.00070000 acc: 97.34% loss: 0.001025
[2018-12-07 09:38:03] Epoch 17 step [50|132] lr=0.00070000 acc: 96.25% loss: 0.001865
[2018-12-07 09:38:03] Epoch 17 step [60|132] lr=0.00070000 acc: 95.94% loss: 0.001852
[2018-12-07 09:38:04] Epoch 17 step [70|132] lr=0.00070000 acc: 97.03% loss: 0.001505
[2018-12-07 09:38:05] Epoch 17 step [80|132] lr=0.00070000 acc: 95.78% loss: 0.001512
[2018-12-07 09:38:06] Epoch 17 step [90|132] lr=0.00070000 acc: 96.56% loss: 0.001403
[2018-12-07 09:38:07] Epoch 17 step [100|132] lr=0.00070000 acc: 95.94% loss: 0.001611
[2018-12-07 09:38:08] Epoch 17 step [110|132] lr=0.00070000 acc: 96.25% loss: 0.001606
[2018-12-07 09:38:09] Epoch 17 step [120|132] lr=0.00070000 acc: 96.41% loss: 0.001353
[2018-12-07 09:38:13] Epoch 17 step [130|132] lr=0.00070000 acc: 97.66% loss: 0.000987
dev acc: 84.67% loss: 0.007828
test acc: 87.89% loss: 0.006218
not improved, best test acc: 89.26%, in epoch 5
[2018-12-07 09:38:15] Epoch 18 step [10|132] lr=0.00070000 acc: 96.25% loss: 0.001468
[2018-12-07 09:38:16] Epoch 18 step [20|132] lr=0.00070000 acc: 97.19% loss: 0.001334
[2018-12-07 09:38:16] Epoch 18 step [30|132] lr=0.00070000 acc: 95.47% loss: 0.001654
[2018-12-07 09:38:16] Epoch 18 step [40|132] lr=0.00070000 acc: 97.34% loss: 0.001009
[2018-12-07 09:38:16] Epoch 18 step [50|132] lr=0.00070000 acc: 95.78% loss: 0.001791
[2018-12-07 09:38:17] Epoch 18 step [60|132] lr=0.00070000 acc: 95.62% loss: 0.001679
[2018-12-07 09:38:18] Epoch 18 step [70|132] lr=0.00070000 acc: 95.94% loss: 0.001509
[2018-12-07 09:38:19] Epoch 18 step [80|132] lr=0.00070000 acc: 97.19% loss: 0.001571
[2018-12-07 09:38:19] Epoch 18 step [90|132] lr=0.00070000 acc: 97.34% loss: 0.001264
[2018-12-07 09:38:20] Epoch 18 step [100|132] lr=0.00070000 acc: 95.47% loss: 0.001769
[2018-12-07 09:38:22] Epoch 18 step [110|132] lr=0.00070000 acc: 96.88% loss: 0.001405
[2018-12-07 09:38:24] Epoch 18 step [120|132] lr=0.00070000 acc: 97.34% loss: 0.001176
[2018-12-07 09:38:27] Epoch 18 step [130|132] lr=0.00070000 acc: 98.59% loss: 0.000720
dev acc: 83.98% loss: 0.007947
test acc: 87.11% loss: 0.006356
not improved, best test acc: 89.26%, in epoch 5
[2018-12-07 09:38:30] Epoch 19 step [10|132] lr=0.00070000 acc: 95.16% loss: 0.001612
[2018-12-07 09:38:30] Epoch 19 step [20|132] lr=0.00070000 acc: 96.88% loss: 0.001252
[2018-12-07 09:38:31] Epoch 19 step [30|132] lr=0.00070000 acc: 95.47% loss: 0.001571
[2018-12-07 09:38:31] Epoch 19 step [40|132] lr=0.00070000 acc: 96.88% loss: 0.001141
[2018-12-07 09:38:32] Epoch 19 step [50|132] lr=0.00070000 acc: 95.62% loss: 0.001631
[2018-12-07 09:38:32] Epoch 19 step [60|132] lr=0.00070000 acc: 95.94% loss: 0.001597
[2018-12-07 09:38:33] Epoch 19 step [70|132] lr=0.00070000 acc: 96.88% loss: 0.001232
[2018-12-07 09:38:34] Epoch 19 step [80|132] lr=0.00070000 acc: 95.78% loss: 0.001616
[2018-12-07 09:38:35] Epoch 19 step [90|132] lr=0.00070000 acc: 95.78% loss: 0.001533
[2018-12-07 09:38:36] Epoch 19 step [100|132] lr=0.00070000 acc: 97.19% loss: 0.001317
[2018-12-07 09:38:37] Epoch 19 step [110|132] lr=0.00070000 acc: 96.41% loss: 0.001643
[2018-12-07 09:38:39] Epoch 19 step [120|132] lr=0.00070000 acc: 96.88% loss: 0.001369
[2018-12-07 09:38:42] Epoch 19 step [130|132] lr=0.00070000 acc: 97.66% loss: 0.000989
dev acc: 84.18% loss: 0.008002
test acc: 86.91% loss: 0.006365
not improved, best test acc: 89.26%, in epoch 5
[2018-12-07 09:38:44] Epoch 20 step [10|132] lr=0.00070000 acc: 96.88% loss: 0.001375
[2018-12-07 09:38:44] Epoch 20 step [20|132] lr=0.00070000 acc: 97.03% loss: 0.001277
[2018-12-07 09:38:44] Epoch 20 step [30|132] lr=0.00070000 acc: 96.09% loss: 0.001742
[2018-12-07 09:38:45] Epoch 20 step [40|132] lr=0.00070000 acc: 95.94% loss: 0.001241
[2018-12-07 09:38:45] Epoch 20 step [50|132] lr=0.00070000 acc: 96.25% loss: 0.001752
[2018-12-07 09:38:45] Epoch 20 step [60|132] lr=0.00070000 acc: 96.41% loss: 0.001635
[2018-12-07 09:38:46] Epoch 20 step [70|132] lr=0.00070000 acc: 97.34% loss: 0.001184
[2018-12-07 09:38:47] Epoch 20 step [80|132] lr=0.00070000 acc: 96.09% loss: 0.001524
[2018-12-07 09:38:47] Epoch 20 step [90|132] lr=0.00070000 acc: 96.56% loss: 0.001367
[2018-12-07 09:38:48] Epoch 20 step [100|132] lr=0.00070000 acc: 96.88% loss: 0.001475
[2018-12-07 09:38:50] Epoch 20 step [110|132] lr=0.00070000 acc: 95.94% loss: 0.001416
[2018-12-07 09:38:51] Epoch 20 step [120|132] lr=0.00070000 acc: 96.72% loss: 0.001329
[2018-12-07 09:38:54] Epoch 20 step [130|132] lr=0.00070000 acc: 98.91% loss: 0.000638
dev acc: 83.79% loss: 0.008178
test acc: 87.50% loss: 0.006533
not improved, best test acc: 89.26%, in epoch 5
[2018-12-07 09:38:56] Epoch 21 step [10|132] lr=0.00070000 acc: 96.56% loss: 0.001220
[2018-12-07 09:38:56] Epoch 21 step [20|132] lr=0.00070000 acc: 97.19% loss: 0.001317
[2018-12-07 09:38:57] Epoch 21 step [30|132] lr=0.00070000 acc: 94.84% loss: 0.001827
[2018-12-07 09:38:57] Epoch 21 step [40|132] lr=0.00070000 acc: 96.72% loss: 0.001221
[2018-12-07 09:38:57] Epoch 21 step [50|132] lr=0.00070000 acc: 95.47% loss: 0.002042
[2018-12-07 09:38:58] Epoch 21 step [60|132] lr=0.00070000 acc: 96.09% loss: 0.001474
[2018-12-07 09:38:58] Epoch 21 step [70|132] lr=0.00070000 acc: 96.56% loss: 0.001228
[2018-12-07 09:38:59] Epoch 21 step [80|132] lr=0.00070000 acc: 95.94% loss: 0.001546
[2018-12-07 09:39:00] Epoch 21 step [90|132] lr=0.00070000 acc: 96.25% loss: 0.001399
[2018-12-07 09:39:01] Epoch 21 step [100|132] lr=0.00070000 acc: 96.88% loss: 0.001309
[2018-12-07 09:39:02] Epoch 21 step [110|132] lr=0.00070000 acc: 96.56% loss: 0.001200
[2018-12-07 09:39:05] Epoch 21 step [120|132] lr=0.00070000 acc: 97.81% loss: 0.001079
[2018-12-07 09:39:08] Epoch 21 step [130|132] lr=0.00070000 acc: 98.44% loss: 0.000821
dev acc: 83.89% loss: 0.008277
test acc: 87.40% loss: 0.006637
not improved, best test acc: 89.26%, in epoch 5
16 epoch have not improved, so adjust lr to 0.00049
[2018-12-07 09:39:11] Epoch 22 step [10|132] lr=0.00049000 acc: 95.62% loss: 0.001545
[2018-12-07 09:39:11] Epoch 22 step [20|132] lr=0.00049000 acc: 97.50% loss: 0.001161
[2018-12-07 09:39:11] Epoch 22 step [30|132] lr=0.00049000 acc: 96.25% loss: 0.001356
[2018-12-07 09:39:11] Epoch 22 step [40|132] lr=0.00049000 acc: 97.97% loss: 0.001035
[2018-12-07 09:39:12] Epoch 22 step [50|132] lr=0.00049000 acc: 95.47% loss: 0.001761
[2018-12-07 09:39:13] Epoch 22 step [60|132] lr=0.00049000 acc: 95.62% loss: 0.001466
[2018-12-07 09:39:13] Epoch 22 step [70|132] lr=0.00049000 acc: 97.03% loss: 0.001327
[2018-12-07 09:39:14] Epoch 22 step [80|132] lr=0.00049000 acc: 96.09% loss: 0.001553
[2018-12-07 09:39:15] Epoch 22 step [90|132] lr=0.00049000 acc: 96.56% loss: 0.001403
[2018-12-07 09:39:16] Epoch 22 step [100|132] lr=0.00049000 acc: 96.56% loss: 0.001364
[2018-12-07 09:39:18] Epoch 22 step [110|132] lr=0.00049000 acc: 97.66% loss: 0.000989
[2018-12-07 09:39:19] Epoch 22 step [120|132] lr=0.00049000 acc: 97.50% loss: 0.001120
[2018-12-07 09:39:23] Epoch 22 step [130|132] lr=0.00049000 acc: 98.59% loss: 0.000608
dev acc: 84.28% loss: 0.008296
test acc: 87.30% loss: 0.006600
not improved, best test acc: 89.26%, in epoch 5
[2018-12-07 09:39:26] Epoch 23 step [10|132] lr=0.00049000 acc: 96.41% loss: 0.001334
[2018-12-07 09:39:26] Epoch 23 step [20|132] lr=0.00049000 acc: 96.72% loss: 0.001170
[2018-12-07 09:39:26] Epoch 23 step [30|132] lr=0.00049000 acc: 96.72% loss: 0.001418
[2018-12-07 09:39:27] Epoch 23 step [40|132] lr=0.00049000 acc: 97.34% loss: 0.001101
[2018-12-07 09:39:27] Epoch 23 step [50|132] lr=0.00049000 acc: 95.47% loss: 0.001532
[2018-12-07 09:39:28] Epoch 23 step [60|132] lr=0.00049000 acc: 96.72% loss: 0.001281
[2018-12-07 09:39:29] Epoch 23 step [70|132] lr=0.00049000 acc: 97.66% loss: 0.001103
[2018-12-07 09:39:29] Epoch 23 step [80|132] lr=0.00049000 acc: 96.72% loss: 0.001260
[2018-12-07 09:39:30] Epoch 23 step [90|132] lr=0.00049000 acc: 96.72% loss: 0.001153
[2018-12-07 09:39:31] Epoch 23 step [100|132] lr=0.00049000 acc: 97.34% loss: 0.001327
[2018-12-07 09:39:32] Epoch 23 step [110|132] lr=0.00049000 acc: 98.12% loss: 0.000918
[2018-12-07 09:39:34] Epoch 23 step [120|132] lr=0.00049000 acc: 97.50% loss: 0.000893
[2018-12-07 09:39:36] Epoch 23 step [130|132] lr=0.00049000 acc: 98.28% loss: 0.000635
dev acc: 83.69% loss: 0.008467
test acc: 87.40% loss: 0.006843
not improved, best test acc: 89.26%, in epoch 5
[2018-12-07 09:39:39] Epoch 24 step [10|132] lr=0.00049000 acc: 96.56% loss: 0.001401
[2018-12-07 09:39:39] Epoch 24 step [20|132] lr=0.00049000 acc: 97.19% loss: 0.001334
[2018-12-07 09:39:39] Epoch 24 step [30|132] lr=0.00049000 acc: 95.16% loss: 0.001741
[2018-12-07 09:39:39] Epoch 24 step [40|132] lr=0.00049000 acc: 96.88% loss: 0.001111
[2018-12-07 09:39:40] Epoch 24 step [50|132] lr=0.00049000 acc: 95.62% loss: 0.001707
[2018-12-07 09:39:40] Epoch 24 step [60|132] lr=0.00049000 acc: 96.72% loss: 0.001352
[2018-12-07 09:39:41] Epoch 24 step [70|132] lr=0.00049000 acc: 96.72% loss: 0.001107
[2018-12-07 09:39:42] Epoch 24 step [80|132] lr=0.00049000 acc: 95.94% loss: 0.001547
[2018-12-07 09:39:43] Epoch 24 step [90|132] lr=0.00049000 acc: 96.72% loss: 0.001219
[2018-12-07 09:39:44] Epoch 24 step [100|132] lr=0.00049000 acc: 98.12% loss: 0.001035
[2018-12-07 09:39:45] Epoch 24 step [110|132] lr=0.00049000 acc: 96.56% loss: 0.001216
[2018-12-07 09:39:47] Epoch 24 step [120|132] lr=0.00049000 acc: 97.81% loss: 0.000865
[2018-12-07 09:39:50] Epoch 24 step [130|132] lr=0.00049000 acc: 98.44% loss: 0.000570
dev acc: 83.89% loss: 0.008395
test acc: 87.40% loss: 0.006715
not improved, best test acc: 89.26%, in epoch 5
[2018-12-07 09:39:52] Epoch 25 step [10|132] lr=0.00049000 acc: 96.25% loss: 0.001457
[2018-12-07 09:39:52] Epoch 25 step [20|132] lr=0.00049000 acc: 96.72% loss: 0.001345
[2018-12-07 09:39:53] Epoch 25 step [30|132] lr=0.00049000 acc: 96.09% loss: 0.001584
[2018-12-07 09:39:53] Epoch 25 step [40|132] lr=0.00049000 acc: 96.41% loss: 0.001303
[2018-12-07 09:39:54] Epoch 25 step [50|132] lr=0.00049000 acc: 95.62% loss: 0.001801
[2018-12-07 09:39:54] Epoch 25 step [60|132] lr=0.00049000 acc: 97.50% loss: 0.001169
[2018-12-07 09:39:55] Epoch 25 step [70|132] lr=0.00049000 acc: 96.88% loss: 0.001123
[2018-12-07 09:39:55] Epoch 25 step [80|132] lr=0.00049000 acc: 97.03% loss: 0.001233
[2018-12-07 09:39:56] Epoch 25 step [90|132] lr=0.00049000 acc: 96.25% loss: 0.001391
[2018-12-07 09:39:57] Epoch 25 step [100|132] lr=0.00049000 acc: 97.34% loss: 0.001185
[2018-12-07 09:39:58] Epoch 25 step [110|132] lr=0.00049000 acc: 96.56% loss: 0.001365
[2018-12-07 09:40:00] Epoch 25 step [120|132] lr=0.00049000 acc: 98.12% loss: 0.000812
[2018-12-07 09:40:03] Epoch 25 step [130|132] lr=0.00049000 acc: 98.59% loss: 0.000480
dev acc: 83.89% loss: 0.008501
test acc: 87.11% loss: 0.006829
not improved, best test acc: 89.26%, in epoch 5
[2018-12-07 09:40:05] Epoch 26 step [10|132] lr=0.00049000 acc: 95.00% loss: 0.001724
[2018-12-07 09:40:05] Epoch 26 step [20|132] lr=0.00049000 acc: 97.81% loss: 0.000999
[2018-12-07 09:40:06] Epoch 26 step [30|132] lr=0.00049000 acc: 95.94% loss: 0.001286
[2018-12-07 09:40:06] Epoch 26 step [40|132] lr=0.00049000 acc: 97.19% loss: 0.001084
[2018-12-07 09:40:06] Epoch 26 step [50|132] lr=0.00049000 acc: 95.94% loss: 0.001646
[2018-12-07 09:40:07] Epoch 26 step [60|132] lr=0.00049000 acc: 97.19% loss: 0.001199
[2018-12-07 09:40:08] Epoch 26 step [70|132] lr=0.00049000 acc: 97.34% loss: 0.001139
[2018-12-07 09:40:08] Epoch 26 step [80|132] lr=0.00049000 acc: 95.94% loss: 0.001483
[2018-12-07 09:40:09] Epoch 26 step [90|132] lr=0.00049000 acc: 96.72% loss: 0.001225
[2018-12-07 09:40:10] Epoch 26 step [100|132] lr=0.00049000 acc: 97.66% loss: 0.001106
[2018-12-07 09:40:11] Epoch 26 step [110|132] lr=0.00049000 acc: 97.81% loss: 0.000901
[2018-12-07 09:40:13] Epoch 26 step [120|132] lr=0.00049000 acc: 97.34% loss: 0.001065
[2018-12-07 09:40:15] Epoch 26 step [130|132] lr=0.00049000 acc: 99.06% loss: 0.000480
dev acc: 84.18% loss: 0.008595
test acc: 87.79% loss: 0.006857
not improved, best test acc: 89.26%, in epoch 5
[2018-12-07 09:40:17] Epoch 27 step [10|132] lr=0.00049000 acc: 95.62% loss: 0.001413
[2018-12-07 09:40:18] Epoch 27 step [20|132] lr=0.00049000 acc: 97.34% loss: 0.001191
[2018-12-07 09:40:18] Epoch 27 step [30|132] lr=0.00049000 acc: 95.31% loss: 0.001764
[2018-12-07 09:40:18] Epoch 27 step [40|132] lr=0.00049000 acc: 97.03% loss: 0.001124
[2018-12-07 09:40:18] Epoch 27 step [50|132] lr=0.00049000 acc: 95.78% loss: 0.001619
[2018-12-07 09:40:19] Epoch 27 step [60|132] lr=0.00049000 acc: 96.72% loss: 0.001310
[2018-12-07 09:40:19] Epoch 27 step [70|132] lr=0.00049000 acc: 97.66% loss: 0.001301
[2018-12-07 09:40:20] Epoch 27 step [80|132] lr=0.00049000 acc: 97.19% loss: 0.001081
[2018-12-07 09:40:21] Epoch 27 step [90|132] lr=0.00049000 acc: 96.88% loss: 0.001133
[2018-12-07 09:40:22] Epoch 27 step [100|132] lr=0.00049000 acc: 98.12% loss: 0.001056
[2018-12-07 09:40:23] Epoch 27 step [110|132] lr=0.00049000 acc: 97.50% loss: 0.000950
[2018-12-07 09:40:25] Epoch 27 step [120|132] lr=0.00049000 acc: 97.03% loss: 0.001012
[2018-12-07 09:40:28] Epoch 27 step [130|132] lr=0.00049000 acc: 99.22% loss: 0.000394
dev acc: 84.28% loss: 0.008655
test acc: 87.89% loss: 0.006960
not improved, best test acc: 89.26%, in epoch 5
[2018-12-07 09:40:30] Epoch 28 step [10|132] lr=0.00049000 acc: 96.09% loss: 0.001271
[2018-12-07 09:40:30] Epoch 28 step [20|132] lr=0.00049000 acc: 97.34% loss: 0.001234
[2018-12-07 09:40:30] Epoch 28 step [30|132] lr=0.00049000 acc: 96.41% loss: 0.001440
[2018-12-07 09:40:31] Epoch 28 step [40|132] lr=0.00049000 acc: 97.81% loss: 0.000890
[2018-12-07 09:40:31] Epoch 28 step [50|132] lr=0.00049000 acc: 96.25% loss: 0.001531
[2018-12-07 09:40:32] Epoch 28 step [60|132] lr=0.00049000 acc: 97.19% loss: 0.001214
[2018-12-07 09:40:33] Epoch 28 step [70|132] lr=0.00049000 acc: 97.19% loss: 0.001119
[2018-12-07 09:40:34] Epoch 28 step [80|132] lr=0.00049000 acc: 96.41% loss: 0.001151
[2018-12-07 09:40:35] Epoch 28 step [90|132] lr=0.00049000 acc: 97.97% loss: 0.001001
[2018-12-07 09:40:36] Epoch 28 step [100|132] lr=0.00049000 acc: 97.81% loss: 0.001003
[2018-12-07 09:40:38] Epoch 28 step [110|132] lr=0.00049000 acc: 97.97% loss: 0.000847
[2018-12-07 09:40:40] Epoch 28 step [120|132] lr=0.00049000 acc: 97.81% loss: 0.000918
[2018-12-07 09:40:43] Epoch 28 step [130|132] lr=0.00049000 acc: 99.06% loss: 0.000484
dev acc: 84.86% loss: 0.008767
test acc: 87.89% loss: 0.007064
not improved, best test acc: 89.26%, in epoch 5
[2018-12-07 09:40:46] Epoch 29 step [10|132] lr=0.00049000 acc: 95.94% loss: 0.001472
[2018-12-07 09:40:46] Epoch 29 step [20|132] lr=0.00049000 acc: 97.50% loss: 0.001030
[2018-12-07 09:40:46] Epoch 29 step [30|132] lr=0.00049000 acc: 95.94% loss: 0.001490
[2018-12-07 09:40:47] Epoch 29 step [40|132] lr=0.00049000 acc: 97.50% loss: 0.000882
[2018-12-07 09:40:47] Epoch 29 step [50|132] lr=0.00049000 acc: 95.94% loss: 0.001465
[2018-12-07 09:40:48] Epoch 29 step [60|132] lr=0.00049000 acc: 95.94% loss: 0.001384
[2018-12-07 09:40:49] Epoch 29 step [70|132] lr=0.00049000 acc: 98.28% loss: 0.000874
[2018-12-07 09:40:50] Epoch 29 step [80|132] lr=0.00049000 acc: 97.50% loss: 0.000962
[2018-12-07 09:40:50] Epoch 29 step [90|132] lr=0.00049000 acc: 97.34% loss: 0.001183
[2018-12-07 09:40:51] Epoch 29 step [100|132] lr=0.00049000 acc: 97.66% loss: 0.000969
[2018-12-07 09:40:53] Epoch 29 step [110|132] lr=0.00049000 acc: 97.50% loss: 0.000895
[2018-12-07 09:40:54] Epoch 29 step [120|132] lr=0.00049000 acc: 97.97% loss: 0.000894
[2018-12-07 09:40:57] Epoch 29 step [130|132] lr=0.00049000 acc: 98.75% loss: 0.000488
dev acc: 84.67% loss: 0.008670
test acc: 87.89% loss: 0.007017
not improved, best test acc: 89.26%, in epoch 5
24 epoch have not improved, so adjust lr to 0.000343
[2018-12-07 09:40:59] Epoch 30 step [10|132] lr=0.00034300 acc: 96.09% loss: 0.001436
[2018-12-07 09:40:59] Epoch 30 step [20|132] lr=0.00034300 acc: 97.50% loss: 0.001084
[2018-12-07 09:41:00] Epoch 30 step [30|132] lr=0.00034300 acc: 97.03% loss: 0.001156
[2018-12-07 09:41:00] Epoch 30 step [40|132] lr=0.00034300 acc: 97.03% loss: 0.001021
[2018-12-07 09:41:01] Epoch 30 step [50|132] lr=0.00034300 acc: 97.03% loss: 0.001383
[2018-12-07 09:41:01] Epoch 30 step [60|132] lr=0.00034300 acc: 98.12% loss: 0.000953
[2018-12-07 09:41:02] Epoch 30 step [70|132] lr=0.00034300 acc: 97.03% loss: 0.000987
[2018-12-07 09:41:03] Epoch 30 step [80|132] lr=0.00034300 acc: 97.19% loss: 0.000929
[2018-12-07 09:41:04] Epoch 30 step [90|132] lr=0.00034300 acc: 97.34% loss: 0.000885
[2018-12-07 09:41:05] Epoch 30 step [100|132] lr=0.00034300 acc: 98.12% loss: 0.000877
[2018-12-07 09:41:06] Epoch 30 step [110|132] lr=0.00034300 acc: 97.81% loss: 0.000945
[2018-12-07 09:41:08] Epoch 30 step [120|132] lr=0.00034300 acc: 98.44% loss: 0.000574
[2018-12-07 09:41:11] Epoch 30 step [130|132] lr=0.00034300 acc: 99.06% loss: 0.000338
dev acc: 83.98% loss: 0.008928
test acc: 87.60% loss: 0.007239
not improved, best test acc: 89.26%, in epoch 5
[2018-12-07 09:41:14] Epoch 31 step [10|132] lr=0.00034300 acc: 97.03% loss: 0.001080
[2018-12-07 09:41:14] Epoch 31 step [20|132] lr=0.00034300 acc: 96.88% loss: 0.001288
[2018-12-07 09:41:14] Epoch 31 step [30|132] lr=0.00034300 acc: 96.56% loss: 0.001310
[2018-12-07 09:41:14] Epoch 31 step [40|132] lr=0.00034300 acc: 97.34% loss: 0.000972
[2018-12-07 09:41:15] Epoch 31 step [50|132] lr=0.00034300 acc: 95.31% loss: 0.001607
[2018-12-07 09:41:16] Epoch 31 step [60|132] lr=0.00034300 acc: 96.09% loss: 0.001358
[2018-12-07 09:41:16] Epoch 31 step [70|132] lr=0.00034300 acc: 97.19% loss: 0.001068
[2018-12-07 09:41:17] Epoch 31 step [80|132] lr=0.00034300 acc: 96.25% loss: 0.001373
[2018-12-07 09:41:18] Epoch 31 step [90|132] lr=0.00034300 acc: 97.50% loss: 0.000978
[2018-12-07 09:41:20] Epoch 31 step [100|132] lr=0.00034300 acc: 98.44% loss: 0.000889
[2018-12-07 09:41:21] Epoch 31 step [110|132] lr=0.00034300 acc: 97.97% loss: 0.000794
[2018-12-07 09:41:23] Epoch 31 step [120|132] lr=0.00034300 acc: 98.91% loss: 0.000522
[2018-12-07 09:41:27] Epoch 31 step [130|132] lr=0.00034300 acc: 99.06% loss: 0.000446
dev acc: 84.18% loss: 0.008951
test acc: 87.50% loss: 0.007247
not improved, best test acc: 89.26%, in epoch 5
[2018-12-07 09:41:30] Epoch 32 step [10|132] lr=0.00034300 acc: 96.09% loss: 0.001311
[2018-12-07 09:41:30] Epoch 32 step [20|132] lr=0.00034300 acc: 97.66% loss: 0.001012
[2018-12-07 09:41:31] Epoch 32 step [30|132] lr=0.00034300 acc: 96.25% loss: 0.001550
[2018-12-07 09:41:31] Epoch 32 step [40|132] lr=0.00034300 acc: 96.72% loss: 0.001102
[2018-12-07 09:41:32] Epoch 32 step [50|132] lr=0.00034300 acc: 95.47% loss: 0.001342
[2018-12-07 09:41:32] Epoch 32 step [60|132] lr=0.00034300 acc: 97.19% loss: 0.001046
[2018-12-07 09:41:33] Epoch 32 step [70|132] lr=0.00034300 acc: 98.28% loss: 0.000972
[2018-12-07 09:41:34] Epoch 32 step [80|132] lr=0.00034300 acc: 96.88% loss: 0.001088
[2018-12-07 09:41:35] Epoch 32 step [90|132] lr=0.00034300 acc: 97.19% loss: 0.001100
[2018-12-07 09:41:36] Epoch 32 step [100|132] lr=0.00034300 acc: 98.12% loss: 0.000948
[2018-12-07 09:41:38] Epoch 32 step [110|132] lr=0.00034300 acc: 98.12% loss: 0.000801
[2018-12-07 09:41:40] Epoch 32 step [120|132] lr=0.00034300 acc: 97.66% loss: 0.000828
[2018-12-07 09:41:43] Epoch 32 step [130|132] lr=0.00034300 acc: 98.59% loss: 0.000555
dev acc: 84.18% loss: 0.008887
test acc: 87.70% loss: 0.007205
not improved, best test acc: 89.26%, in epoch 5
[2018-12-07 09:41:45] Epoch 33 step [10|132] lr=0.00034300 acc: 95.78% loss: 0.001452
[2018-12-07 09:41:45] Epoch 33 step [20|132] lr=0.00034300 acc: 96.56% loss: 0.001132
[2018-12-07 09:41:46] Epoch 33 step [30|132] lr=0.00034300 acc: 96.09% loss: 0.001423
[2018-12-07 09:41:46] Epoch 33 step [40|132] lr=0.00034300 acc: 97.50% loss: 0.000839
[2018-12-07 09:41:46] Epoch 33 step [50|132] lr=0.00034300 acc: 97.03% loss: 0.001316
[2018-12-07 09:41:47] Epoch 33 step [60|132] lr=0.00034300 acc: 97.03% loss: 0.001065
[2018-12-07 09:41:47] Epoch 33 step [70|132] lr=0.00034300 acc: 96.56% loss: 0.001117
[2018-12-07 09:41:48] Epoch 33 step [80|132] lr=0.00034300 acc: 96.88% loss: 0.001159
[2018-12-07 09:41:49] Epoch 33 step [90|132] lr=0.00034300 acc: 97.50% loss: 0.000838
[2018-12-07 09:41:50] Epoch 33 step [100|132] lr=0.00034300 acc: 98.12% loss: 0.001000
[2018-12-07 09:41:51] Epoch 33 step [110|132] lr=0.00034300 acc: 97.03% loss: 0.001031
[2018-12-07 09:41:53] Epoch 33 step [120|132] lr=0.00034300 acc: 98.91% loss: 0.000571
[2018-12-07 09:41:56] Epoch 33 step [130|132] lr=0.00034300 acc: 99.22% loss: 0.000314
dev acc: 84.38% loss: 0.008929
test acc: 88.09% loss: 0.007202
not improved, best test acc: 89.26%, in epoch 5
[2018-12-07 09:41:58] Epoch 34 step [10|132] lr=0.00034300 acc: 96.09% loss: 0.001356
[2018-12-07 09:41:58] Epoch 34 step [20|132] lr=0.00034300 acc: 97.19% loss: 0.001077
[2018-12-07 09:41:59] Epoch 34 step [30|132] lr=0.00034300 acc: 96.41% loss: 0.001412
[2018-12-07 09:41:59] Epoch 34 step [40|132] lr=0.00034300 acc: 96.72% loss: 0.001240
[2018-12-07 09:41:59] Epoch 34 step [50|132] lr=0.00034300 acc: 96.72% loss: 0.001325
[2018-12-07 09:42:00] Epoch 34 step [60|132] lr=0.00034300 acc: 96.72% loss: 0.001228
[2018-12-07 09:42:00] Epoch 34 step [70|132] lr=0.00034300 acc: 96.72% loss: 0.001137
[2018-12-07 09:42:01] Epoch 34 step [80|132] lr=0.00034300 acc: 97.81% loss: 0.000984
[2018-12-07 09:42:02] Epoch 34 step [90|132] lr=0.00034300 acc: 97.50% loss: 0.000949
[2018-12-07 09:42:03] Epoch 34 step [100|132] lr=0.00034300 acc: 98.12% loss: 0.000893
[2018-12-07 09:42:04] Epoch 34 step [110|132] lr=0.00034300 acc: 98.59% loss: 0.000658
[2018-12-07 09:42:06] Epoch 34 step [120|132] lr=0.00034300 acc: 98.75% loss: 0.000589
[2018-12-07 09:42:08] Epoch 34 step [130|132] lr=0.00034300 acc: 99.53% loss: 0.000331
dev acc: 84.18% loss: 0.009002
test acc: 87.60% loss: 0.007340
not improved, best test acc: 89.26%, in epoch 5
[2018-12-07 09:42:11] Epoch 35 step [10|132] lr=0.00034300 acc: 95.31% loss: 0.001653
[2018-12-07 09:42:11] Epoch 35 step [20|132] lr=0.00034300 acc: 96.88% loss: 0.001224
[2018-12-07 09:42:11] Epoch 35 step [30|132] lr=0.00034300 acc: 95.62% loss: 0.001322
[2018-12-07 09:42:12] Epoch 35 step [40|132] lr=0.00034300 acc: 97.66% loss: 0.000909
[2018-12-07 09:42:12] Epoch 35 step [50|132] lr=0.00034300 acc: 96.41% loss: 0.001397
[2018-12-07 09:42:13] Epoch 35 step [60|132] lr=0.00034300 acc: 97.81% loss: 0.000976
[2018-12-07 09:42:13] Epoch 35 step [70|132] lr=0.00034300 acc: 97.19% loss: 0.001036
[2018-12-07 09:42:14] Epoch 35 step [80|132] lr=0.00034300 acc: 96.88% loss: 0.000977
[2018-12-07 09:42:15] Epoch 35 step [90|132] lr=0.00034300 acc: 97.97% loss: 0.000856
[2018-12-07 09:42:16] Epoch 35 step [100|132] lr=0.00034300 acc: 97.34% loss: 0.001016
[2018-12-07 09:42:17] Epoch 35 step [110|132] lr=0.00034300 acc: 97.97% loss: 0.000910
[2018-12-07 09:42:19] Epoch 35 step [120|132] lr=0.00034300 acc: 98.59% loss: 0.000509
[2018-12-07 09:42:22] Epoch 35 step [130|132] lr=0.00034300 acc: 99.38% loss: 0.000333
dev acc: 84.77% loss: 0.009063
test acc: 87.79% loss: 0.007355
not improved, best test acc: 89.26%, in epoch 5
[2018-12-07 09:42:24] Epoch 36 step [10|132] lr=0.00034300 acc: 95.47% loss: 0.001483
[2018-12-07 09:42:24] Epoch 36 step [20|132] lr=0.00034300 acc: 97.81% loss: 0.001002
[2018-12-07 09:42:24] Epoch 36 step [30|132] lr=0.00034300 acc: 96.09% loss: 0.001379
[2018-12-07 09:42:25] Epoch 36 step [40|132] lr=0.00034300 acc: 97.34% loss: 0.001074
[2018-12-07 09:42:25] Epoch 36 step [50|132] lr=0.00034300 acc: 96.72% loss: 0.001253
[2018-12-07 09:42:26] Epoch 36 step [60|132] lr=0.00034300 acc: 97.66% loss: 0.001254
[2018-12-07 09:42:26] Epoch 36 step [70|132] lr=0.00034300 acc: 97.34% loss: 0.001048
[2018-12-07 09:42:27] Epoch 36 step [80|132] lr=0.00034300 acc: 96.88% loss: 0.001056
[2018-12-07 09:42:28] Epoch 36 step [90|132] lr=0.00034300 acc: 97.50% loss: 0.000949
[2018-12-07 09:42:29] Epoch 36 step [100|132] lr=0.00034300 acc: 98.59% loss: 0.000903
[2018-12-07 09:42:30] Epoch 36 step [110|132] lr=0.00034300 acc: 97.19% loss: 0.000936
[2018-12-07 09:42:31] Epoch 36 step [120|132] lr=0.00034300 acc: 98.44% loss: 0.000605
[2018-12-07 09:42:34] Epoch 36 step [130|132] lr=0.00034300 acc: 99.38% loss: 0.000401
dev acc: 84.28% loss: 0.009083
test acc: 87.40% loss: 0.007389
not improved, best test acc: 89.26%, in epoch 5
[2018-12-07 09:42:36] Epoch 37 step [10|132] lr=0.00034300 acc: 96.56% loss: 0.001289
[2018-12-07 09:42:37] Epoch 37 step [20|132] lr=0.00034300 acc: 97.34% loss: 0.001082
[2018-12-07 09:42:37] Epoch 37 step [30|132] lr=0.00034300 acc: 96.56% loss: 0.001385
[2018-12-07 09:42:37] Epoch 37 step [40|132] lr=0.00034300 acc: 97.97% loss: 0.000844
[2018-12-07 09:42:38] Epoch 37 step [50|132] lr=0.00034300 acc: 96.41% loss: 0.001380
[2018-12-07 09:42:39] Epoch 37 step [60|132] lr=0.00034300 acc: 97.19% loss: 0.001146
[2018-12-07 09:42:39] Epoch 37 step [70|132] lr=0.00034300 acc: 97.03% loss: 0.001104
[2018-12-07 09:42:40] Epoch 37 step [80|132] lr=0.00034300 acc: 97.97% loss: 0.000772
[2018-12-07 09:42:41] Epoch 37 step [90|132] lr=0.00034300 acc: 97.81% loss: 0.000817
[2018-12-07 09:42:42] Epoch 37 step [100|132] lr=0.00034300 acc: 98.44% loss: 0.000779
[2018-12-07 09:42:44] Epoch 37 step [110|132] lr=0.00034300 acc: 98.28% loss: 0.000716
[2018-12-07 09:42:46] Epoch 37 step [120|132] lr=0.00034300 acc: 97.81% loss: 0.000769
[2018-12-07 09:42:50] Epoch 37 step [130|132] lr=0.00034300 acc: 99.84% loss: 0.000251
dev acc: 83.79% loss: 0.009255
test acc: 87.30% loss: 0.007552
not improved, best test acc: 89.26%, in epoch 5
32 epoch have not improved, so adjust lr to 0.00024009999999999998
[2018-12-07 09:42:52] Epoch 38 step [10|132] lr=0.00024010 acc: 96.25% loss: 0.001355
[2018-12-07 09:42:53] Epoch 38 step [20|132] lr=0.00024010 acc: 97.81% loss: 0.000900
[2018-12-07 09:42:53] Epoch 38 step [30|132] lr=0.00024010 acc: 96.09% loss: 0.001406
[2018-12-07 09:42:53] Epoch 38 step [40|132] lr=0.00024010 acc: 97.19% loss: 0.001002
[2018-12-07 09:42:54] Epoch 38 step [50|132] lr=0.00024010 acc: 95.78% loss: 0.001416
[2018-12-07 09:42:54] Epoch 38 step [60|132] lr=0.00024010 acc: 97.03% loss: 0.001258
[2018-12-07 09:42:55] Epoch 38 step [70|132] lr=0.00024010 acc: 96.56% loss: 0.001100
[2018-12-07 09:42:56] Epoch 38 step [80|132] lr=0.00024010 acc: 97.66% loss: 0.001009
[2018-12-07 09:42:57] Epoch 38 step [90|132] lr=0.00024010 acc: 98.59% loss: 0.000707
[2018-12-07 09:42:58] Epoch 38 step [100|132] lr=0.00024010 acc: 98.12% loss: 0.000925
[2018-12-07 09:42:59] Epoch 38 step [110|132] lr=0.00024010 acc: 98.44% loss: 0.000729
[2018-12-07 09:43:01] Epoch 38 step [120|132] lr=0.00024010 acc: 98.28% loss: 0.000642
[2018-12-07 09:43:04] Epoch 38 step [130|132] lr=0.00024010 acc: 99.22% loss: 0.000342
dev acc: 83.79% loss: 0.009230
test acc: 87.40% loss: 0.007528
not improved, best test acc: 89.26%, in epoch 5
[2018-12-07 09:43:06] Epoch 39 step [10|132] lr=0.00024010 acc: 96.41% loss: 0.001458
[2018-12-07 09:43:07] Epoch 39 step [20|132] lr=0.00024010 acc: 97.03% loss: 0.001022
[2018-12-07 09:43:07] Epoch 39 step [30|132] lr=0.00024010 acc: 96.72% loss: 0.001345
[2018-12-07 09:43:07] Epoch 39 step [40|132] lr=0.00024010 acc: 97.66% loss: 0.000912
[2018-12-07 09:43:08] Epoch 39 step [50|132] lr=0.00024010 acc: 96.09% loss: 0.001488
[2018-12-07 09:43:08] Epoch 39 step [60|132] lr=0.00024010 acc: 97.19% loss: 0.001066
[2018-12-07 09:43:09] Epoch 39 step [70|132] lr=0.00024010 acc: 97.66% loss: 0.000901
[2018-12-07 09:43:10] Epoch 39 step [80|132] lr=0.00024010 acc: 97.81% loss: 0.000878
[2018-12-07 09:43:11] Epoch 39 step [90|132] lr=0.00024010 acc: 97.97% loss: 0.000817
[2018-12-07 09:43:12] Epoch 39 step [100|132] lr=0.00024010 acc: 97.97% loss: 0.000904
[2018-12-07 09:43:13] Epoch 39 step [110|132] lr=0.00024010 acc: 97.81% loss: 0.000834
[2018-12-07 09:43:15] Epoch 39 step [120|132] lr=0.00024010 acc: 99.06% loss: 0.000431
[2018-12-07 09:43:17] Epoch 39 step [130|132] lr=0.00024010 acc: 99.22% loss: 0.000242
dev acc: 83.69% loss: 0.009275
test acc: 87.40% loss: 0.007548
not improved, best test acc: 89.26%, in epoch 5
[2018-12-07 09:43:20] Epoch 40 step [10|132] lr=0.00024010 acc: 97.19% loss: 0.001138
[2018-12-07 09:43:20] Epoch 40 step [20|132] lr=0.00024010 acc: 97.34% loss: 0.001088
[2018-12-07 09:43:20] Epoch 40 step [30|132] lr=0.00024010 acc: 96.56% loss: 0.001101
[2018-12-07 09:43:20] Epoch 40 step [40|132] lr=0.00024010 acc: 97.19% loss: 0.000946
[2018-12-07 09:43:21] Epoch 40 step [50|132] lr=0.00024010 acc: 96.25% loss: 0.001362
[2018-12-07 09:43:22] Epoch 40 step [60|132] lr=0.00024010 acc: 96.09% loss: 0.001310
[2018-12-07 09:43:22] Epoch 40 step [70|132] lr=0.00024010 acc: 97.34% loss: 0.001067
[2018-12-07 09:43:23] Epoch 40 step [80|132] lr=0.00024010 acc: 97.19% loss: 0.000931
[2018-12-07 09:43:25] Epoch 40 step [90|132] lr=0.00024010 acc: 98.44% loss: 0.000710
[2018-12-07 09:43:26] Epoch 40 step [100|132] lr=0.00024010 acc: 97.03% loss: 0.001070
[2018-12-07 09:43:27] Epoch 40 step [110|132] lr=0.00024010 acc: 98.28% loss: 0.000622
[2018-12-07 09:43:30] Epoch 40 step [120|132] lr=0.00024010 acc: 98.59% loss: 0.000517
[2018-12-07 09:43:33] Epoch 40 step [130|132] lr=0.00024010 acc: 99.69% loss: 0.000234
dev acc: 84.18% loss: 0.009242
test acc: 87.50% loss: 0.007530
not improved, best test acc: 89.26%, in epoch 5
[2018-12-07 09:43:35] Epoch 41 step [10|132] lr=0.00024010 acc: 96.41% loss: 0.001240
[2018-12-07 09:43:35] Epoch 41 step [20|132] lr=0.00024010 acc: 97.34% loss: 0.001012
[2018-12-07 09:43:35] Epoch 41 step [30|132] lr=0.00024010 acc: 95.62% loss: 0.001522
[2018-12-07 09:43:35] Epoch 41 step [40|132] lr=0.00024010 acc: 98.28% loss: 0.000778
[2018-12-07 09:43:36] Epoch 41 step [50|132] lr=0.00024010 acc: 96.25% loss: 0.001468
[2018-12-07 09:43:36] Epoch 41 step [60|132] lr=0.00024010 acc: 97.50% loss: 0.000945
[2018-12-07 09:43:37] Epoch 41 step [70|132] lr=0.00024010 acc: 97.66% loss: 0.000878
[2018-12-07 09:43:38] Epoch 41 step [80|132] lr=0.00024010 acc: 97.34% loss: 0.001093
[2018-12-07 09:43:39] Epoch 41 step [90|132] lr=0.00024010 acc: 98.91% loss: 0.000638
[2018-12-07 09:43:40] Epoch 41 step [100|132] lr=0.00024010 acc: 97.50% loss: 0.001119
[2018-12-07 09:43:41] Epoch 41 step [110|132] lr=0.00024010 acc: 98.12% loss: 0.000700
[2018-12-07 09:43:43] Epoch 41 step [120|132] lr=0.00024010 acc: 99.06% loss: 0.000546
[2018-12-07 09:43:45] Epoch 41 step [130|132] lr=0.00024010 acc: 99.53% loss: 0.000244
dev acc: 84.57% loss: 0.009237
test acc: 87.79% loss: 0.007524
not improved, best test acc: 89.26%, in epoch 5
[2018-12-07 09:43:47] Epoch 42 step [10|132] lr=0.00024010 acc: 96.72% loss: 0.001181
[2018-12-07 09:43:48] Epoch 42 step [20|132] lr=0.00024010 acc: 97.50% loss: 0.001082
[2018-12-07 09:43:48] Epoch 42 step [30|132] lr=0.00024010 acc: 96.72% loss: 0.001244
[2018-12-07 09:43:48] Epoch 42 step [40|132] lr=0.00024010 acc: 97.50% loss: 0.000907
[2018-12-07 09:43:49] Epoch 42 step [50|132] lr=0.00024010 acc: 96.56% loss: 0.001210
[2018-12-07 09:43:50] Epoch 42 step [60|132] lr=0.00024010 acc: 97.66% loss: 0.001019
[2018-12-07 09:43:50] Epoch 42 step [70|132] lr=0.00024010 acc: 97.50% loss: 0.000950
[2018-12-07 09:43:51] Epoch 42 step [80|132] lr=0.00024010 acc: 97.34% loss: 0.000811
[2018-12-07 09:43:53] Epoch 42 step [90|132] lr=0.00024010 acc: 98.12% loss: 0.000708
[2018-12-07 09:43:54] Epoch 42 step [100|132] lr=0.00024010 acc: 98.12% loss: 0.000836
[2018-12-07 09:43:55] Epoch 42 step [110|132] lr=0.00024010 acc: 98.44% loss: 0.000690
[2018-12-07 09:43:58] Epoch 42 step [120|132] lr=0.00024010 acc: 99.22% loss: 0.000399
[2018-12-07 09:44:01] Epoch 42 step [130|132] lr=0.00024010 acc: 99.69% loss: 0.000243
dev acc: 84.18% loss: 0.009365
test acc: 87.50% loss: 0.007636
not improved, best test acc: 89.26%, in epoch 5
[2018-12-07 09:44:04] Epoch 43 step [10|132] lr=0.00024010 acc: 96.41% loss: 0.001209
[2018-12-07 09:44:04] Epoch 43 step [20|132] lr=0.00024010 acc: 97.03% loss: 0.000995
[2018-12-07 09:44:04] Epoch 43 step [30|132] lr=0.00024010 acc: 95.62% loss: 0.001471
[2018-12-07 09:44:04] Epoch 43 step [40|132] lr=0.00024010 acc: 96.88% loss: 0.001126
[2018-12-07 09:44:05] Epoch 43 step [50|132] lr=0.00024010 acc: 96.25% loss: 0.001311
[2018-12-07 09:44:05] Epoch 43 step [60|132] lr=0.00024010 acc: 97.03% loss: 0.001232
[2018-12-07 09:44:06] Epoch 43 step [70|132] lr=0.00024010 acc: 97.34% loss: 0.000941
[2018-12-07 09:44:07] Epoch 43 step [80|132] lr=0.00024010 acc: 97.19% loss: 0.000927
[2018-12-07 09:44:08] Epoch 43 step [90|132] lr=0.00024010 acc: 98.28% loss: 0.000612
[2018-12-07 09:44:10] Epoch 43 step [100|132] lr=0.00024010 acc: 98.75% loss: 0.000694
[2018-12-07 09:44:11] Epoch 43 step [110|132] lr=0.00024010 acc: 98.44% loss: 0.000643
[2018-12-07 09:44:13] Epoch 43 step [120|132] lr=0.00024010 acc: 98.28% loss: 0.000661
[2018-12-07 09:44:17] Epoch 43 step [130|132] lr=0.00024010 acc: 99.06% loss: 0.000358
dev acc: 84.28% loss: 0.009384
test acc: 87.70% loss: 0.007647
not improved, best test acc: 89.26%, in epoch 5
[2018-12-07 09:44:20] Epoch 44 step [10|132] lr=0.00024010 acc: 96.09% loss: 0.001293
[2018-12-07 09:44:20] Epoch 44 step [20|132] lr=0.00024010 acc: 96.25% loss: 0.001264
[2018-12-07 09:44:20] Epoch 44 step [30|132] lr=0.00024010 acc: 95.94% loss: 0.001306
[2018-12-07 09:44:21] Epoch 44 step [40|132] lr=0.00024010 acc: 97.19% loss: 0.000952
[2018-12-07 09:44:21] Epoch 44 step [50|132] lr=0.00024010 acc: 97.19% loss: 0.001180
[2018-12-07 09:44:22] Epoch 44 step [60|132] lr=0.00024010 acc: 97.34% loss: 0.001060
[2018-12-07 09:44:22] Epoch 44 step [70|132] lr=0.00024010 acc: 97.81% loss: 0.000799
[2018-12-07 09:44:23] Epoch 44 step [80|132] lr=0.00024010 acc: 97.34% loss: 0.000810
[2018-12-07 09:44:24] Epoch 44 step [90|132] lr=0.00024010 acc: 98.28% loss: 0.000813
[2018-12-07 09:44:25] Epoch 44 step [100|132] lr=0.00024010 acc: 98.44% loss: 0.000763
[2018-12-07 09:44:26] Epoch 44 step [110|132] lr=0.00024010 acc: 98.44% loss: 0.000659
[2018-12-07 09:44:28] Epoch 44 step [120|132] lr=0.00024010 acc: 98.75% loss: 0.000483
[2018-12-07 09:44:30] Epoch 44 step [130|132] lr=0.00024010 acc: 99.38% loss: 0.000241
dev acc: 83.79% loss: 0.009540
test acc: 87.50% loss: 0.007814
not improved, best test acc: 89.26%, in epoch 5
[2018-12-07 09:44:32] Epoch 45 step [10|132] lr=0.00024010 acc: 96.41% loss: 0.001306
[2018-12-07 09:44:32] Epoch 45 step [20|132] lr=0.00024010 acc: 97.66% loss: 0.000917
[2018-12-07 09:44:33] Epoch 45 step [30|132] lr=0.00024010 acc: 95.94% loss: 0.001263
[2018-12-07 09:44:33] Epoch 45 step [40|132] lr=0.00024010 acc: 96.72% loss: 0.001255
[2018-12-07 09:44:33] Epoch 45 step [50|132] lr=0.00024010 acc: 96.56% loss: 0.001292
[2018-12-07 09:44:34] Epoch 45 step [60|132] lr=0.00024010 acc: 97.03% loss: 0.001174
[2018-12-07 09:44:35] Epoch 45 step [70|132] lr=0.00024010 acc: 97.03% loss: 0.000903
[2018-12-07 09:44:35] Epoch 45 step [80|132] lr=0.00024010 acc: 97.81% loss: 0.000640
[2018-12-07 09:44:36] Epoch 45 step [90|132] lr=0.00024010 acc: 97.50% loss: 0.000962
[2018-12-07 09:44:37] Epoch 45 step [100|132] lr=0.00024010 acc: 98.91% loss: 0.000750
[2018-12-07 09:44:39] Epoch 45 step [110|132] lr=0.00024010 acc: 98.12% loss: 0.000744
[2018-12-07 09:44:41] Epoch 45 step [120|132] lr=0.00024010 acc: 98.75% loss: 0.000528
[2018-12-07 09:44:44] Epoch 45 step [130|132] lr=0.00024010 acc: 98.91% loss: 0.000402
dev acc: 84.18% loss: 0.009491
test acc: 87.70% loss: 0.007741
not improved, best test acc: 89.26%, in epoch 5
40 epoch have not improved, so adjust lr to 0.00016806999999999998
[2018-12-07 09:44:47] Epoch 46 step [10|132] lr=0.00016807 acc: 96.72% loss: 0.001103
[2018-12-07 09:44:47] Epoch 46 step [20|132] lr=0.00016807 acc: 97.34% loss: 0.000978
[2018-12-07 09:44:47] Epoch 46 step [30|132] lr=0.00016807 acc: 96.56% loss: 0.001281
[2018-12-07 09:44:48] Epoch 46 step [40|132] lr=0.00016807 acc: 97.19% loss: 0.000880
[2018-12-07 09:44:48] Epoch 46 step [50|132] lr=0.00016807 acc: 97.66% loss: 0.001033
[2018-12-07 09:44:48] Epoch 46 step [60|132] lr=0.00016807 acc: 97.81% loss: 0.000998
[2018-12-07 09:44:49] Epoch 46 step [70|132] lr=0.00016807 acc: 97.03% loss: 0.000968
[2018-12-07 09:44:50] Epoch 46 step [80|132] lr=0.00016807 acc: 97.81% loss: 0.000864
[2018-12-07 09:44:50] Epoch 46 step [90|132] lr=0.00016807 acc: 98.12% loss: 0.000664
[2018-12-07 09:44:51] Epoch 46 step [100|132] lr=0.00016807 acc: 97.97% loss: 0.000964
[2018-12-07 09:44:53] Epoch 46 step [110|132] lr=0.00016807 acc: 98.75% loss: 0.000698
[2018-12-07 09:44:55] Epoch 46 step [120|132] lr=0.00016807 acc: 98.44% loss: 0.000541
[2018-12-07 09:44:58] Epoch 46 step [130|132] lr=0.00016807 acc: 99.84% loss: 0.000210
dev acc: 84.08% loss: 0.009451
test acc: 87.70% loss: 0.007707
not improved, best test acc: 89.26%, in epoch 5
[2018-12-07 09:45:00] Epoch 47 step [10|132] lr=0.00016807 acc: 95.94% loss: 0.001347
[2018-12-07 09:45:00] Epoch 47 step [20|132] lr=0.00016807 acc: 97.97% loss: 0.000820
[2018-12-07 09:45:00] Epoch 47 step [30|132] lr=0.00016807 acc: 95.78% loss: 0.001397
[2018-12-07 09:45:01] Epoch 47 step [40|132] lr=0.00016807 acc: 97.81% loss: 0.000924
[2018-12-07 09:45:01] Epoch 47 step [50|132] lr=0.00016807 acc: 96.25% loss: 0.001103
[2018-12-07 09:45:02] Epoch 47 step [60|132] lr=0.00016807 acc: 97.03% loss: 0.001018
[2018-12-07 09:45:02] Epoch 47 step [70|132] lr=0.00016807 acc: 97.97% loss: 0.000797
[2018-12-07 09:45:03] Epoch 47 step [80|132] lr=0.00016807 acc: 97.81% loss: 0.000994
[2018-12-07 09:45:03] Epoch 47 step [90|132] lr=0.00016807 acc: 98.59% loss: 0.000639
[2018-12-07 09:45:04] Epoch 47 step [100|132] lr=0.00016807 acc: 98.91% loss: 0.000774
[2018-12-07 09:45:06] Epoch 47 step [110|132] lr=0.00016807 acc: 98.44% loss: 0.000593
[2018-12-07 09:45:07] Epoch 47 step [120|132] lr=0.00016807 acc: 98.75% loss: 0.000406
[2018-12-07 09:45:10] Epoch 47 step [130|132] lr=0.00016807 acc: 99.69% loss: 0.000239
dev acc: 84.18% loss: 0.009500
test acc: 87.50% loss: 0.007750
not improved, best test acc: 89.26%, in epoch 5
[2018-12-07 09:45:12] Epoch 48 step [10|132] lr=0.00016807 acc: 96.25% loss: 0.001340
[2018-12-07 09:45:12] Epoch 48 step [20|132] lr=0.00016807 acc: 97.81% loss: 0.001105
[2018-12-07 09:45:13] Epoch 48 step [30|132] lr=0.00016807 acc: 96.88% loss: 0.001329
[2018-12-07 09:45:13] Epoch 48 step [40|132] lr=0.00016807 acc: 97.97% loss: 0.000810
[2018-12-07 09:45:13] Epoch 48 step [50|132] lr=0.00016807 acc: 97.03% loss: 0.001193
[2018-12-07 09:45:14] Epoch 48 step [60|132] lr=0.00016807 acc: 97.50% loss: 0.001052
[2018-12-07 09:45:14] Epoch 48 step [70|132] lr=0.00016807 acc: 98.28% loss: 0.000947
[2018-12-07 09:45:15] Epoch 48 step [80|132] lr=0.00016807 acc: 98.44% loss: 0.000728
[2018-12-07 09:45:16] Epoch 48 step [90|132] lr=0.00016807 acc: 98.59% loss: 0.000747
[2018-12-07 09:45:17] Epoch 48 step [100|132] lr=0.00016807 acc: 98.44% loss: 0.000871
[2018-12-07 09:45:18] Epoch 48 step [110|132] lr=0.00016807 acc: 99.22% loss: 0.000692
[2018-12-07 09:45:20] Epoch 48 step [120|132] lr=0.00016807 acc: 99.53% loss: 0.000286
[2018-12-07 09:45:22] Epoch 48 step [130|132] lr=0.00016807 acc: 99.22% loss: 0.000308
dev acc: 84.47% loss: 0.009534
test acc: 87.40% loss: 0.007770
not improved, best test acc: 89.26%, in epoch 5
[2018-12-07 09:45:25] Epoch 49 step [10|132] lr=0.00016807 acc: 96.41% loss: 0.001257
[2018-12-07 09:45:25] Epoch 49 step [20|132] lr=0.00016807 acc: 97.03% loss: 0.001117
[2018-12-07 09:45:25] Epoch 49 step [30|132] lr=0.00016807 acc: 95.78% loss: 0.001467
[2018-12-07 09:45:26] Epoch 49 step [40|132] lr=0.00016807 acc: 97.03% loss: 0.001066
[2018-12-07 09:45:26] Epoch 49 step [50|132] lr=0.00016807 acc: 96.88% loss: 0.001222
[2018-12-07 09:45:27] Epoch 49 step [60|132] lr=0.00016807 acc: 97.97% loss: 0.000887
[2018-12-07 09:45:27] Epoch 49 step [70|132] lr=0.00016807 acc: 97.19% loss: 0.000946
[2018-12-07 09:45:28] Epoch 49 step [80|132] lr=0.00016807 acc: 98.28% loss: 0.000698
[2018-12-07 09:45:29] Epoch 49 step [90|132] lr=0.00016807 acc: 98.44% loss: 0.000772
[2018-12-07 09:45:30] Epoch 49 step [100|132] lr=0.00016807 acc: 98.12% loss: 0.000783
[2018-12-07 09:45:32] Epoch 49 step [110|132] lr=0.00016807 acc: 98.75% loss: 0.000525
[2018-12-07 09:45:34] Epoch 49 step [120|132] lr=0.00016807 acc: 99.22% loss: 0.000319
[2018-12-07 09:45:38] Epoch 49 step [130|132] lr=0.00016807 acc: 100.00% loss: 0.000126
dev acc: 83.79% loss: 0.009560
test acc: 87.79% loss: 0.007844
not improved, best test acc: 89.26%, in epoch 5
[2018-12-07 09:45:41] Epoch 50 step [10|132] lr=0.00016807 acc: 95.94% loss: 0.001397
[2018-12-07 09:45:41] Epoch 50 step [20|132] lr=0.00016807 acc: 97.34% loss: 0.001067
[2018-12-07 09:45:41] Epoch 50 step [30|132] lr=0.00016807 acc: 96.25% loss: 0.001434
[2018-12-07 09:45:42] Epoch 50 step [40|132] lr=0.00016807 acc: 96.56% loss: 0.001004
[2018-12-07 09:45:42] Epoch 50 step [50|132] lr=0.00016807 acc: 97.50% loss: 0.001212
[2018-12-07 09:45:43] Epoch 50 step [60|132] lr=0.00016807 acc: 96.56% loss: 0.000925
[2018-12-07 09:45:43] Epoch 50 step [70|132] lr=0.00016807 acc: 97.66% loss: 0.000859
[2018-12-07 09:45:44] Epoch 50 step [80|132] lr=0.00016807 acc: 97.66% loss: 0.000829
[2018-12-07 09:45:45] Epoch 50 step [90|132] lr=0.00016807 acc: 97.66% loss: 0.000733
[2018-12-07 09:45:47] Epoch 50 step [100|132] lr=0.00016807 acc: 98.59% loss: 0.000750
[2018-12-07 09:45:48] Epoch 50 step [110|132] lr=0.00016807 acc: 97.81% loss: 0.000653
[2018-12-07 09:45:49] Epoch 50 step [120|132] lr=0.00016807 acc: 98.59% loss: 0.000412
[2018-12-07 09:45:52] Epoch 50 step [130|132] lr=0.00016807 acc: 99.22% loss: 0.000299
dev acc: 84.08% loss: 0.009616
test acc: 87.60% loss: 0.007883
not improved, best test acc: 89.26%, in epoch 5
[2018-12-07 09:45:54] Epoch 51 step [10|132] lr=0.00016807 acc: 96.56% loss: 0.001066
[2018-12-07 09:45:55] Epoch 51 step [20|132] lr=0.00016807 acc: 97.34% loss: 0.001111
[2018-12-07 09:45:55] Epoch 51 step [30|132] lr=0.00016807 acc: 95.94% loss: 0.001326
[2018-12-07 09:45:55] Epoch 51 step [40|132] lr=0.00016807 acc: 96.88% loss: 0.000986
[2018-12-07 09:45:55] Epoch 51 step [50|132] lr=0.00016807 acc: 96.25% loss: 0.001296
[2018-12-07 09:45:56] Epoch 51 step [60|132] lr=0.00016807 acc: 97.81% loss: 0.000783
[2018-12-07 09:45:56] Epoch 51 step [70|132] lr=0.00016807 acc: 97.66% loss: 0.000961
[2018-12-07 09:45:57] Epoch 51 step [80|132] lr=0.00016807 acc: 97.19% loss: 0.000925
[2018-12-07 09:45:58] Epoch 51 step [90|132] lr=0.00016807 acc: 98.28% loss: 0.000682
[2018-12-07 09:45:59] Epoch 51 step [100|132] lr=0.00016807 acc: 98.91% loss: 0.000613
[2018-12-07 09:46:00] Epoch 51 step [110|132] lr=0.00016807 acc: 98.44% loss: 0.000612
[2018-12-07 09:46:01] Epoch 51 step [120|132] lr=0.00016807 acc: 99.22% loss: 0.000403
[2018-12-07 09:46:04] Epoch 51 step [130|132] lr=0.00016807 acc: 99.53% loss: 0.000305
dev acc: 84.08% loss: 0.009649
test acc: 87.60% loss: 0.007884
not improved, best test acc: 89.26%, in epoch 5
[2018-12-07 09:46:06] Epoch 52 step [10|132] lr=0.00016807 acc: 96.09% loss: 0.001200
[2018-12-07 09:46:06] Epoch 52 step [20|132] lr=0.00016807 acc: 97.34% loss: 0.000867
[2018-12-07 09:46:07] Epoch 52 step [30|132] lr=0.00016807 acc: 96.25% loss: 0.001309
[2018-12-07 09:46:07] Epoch 52 step [40|132] lr=0.00016807 acc: 97.66% loss: 0.000944
[2018-12-07 09:46:07] Epoch 52 step [50|132] lr=0.00016807 acc: 96.88% loss: 0.001232
[2018-12-07 09:46:08] Epoch 52 step [60|132] lr=0.00016807 acc: 97.34% loss: 0.000988
[2018-12-07 09:46:08] Epoch 52 step [70|132] lr=0.00016807 acc: 97.97% loss: 0.000782
[2018-12-07 09:46:09] Epoch 52 step [80|132] lr=0.00016807 acc: 98.12% loss: 0.000723
[2018-12-07 09:46:10] Epoch 52 step [90|132] lr=0.00016807 acc: 99.06% loss: 0.000512
[2018-12-07 09:46:11] Epoch 52 step [100|132] lr=0.00016807 acc: 98.28% loss: 0.000854
[2018-12-07 09:46:12] Epoch 52 step [110|132] lr=0.00016807 acc: 98.75% loss: 0.000548
[2018-12-07 09:46:14] Epoch 52 step [120|132] lr=0.00016807 acc: 98.75% loss: 0.000516
[2018-12-07 09:46:16] Epoch 52 step [130|132] lr=0.00016807 acc: 99.38% loss: 0.000256
dev acc: 84.08% loss: 0.009708
test acc: 87.40% loss: 0.007952
not improved, best test acc: 89.26%, in epoch 5
[2018-12-07 09:46:18] Epoch 53 step [10|132] lr=0.00016807 acc: 95.78% loss: 0.001271
[2018-12-07 09:46:19] Epoch 53 step [20|132] lr=0.00016807 acc: 97.19% loss: 0.001148
[2018-12-07 09:46:19] Epoch 53 step [30|132] lr=0.00016807 acc: 97.19% loss: 0.001399
[2018-12-07 09:46:19] Epoch 53 step [40|132] lr=0.00016807 acc: 97.34% loss: 0.001064
[2018-12-07 09:46:20] Epoch 53 step [50|132] lr=0.00016807 acc: 96.72% loss: 0.001166
[2018-12-07 09:46:20] Epoch 53 step [60|132] lr=0.00016807 acc: 97.50% loss: 0.000980
[2018-12-07 09:46:21] Epoch 53 step [70|132] lr=0.00016807 acc: 97.81% loss: 0.000916
[2018-12-07 09:46:22] Epoch 53 step [80|132] lr=0.00016807 acc: 97.97% loss: 0.000832
[2018-12-07 09:46:22] Epoch 53 step [90|132] lr=0.00016807 acc: 97.97% loss: 0.000784
[2018-12-07 09:46:23] Epoch 53 step [100|132] lr=0.00016807 acc: 99.22% loss: 0.000636
[2018-12-07 09:46:24] Epoch 53 step [110|132] lr=0.00016807 acc: 98.75% loss: 0.000427
[2018-12-07 09:46:26] Epoch 53 step [120|132] lr=0.00016807 acc: 98.91% loss: 0.000398
[2018-12-07 09:46:29] Epoch 53 step [130|132] lr=0.00016807 acc: 99.84% loss: 0.000162
dev acc: 84.18% loss: 0.009652
test acc: 87.30% loss: 0.007898
not improved, best test acc: 89.26%, in epoch 5
48 epoch have not improved, so adjust lr to 0.00011764899999999998
[2018-12-07 09:46:31] Epoch 54 step [10|132] lr=0.00011765 acc: 96.56% loss: 0.001343
[2018-12-07 09:46:31] Epoch 54 step [20|132] lr=0.00011765 acc: 97.03% loss: 0.001095
[2018-12-07 09:46:32] Epoch 54 step [30|132] lr=0.00011765 acc: 96.56% loss: 0.001197
[2018-12-07 09:46:32] Epoch 54 step [40|132] lr=0.00011765 acc: 97.66% loss: 0.000759
[2018-12-07 09:46:32] Epoch 54 step [50|132] lr=0.00011765 acc: 96.72% loss: 0.001192
[2018-12-07 09:46:33] Epoch 54 step [60|132] lr=0.00011765 acc: 97.66% loss: 0.000941
[2018-12-07 09:46:33] Epoch 54 step [70|132] lr=0.00011765 acc: 97.81% loss: 0.000834
[2018-12-07 09:46:34] Epoch 54 step [80|132] lr=0.00011765 acc: 97.81% loss: 0.000870
[2018-12-07 09:46:35] Epoch 54 step [90|132] lr=0.00011765 acc: 98.44% loss: 0.000756
[2018-12-07 09:46:36] Epoch 54 step [100|132] lr=0.00011765 acc: 98.75% loss: 0.000693
[2018-12-07 09:46:37] Epoch 54 step [110|132] lr=0.00011765 acc: 97.97% loss: 0.000664
[2018-12-07 09:46:39] Epoch 54 step [120|132] lr=0.00011765 acc: 99.22% loss: 0.000369
[2018-12-07 09:46:41] Epoch 54 step [130|132] lr=0.00011765 acc: 99.53% loss: 0.000213
dev acc: 83.98% loss: 0.009689
test acc: 87.30% loss: 0.007955
not improved, best test acc: 89.26%, in epoch 5
[2018-12-07 09:46:44] Epoch 55 step [10|132] lr=0.00011765 acc: 96.72% loss: 0.001292
[2018-12-07 09:46:44] Epoch 55 step [20|132] lr=0.00011765 acc: 97.34% loss: 0.001134
[2018-12-07 09:46:44] Epoch 55 step [30|132] lr=0.00011765 acc: 97.03% loss: 0.001220
[2018-12-07 09:46:45] Epoch 55 step [40|132] lr=0.00011765 acc: 97.66% loss: 0.000803
[2018-12-07 09:46:45] Epoch 55 step [50|132] lr=0.00011765 acc: 96.88% loss: 0.001178
[2018-12-07 09:46:46] Epoch 55 step [60|132] lr=0.00011765 acc: 97.34% loss: 0.000955
[2018-12-07 09:46:47] Epoch 55 step [70|132] lr=0.00011765 acc: 97.19% loss: 0.001020
[2018-12-07 09:46:47] Epoch 55 step [80|132] lr=0.00011765 acc: 97.34% loss: 0.000817
[2018-12-07 09:46:48] Epoch 55 step [90|132] lr=0.00011765 acc: 97.97% loss: 0.000603
[2018-12-07 09:46:50] Epoch 55 step [100|132] lr=0.00011765 acc: 98.28% loss: 0.000857
[2018-12-07 09:46:51] Epoch 55 step [110|132] lr=0.00011765 acc: 98.75% loss: 0.000537
[2018-12-07 09:46:52] Epoch 55 step [120|132] lr=0.00011765 acc: 98.59% loss: 0.000473
[2018-12-07 09:46:55] Epoch 55 step [130|132] lr=0.00011765 acc: 99.22% loss: 0.000313
dev acc: 83.79% loss: 0.009728
test acc: 87.30% loss: 0.007972
not improved, best test acc: 89.26%, in epoch 5
[2018-12-07 09:46:57] Epoch 56 step [10|132] lr=0.00011765 acc: 96.41% loss: 0.001199
[2018-12-07 09:46:57] Epoch 56 step [20|132] lr=0.00011765 acc: 97.50% loss: 0.000949
[2018-12-07 09:46:58] Epoch 56 step [30|132] lr=0.00011765 acc: 95.78% loss: 0.001421
[2018-12-07 09:46:58] Epoch 56 step [40|132] lr=0.00011765 acc: 97.50% loss: 0.000915
[2018-12-07 09:46:58] Epoch 56 step [50|132] lr=0.00011765 acc: 97.03% loss: 0.001209
[2018-12-07 09:46:59] Epoch 56 step [60|132] lr=0.00011765 acc: 97.81% loss: 0.000976
[2018-12-07 09:46:59] Epoch 56 step [70|132] lr=0.00011765 acc: 97.66% loss: 0.000932
[2018-12-07 09:47:00] Epoch 56 step [80|132] lr=0.00011765 acc: 98.12% loss: 0.000757
[2018-12-07 09:47:01] Epoch 56 step [90|132] lr=0.00011765 acc: 99.22% loss: 0.000524
[2018-12-07 09:47:02] Epoch 56 step [100|132] lr=0.00011765 acc: 98.28% loss: 0.000794
[2018-12-07 09:47:03] Epoch 56 step [110|132] lr=0.00011765 acc: 97.66% loss: 0.000795
[2018-12-07 09:47:04] Epoch 56 step [120|132] lr=0.00011765 acc: 98.91% loss: 0.000415
[2018-12-07 09:47:07] Epoch 56 step [130|132] lr=0.00011765 acc: 99.38% loss: 0.000293
dev acc: 83.98% loss: 0.009726
test acc: 87.50% loss: 0.007955
not improved, best test acc: 89.26%, in epoch 5
[2018-12-07 09:47:09] Epoch 57 step [10|132] lr=0.00011765 acc: 96.41% loss: 0.001208
[2018-12-07 09:47:10] Epoch 57 step [20|132] lr=0.00011765 acc: 97.97% loss: 0.000983
[2018-12-07 09:47:10] Epoch 57 step [30|132] lr=0.00011765 acc: 96.72% loss: 0.001175
[2018-12-07 09:47:10] Epoch 57 step [40|132] lr=0.00011765 acc: 97.19% loss: 0.000995
[2018-12-07 09:47:11] Epoch 57 step [50|132] lr=0.00011765 acc: 97.03% loss: 0.001102
[2018-12-07 09:47:11] Epoch 57 step [60|132] lr=0.00011765 acc: 97.97% loss: 0.000805
[2018-12-07 09:47:12] Epoch 57 step [70|132] lr=0.00011765 acc: 97.66% loss: 0.000792
[2018-12-07 09:47:12] Epoch 57 step [80|132] lr=0.00011765 acc: 98.44% loss: 0.000630
[2018-12-07 09:47:13] Epoch 57 step [90|132] lr=0.00011765 acc: 97.66% loss: 0.000838
[2018-12-07 09:47:14] Epoch 57 step [100|132] lr=0.00011765 acc: 98.91% loss: 0.000607
[2018-12-07 09:47:15] Epoch 57 step [110|132] lr=0.00011765 acc: 97.81% loss: 0.000638
[2018-12-07 09:47:17] Epoch 57 step [120|132] lr=0.00011765 acc: 99.22% loss: 0.000384
[2018-12-07 09:47:20] Epoch 57 step [130|132] lr=0.00011765 acc: 99.69% loss: 0.000162
dev acc: 83.89% loss: 0.009737
test acc: 87.60% loss: 0.007976
not improved, best test acc: 89.26%, in epoch 5
[2018-12-07 09:47:22] Epoch 58 step [10|132] lr=0.00011765 acc: 95.94% loss: 0.001364
[2018-12-07 09:47:22] Epoch 58 step [20|132] lr=0.00011765 acc: 97.50% loss: 0.001026
[2018-12-07 09:47:22] Epoch 58 step [30|132] lr=0.00011765 acc: 96.41% loss: 0.001226
[2018-12-07 09:47:22] Epoch 58 step [40|132] lr=0.00011765 acc: 95.94% loss: 0.001180
[2018-12-07 09:47:23] Epoch 58 step [50|132] lr=0.00011765 acc: 97.50% loss: 0.001022
[2018-12-07 09:47:23] Epoch 58 step [60|132] lr=0.00011765 acc: 97.81% loss: 0.000818
[2018-12-07 09:47:24] Epoch 58 step [70|132] lr=0.00011765 acc: 98.12% loss: 0.000767
[2018-12-07 09:47:25] Epoch 58 step [80|132] lr=0.00011765 acc: 97.19% loss: 0.000811
[2018-12-07 09:47:25] Epoch 58 step [90|132] lr=0.00011765 acc: 98.59% loss: 0.000462
[2018-12-07 09:47:26] Epoch 58 step [100|132] lr=0.00011765 acc: 98.91% loss: 0.000624
[2018-12-07 09:47:28] Epoch 58 step [110|132] lr=0.00011765 acc: 97.66% loss: 0.000740
[2018-12-07 09:47:30] Epoch 58 step [120|132] lr=0.00011765 acc: 98.91% loss: 0.000436
[2018-12-07 09:47:33] Epoch 58 step [130|132] lr=0.00011765 acc: 99.53% loss: 0.000237
dev acc: 83.79% loss: 0.009727
test acc: 87.50% loss: 0.007950
not improved, best test acc: 89.26%, in epoch 5
[2018-12-07 09:47:36] Epoch 59 step [10|132] lr=0.00011765 acc: 96.56% loss: 0.001080
[2018-12-07 09:47:36] Epoch 59 step [20|132] lr=0.00011765 acc: 96.56% loss: 0.000953
[2018-12-07 09:47:36] Epoch 59 step [30|132] lr=0.00011765 acc: 97.34% loss: 0.000961
[2018-12-07 09:47:37] Epoch 59 step [40|132] lr=0.00011765 acc: 97.34% loss: 0.000803
[2018-12-07 09:47:37] Epoch 59 step [50|132] lr=0.00011765 acc: 97.34% loss: 0.001246
[2018-12-07 09:47:38] Epoch 59 step [60|132] lr=0.00011765 acc: 97.34% loss: 0.000992
[2018-12-07 09:47:38] Epoch 59 step [70|132] lr=0.00011765 acc: 98.75% loss: 0.000673
[2018-12-07 09:47:39] Epoch 59 step [80|132] lr=0.00011765 acc: 98.12% loss: 0.000741
[2018-12-07 09:47:40] Epoch 59 step [90|132] lr=0.00011765 acc: 98.28% loss: 0.000635
[2018-12-07 09:47:41] Epoch 59 step [100|132] lr=0.00011765 acc: 98.59% loss: 0.000646
[2018-12-07 09:47:42] Epoch 59 step [110|132] lr=0.00011765 acc: 98.12% loss: 0.000758
[2018-12-07 09:47:44] Epoch 59 step [120|132] lr=0.00011765 acc: 99.22% loss: 0.000388
[2018-12-07 09:47:46] Epoch 59 step [130|132] lr=0.00011765 acc: 99.22% loss: 0.000473
dev acc: 83.79% loss: 0.009785
test acc: 87.40% loss: 0.008016
not improved, best test acc: 89.26%, in epoch 5
[2018-12-07 09:47:48] Epoch 60 step [10|132] lr=0.00011765 acc: 96.09% loss: 0.001134
[2018-12-07 09:47:49] Epoch 60 step [20|132] lr=0.00011765 acc: 97.66% loss: 0.001017
[2018-12-07 09:47:49] Epoch 60 step [30|132] lr=0.00011765 acc: 96.09% loss: 0.001209
[2018-12-07 09:47:49] Epoch 60 step [40|132] lr=0.00011765 acc: 97.34% loss: 0.000929
[2018-12-07 09:47:50] Epoch 60 step [50|132] lr=0.00011765 acc: 97.66% loss: 0.000938
[2018-12-07 09:47:50] Epoch 60 step [60|132] lr=0.00011765 acc: 97.50% loss: 0.000866
[2018-12-07 09:47:51] Epoch 60 step [70|132] lr=0.00011765 acc: 97.81% loss: 0.000873
[2018-12-07 09:47:52] Epoch 60 step [80|132] lr=0.00011765 acc: 98.28% loss: 0.000706
[2018-12-07 09:47:53] Epoch 60 step [90|132] lr=0.00011765 acc: 98.75% loss: 0.000550
[2018-12-07 09:47:54] Epoch 60 step [100|132] lr=0.00011765 acc: 98.44% loss: 0.000762
[2018-12-07 09:47:55] Epoch 60 step [110|132] lr=0.00011765 acc: 99.06% loss: 0.000429
[2018-12-07 09:47:58] Epoch 60 step [120|132] lr=0.00011765 acc: 99.06% loss: 0.000343
[2018-12-07 09:48:00] Epoch 60 step [130|132] lr=0.00011765 acc: 99.38% loss: 0.000246
dev acc: 84.08% loss: 0.009837
test acc: 87.60% loss: 0.008075
not improved, best test acc: 89.26%, in epoch 5
[2018-12-07 09:48:02] Epoch 61 step [10|132] lr=0.00011765 acc: 96.56% loss: 0.001253
[2018-12-07 09:48:03] Epoch 61 step [20|132] lr=0.00011765 acc: 97.50% loss: 0.000932
[2018-12-07 09:48:03] Epoch 61 step [30|132] lr=0.00011765 acc: 96.56% loss: 0.001427
[2018-12-07 09:48:03] Epoch 61 step [40|132] lr=0.00011765 acc: 96.88% loss: 0.001119
[2018-12-07 09:48:04] Epoch 61 step [50|132] lr=0.00011765 acc: 97.34% loss: 0.001224
[2018-12-07 09:48:05] Epoch 61 step [60|132] lr=0.00011765 acc: 97.34% loss: 0.000823
[2018-12-07 09:48:05] Epoch 61 step [70|132] lr=0.00011765 acc: 98.12% loss: 0.000852
[2018-12-07 09:48:06] Epoch 61 step [80|132] lr=0.00011765 acc: 98.12% loss: 0.000642
[2018-12-07 09:48:07] Epoch 61 step [90|132] lr=0.00011765 acc: 98.12% loss: 0.000812
[2018-12-07 09:48:08] Epoch 61 step [100|132] lr=0.00011765 acc: 98.28% loss: 0.000862
[2018-12-07 09:48:09] Epoch 61 step [110|132] lr=0.00011765 acc: 98.28% loss: 0.000546
[2018-12-07 09:48:11] Epoch 61 step [120|132] lr=0.00011765 acc: 99.22% loss: 0.000365
[2018-12-07 09:48:15] Epoch 61 step [130|132] lr=0.00011765 acc: 100.00% loss: 0.000156
dev acc: 83.79% loss: 0.009809
test acc: 87.40% loss: 0.008072
not improved, best test acc: 89.26%, in epoch 5
56 epoch have not improved, so adjust lr to 8.235429999999999e-05
[2018-12-07 09:48:17] Epoch 62 step [10|132] lr=0.00008235 acc: 96.72% loss: 0.001147
[2018-12-07 09:48:18] Epoch 62 step [20|132] lr=0.00008235 acc: 97.66% loss: 0.000888
[2018-12-07 09:48:18] Epoch 62 step [30|132] lr=0.00008235 acc: 95.78% loss: 0.001415
[2018-12-07 09:48:18] Epoch 62 step [40|132] lr=0.00008235 acc: 97.81% loss: 0.000787
[2018-12-07 09:48:19] Epoch 62 step [50|132] lr=0.00008235 acc: 97.03% loss: 0.001414
[2018-12-07 09:48:19] Epoch 62 step [60|132] lr=0.00008235 acc: 97.34% loss: 0.000874
[2018-12-07 09:48:20] Epoch 62 step [70|132] lr=0.00008235 acc: 97.66% loss: 0.000882
[2018-12-07 09:48:21] Epoch 62 step [80|132] lr=0.00008235 acc: 98.44% loss: 0.000636
[2018-12-07 09:48:22] Epoch 62 step [90|132] lr=0.00008235 acc: 98.75% loss: 0.000605
[2018-12-07 09:48:23] Epoch 62 step [100|132] lr=0.00008235 acc: 98.91% loss: 0.000535
[2018-12-07 09:48:24] Epoch 62 step [110|132] lr=0.00008235 acc: 98.44% loss: 0.000532
[2018-12-07 09:48:27] Epoch 62 step [120|132] lr=0.00008235 acc: 99.06% loss: 0.000465
[2018-12-07 09:48:30] Epoch 62 step [130|132] lr=0.00008235 acc: 99.69% loss: 0.000210
dev acc: 84.28% loss: 0.009819
test acc: 87.60% loss: 0.008057
not improved, best test acc: 89.26%, in epoch 5
[2018-12-07 09:48:32] Epoch 63 step [10|132] lr=0.00008235 acc: 97.81% loss: 0.001000
[2018-12-07 09:48:32] Epoch 63 step [20|132] lr=0.00008235 acc: 97.66% loss: 0.001003
[2018-12-07 09:48:33] Epoch 63 step [30|132] lr=0.00008235 acc: 96.09% loss: 0.001454
[2018-12-07 09:48:33] Epoch 63 step [40|132] lr=0.00008235 acc: 97.34% loss: 0.000974
[2018-12-07 09:48:34] Epoch 63 step [50|132] lr=0.00008235 acc: 96.88% loss: 0.001291
[2018-12-07 09:48:34] Epoch 63 step [60|132] lr=0.00008235 acc: 97.66% loss: 0.000864
[2018-12-07 09:48:35] Epoch 63 step [70|132] lr=0.00008235 acc: 97.66% loss: 0.000997
[2018-12-07 09:48:36] Epoch 63 step [80|132] lr=0.00008235 acc: 98.12% loss: 0.000709
[2018-12-07 09:48:37] Epoch 63 step [90|132] lr=0.00008235 acc: 97.81% loss: 0.000713
[2018-12-07 09:48:38] Epoch 63 step [100|132] lr=0.00008235 acc: 99.38% loss: 0.000570
[2018-12-07 09:48:40] Epoch 63 step [110|132] lr=0.00008235 acc: 98.28% loss: 0.000620
[2018-12-07 09:48:42] Epoch 63 step [120|132] lr=0.00008235 acc: 98.91% loss: 0.000522
[2018-12-07 09:48:45] Epoch 63 step [130|132] lr=0.00008235 acc: 99.22% loss: 0.000344
dev acc: 84.28% loss: 0.009871
test acc: 87.40% loss: 0.008085
not improved, best test acc: 89.26%, in epoch 5
[2018-12-07 09:48:47] Epoch 64 step [10|132] lr=0.00008235 acc: 96.09% loss: 0.001270
[2018-12-07 09:48:48] Epoch 64 step [20|132] lr=0.00008235 acc: 97.50% loss: 0.001005
[2018-12-07 09:48:48] Epoch 64 step [30|132] lr=0.00008235 acc: 96.88% loss: 0.001178
[2018-12-07 09:48:48] Epoch 64 step [40|132] lr=0.00008235 acc: 96.88% loss: 0.001120
[2018-12-07 09:48:49] Epoch 64 step [50|132] lr=0.00008235 acc: 96.88% loss: 0.001249
[2018-12-07 09:48:49] Epoch 64 step [60|132] lr=0.00008235 acc: 97.34% loss: 0.000927
[2018-12-07 09:48:50] Epoch 64 step [70|132] lr=0.00008235 acc: 98.59% loss: 0.000620
[2018-12-07 09:48:50] Epoch 64 step [80|132] lr=0.00008235 acc: 97.97% loss: 0.000707
[2018-12-07 09:48:51] Epoch 64 step [90|132] lr=0.00008235 acc: 98.44% loss: 0.000513
[2018-12-07 09:48:52] Epoch 64 step [100|132] lr=0.00008235 acc: 98.59% loss: 0.000729
[2018-12-07 09:48:53] Epoch 64 step [110|132] lr=0.00008235 acc: 99.22% loss: 0.000546
[2018-12-07 09:48:55] Epoch 64 step [120|132] lr=0.00008235 acc: 98.91% loss: 0.000315
