data_dir=processed_data

----batch----
train_batch_size=64
train_batch_type=normal
dev_batch_size=64
dev_batch_type=normal
test_batch_size=64
test_batch_type=normal
shuffer=True
sort=True

----embedding----
embed_size=100
char_embed_size=50
embed_uniform_init=0.0
pre_embed_path=

----model----
model=treelstm
save_model_dir=save_models
save_model_every=1
save_model_start_from=0
hidden_num=1
hidden_size=100
bidirectional=True
dropout=1.0

----optimizer----
lr=0.001
optim=adam
weight_decay=1e-08
momentum=0.9
early_stop=9999999

----train----
epoch=100
print_every=10

----GPU----
gpu_device=0
use_cuda=False

----seed----
gpu_seed=23
seed=23

----log----
log_dir=log
log_fname=treelstm.subj-d1-normal.log

[2018-12-06 21:21:31] Epoch 0 step [10|124] lr=0.00100000 acc: 0.00% loss: 0.021786
[2018-12-06 21:21:37] Epoch 0 step [20|124] lr=0.00100000 acc: 0.00% loss: 0.021648
[2018-12-06 21:21:44] Epoch 0 step [30|124] lr=0.00100000 acc: 31.25% loss: 0.021471
[2018-12-06 21:21:53] Epoch 0 step [40|124] lr=0.00100000 acc: 51.72% loss: 0.021344
[2018-12-06 21:22:03] Epoch 0 step [50|124] lr=0.00100000 acc: 50.00% loss: 0.021216
[2018-12-06 21:22:15] Epoch 0 step [60|124] lr=0.00100000 acc: 50.16% loss: 0.021068
[2018-12-06 21:22:28] Epoch 0 step [70|124] lr=0.00100000 acc: 52.03% loss: 0.020901
[2018-12-06 21:22:42] Epoch 0 step [80|124] lr=0.00100000 acc: 52.19% loss: 0.020757
[2018-12-06 21:22:59] Epoch 0 step [90|124] lr=0.00100000 acc: 51.72% loss: 0.020623
[2018-12-06 21:23:20] Epoch 0 step [100|124] lr=0.00100000 acc: 53.59% loss: 0.020462
[2018-12-06 21:23:43] Epoch 0 step [110|124] lr=0.00100000 acc: 50.78% loss: 0.020361
[2018-12-06 21:24:14] Epoch 0 step [120|124] lr=0.00100000 acc: 40.94% loss: 0.020345
dev acc: 52.92% loss: 0.018455
test acc: 51.67% loss: 0.018486
model saved succeed in save_models/2018-12-06-21-24-40-treelstm-model_epoch_0.pt
Update! best test acc: 51.67%
[2018-12-06 21:24:45] Epoch 1 step [10|124] lr=0.00100000 acc: 52.97% loss: 0.020021
[2018-12-06 21:24:50] Epoch 1 step [20|124] lr=0.00100000 acc: 51.56% loss: 0.019910
[2018-12-06 21:24:57] Epoch 1 step [30|124] lr=0.00100000 acc: 53.59% loss: 0.019764
[2018-12-06 21:25:06] Epoch 1 step [40|124] lr=0.00100000 acc: 51.72% loss: 0.019660
[2018-12-06 21:25:16] Epoch 1 step [50|124] lr=0.00100000 acc: 50.00% loss: 0.019556
[2018-12-06 21:25:28] Epoch 1 step [60|124] lr=0.00100000 acc: 50.16% loss: 0.019435
[2018-12-06 21:25:40] Epoch 1 step [70|124] lr=0.00100000 acc: 52.03% loss: 0.019297
[2018-12-06 21:25:55] Epoch 1 step [80|124] lr=0.00100000 acc: 52.19% loss: 0.019180
[2018-12-06 21:26:12] Epoch 1 step [90|124] lr=0.00100000 acc: 51.72% loss: 0.019070
