data_dir=processed_data

----batch----
train_batch_size=64
train_batch_type=same
dev_batch_size=64
dev_batch_type=normal
test_batch_size=64
test_batch_type=normal
shuffer=True
sort=True

----embedding----
embed_size=100
char_embed_size=50
embed_uniform_init=0.0
pre_embed_path=

----model----
model=treelstm
save_model_dir=save_models
save_model_every=1
save_model_start_from=0
hidden_num=1
hidden_size=100
bidirectional=True
dropout=0.4

----optimizer----
lr=0.001
optim=adam
weight_decay=1e-08
momentum=0.9
early_stop=9999999

----train----
epoch=100
print_every=10

----GPU----
gpu_device=0
use_cuda=False

----seed----
gpu_seed=23
seed=23

----log----
log_dir=log
log_fname=treelstm.mpqa.d4.log

[2018-12-05 20:23:57] Epoch 0 step [10|164] lr=0.00100000 acc: 0.00% loss: 0.032676
[2018-12-05 20:23:59] Epoch 0 step [20|164] lr=0.00100000 acc: 37.59% loss: 0.024794
[2018-12-05 20:24:02] Epoch 0 step [30|164] lr=0.00100000 acc: 51.82% loss: 0.018153
[2018-12-05 20:24:05] Epoch 0 step [40|164] lr=0.00100000 acc: 53.43% loss: 0.014395
[2018-12-05 20:24:10] Epoch 0 step [50|164] lr=0.00100000 acc: 50.58% loss: 0.011929
[2018-12-05 20:24:15] Epoch 0 step [60|164] lr=0.00100000 acc: 55.03% loss: 0.010972
[2018-12-05 20:24:20] Epoch 0 step [70|164] lr=0.00100000 acc: 54.31% loss: 0.012709
[2018-12-05 20:24:27] Epoch 0 step [80|164] lr=0.00100000 acc: 49.83% loss: 0.012031
[2018-12-05 20:24:34] Epoch 0 step [90|164] lr=0.00100000 acc: 49.84% loss: 0.011261
[2018-12-05 20:24:42] Epoch 0 step [100|164] lr=0.00100000 acc: 49.42% loss: 0.011560
[2018-12-05 20:24:51] Epoch 0 step [110|164] lr=0.00100000 acc: 50.43% loss: 0.011940
[2018-12-05 20:25:00] Epoch 0 step [120|164] lr=0.00100000 acc: 49.54% loss: 0.012775
[2018-12-05 20:25:11] Epoch 0 step [130|164] lr=0.00100000 acc: 54.77% loss: 0.012886
[2018-12-05 20:25:21] Epoch 0 step [140|164] lr=0.00100000 acc: 51.45% loss: 0.014358
[2018-12-05 20:25:31] Epoch 0 step [150|164] lr=0.00100000 acc: 51.66% loss: 0.015231
[2018-12-05 20:25:35] Epoch 0 step [160|164] lr=0.00100000 acc: 56.32% loss: 0.036011
dev acc: 51.95% loss: 0.010888
test acc: 49.41% loss: 0.010910
model saved succeed in save_models/2018-12-05-20-25-42-treelstm-model_epoch_0.pt
Update! best test acc: 49.41%
[2018-12-05 20:25:43] Epoch 1 step [10|164] lr=0.00100000 acc: 59.44% loss: 0.016979
[2018-12-05 20:25:44] Epoch 1 step [20|164] lr=0.00100000 acc: 58.27% loss: 0.012913
[2018-12-05 20:25:46] Epoch 1 step [30|164] lr=0.00100000 acc: 58.41% loss: 0.011740
[2018-12-05 20:25:49] Epoch 1 step [40|164] lr=0.00100000 acc: 57.64% loss: 0.011873
[2018-12-05 20:25:53] Epoch 1 step [50|164] lr=0.00100000 acc: 62.81% loss: 0.011136
[2018-12-05 20:25:58] Epoch 1 step [60|164] lr=0.00100000 acc: 63.52% loss: 0.010562
[2018-12-05 20:26:02] Epoch 1 step [70|164] lr=0.00100000 acc: 61.83% loss: 0.012258
[2018-12-05 20:26:07] Epoch 1 step [80|164] lr=0.00100000 acc: 58.08% loss: 0.011546
[2018-12-05 20:26:14] Epoch 1 step [90|164] lr=0.00100000 acc: 56.63% loss: 0.010847
[2018-12-05 20:26:22] Epoch 1 step [100|164] lr=0.00100000 acc: 60.57% loss: 0.011233
[2018-12-05 20:26:30] Epoch 1 step [110|164] lr=0.00100000 acc: 60.00% loss: 0.011540
[2018-12-05 20:26:39] Epoch 1 step [120|164] lr=0.00100000 acc: 58.47% loss: 0.012203
[2018-12-05 20:26:48] Epoch 1 step [130|164] lr=0.00100000 acc: 58.13% loss: 0.012330
[2018-12-05 20:26:57] Epoch 1 step [140|164] lr=0.00100000 acc: 58.51% loss: 0.013921
[2018-12-05 20:27:10] Epoch 1 step [150|164] lr=0.00100000 acc: 62.03% loss: 0.014697
[2018-12-05 20:27:14] Epoch 1 step [160|164] lr=0.00100000 acc: 60.00% loss: 0.034584
dev acc: 59.08% loss: 0.010484
test acc: 63.48% loss: 0.010183
model saved succeed in save_models/2018-12-05-20-27-20-treelstm-model_epoch_1.pt
Update! best test acc: 63.48%
[2018-12-05 20:27:21] Epoch 2 step [10|164] lr=0.00100000 acc: 64.16% loss: 0.015171
[2018-12-05 20:27:22] Epoch 2 step [20|164] lr=0.00100000 acc: 61.09% loss: 0.012170
[2018-12-05 20:27:25] Epoch 2 step [30|164] lr=0.00100000 acc: 66.03% loss: 0.010959
[2018-12-05 20:27:27] Epoch 2 step [40|164] lr=0.00100000 acc: 62.57% loss: 0.011052
[2018-12-05 20:27:31] Epoch 2 step [50|164] lr=0.00100000 acc: 65.62% loss: 0.010399
[2018-12-05 20:27:37] Epoch 2 step [60|164] lr=0.00100000 acc: 67.77% loss: 0.009772
[2018-12-05 20:27:41] Epoch 2 step [70|164] lr=0.00100000 acc: 66.79% loss: 0.011465
[2018-12-05 20:27:47] Epoch 2 step [80|164] lr=0.00100000 acc: 63.40% loss: 0.010763
[2018-12-05 20:27:54] Epoch 2 step [90|164] lr=0.00100000 acc: 64.56% loss: 0.010191
[2018-12-05 20:28:02] Epoch 2 step [100|164] lr=0.00100000 acc: 62.90% loss: 0.010732
[2018-12-05 20:28:10] Epoch 2 step [110|164] lr=0.00100000 acc: 64.96% loss: 0.010849
[2018-12-05 20:28:19] Epoch 2 step [120|164] lr=0.00100000 acc: 67.94% loss: 0.011141
[2018-12-05 20:28:29] Epoch 2 step [130|164] lr=0.00100000 acc: 62.80% loss: 0.011389
[2018-12-05 20:28:38] Epoch 2 step [140|164] lr=0.00100000 acc: 63.49% loss: 0.012788
[2018-12-05 20:28:48] Epoch 2 step [150|164] lr=0.00100000 acc: 69.54% loss: 0.013179
[2018-12-05 20:28:52] Epoch 2 step [160|164] lr=0.00100000 acc: 64.74% loss: 0.031049
dev acc: 62.79% loss: 0.010071
test acc: 68.55% loss: 0.009489
model saved succeed in save_models/2018-12-05-20-28-59-treelstm-model_epoch_2.pt
Update! best test acc: 68.55%
[2018-12-05 20:29:00] Epoch 3 step [10|164] lr=0.00100000 acc: 68.24% loss: 0.013668
[2018-12-05 20:29:02] Epoch 3 step [20|164] lr=0.00100000 acc: 68.42% loss: 0.011180
[2018-12-05 20:29:04] Epoch 3 step [30|164] lr=0.00100000 acc: 72.10% loss: 0.009745
[2018-12-05 20:29:07] Epoch 3 step [40|164] lr=0.00100000 acc: 69.07% loss: 0.009723
[2018-12-05 20:29:10] Epoch 3 step [50|164] lr=0.00100000 acc: 71.07% loss: 0.009269
[2018-12-05 20:29:15] Epoch 3 step [60|164] lr=0.00100000 acc: 68.71% loss: 0.009038
[2018-12-05 20:29:20] Epoch 3 step [70|164] lr=0.00100000 acc: 72.66% loss: 0.009830
[2018-12-05 20:29:25] Epoch 3 step [80|164] lr=0.00100000 acc: 68.90% loss: 0.009561
[2018-12-05 20:29:33] Epoch 3 step [90|164] lr=0.00100000 acc: 69.09% loss: 0.009454
[2018-12-05 20:29:40] Epoch 3 step [100|164] lr=0.00100000 acc: 70.72% loss: 0.009729
[2018-12-05 20:29:48] Epoch 3 step [110|164] lr=0.00100000 acc: 68.55% loss: 0.009950
[2018-12-05 20:29:57] Epoch 3 step [120|164] lr=0.00100000 acc: 73.77% loss: 0.009642
[2018-12-05 20:30:06] Epoch 3 step [130|164] lr=0.00100000 acc: 71.21% loss: 0.010275
[2018-12-05 20:30:17] Epoch 3 step [140|164] lr=0.00100000 acc: 70.95% loss: 0.011783
[2018-12-05 20:30:27] Epoch 3 step [150|164] lr=0.00100000 acc: 70.42% loss: 0.012404
[2018-12-05 20:30:31] Epoch 3 step [160|164] lr=0.00100000 acc: 72.11% loss: 0.027020
dev acc: 67.58% loss: 0.009546
test acc: 71.00% loss: 0.009051
model saved succeed in save_models/2018-12-05-20-30-37-treelstm-model_epoch_3.pt
Update! best test acc: 71.00%
[2018-12-05 20:30:38] Epoch 4 step [10|164] lr=0.00100000 acc: 76.18% loss: 0.011657
[2018-12-05 20:30:40] Epoch 4 step [20|164] lr=0.00100000 acc: 73.31% loss: 0.009996
[2018-12-05 20:30:44] Epoch 4 step [30|164] lr=0.00100000 acc: 74.35% loss: 0.009034
[2018-12-05 20:30:47] Epoch 4 step [40|164] lr=0.00100000 acc: 70.30% loss: 0.009083
[2018-12-05 20:30:51] Epoch 4 step [50|164] lr=0.00100000 acc: 73.88% loss: 0.008296
[2018-12-05 20:30:56] Epoch 4 step [60|164] lr=0.00100000 acc: 74.53% loss: 0.008169
[2018-12-05 20:31:01] Epoch 4 step [70|164] lr=0.00100000 acc: 76.33% loss: 0.009331
[2018-12-05 20:31:06] Epoch 4 step [80|164] lr=0.00100000 acc: 73.71% loss: 0.008773
[2018-12-05 20:31:13] Epoch 4 step [90|164] lr=0.00100000 acc: 75.08% loss: 0.008556
[2018-12-05 20:31:21] Epoch 4 step [100|164] lr=0.00100000 acc: 74.71% loss: 0.008608
[2018-12-05 20:31:30] Epoch 4 step [110|164] lr=0.00100000 acc: 73.16% loss: 0.009105
[2018-12-05 20:31:39] Epoch 4 step [120|164] lr=0.00100000 acc: 76.87% loss: 0.008627
[2018-12-05 20:31:49] Epoch 4 step [130|164] lr=0.00100000 acc: 72.71% loss: 0.009456
[2018-12-05 20:31:58] Epoch 4 step [140|164] lr=0.00100000 acc: 73.03% loss: 0.010731
[2018-12-05 20:32:09] Epoch 4 step [150|164] lr=0.00100000 acc: 79.03% loss: 0.009961
[2018-12-05 20:32:14] Epoch 4 step [160|164] lr=0.00100000 acc: 74.74% loss: 0.023201
dev acc: 70.41% loss: 0.009748
test acc: 70.80% loss: 0.009295
model saved succeed in save_models/2018-12-05-20-32-20-treelstm-model_epoch_4.pt
Update! best test acc: 70.80%
[2018-12-05 20:32:21] Epoch 5 step [10|164] lr=0.00100000 acc: 77.25% loss: 0.010696
[2018-12-05 20:32:23] Epoch 5 step [20|164] lr=0.00100000 acc: 75.19% loss: 0.008872
[2018-12-05 20:32:26] Epoch 5 step [30|164] lr=0.00100000 acc: 77.47% loss: 0.008305
[2018-12-05 20:32:28] Epoch 5 step [40|164] lr=0.00100000 acc: 77.15% loss: 0.008394
[2018-12-05 20:32:32] Epoch 5 step [50|164] lr=0.00100000 acc: 80.17% loss: 0.007421
[2018-12-05 20:32:37] Epoch 5 step [60|164] lr=0.00100000 acc: 78.30% loss: 0.007280
[2018-12-05 20:32:42] Epoch 5 step [70|164] lr=0.00100000 acc: 79.45% loss: 0.007841
[2018-12-05 20:32:48] Epoch 5 step [80|164] lr=0.00100000 acc: 78.01% loss: 0.007980
[2018-12-05 20:32:54] Epoch 5 step [90|164] lr=0.00100000 acc: 76.05% loss: 0.007850
[2018-12-05 20:33:02] Epoch 5 step [100|164] lr=0.00100000 acc: 74.71% loss: 0.008442
[2018-12-05 20:33:10] Epoch 5 step [110|164] lr=0.00100000 acc: 76.41% loss: 0.007883
[2018-12-05 20:33:18] Epoch 5 step [120|164] lr=0.00100000 acc: 77.78% loss: 0.008121
[2018-12-05 20:33:29] Epoch 5 step [130|164] lr=0.00100000 acc: 74.21% loss: 0.008497
[2018-12-05 20:33:38] Epoch 5 step [140|164] lr=0.00100000 acc: 75.93% loss: 0.009439
[2018-12-05 20:33:49] Epoch 5 step [150|164] lr=0.00100000 acc: 79.25% loss: 0.009336
[2018-12-05 20:33:53] Epoch 5 step [160|164] lr=0.00100000 acc: 81.58% loss: 0.019174
dev acc: 71.29% loss: 0.009363
test acc: 72.17% loss: 0.009335
model saved succeed in save_models/2018-12-05-20-34-00-treelstm-model_epoch_5.pt
Update! best test acc: 72.17%
[2018-12-05 20:34:01] Epoch 6 step [10|164] lr=0.00100000 acc: 81.55% loss: 0.009444
[2018-12-05 20:34:03] Epoch 6 step [20|164] lr=0.00100000 acc: 81.58% loss: 0.007563
[2018-12-05 20:34:06] Epoch 6 step [30|164] lr=0.00100000 acc: 79.55% loss: 0.007485
[2018-12-05 20:34:09] Epoch 6 step [40|164] lr=0.00100000 acc: 78.73% loss: 0.007396
[2018-12-05 20:34:13] Epoch 6 step [50|164] lr=0.00100000 acc: 81.32% loss: 0.006825
[2018-12-05 20:34:19] Epoch 6 step [60|164] lr=0.00100000 acc: 80.82% loss: 0.006316
[2018-12-05 20:34:23] Epoch 6 step [70|164] lr=0.00100000 acc: 80.55% loss: 0.007325
[2018-12-05 20:34:29] Epoch 6 step [80|164] lr=0.00100000 acc: 80.07% loss: 0.006865
[2018-12-05 20:34:37] Epoch 6 step [90|164] lr=0.00100000 acc: 77.51% loss: 0.007545
[2018-12-05 20:34:45] Epoch 6 step [100|164] lr=0.00100000 acc: 78.87% loss: 0.007656
[2018-12-05 20:34:53] Epoch 6 step [110|164] lr=0.00100000 acc: 80.34% loss: 0.007132
[2018-12-05 20:35:02] Epoch 6 step [120|164] lr=0.00100000 acc: 84.15% loss: 0.006499
[2018-12-05 20:35:11] Epoch 6 step [130|164] lr=0.00100000 acc: 78.13% loss: 0.008190
[2018-12-05 20:35:22] Epoch 6 step [140|164] lr=0.00100000 acc: 77.80% loss: 0.008999
[2018-12-05 20:35:33] Epoch 6 step [150|164] lr=0.00100000 acc: 81.24% loss: 0.008723
[2018-12-05 20:35:37] Epoch 6 step [160|164] lr=0.00100000 acc: 87.37% loss: 0.014517
dev acc: 72.95% loss: 0.009415
test acc: 72.66% loss: 0.009567
model saved succeed in save_models/2018-12-05-20-35-43-treelstm-model_epoch_6.pt
Update! best test acc: 72.66%
[2018-12-05 20:35:44] Epoch 7 step [10|164] lr=0.00100000 acc: 83.05% loss: 0.008503
[2018-12-05 20:35:46] Epoch 7 step [20|164] lr=0.00100000 acc: 84.02% loss: 0.006919
[2018-12-05 20:35:48] Epoch 7 step [30|164] lr=0.00100000 acc: 80.94% loss: 0.007021
[2018-12-05 20:35:53] Epoch 7 step [40|164] lr=0.00100000 acc: 81.55% loss: 0.006460
[2018-12-05 20:35:57] Epoch 7 step [50|164] lr=0.00100000 acc: 83.97% loss: 0.006138
[2018-12-05 20:36:02] Epoch 7 step [60|164] lr=0.00100000 acc: 83.81% loss: 0.005627
[2018-12-05 20:36:06] Epoch 7 step [70|164] lr=0.00100000 acc: 84.22% loss: 0.006007
[2018-12-05 20:36:12] Epoch 7 step [80|164] lr=0.00100000 acc: 83.51% loss: 0.006407
[2018-12-05 20:36:18] Epoch 7 step [90|164] lr=0.00100000 acc: 82.04% loss: 0.006086
[2018-12-05 20:36:26] Epoch 7 step [100|164] lr=0.00100000 acc: 82.86% loss: 0.006671
[2018-12-05 20:36:36] Epoch 7 step [110|164] lr=0.00100000 acc: 82.91% loss: 0.006406
[2018-12-05 20:36:45] Epoch 7 step [120|164] lr=0.00100000 acc: 84.52% loss: 0.006004
[2018-12-05 20:36:55] Epoch 7 step [130|164] lr=0.00100000 acc: 81.50% loss: 0.006698
[2018-12-05 20:37:04] Epoch 7 step [140|164] lr=0.00100000 acc: 76.14% loss: 0.009009
[2018-12-05 20:37:14] Epoch 7 step [150|164] lr=0.00100000 acc: 84.99% loss: 0.006777
[2018-12-05 20:37:19] Epoch 7 step [160|164] lr=0.00100000 acc: 86.32% loss: 0.013355
dev acc: 71.78% loss: 0.010114
test acc: 70.70% loss: 0.010726
not improved, best test acc: 72.66%, in epoch 6
[2018-12-05 20:37:26] Epoch 8 step [10|164] lr=0.00100000 acc: 83.26% loss: 0.007981
[2018-12-05 20:37:27] Epoch 8 step [20|164] lr=0.00100000 acc: 86.09% loss: 0.006335
[2018-12-05 20:37:30] Epoch 8 step [30|164] lr=0.00100000 acc: 84.06% loss: 0.006293
[2018-12-05 20:37:32] Epoch 8 step [40|164] lr=0.00100000 acc: 84.18% loss: 0.005934
[2018-12-05 20:37:36] Epoch 8 step [50|164] lr=0.00100000 acc: 84.30% loss: 0.005893
[2018-12-05 20:37:41] Epoch 8 step [60|164] lr=0.00100000 acc: 86.16% loss: 0.004948
[2018-12-05 20:37:46] Epoch 8 step [70|164] lr=0.00100000 acc: 84.40% loss: 0.005681
[2018-12-05 20:37:52] Epoch 8 step [80|164] lr=0.00100000 acc: 83.33% loss: 0.005952
[2018-12-05 20:37:58] Epoch 8 step [90|164] lr=0.00100000 acc: 83.82% loss: 0.005918
[2018-12-05 20:38:06] Epoch 8 step [100|164] lr=0.00100000 acc: 81.36% loss: 0.006463
[2018-12-05 20:38:14] Epoch 8 step [110|164] lr=0.00100000 acc: 87.69% loss: 0.005032
[2018-12-05 20:38:22] Epoch 8 step [120|164] lr=0.00100000 acc: 87.98% loss: 0.005227
[2018-12-05 20:38:32] Epoch 8 step [130|164] lr=0.00100000 acc: 83.36% loss: 0.006012
[2018-12-05 20:38:42] Epoch 8 step [140|164] lr=0.00100000 acc: 81.54% loss: 0.007161
[2018-12-05 20:38:52] Epoch 8 step [150|164] lr=0.00100000 acc: 86.53% loss: 0.005876
[2018-12-05 20:38:56] Epoch 8 step [160|164] lr=0.00100000 acc: 88.42% loss: 0.012299
dev acc: 72.95% loss: 0.010253
test acc: 71.78% loss: 0.010727
not improved, best test acc: 72.66%, in epoch 6
[2018-12-05 20:39:04] Epoch 9 step [10|164] lr=0.00100000 acc: 84.55% loss: 0.007532
[2018-12-05 20:39:05] Epoch 9 step [20|164] lr=0.00100000 acc: 86.28% loss: 0.005528
[2018-12-05 20:39:07] Epoch 9 step [30|164] lr=0.00100000 acc: 84.58% loss: 0.006108
[2018-12-05 20:39:10] Epoch 9 step [40|164] lr=0.00100000 acc: 83.13% loss: 0.005364
[2018-12-05 20:39:14] Epoch 9 step [50|164] lr=0.00100000 acc: 88.76% loss: 0.004881
[2018-12-05 20:39:19] Epoch 9 step [60|164] lr=0.00100000 acc: 86.48% loss: 0.004700
[2018-12-05 20:39:23] Epoch 9 step [70|164] lr=0.00100000 acc: 86.79% loss: 0.005532
[2018-12-05 20:39:29] Epoch 9 step [80|164] lr=0.00100000 acc: 85.40% loss: 0.005709
[2018-12-05 20:39:36] Epoch 9 step [90|164] lr=0.00100000 acc: 85.76% loss: 0.005408
[2018-12-05 20:39:44] Epoch 9 step [100|164] lr=0.00100000 acc: 84.03% loss: 0.005967
[2018-12-05 20:39:52] Epoch 9 step [110|164] lr=0.00100000 acc: 85.64% loss: 0.005363
[2018-12-05 20:40:00] Epoch 9 step [120|164] lr=0.00100000 acc: 88.16% loss: 0.004890
[2018-12-05 20:40:10] Epoch 9 step [130|164] lr=0.00100000 acc: 86.54% loss: 0.005162
[2018-12-05 20:40:21] Epoch 9 step [140|164] lr=0.00100000 acc: 85.89% loss: 0.006193
[2018-12-05 20:40:31] Epoch 9 step [150|164] lr=0.00100000 acc: 88.74% loss: 0.005043
[2018-12-05 20:40:35] Epoch 9 step [160|164] lr=0.00100000 acc: 89.47% loss: 0.010381
dev acc: 72.75% loss: 0.011086
test acc: 71.97% loss: 0.011782
not improved, best test acc: 72.66%, in epoch 6
[2018-12-05 20:40:42] Epoch 10 step [10|164] lr=0.00100000 acc: 86.27% loss: 0.006633
[2018-12-05 20:40:44] Epoch 10 step [20|164] lr=0.00100000 acc: 87.41% loss: 0.005857
[2018-12-05 20:40:46] Epoch 10 step [30|164] lr=0.00100000 acc: 87.18% loss: 0.005076
[2018-12-05 20:40:50] Epoch 10 step [40|164] lr=0.00100000 acc: 86.12% loss: 0.005088
[2018-12-05 20:40:54] Epoch 10 step [50|164] lr=0.00100000 acc: 87.27% loss: 0.004666
[2018-12-05 20:40:58] Epoch 10 step [60|164] lr=0.00100000 acc: 88.99% loss: 0.003998
[2018-12-05 20:41:03] Epoch 10 step [70|164] lr=0.00100000 acc: 87.89% loss: 0.004716
[2018-12-05 20:41:08] Epoch 10 step [80|164] lr=0.00100000 acc: 88.32% loss: 0.004678
[2018-12-05 20:41:15] Epoch 10 step [90|164] lr=0.00100000 acc: 86.25% loss: 0.005499
[2018-12-05 20:41:22] Epoch 10 step [100|164] lr=0.00100000 acc: 86.02% loss: 0.004993
[2018-12-05 20:41:31] Epoch 10 step [110|164] lr=0.00100000 acc: 86.67% loss: 0.004989
[2018-12-05 20:41:39] Epoch 10 step [120|164] lr=0.00100000 acc: 89.62% loss: 0.003936
[2018-12-05 20:41:49] Epoch 10 step [130|164] lr=0.00100000 acc: 87.85% loss: 0.004933
[2018-12-05 20:41:58] Epoch 10 step [140|164] lr=0.00100000 acc: 87.76% loss: 0.005803
[2018-12-05 20:42:08] Epoch 10 step [150|164] lr=0.00100000 acc: 89.85% loss: 0.004842
[2018-12-05 20:42:12] Epoch 10 step [160|164] lr=0.00100000 acc: 90.00% loss: 0.009228
dev acc: 73.24% loss: 0.010669
test acc: 72.46% loss: 0.011375
model saved succeed in save_models/2018-12-05-20-42-19-treelstm-model_epoch_10.pt
Update! best test acc: 72.46%
[2018-12-05 20:42:20] Epoch 11 step [10|164] lr=0.00100000 acc: 85.62% loss: 0.006377
[2018-12-05 20:42:22] Epoch 11 step [20|164] lr=0.00100000 acc: 87.97% loss: 0.004981
[2018-12-05 20:42:25] Epoch 11 step [30|164] lr=0.00100000 acc: 86.83% loss: 0.005412
[2018-12-05 20:42:28] Epoch 11 step [40|164] lr=0.00100000 acc: 88.22% loss: 0.004619
[2018-12-05 20:42:32] Epoch 11 step [50|164] lr=0.00100000 acc: 89.75% loss: 0.004256
[2018-12-05 20:42:37] Epoch 11 step [60|164] lr=0.00100000 acc: 89.62% loss: 0.003906
[2018-12-05 20:42:42] Epoch 11 step [70|164] lr=0.00100000 acc: 88.62% loss: 0.004758
[2018-12-05 20:42:48] Epoch 11 step [80|164] lr=0.00100000 acc: 87.63% loss: 0.004735
[2018-12-05 20:42:55] Epoch 11 step [90|164] lr=0.00100000 acc: 89.64% loss: 0.003857
[2018-12-05 20:43:02] Epoch 11 step [100|164] lr=0.00100000 acc: 87.35% loss: 0.005236
[2018-12-05 20:43:10] Epoch 11 step [110|164] lr=0.00100000 acc: 89.91% loss: 0.003952
[2018-12-05 20:43:19] Epoch 11 step [120|164] lr=0.00100000 acc: 90.35% loss: 0.003709
[2018-12-05 20:43:30] Epoch 11 step [130|164] lr=0.00100000 acc: 89.91% loss: 0.004248
[2018-12-05 20:43:40] Epoch 11 step [140|164] lr=0.00100000 acc: 87.55% loss: 0.005443
[2018-12-05 20:43:51] Epoch 11 step [150|164] lr=0.00100000 acc: 92.27% loss: 0.003913
[2018-12-05 20:43:55] Epoch 11 step [160|164] lr=0.00100000 acc: 93.68% loss: 0.008573
dev acc: 72.66% loss: 0.012390
test acc: 70.21% loss: 0.013314
not improved, best test acc: 72.46%, in epoch 10
[2018-12-05 20:44:04] Epoch 12 step [10|164] lr=0.00100000 acc: 87.55% loss: 0.005778
[2018-12-05 20:44:05] Epoch 12 step [20|164] lr=0.00100000 acc: 90.23% loss: 0.004118
[2018-12-05 20:44:08] Epoch 12 step [30|164] lr=0.00100000 acc: 87.35% loss: 0.005046
[2018-12-05 20:44:10] Epoch 12 step [40|164] lr=0.00100000 acc: 88.40% loss: 0.003979
[2018-12-05 20:44:14] Epoch 12 step [50|164] lr=0.00100000 acc: 88.60% loss: 0.004605
[2018-12-05 20:44:19] Epoch 12 step [60|164] lr=0.00100000 acc: 89.62% loss: 0.003822
[2018-12-05 20:44:23] Epoch 12 step [70|164] lr=0.00100000 acc: 89.54% loss: 0.004131
[2018-12-05 20:44:28] Epoch 12 step [80|164] lr=0.00100000 acc: 89.86% loss: 0.004202
[2018-12-05 20:44:35] Epoch 12 step [90|164] lr=0.00100000 acc: 90.61% loss: 0.003906
[2018-12-05 20:44:43] Epoch 12 step [100|164] lr=0.00100000 acc: 86.86% loss: 0.004662
[2018-12-05 20:44:51] Epoch 12 step [110|164] lr=0.00100000 acc: 89.40% loss: 0.003857
[2018-12-05 20:45:00] Epoch 12 step [120|164] lr=0.00100000 acc: 91.99% loss: 0.003585
[2018-12-05 20:45:09] Epoch 12 step [130|164] lr=0.00100000 acc: 88.97% loss: 0.004027
[2018-12-05 20:45:19] Epoch 12 step [140|164] lr=0.00100000 acc: 89.21% loss: 0.004578
[2018-12-05 20:45:31] Epoch 12 step [150|164] lr=0.00100000 acc: 91.39% loss: 0.003635
[2018-12-05 20:45:35] Epoch 12 step [160|164] lr=0.00100000 acc: 94.21% loss: 0.005773
dev acc: 74.41% loss: 0.012038
test acc: 73.34% loss: 0.012646
model saved succeed in save_models/2018-12-05-20-45-41-treelstm-model_epoch_12.pt
Update! best test acc: 73.34%
[2018-12-05 20:45:42] Epoch 13 step [10|164] lr=0.00100000 acc: 88.41% loss: 0.005872
[2018-12-05 20:45:44] Epoch 13 step [20|164] lr=0.00100000 acc: 88.72% loss: 0.004444
[2018-12-05 20:45:46] Epoch 13 step [30|164] lr=0.00100000 acc: 90.12% loss: 0.004138
[2018-12-05 20:45:49] Epoch 13 step [40|164] lr=0.00100000 acc: 90.69% loss: 0.003878
[2018-12-05 20:45:54] Epoch 13 step [50|164] lr=0.00100000 acc: 88.76% loss: 0.004006
[2018-12-05 20:45:59] Epoch 13 step [60|164] lr=0.00100000 acc: 91.82% loss: 0.003226
[2018-12-05 20:46:03] Epoch 13 step [70|164] lr=0.00100000 acc: 91.01% loss: 0.003525
[2018-12-05 20:46:09] Epoch 13 step [80|164] lr=0.00100000 acc: 90.21% loss: 0.003635
[2018-12-05 20:46:15] Epoch 13 step [90|164] lr=0.00100000 acc: 88.19% loss: 0.003877
[2018-12-05 20:46:22] Epoch 13 step [100|164] lr=0.00100000 acc: 90.52% loss: 0.003694
[2018-12-05 20:46:31] Epoch 13 step [110|164] lr=0.00100000 acc: 92.82% loss: 0.003042
[2018-12-05 20:46:41] Epoch 13 step [120|164] lr=0.00100000 acc: 92.53% loss: 0.003340
[2018-12-05 20:46:51] Epoch 13 step [130|164] lr=0.00100000 acc: 91.21% loss: 0.003343
[2018-12-05 20:47:01] Epoch 13 step [140|164] lr=0.00100000 acc: 87.34% loss: 0.004875
[2018-12-05 20:47:12] Epoch 13 step [150|164] lr=0.00100000 acc: 92.49% loss: 0.003631
[2018-12-05 20:47:17] Epoch 13 step [160|164] lr=0.00100000 acc: 94.21% loss: 0.004963
dev acc: 74.90% loss: 0.011930
test acc: 72.75% loss: 0.012778
model saved succeed in save_models/2018-12-05-20-47-24-treelstm-model_epoch_13.pt
Update! best test acc: 72.75%
[2018-12-05 20:47:25] Epoch 14 step [10|164] lr=0.00100000 acc: 88.41% loss: 0.005078
[2018-12-05 20:47:27] Epoch 14 step [20|164] lr=0.00100000 acc: 90.79% loss: 0.003743
[2018-12-05 20:47:29] Epoch 14 step [30|164] lr=0.00100000 acc: 89.43% loss: 0.004112
[2018-12-05 20:47:32] Epoch 14 step [40|164] lr=0.00100000 acc: 89.46% loss: 0.003682
[2018-12-05 20:47:35] Epoch 14 step [50|164] lr=0.00100000 acc: 92.40% loss: 0.003289
[2018-12-05 20:47:41] Epoch 14 step [60|164] lr=0.00100000 acc: 91.98% loss: 0.003026
[2018-12-05 20:47:45] Epoch 14 step [70|164] lr=0.00100000 acc: 94.68% loss: 0.002694
[2018-12-05 20:47:52] Epoch 14 step [80|164] lr=0.00100000 acc: 91.75% loss: 0.003355
[2018-12-05 20:47:59] Epoch 14 step [90|164] lr=0.00100000 acc: 89.81% loss: 0.003689
[2018-12-05 20:48:07] Epoch 14 step [100|164] lr=0.00100000 acc: 90.68% loss: 0.003345
[2018-12-05 20:48:14] Epoch 14 step [110|164] lr=0.00100000 acc: 94.02% loss: 0.002809
[2018-12-05 20:48:23] Epoch 14 step [120|164] lr=0.00100000 acc: 93.44% loss: 0.002736
[2018-12-05 20:48:32] Epoch 14 step [130|164] lr=0.00100000 acc: 91.40% loss: 0.003150
[2018-12-05 20:48:43] Epoch 14 step [140|164] lr=0.00100000 acc: 92.53% loss: 0.003288
[2018-12-05 20:48:53] Epoch 14 step [150|164] lr=0.00100000 acc: 93.60% loss: 0.002943
[2018-12-05 20:48:57] Epoch 14 step [160|164] lr=0.00100000 acc: 97.89% loss: 0.003646
dev acc: 73.24% loss: 0.014872
test acc: 71.09% loss: 0.015987
not improved, best test acc: 72.75%, in epoch 13
[2018-12-05 20:49:05] Epoch 15 step [10|164] lr=0.00100000 acc: 90.77% loss: 0.004597
[2018-12-05 20:49:06] Epoch 15 step [20|164] lr=0.00100000 acc: 91.35% loss: 0.003696
[2018-12-05 20:49:09] Epoch 15 step [30|164] lr=0.00100000 acc: 89.77% loss: 0.004013
[2018-12-05 20:49:12] Epoch 15 step [40|164] lr=0.00100000 acc: 90.69% loss: 0.003331
[2018-12-05 20:49:16] Epoch 15 step [50|164] lr=0.00100000 acc: 92.56% loss: 0.003136
[2018-12-05 20:49:21] Epoch 15 step [60|164] lr=0.00100000 acc: 92.30% loss: 0.003314
[2018-12-05 20:49:27] Epoch 15 step [70|164] lr=0.00100000 acc: 88.44% loss: 0.004619
[2018-12-05 20:49:33] Epoch 15 step [80|164] lr=0.00100000 acc: 94.33% loss: 0.002702
[2018-12-05 20:49:40] Epoch 15 step [90|164] lr=0.00100000 acc: 92.72% loss: 0.002890
[2018-12-05 20:49:48] Epoch 15 step [100|164] lr=0.00100000 acc: 91.51% loss: 0.003310
[2018-12-05 20:49:57] Epoch 15 step [110|164] lr=0.00100000 acc: 93.68% loss: 0.002659
[2018-12-05 20:50:07] Epoch 15 step [120|164] lr=0.00100000 acc: 94.54% loss: 0.002607
[2018-12-05 20:50:16] Epoch 15 step [130|164] lr=0.00100000 acc: 93.27% loss: 0.002793
[2018-12-05 20:50:26] Epoch 15 step [140|164] lr=0.00100000 acc: 93.15% loss: 0.002746
[2018-12-05 20:50:38] Epoch 15 step [150|164] lr=0.00100000 acc: 94.70% loss: 0.002601
[2018-12-05 20:50:42] Epoch 15 step [160|164] lr=0.00100000 acc: 94.21% loss: 0.004293
dev acc: 73.73% loss: 0.014325
test acc: 70.12% loss: 0.015561
not improved, best test acc: 72.75%, in epoch 13
[2018-12-05 20:50:49] Epoch 16 step [10|164] lr=0.00100000 acc: 90.99% loss: 0.004441
[2018-12-05 20:50:50] Epoch 16 step [20|164] lr=0.00100000 acc: 92.11% loss: 0.003546
[2018-12-05 20:50:52] Epoch 16 step [30|164] lr=0.00100000 acc: 91.51% loss: 0.004017
[2018-12-05 20:50:55] Epoch 16 step [40|164] lr=0.00100000 acc: 89.63% loss: 0.003779
[2018-12-05 20:50:59] Epoch 16 step [50|164] lr=0.00100000 acc: 91.40% loss: 0.003279
[2018-12-05 20:51:05] Epoch 16 step [60|164] lr=0.00100000 acc: 94.18% loss: 0.002369
[2018-12-05 20:51:09] Epoch 16 step [70|164] lr=0.00100000 acc: 91.38% loss: 0.002951
[2018-12-05 20:51:15] Epoch 16 step [80|164] lr=0.00100000 acc: 90.03% loss: 0.003595
[2018-12-05 20:51:21] Epoch 16 step [90|164] lr=0.00100000 acc: 92.88% loss: 0.002860
[2018-12-05 20:51:29] Epoch 16 step [100|164] lr=0.00100000 acc: 91.35% loss: 0.003200
[2018-12-05 20:51:37] Epoch 16 step [110|164] lr=0.00100000 acc: 95.56% loss: 0.002215
[2018-12-05 20:51:46] Epoch 16 step [120|164] lr=0.00100000 acc: 94.72% loss: 0.002199
[2018-12-05 20:51:56] Epoch 16 step [130|164] lr=0.00100000 acc: 93.46% loss: 0.002414
[2018-12-05 20:52:06] Epoch 16 step [140|164] lr=0.00100000 acc: 92.53% loss: 0.003215
[2018-12-05 20:52:17] Epoch 16 step [150|164] lr=0.00100000 acc: 91.17% loss: 0.003909
[2018-12-05 20:52:21] Epoch 16 step [160|164] lr=0.00100000 acc: 94.21% loss: 0.004243
dev acc: 72.75% loss: 0.014110
test acc: 69.92% loss: 0.015592
not improved, best test acc: 72.75%, in epoch 13
[2018-12-05 20:52:29] Epoch 17 step [10|164] lr=0.00100000 acc: 93.56% loss: 0.003064
[2018-12-05 20:52:31] Epoch 17 step [20|164] lr=0.00100000 acc: 93.05% loss: 0.003309
[2018-12-05 20:52:33] Epoch 17 step [30|164] lr=0.00100000 acc: 94.28% loss: 0.002805
[2018-12-05 20:52:36] Epoch 17 step [40|164] lr=0.00100000 acc: 92.79% loss: 0.003010
[2018-12-05 20:52:40] Epoch 17 step [50|164] lr=0.00100000 acc: 92.73% loss: 0.002567
[2018-12-05 20:52:45] Epoch 17 step [60|164] lr=0.00100000 acc: 93.55% loss: 0.002425
[2018-12-05 20:52:49] Epoch 17 step [70|164] lr=0.00100000 acc: 91.74% loss: 0.002517
[2018-12-05 20:52:56] Epoch 17 step [80|164] lr=0.00100000 acc: 93.30% loss: 0.002495
[2018-12-05 20:53:04] Epoch 17 step [90|164] lr=0.00100000 acc: 93.20% loss: 0.002498
[2018-12-05 20:53:11] Epoch 17 step [100|164] lr=0.00100000 acc: 93.01% loss: 0.002812
[2018-12-05 20:53:20] Epoch 17 step [110|164] lr=0.00100000 acc: 94.36% loss: 0.002430
[2018-12-05 20:53:29] Epoch 17 step [120|164] lr=0.00100000 acc: 95.45% loss: 0.002171
[2018-12-05 20:53:39] Epoch 17 step [130|164] lr=0.00100000 acc: 94.39% loss: 0.002187
[2018-12-05 20:53:50] Epoch 17 step [140|164] lr=0.00100000 acc: 93.36% loss: 0.002514
[2018-12-05 20:54:00] Epoch 17 step [150|164] lr=0.00100000 acc: 95.14% loss: 0.002364
[2018-12-05 20:54:04] Epoch 17 step [160|164] lr=0.00100000 acc: 97.37% loss: 0.002922
dev acc: 73.14% loss: 0.016000
test acc: 70.31% loss: 0.017006
not improved, best test acc: 72.75%, in epoch 13
[2018-12-05 20:54:11] Epoch 18 step [10|164] lr=0.00100000 acc: 93.56% loss: 0.003343
[2018-12-05 20:54:14] Epoch 18 step [20|164] lr=0.00100000 acc: 91.92% loss: 0.003738
[2018-12-05 20:54:16] Epoch 18 step [30|164] lr=0.00100000 acc: 93.07% loss: 0.002800
[2018-12-05 20:54:20] Epoch 18 step [40|164] lr=0.00100000 acc: 92.79% loss: 0.002840
[2018-12-05 20:54:24] Epoch 18 step [50|164] lr=0.00100000 acc: 93.39% loss: 0.002739
[2018-12-05 20:54:29] Epoch 18 step [60|164] lr=0.00100000 acc: 94.65% loss: 0.002213
[2018-12-05 20:54:34] Epoch 18 step [70|164] lr=0.00100000 acc: 93.03% loss: 0.002540
[2018-12-05 20:54:40] Epoch 18 step [80|164] lr=0.00100000 acc: 93.47% loss: 0.002906
[2018-12-05 20:54:47] Epoch 18 step [90|164] lr=0.00100000 acc: 93.04% loss: 0.002685
[2018-12-05 20:54:55] Epoch 18 step [100|164] lr=0.00100000 acc: 94.34% loss: 0.002682
[2018-12-05 20:55:04] Epoch 18 step [110|164] lr=0.00100000 acc: 93.16% loss: 0.002401
[2018-12-05 20:55:12] Epoch 18 step [120|164] lr=0.00100000 acc: 94.54% loss: 0.002122
[2018-12-05 20:55:22] Epoch 18 step [130|164] lr=0.00100000 acc: 94.21% loss: 0.002178
[2018-12-05 20:55:31] Epoch 18 step [140|164] lr=0.00100000 acc: 94.81% loss: 0.002168
[2018-12-05 20:55:41] Epoch 18 step [150|164] lr=0.00100000 acc: 96.25% loss: 0.001909
[2018-12-05 20:55:46] Epoch 18 step [160|164] lr=0.00100000 acc: 98.42% loss: 0.002352
dev acc: 75.39% loss: 0.014705
test acc: 72.75% loss: 0.015308
model saved succeed in save_models/2018-12-05-20-55-52-treelstm-model_epoch_18.pt
Update! best test acc: 72.75%
[2018-12-05 20:55:53] Epoch 19 step [10|164] lr=0.00100000 acc: 93.35% loss: 0.003518
[2018-12-05 20:55:55] Epoch 19 step [20|164] lr=0.00100000 acc: 95.49% loss: 0.002339
[2018-12-05 20:55:57] Epoch 19 step [30|164] lr=0.00100000 acc: 93.41% loss: 0.002908
[2018-12-05 20:56:00] Epoch 19 step [40|164] lr=0.00100000 acc: 92.79% loss: 0.002586
[2018-12-05 20:56:04] Epoch 19 step [50|164] lr=0.00100000 acc: 93.22% loss: 0.002632
[2018-12-05 20:56:08] Epoch 19 step [60|164] lr=0.00100000 acc: 94.50% loss: 0.002249
[2018-12-05 20:56:14] Epoch 19 step [70|164] lr=0.00100000 acc: 92.84% loss: 0.002796
[2018-12-05 20:56:19] Epoch 19 step [80|164] lr=0.00100000 acc: 95.02% loss: 0.002102
[2018-12-05 20:56:26] Epoch 19 step [90|164] lr=0.00100000 acc: 94.01% loss: 0.002447
[2018-12-05 20:56:33] Epoch 19 step [100|164] lr=0.00100000 acc: 94.84% loss: 0.002278
[2018-12-05 20:56:41] Epoch 19 step [110|164] lr=0.00100000 acc: 95.38% loss: 0.002016
[2018-12-05 20:56:50] Epoch 19 step [120|164] lr=0.00100000 acc: 93.81% loss: 0.002400
[2018-12-05 20:57:01] Epoch 19 step [130|164] lr=0.00100000 acc: 94.21% loss: 0.002265
[2018-12-05 20:57:11] Epoch 19 step [140|164] lr=0.00100000 acc: 95.23% loss: 0.001902
[2018-12-05 20:57:21] Epoch 19 step [150|164] lr=0.00100000 acc: 96.47% loss: 0.001804
[2018-12-05 20:57:26] Epoch 19 step [160|164] lr=0.00100000 acc: 96.84% loss: 0.002898
dev acc: 72.07% loss: 0.017039
test acc: 70.51% loss: 0.017917
not improved, best test acc: 72.75%, in epoch 18
[2018-12-05 20:57:34] Epoch 20 step [10|164] lr=0.00100000 acc: 92.92% loss: 0.003434
[2018-12-05 20:57:36] Epoch 20 step [20|164] lr=0.00100000 acc: 94.36% loss: 0.002531
[2018-12-05 20:57:39] Epoch 20 step [30|164] lr=0.00100000 acc: 94.45% loss: 0.002055
[2018-12-05 20:57:42] Epoch 20 step [40|164] lr=0.00100000 acc: 92.27% loss: 0.002393
[2018-12-05 20:57:46] Epoch 20 step [50|164] lr=0.00100000 acc: 93.22% loss: 0.002501
[2018-12-05 20:57:52] Epoch 20 step [60|164] lr=0.00100000 acc: 95.13% loss: 0.001844
[2018-12-05 20:57:56] Epoch 20 step [70|164] lr=0.00100000 acc: 95.05% loss: 0.001942
[2018-12-05 20:58:02] Epoch 20 step [80|164] lr=0.00100000 acc: 95.02% loss: 0.001885
[2018-12-05 20:58:10] Epoch 20 step [90|164] lr=0.00100000 acc: 94.17% loss: 0.002320
[2018-12-05 20:58:18] Epoch 20 step [100|164] lr=0.00100000 acc: 94.84% loss: 0.002318
[2018-12-05 20:58:26] Epoch 20 step [110|164] lr=0.00100000 acc: 95.90% loss: 0.001575
[2018-12-05 20:58:35] Epoch 20 step [120|164] lr=0.00100000 acc: 94.90% loss: 0.001843
[2018-12-05 20:58:45] Epoch 20 step [130|164] lr=0.00100000 acc: 93.83% loss: 0.001943
[2018-12-05 20:58:55] Epoch 20 step [140|164] lr=0.00100000 acc: 95.85% loss: 0.001951
[2018-12-05 20:59:06] Epoch 20 step [150|164] lr=0.00100000 acc: 95.81% loss: 0.002123
[2018-12-05 20:59:10] Epoch 20 step [160|164] lr=0.00100000 acc: 98.42% loss: 0.002208
dev acc: 74.71% loss: 0.015317
test acc: 73.73% loss: 0.015375
not improved, best test acc: 72.75%, in epoch 18
[2018-12-05 20:59:17] Epoch 21 step [10|164] lr=0.00100000 acc: 93.99% loss: 0.002741
[2018-12-05 20:59:18] Epoch 21 step [20|164] lr=0.00100000 acc: 94.92% loss: 0.002456
[2018-12-05 20:59:21] Epoch 21 step [30|164] lr=0.00100000 acc: 94.80% loss: 0.002386
[2018-12-05 20:59:25] Epoch 21 step [40|164] lr=0.00100000 acc: 93.15% loss: 0.002217
[2018-12-05 20:59:29] Epoch 21 step [50|164] lr=0.00100000 acc: 94.38% loss: 0.002195
[2018-12-05 20:59:35] Epoch 21 step [60|164] lr=0.00100000 acc: 94.97% loss: 0.001986
[2018-12-05 20:59:40] Epoch 21 step [70|164] lr=0.00100000 acc: 95.96% loss: 0.001803
[2018-12-05 20:59:46] Epoch 21 step [80|164] lr=0.00100000 acc: 95.36% loss: 0.001886
[2018-12-05 20:59:54] Epoch 21 step [90|164] lr=0.00100000 acc: 93.37% loss: 0.002518
[2018-12-05 21:00:02] Epoch 21 step [100|164] lr=0.00100000 acc: 95.34% loss: 0.002004
[2018-12-05 21:00:12] Epoch 21 step [110|164] lr=0.00100000 acc: 95.90% loss: 0.001806
[2018-12-05 21:00:21] Epoch 21 step [120|164] lr=0.00100000 acc: 97.09% loss: 0.001197
[2018-12-05 21:00:31] Epoch 21 step [130|164] lr=0.00100000 acc: 95.14% loss: 0.001903
[2018-12-05 21:00:41] Epoch 21 step [140|164] lr=0.00100000 acc: 95.02% loss: 0.002144
[2018-12-05 21:00:52] Epoch 21 step [150|164] lr=0.00100000 acc: 94.92% loss: 0.002268
[2018-12-05 21:00:58] Epoch 21 step [160|164] lr=0.00100000 acc: 97.89% loss: 0.002486
dev acc: 75.49% loss: 0.015998
test acc: 74.80% loss: 0.015534
model saved succeed in save_models/2018-12-05-21-01-04-treelstm-model_epoch_21.pt
Update! best test acc: 74.80%
[2018-12-05 21:01:05] Epoch 22 step [10|164] lr=0.00100000 acc: 93.78% loss: 0.002878
[2018-12-05 21:01:06] Epoch 22 step [20|164] lr=0.00100000 acc: 93.80% loss: 0.002715
[2018-12-05 21:01:09] Epoch 22 step [30|164] lr=0.00100000 acc: 94.80% loss: 0.002316
[2018-12-05 21:01:12] Epoch 22 step [40|164] lr=0.00100000 acc: 94.90% loss: 0.001794
[2018-12-05 21:01:15] Epoch 22 step [50|164] lr=0.00100000 acc: 96.20% loss: 0.001727
[2018-12-05 21:01:20] Epoch 22 step [60|164] lr=0.00100000 acc: 94.81% loss: 0.001766
[2018-12-05 21:01:26] Epoch 22 step [70|164] lr=0.00100000 acc: 96.70% loss: 0.001532
[2018-12-05 21:01:31] Epoch 22 step [80|164] lr=0.00100000 acc: 95.36% loss: 0.001763
[2018-12-05 21:01:38] Epoch 22 step [90|164] lr=0.00100000 acc: 95.15% loss: 0.001855
[2018-12-05 21:01:45] Epoch 22 step [100|164] lr=0.00100000 acc: 95.51% loss: 0.002159
[2018-12-05 21:01:53] Epoch 22 step [110|164] lr=0.00100000 acc: 96.41% loss: 0.001500
[2018-12-05 21:02:01] Epoch 22 step [120|164] lr=0.00100000 acc: 95.81% loss: 0.001595
[2018-12-05 21:02:12] Epoch 22 step [130|164] lr=0.00100000 acc: 96.82% loss: 0.001338
[2018-12-05 21:02:21] Epoch 22 step [140|164] lr=0.00100000 acc: 95.64% loss: 0.001619
[2018-12-05 21:02:31] Epoch 22 step [150|164] lr=0.00100000 acc: 95.81% loss: 0.001596
[2018-12-05 21:02:35] Epoch 22 step [160|164] lr=0.00100000 acc: 98.42% loss: 0.001437
dev acc: 76.56% loss: 0.016509
test acc: 75.68% loss: 0.015858
model saved succeed in save_models/2018-12-05-21-02-42-treelstm-model_epoch_22.pt
Update! best test acc: 75.68%
[2018-12-05 21:02:43] Epoch 23 step [10|164] lr=0.00100000 acc: 93.99% loss: 0.002794
[2018-12-05 21:02:45] Epoch 23 step [20|164] lr=0.00100000 acc: 96.05% loss: 0.001905
[2018-12-05 21:02:47] Epoch 23 step [30|164] lr=0.00100000 acc: 93.93% loss: 0.002461
[2018-12-05 21:02:50] Epoch 23 step [40|164] lr=0.00100000 acc: 94.20% loss: 0.002133
[2018-12-05 21:02:54] Epoch 23 step [50|164] lr=0.00100000 acc: 95.21% loss: 0.001796
[2018-12-05 21:02:59] Epoch 23 step [60|164] lr=0.00100000 acc: 95.91% loss: 0.001588
[2018-12-05 21:03:04] Epoch 23 step [70|164] lr=0.00100000 acc: 95.23% loss: 0.002213
[2018-12-05 21:03:10] Epoch 23 step [80|164] lr=0.00100000 acc: 95.36% loss: 0.001837
[2018-12-05 21:03:18] Epoch 23 step [90|164] lr=0.00100000 acc: 95.47% loss: 0.001678
[2018-12-05 21:03:26] Epoch 23 step [100|164] lr=0.00100000 acc: 94.34% loss: 0.002171
[2018-12-05 21:03:35] Epoch 23 step [110|164] lr=0.00100000 acc: 97.61% loss: 0.001281
[2018-12-05 21:03:44] Epoch 23 step [120|164] lr=0.00100000 acc: 97.63% loss: 0.001229
[2018-12-05 21:03:53] Epoch 23 step [130|164] lr=0.00100000 acc: 96.07% loss: 0.001633
[2018-12-05 21:04:03] Epoch 23 step [140|164] lr=0.00100000 acc: 95.44% loss: 0.001714
[2018-12-05 21:04:14] Epoch 23 step [150|164] lr=0.00100000 acc: 97.57% loss: 0.001411
[2018-12-05 21:04:19] Epoch 23 step [160|164] lr=0.00100000 acc: 98.95% loss: 0.001327
dev acc: 76.07% loss: 0.016533
test acc: 75.49% loss: 0.015998
not improved, best test acc: 75.68%, in epoch 22
[2018-12-05 21:04:26] Epoch 24 step [10|164] lr=0.00100000 acc: 95.49% loss: 0.001836
[2018-12-05 21:04:28] Epoch 24 step [20|164] lr=0.00100000 acc: 96.24% loss: 0.002092
[2018-12-05 21:04:30] Epoch 24 step [30|164] lr=0.00100000 acc: 96.01% loss: 0.001735
[2018-12-05 21:04:33] Epoch 24 step [40|164] lr=0.00100000 acc: 94.55% loss: 0.001777
[2018-12-05 21:04:38] Epoch 24 step [50|164] lr=0.00100000 acc: 96.03% loss: 0.001635
[2018-12-05 21:04:42] Epoch 24 step [60|164] lr=0.00100000 acc: 95.44% loss: 0.001995
[2018-12-05 21:04:47] Epoch 24 step [70|164] lr=0.00100000 acc: 95.60% loss: 0.001693
[2018-12-05 21:04:52] Epoch 24 step [80|164] lr=0.00100000 acc: 94.67% loss: 0.001877
[2018-12-05 21:04:59] Epoch 24 step [90|164] lr=0.00100000 acc: 96.12% loss: 0.001856
[2018-12-05 21:05:06] Epoch 24 step [100|164] lr=0.00100000 acc: 95.51% loss: 0.001792
[2018-12-05 21:05:15] Epoch 24 step [110|164] lr=0.00100000 acc: 95.73% loss: 0.001760
[2018-12-05 21:05:23] Epoch 24 step [120|164] lr=0.00100000 acc: 98.00% loss: 0.001317
[2018-12-05 21:05:32] Epoch 24 step [130|164] lr=0.00100000 acc: 96.45% loss: 0.001330
[2018-12-05 21:05:42] Epoch 24 step [140|164] lr=0.00100000 acc: 96.06% loss: 0.001446
[2018-12-05 21:05:52] Epoch 24 step [150|164] lr=0.00100000 acc: 96.91% loss: 0.001577
[2018-12-05 21:05:56] Epoch 24 step [160|164] lr=0.00100000 acc: 100.00% loss: 0.000606
dev acc: 76.56% loss: 0.016651
test acc: 75.39% loss: 0.016140
not improved, best test acc: 75.68%, in epoch 22
[2018-12-05 21:06:03] Epoch 25 step [10|164] lr=0.00100000 acc: 95.71% loss: 0.002234
[2018-12-05 21:06:05] Epoch 25 step [20|164] lr=0.00100000 acc: 94.74% loss: 0.002337
[2018-12-05 21:06:07] Epoch 25 step [30|164] lr=0.00100000 acc: 96.36% loss: 0.001482
[2018-12-05 21:06:10] Epoch 25 step [40|164] lr=0.00100000 acc: 95.61% loss: 0.001584
[2018-12-05 21:06:13] Epoch 25 step [50|164] lr=0.00100000 acc: 95.87% loss: 0.001561
[2018-12-05 21:06:18] Epoch 25 step [60|164] lr=0.00100000 acc: 96.86% loss: 0.001314
[2018-12-05 21:06:22] Epoch 25 step [70|164] lr=0.00100000 acc: 97.43% loss: 0.001110
[2018-12-05 21:06:29] Epoch 25 step [80|164] lr=0.00100000 acc: 95.88% loss: 0.001571
[2018-12-05 21:06:35] Epoch 25 step [90|164] lr=0.00100000 acc: 97.09% loss: 0.001173
[2018-12-05 21:06:42] Epoch 25 step [100|164] lr=0.00100000 acc: 96.67% loss: 0.001575
[2018-12-05 21:06:50] Epoch 25 step [110|164] lr=0.00100000 acc: 96.75% loss: 0.001153
[2018-12-05 21:06:58] Epoch 25 step [120|164] lr=0.00100000 acc: 95.81% loss: 0.001510
[2018-12-05 21:07:08] Epoch 25 step [130|164] lr=0.00100000 acc: 97.20% loss: 0.001050
[2018-12-05 21:07:18] Epoch 25 step [140|164] lr=0.00100000 acc: 96.89% loss: 0.001409
[2018-12-05 21:07:28] Epoch 25 step [150|164] lr=0.00100000 acc: 97.79% loss: 0.000987
[2018-12-05 21:07:32] Epoch 25 step [160|164] lr=0.00100000 acc: 99.47% loss: 0.001012
dev acc: 74.32% loss: 0.017451
test acc: 74.02% loss: 0.017746
not improved, best test acc: 75.68%, in epoch 22
[2018-12-05 21:07:40] Epoch 26 step [10|164] lr=0.00100000 acc: 96.14% loss: 0.001716
[2018-12-05 21:07:42] Epoch 26 step [20|164] lr=0.00100000 acc: 96.62% loss: 0.001703
[2018-12-05 21:07:45] Epoch 26 step [30|164] lr=0.00100000 acc: 94.45% loss: 0.002266
[2018-12-05 21:07:48] Epoch 26 step [40|164] lr=0.00100000 acc: 94.73% loss: 0.002140
[2018-12-05 21:07:53] Epoch 26 step [50|164] lr=0.00100000 acc: 94.88% loss: 0.001877
[2018-12-05 21:07:58] Epoch 26 step [60|164] lr=0.00100000 acc: 95.91% loss: 0.001518
[2018-12-05 21:08:04] Epoch 26 step [70|164] lr=0.00100000 acc: 94.86% loss: 0.001600
[2018-12-05 21:08:10] Epoch 26 step [80|164] lr=0.00100000 acc: 95.36% loss: 0.001645
[2018-12-05 21:08:17] Epoch 26 step [90|164] lr=0.00100000 acc: 96.28% loss: 0.001381
[2018-12-05 21:08:27] Epoch 26 step [100|164] lr=0.00100000 acc: 96.84% loss: 0.001372
[2018-12-05 21:08:36] Epoch 26 step [110|164] lr=0.00100000 acc: 97.44% loss: 0.001164
[2018-12-05 21:08:45] Epoch 26 step [120|164] lr=0.00100000 acc: 97.27% loss: 0.001134
[2018-12-05 21:08:55] Epoch 26 step [130|164] lr=0.00100000 acc: 96.45% loss: 0.001344
[2018-12-05 21:09:05] Epoch 26 step [140|164] lr=0.00100000 acc: 96.47% loss: 0.001515
[2018-12-05 21:09:17] Epoch 26 step [150|164] lr=0.00100000 acc: 96.91% loss: 0.001269
[2018-12-05 21:09:21] Epoch 26 step [160|164] lr=0.00100000 acc: 97.37% loss: 0.002057
dev acc: 75.88% loss: 0.017647
test acc: 73.24% loss: 0.017978
not improved, best test acc: 75.68%, in epoch 22
[2018-12-05 21:09:28] Epoch 27 step [10|164] lr=0.00100000 acc: 95.71% loss: 0.001730
[2018-12-05 21:09:30] Epoch 27 step [20|164] lr=0.00100000 acc: 97.18% loss: 0.001253
[2018-12-05 21:09:33] Epoch 27 step [30|164] lr=0.00100000 acc: 96.01% loss: 0.001683
[2018-12-05 21:09:37] Epoch 27 step [40|164] lr=0.00100000 acc: 97.36% loss: 0.001273
[2018-12-05 21:09:42] Epoch 27 step [50|164] lr=0.00100000 acc: 96.20% loss: 0.001645
[2018-12-05 21:09:48] Epoch 27 step [60|164] lr=0.00100000 acc: 97.33% loss: 0.001247
[2018-12-05 21:09:53] Epoch 27 step [70|164] lr=0.00100000 acc: 96.15% loss: 0.001542
[2018-12-05 21:10:00] Epoch 27 step [80|164] lr=0.00100000 acc: 97.25% loss: 0.001410
[2018-12-05 21:10:07] Epoch 27 step [90|164] lr=0.00100000 acc: 95.15% loss: 0.001805
[2018-12-05 21:10:15] Epoch 27 step [100|164] lr=0.00100000 acc: 97.17% loss: 0.001221
[2018-12-05 21:10:25] Epoch 27 step [110|164] lr=0.00100000 acc: 98.12% loss: 0.000857
[2018-12-05 21:10:35] Epoch 27 step [120|164] lr=0.00100000 acc: 97.45% loss: 0.001213
[2018-12-05 21:10:45] Epoch 27 step [130|164] lr=0.00100000 acc: 98.32% loss: 0.000748
[2018-12-05 21:10:55] Epoch 27 step [140|164] lr=0.00100000 acc: 97.51% loss: 0.001259
[2018-12-05 21:11:06] Epoch 27 step [150|164] lr=0.00100000 acc: 98.01% loss: 0.001073
[2018-12-05 21:11:11] Epoch 27 step [160|164] lr=0.00100000 acc: 98.42% loss: 0.002129
dev acc: 76.27% loss: 0.018243
test acc: 75.59% loss: 0.017202
not improved, best test acc: 75.68%, in epoch 22
[2018-12-05 21:11:19] Epoch 28 step [10|164] lr=0.00100000 acc: 95.49% loss: 0.001981
[2018-12-05 21:11:21] Epoch 28 step [20|164] lr=0.00100000 acc: 96.62% loss: 0.001525
[2018-12-05 21:11:24] Epoch 28 step [30|164] lr=0.00100000 acc: 96.53% loss: 0.001517
[2018-12-05 21:11:28] Epoch 28 step [40|164] lr=0.00100000 acc: 95.61% loss: 0.001525
[2018-12-05 21:11:33] Epoch 28 step [50|164] lr=0.00100000 acc: 96.86% loss: 0.001289
[2018-12-05 21:11:38] Epoch 28 step [60|164] lr=0.00100000 acc: 96.54% loss: 0.001136
[2018-12-05 21:11:44] Epoch 28 step [70|164] lr=0.00100000 acc: 97.06% loss: 0.001348
[2018-12-05 21:11:51] Epoch 28 step [80|164] lr=0.00100000 acc: 97.25% loss: 0.001151
[2018-12-05 21:11:59] Epoch 28 step [90|164] lr=0.00100000 acc: 96.28% loss: 0.001230
[2018-12-05 21:12:07] Epoch 28 step [100|164] lr=0.00100000 acc: 96.84% loss: 0.001191
[2018-12-05 21:12:15] Epoch 28 step [110|164] lr=0.00100000 acc: 97.95% loss: 0.001003
[2018-12-05 21:12:24] Epoch 28 step [120|164] lr=0.00100000 acc: 98.00% loss: 0.000977
[2018-12-05 21:12:35] Epoch 28 step [130|164] lr=0.00100000 acc: 97.20% loss: 0.001212
[2018-12-05 21:12:45] Epoch 28 step [140|164] lr=0.00100000 acc: 98.13% loss: 0.000930
[2018-12-05 21:12:56] Epoch 28 step [150|164] lr=0.00100000 acc: 98.68% loss: 0.000746
[2018-12-05 21:13:01] Epoch 28 step [160|164] lr=0.00100000 acc: 99.47% loss: 0.000845
dev acc: 75.68% loss: 0.018358
test acc: 75.10% loss: 0.018552
not improved, best test acc: 75.68%, in epoch 22
[2018-12-05 21:13:09] Epoch 29 step [10|164] lr=0.00100000 acc: 95.71% loss: 0.002120
[2018-12-05 21:13:11] Epoch 29 step [20|164] lr=0.00100000 acc: 95.68% loss: 0.002071
[2018-12-05 21:13:14] Epoch 29 step [30|164] lr=0.00100000 acc: 96.88% loss: 0.001524
[2018-12-05 21:13:18] Epoch 29 step [40|164] lr=0.00100000 acc: 96.13% loss: 0.001520
[2018-12-05 21:13:22] Epoch 29 step [50|164] lr=0.00100000 acc: 97.36% loss: 0.001128
[2018-12-05 21:13:27] Epoch 29 step [60|164] lr=0.00100000 acc: 97.48% loss: 0.000908
[2018-12-05 21:13:32] Epoch 29 step [70|164] lr=0.00100000 acc: 96.15% loss: 0.001455
[2018-12-05 21:13:38] Epoch 29 step [80|164] lr=0.00100000 acc: 98.11% loss: 0.000877
[2018-12-05 21:13:46] Epoch 29 step [90|164] lr=0.00100000 acc: 97.41% loss: 0.001190
[2018-12-05 21:13:55] Epoch 29 step [100|164] lr=0.00100000 acc: 97.34% loss: 0.001146
[2018-12-05 21:14:04] Epoch 29 step [110|164] lr=0.00100000 acc: 97.95% loss: 0.001035
[2018-12-05 21:14:13] Epoch 29 step [120|164] lr=0.00100000 acc: 99.09% loss: 0.000590
[2018-12-05 21:14:23] Epoch 29 step [130|164] lr=0.00100000 acc: 96.64% loss: 0.001519
[2018-12-05 21:14:33] Epoch 29 step [140|164] lr=0.00100000 acc: 97.93% loss: 0.000864
[2018-12-05 21:14:45] Epoch 29 step [150|164] lr=0.00100000 acc: 97.35% loss: 0.001067
[2018-12-05 21:14:50] Epoch 29 step [160|164] lr=0.00100000 acc: 99.47% loss: 0.000648
dev acc: 75.68% loss: 0.019540
test acc: 73.83% loss: 0.019719
not improved, best test acc: 75.68%, in epoch 22
[2018-12-05 21:14:57] Epoch 30 step [10|164] lr=0.00100000 acc: 96.14% loss: 0.001659
[2018-12-05 21:14:59] Epoch 30 step [20|164] lr=0.00100000 acc: 96.99% loss: 0.001310
[2018-12-05 21:15:02] Epoch 30 step [30|164] lr=0.00100000 acc: 96.71% loss: 0.001445
[2018-12-05 21:15:05] Epoch 30 step [40|164] lr=0.00100000 acc: 95.25% loss: 0.001721
[2018-12-05 21:15:10] Epoch 30 step [50|164] lr=0.00100000 acc: 97.36% loss: 0.001097
[2018-12-05 21:15:16] Epoch 30 step [60|164] lr=0.00100000 acc: 97.33% loss: 0.001162
[2018-12-05 21:15:22] Epoch 30 step [70|164] lr=0.00100000 acc: 95.78% loss: 0.001420
[2018-12-05 21:15:28] Epoch 30 step [80|164] lr=0.00100000 acc: 97.25% loss: 0.001374
[2018-12-05 21:15:36] Epoch 30 step [90|164] lr=0.00100000 acc: 96.93% loss: 0.001494
[2018-12-05 21:15:44] Epoch 30 step [100|164] lr=0.00100000 acc: 96.84% loss: 0.001356
[2018-12-05 21:15:53] Epoch 30 step [110|164] lr=0.00100000 acc: 98.63% loss: 0.000641
[2018-12-05 21:16:03] Epoch 30 step [120|164] lr=0.00100000 acc: 97.63% loss: 0.001078
[2018-12-05 21:16:14] Epoch 30 step [130|164] lr=0.00100000 acc: 98.32% loss: 0.000904
[2018-12-05 21:16:24] Epoch 30 step [140|164] lr=0.00100000 acc: 97.51% loss: 0.001304
[2018-12-05 21:16:35] Epoch 30 step [150|164] lr=0.00100000 acc: 96.69% loss: 0.001279
[2018-12-05 21:16:40] Epoch 30 step [160|164] lr=0.00100000 acc: 100.00% loss: 0.000656
dev acc: 75.59% loss: 0.018872
test acc: 74.12% loss: 0.019152
not improved, best test acc: 75.68%, in epoch 22
8 epoch have not improved, so adjust lr to 0.0007
[2018-12-05 21:16:48] Epoch 31 step [10|164] lr=0.00070000 acc: 96.57% loss: 0.001890
[2018-12-05 21:16:50] Epoch 31 step [20|164] lr=0.00070000 acc: 95.68% loss: 0.001627
[2018-12-05 21:16:52] Epoch 31 step [30|164] lr=0.00070000 acc: 97.05% loss: 0.001466
[2018-12-05 21:16:56] Epoch 31 step [40|164] lr=0.00070000 acc: 97.01% loss: 0.001193
[2018-12-05 21:17:00] Epoch 31 step [50|164] lr=0.00070000 acc: 98.02% loss: 0.000910
[2018-12-05 21:17:06] Epoch 31 step [60|164] lr=0.00070000 acc: 98.43% loss: 0.000873
[2018-12-05 21:17:11] Epoch 31 step [70|164] lr=0.00070000 acc: 97.25% loss: 0.001167
[2018-12-05 21:17:17] Epoch 31 step [80|164] lr=0.00070000 acc: 97.77% loss: 0.000852
[2018-12-05 21:17:26] Epoch 31 step [90|164] lr=0.00070000 acc: 96.93% loss: 0.001192
[2018-12-05 21:17:34] Epoch 31 step [100|164] lr=0.00070000 acc: 96.84% loss: 0.001121
[2018-12-05 21:17:43] Epoch 31 step [110|164] lr=0.00070000 acc: 98.29% loss: 0.000914
[2018-12-05 21:17:52] Epoch 31 step [120|164] lr=0.00070000 acc: 98.18% loss: 0.000879
[2018-12-05 21:18:02] Epoch 31 step [130|164] lr=0.00070000 acc: 97.94% loss: 0.000904
[2018-12-05 21:18:13] Epoch 31 step [140|164] lr=0.00070000 acc: 96.89% loss: 0.001427
[2018-12-05 21:18:24] Epoch 31 step [150|164] lr=0.00070000 acc: 98.45% loss: 0.000884
[2018-12-05 21:18:29] Epoch 31 step [160|164] lr=0.00070000 acc: 97.37% loss: 0.002356
dev acc: 75.59% loss: 0.021182
test acc: 75.10% loss: 0.019833
not improved, best test acc: 75.68%, in epoch 22
[2018-12-05 21:18:36] Epoch 32 step [10|164] lr=0.00070000 acc: 97.00% loss: 0.001536
[2018-12-05 21:18:38] Epoch 32 step [20|164] lr=0.00070000 acc: 96.99% loss: 0.001435
[2018-12-05 21:18:42] Epoch 32 step [30|164] lr=0.00070000 acc: 95.49% loss: 0.001835
[2018-12-05 21:18:45] Epoch 32 step [40|164] lr=0.00070000 acc: 96.31% loss: 0.001296
[2018-12-05 21:18:50] Epoch 32 step [50|164] lr=0.00070000 acc: 96.69% loss: 0.001218
[2018-12-05 21:18:56] Epoch 32 step [60|164] lr=0.00070000 acc: 97.01% loss: 0.001153
[2018-12-05 21:19:01] Epoch 32 step [70|164] lr=0.00070000 acc: 97.06% loss: 0.001549
[2018-12-05 21:19:07] Epoch 32 step [80|164] lr=0.00070000 acc: 97.42% loss: 0.001028
[2018-12-05 21:19:15] Epoch 32 step [90|164] lr=0.00070000 acc: 97.41% loss: 0.000965
[2018-12-05 21:19:23] Epoch 32 step [100|164] lr=0.00070000 acc: 97.34% loss: 0.000989
[2018-12-05 21:19:33] Epoch 32 step [110|164] lr=0.00070000 acc: 98.12% loss: 0.000846
[2018-12-05 21:19:42] Epoch 32 step [120|164] lr=0.00070000 acc: 99.45% loss: 0.000518
[2018-12-05 21:19:52] Epoch 32 step [130|164] lr=0.00070000 acc: 97.76% loss: 0.001007
[2018-12-05 21:20:02] Epoch 32 step [140|164] lr=0.00070000 acc: 97.93% loss: 0.000863
[2018-12-05 21:20:13] Epoch 32 step [150|164] lr=0.00070000 acc: 98.45% loss: 0.000861
[2018-12-05 21:20:19] Epoch 32 step [160|164] lr=0.00070000 acc: 99.47% loss: 0.000802
dev acc: 74.41% loss: 0.020360
test acc: 74.51% loss: 0.020649
not improved, best test acc: 75.68%, in epoch 22
[2018-12-05 21:20:26] Epoch 33 step [10|164] lr=0.00070000 acc: 97.85% loss: 0.001258
[2018-12-05 21:20:28] Epoch 33 step [20|164] lr=0.00070000 acc: 96.62% loss: 0.001520
[2018-12-05 21:20:31] Epoch 33 step [30|164] lr=0.00070000 acc: 96.71% loss: 0.000920
[2018-12-05 21:20:35] Epoch 33 step [40|164] lr=0.00070000 acc: 96.66% loss: 0.001273
[2018-12-05 21:20:39] Epoch 33 step [50|164] lr=0.00070000 acc: 98.02% loss: 0.000867
[2018-12-05 21:20:45] Epoch 33 step [60|164] lr=0.00070000 acc: 98.43% loss: 0.000731
[2018-12-05 21:20:51] Epoch 33 step [70|164] lr=0.00070000 acc: 97.98% loss: 0.000896
[2018-12-05 21:20:57] Epoch 33 step [80|164] lr=0.00070000 acc: 98.11% loss: 0.000819
[2018-12-05 21:21:04] Epoch 33 step [90|164] lr=0.00070000 acc: 97.90% loss: 0.000893
[2018-12-05 21:21:12] Epoch 33 step [100|164] lr=0.00070000 acc: 97.84% loss: 0.000905
[2018-12-05 21:21:21] Epoch 33 step [110|164] lr=0.00070000 acc: 97.26% loss: 0.001030
[2018-12-05 21:21:31] Epoch 33 step [120|164] lr=0.00070000 acc: 97.81% loss: 0.000927
[2018-12-05 21:21:41] Epoch 33 step [130|164] lr=0.00070000 acc: 96.45% loss: 0.001282
[2018-12-05 21:21:52] Epoch 33 step [140|164] lr=0.00070000 acc: 97.10% loss: 0.001189
[2018-12-05 21:22:03] Epoch 33 step [150|164] lr=0.00070000 acc: 98.01% loss: 0.001006
[2018-12-05 21:22:08] Epoch 33 step [160|164] lr=0.00070000 acc: 98.42% loss: 0.001750
dev acc: 76.17% loss: 0.019980
test acc: 75.59% loss: 0.019537
not improved, best test acc: 75.68%, in epoch 22
[2018-12-05 21:22:16] Epoch 34 step [10|164] lr=0.00070000 acc: 95.71% loss: 0.001481
[2018-12-05 21:22:17] Epoch 34 step [20|164] lr=0.00070000 acc: 95.49% loss: 0.001659
[2018-12-05 21:22:20] Epoch 34 step [30|164] lr=0.00070000 acc: 97.23% loss: 0.000979
[2018-12-05 21:22:23] Epoch 34 step [40|164] lr=0.00070000 acc: 98.42% loss: 0.001078
[2018-12-05 21:22:26] Epoch 34 step [50|164] lr=0.00070000 acc: 97.36% loss: 0.001032
[2018-12-05 21:22:31] Epoch 34 step [60|164] lr=0.00070000 acc: 97.48% loss: 0.000898
[2018-12-05 21:22:35] Epoch 34 step [70|164] lr=0.00070000 acc: 97.98% loss: 0.000868
[2018-12-05 21:22:40] Epoch 34 step [80|164] lr=0.00070000 acc: 98.11% loss: 0.000941
[2018-12-05 21:22:48] Epoch 34 step [90|164] lr=0.00070000 acc: 97.09% loss: 0.001098
[2018-12-05 21:22:55] Epoch 34 step [100|164] lr=0.00070000 acc: 97.34% loss: 0.000978
[2018-12-05 21:23:03] Epoch 34 step [110|164] lr=0.00070000 acc: 97.78% loss: 0.000836
[2018-12-05 21:23:11] Epoch 34 step [120|164] lr=0.00070000 acc: 98.72% loss: 0.000627
[2018-12-05 21:23:20] Epoch 34 step [130|164] lr=0.00070000 acc: 98.69% loss: 0.000580
[2018-12-05 21:23:30] Epoch 34 step [140|164] lr=0.00070000 acc: 98.55% loss: 0.000790
[2018-12-05 21:23:41] Epoch 34 step [150|164] lr=0.00070000 acc: 98.68% loss: 0.000683
[2018-12-05 21:23:44] Epoch 34 step [160|164] lr=0.00070000 acc: 100.00% loss: 0.000659
dev acc: 73.73% loss: 0.020747
test acc: 73.14% loss: 0.021837
not improved, best test acc: 75.68%, in epoch 22
[2018-12-05 21:23:51] Epoch 35 step [10|164] lr=0.00070000 acc: 97.42% loss: 0.001310
[2018-12-05 21:23:52] Epoch 35 step [20|164] lr=0.00070000 acc: 97.37% loss: 0.001261
[2018-12-05 21:23:55] Epoch 35 step [30|164] lr=0.00070000 acc: 97.05% loss: 0.001431
[2018-12-05 21:23:58] Epoch 35 step [40|164] lr=0.00070000 acc: 97.54% loss: 0.001102
[2018-12-05 21:24:02] Epoch 35 step [50|164] lr=0.00070000 acc: 98.02% loss: 0.000971
[2018-12-05 21:24:07] Epoch 35 step [60|164] lr=0.00070000 acc: 98.74% loss: 0.000710
[2018-12-05 21:24:11] Epoch 35 step [70|164] lr=0.00070000 acc: 98.72% loss: 0.000888
[2018-12-05 21:24:16] Epoch 35 step [80|164] lr=0.00070000 acc: 98.97% loss: 0.000548
[2018-12-05 21:24:23] Epoch 35 step [90|164] lr=0.00070000 acc: 97.57% loss: 0.001215
[2018-12-05 21:24:30] Epoch 35 step [100|164] lr=0.00070000 acc: 96.84% loss: 0.000985
[2018-12-05 21:24:39] Epoch 35 step [110|164] lr=0.00070000 acc: 98.12% loss: 0.000573
[2018-12-05 21:24:47] Epoch 35 step [120|164] lr=0.00070000 acc: 98.36% loss: 0.000572
[2018-12-05 21:24:56] Epoch 35 step [130|164] lr=0.00070000 acc: 97.38% loss: 0.001045
[2018-12-05 21:25:06] Epoch 35 step [140|164] lr=0.00070000 acc: 98.13% loss: 0.000891
[2018-12-05 21:25:16] Epoch 35 step [150|164] lr=0.00070000 acc: 98.68% loss: 0.000666
[2018-12-05 21:25:21] Epoch 35 step [160|164] lr=0.00070000 acc: 98.42% loss: 0.001042
dev acc: 75.98% loss: 0.020547
test acc: 74.61% loss: 0.020817
not improved, best test acc: 75.68%, in epoch 22
[2018-12-05 21:25:27] Epoch 36 step [10|164] lr=0.00070000 acc: 96.57% loss: 0.001559
[2018-12-05 21:25:29] Epoch 36 step [20|164] lr=0.00070000 acc: 96.80% loss: 0.001013
[2018-12-05 21:25:31] Epoch 36 step [30|164] lr=0.00070000 acc: 96.88% loss: 0.001392
[2018-12-05 21:25:34] Epoch 36 step [40|164] lr=0.00070000 acc: 97.54% loss: 0.001099
[2018-12-05 21:25:37] Epoch 36 step [50|164] lr=0.00070000 acc: 98.02% loss: 0.000783
[2018-12-05 21:25:42] Epoch 36 step [60|164] lr=0.00070000 acc: 98.11% loss: 0.000889
[2018-12-05 21:25:47] Epoch 36 step [70|164] lr=0.00070000 acc: 97.61% loss: 0.001106
[2018-12-05 21:25:53] Epoch 36 step [80|164] lr=0.00070000 acc: 97.59% loss: 0.001058
[2018-12-05 21:25:59] Epoch 36 step [90|164] lr=0.00070000 acc: 97.90% loss: 0.000800
[2018-12-05 21:26:06] Epoch 36 step [100|164] lr=0.00070000 acc: 98.84% loss: 0.000490
[2018-12-05 21:26:14] Epoch 36 step [110|164] lr=0.00070000 acc: 97.44% loss: 0.001081
[2018-12-05 21:26:22] Epoch 36 step [120|164] lr=0.00070000 acc: 98.54% loss: 0.000747
[2018-12-05 21:26:33] Epoch 36 step [130|164] lr=0.00070000 acc: 98.69% loss: 0.000716
[2018-12-05 21:26:43] Epoch 36 step [140|164] lr=0.00070000 acc: 98.96% loss: 0.000901
[2018-12-05 21:26:54] Epoch 36 step [150|164] lr=0.00070000 acc: 99.56% loss: 0.000315
[2018-12-05 21:26:58] Epoch 36 step [160|164] lr=0.00070000 acc: 99.47% loss: 0.000842
dev acc: 75.29% loss: 0.020917
test acc: 73.83% loss: 0.021491
not improved, best test acc: 75.68%, in epoch 22
[2018-12-05 21:27:07] Epoch 37 step [10|164] lr=0.00070000 acc: 97.85% loss: 0.001426
[2018-12-05 21:27:09] Epoch 37 step [20|164] lr=0.00070000 acc: 97.74% loss: 0.000964
[2018-12-05 21:27:12] Epoch 37 step [30|164] lr=0.00070000 acc: 97.75% loss: 0.001095
[2018-12-05 21:27:15] Epoch 37 step [40|164] lr=0.00070000 acc: 97.36% loss: 0.000938
[2018-12-05 21:27:20] Epoch 37 step [50|164] lr=0.00070000 acc: 97.69% loss: 0.001087
[2018-12-05 21:27:25] Epoch 37 step [60|164] lr=0.00070000 acc: 97.64% loss: 0.000973
[2018-12-05 21:27:30] Epoch 37 step [70|164] lr=0.00070000 acc: 97.98% loss: 0.000897
[2018-12-05 21:27:37] Epoch 37 step [80|164] lr=0.00070000 acc: 98.63% loss: 0.000903
[2018-12-05 21:27:45] Epoch 37 step [90|164] lr=0.00070000 acc: 97.90% loss: 0.000962
[2018-12-05 21:27:53] Epoch 37 step [100|164] lr=0.00070000 acc: 96.67% loss: 0.001051
[2018-12-05 21:28:02] Epoch 37 step [110|164] lr=0.00070000 acc: 97.61% loss: 0.000772
[2018-12-05 21:28:11] Epoch 37 step [120|164] lr=0.00070000 acc: 98.00% loss: 0.000775
[2018-12-05 21:28:21] Epoch 37 step [130|164] lr=0.00070000 acc: 98.69% loss: 0.000589
[2018-12-05 21:28:32] Epoch 37 step [140|164] lr=0.00070000 acc: 98.55% loss: 0.000698
[2018-12-05 21:28:43] Epoch 37 step [150|164] lr=0.00070000 acc: 98.90% loss: 0.000742
[2018-12-05 21:28:48] Epoch 37 step [160|164] lr=0.00070000 acc: 99.47% loss: 0.001130
dev acc: 75.49% loss: 0.020028
test acc: 74.12% loss: 0.021030
not improved, best test acc: 75.68%, in epoch 22
[2018-12-05 21:28:55] Epoch 38 step [10|164] lr=0.00070000 acc: 97.64% loss: 0.001227
[2018-12-05 21:28:57] Epoch 38 step [20|164] lr=0.00070000 acc: 96.43% loss: 0.001266
[2018-12-05 21:29:00] Epoch 38 step [30|164] lr=0.00070000 acc: 97.05% loss: 0.001298
[2018-12-05 21:29:04] Epoch 38 step [40|164] lr=0.00070000 acc: 98.24% loss: 0.000870
[2018-12-05 21:29:08] Epoch 38 step [50|164] lr=0.00070000 acc: 98.35% loss: 0.000788
[2018-12-05 21:29:13] Epoch 38 step [60|164] lr=0.00070000 acc: 98.11% loss: 0.000921
[2018-12-05 21:29:19] Epoch 38 step [70|164] lr=0.00070000 acc: 98.17% loss: 0.000924
[2018-12-05 21:29:25] Epoch 38 step [80|164] lr=0.00070000 acc: 97.77% loss: 0.001027
[2018-12-05 21:29:32] Epoch 38 step [90|164] lr=0.00070000 acc: 98.71% loss: 0.000739
[2018-12-05 21:29:40] Epoch 38 step [100|164] lr=0.00070000 acc: 98.34% loss: 0.000661
[2018-12-05 21:29:50] Epoch 38 step [110|164] lr=0.00070000 acc: 98.97% loss: 0.000638
[2018-12-05 21:29:59] Epoch 38 step [120|164] lr=0.00070000 acc: 99.45% loss: 0.000443
[2018-12-05 21:30:09] Epoch 38 step [130|164] lr=0.00070000 acc: 98.13% loss: 0.000754
[2018-12-05 21:30:20] Epoch 38 step [140|164] lr=0.00070000 acc: 97.93% loss: 0.000812
[2018-12-05 21:30:30] Epoch 38 step [150|164] lr=0.00070000 acc: 99.56% loss: 0.000406
[2018-12-05 21:30:36] Epoch 38 step [160|164] lr=0.00070000 acc: 100.00% loss: 0.000490
dev acc: 74.51% loss: 0.021143
test acc: 72.36% loss: 0.023032
not improved, best test acc: 75.68%, in epoch 22
16 epoch have not improved, so adjust lr to 0.00049
[2018-12-05 21:30:43] Epoch 39 step [10|164] lr=0.00049000 acc: 97.42% loss: 0.001413
[2018-12-05 21:30:44] Epoch 39 step [20|164] lr=0.00049000 acc: 97.18% loss: 0.001186
[2018-12-05 21:30:47] Epoch 39 step [30|164] lr=0.00049000 acc: 98.09% loss: 0.000965
[2018-12-05 21:30:49] Epoch 39 step [40|164] lr=0.00049000 acc: 98.07% loss: 0.000940
[2018-12-05 21:30:53] Epoch 39 step [50|164] lr=0.00049000 acc: 98.51% loss: 0.000654
[2018-12-05 21:30:58] Epoch 39 step [60|164] lr=0.00049000 acc: 97.64% loss: 0.000890
[2018-12-05 21:31:03] Epoch 39 step [70|164] lr=0.00049000 acc: 97.98% loss: 0.000773
[2018-12-05 21:31:08] Epoch 39 step [80|164] lr=0.00049000 acc: 98.97% loss: 0.000525
[2018-12-05 21:31:15] Epoch 39 step [90|164] lr=0.00049000 acc: 98.38% loss: 0.000641
[2018-12-05 21:31:22] Epoch 39 step [100|164] lr=0.00049000 acc: 98.50% loss: 0.000579
[2018-12-05 21:31:30] Epoch 39 step [110|164] lr=0.00049000 acc: 98.63% loss: 0.000518
[2018-12-05 21:31:38] Epoch 39 step [120|164] lr=0.00049000 acc: 97.81% loss: 0.000747
[2018-12-05 21:31:48] Epoch 39 step [130|164] lr=0.00049000 acc: 98.32% loss: 0.000713
[2018-12-05 21:31:57] Epoch 39 step [140|164] lr=0.00049000 acc: 98.96% loss: 0.000666
[2018-12-05 21:32:07] Epoch 39 step [150|164] lr=0.00049000 acc: 99.12% loss: 0.000622
[2018-12-05 21:32:11] Epoch 39 step [160|164] lr=0.00049000 acc: 100.00% loss: 0.000344
dev acc: 74.80% loss: 0.021574
test acc: 73.05% loss: 0.023582
not improved, best test acc: 75.68%, in epoch 22
[2018-12-05 21:32:19] Epoch 40 step [10|164] lr=0.00049000 acc: 97.00% loss: 0.001053
[2018-12-05 21:32:20] Epoch 40 step [20|164] lr=0.00049000 acc: 97.93% loss: 0.000928
[2018-12-05 21:32:22] Epoch 40 step [30|164] lr=0.00049000 acc: 97.40% loss: 0.001000
[2018-12-05 21:32:25] Epoch 40 step [40|164] lr=0.00049000 acc: 97.72% loss: 0.000943
[2018-12-05 21:32:29] Epoch 40 step [50|164] lr=0.00049000 acc: 98.51% loss: 0.000655
[2018-12-05 21:32:33] Epoch 40 step [60|164] lr=0.00049000 acc: 97.80% loss: 0.000738
[2018-12-05 21:32:38] Epoch 40 step [70|164] lr=0.00049000 acc: 98.53% loss: 0.000600
[2018-12-05 21:32:43] Epoch 40 step [80|164] lr=0.00049000 acc: 98.11% loss: 0.000725
[2018-12-05 21:32:50] Epoch 40 step [90|164] lr=0.00049000 acc: 98.06% loss: 0.000714
[2018-12-05 21:32:58] Epoch 40 step [100|164] lr=0.00049000 acc: 98.50% loss: 0.000712
[2018-12-05 21:33:05] Epoch 40 step [110|164] lr=0.00049000 acc: 98.46% loss: 0.000502
[2018-12-05 21:33:14] Epoch 40 step [120|164] lr=0.00049000 acc: 99.27% loss: 0.000321
[2018-12-05 21:33:23] Epoch 40 step [130|164] lr=0.00049000 acc: 98.32% loss: 0.000704
[2018-12-05 21:33:33] Epoch 40 step [140|164] lr=0.00049000 acc: 98.55% loss: 0.000597
[2018-12-05 21:33:43] Epoch 40 step [150|164] lr=0.00049000 acc: 98.45% loss: 0.000797
[2018-12-05 21:33:47] Epoch 40 step [160|164] lr=0.00049000 acc: 98.42% loss: 0.000785
dev acc: 74.02% loss: 0.022400
test acc: 72.46% loss: 0.024259
not improved, best test acc: 75.68%, in epoch 22
[2018-12-05 21:33:54] Epoch 41 step [10|164] lr=0.00049000 acc: 97.85% loss: 0.001050
[2018-12-05 21:33:56] Epoch 41 step [20|164] lr=0.00049000 acc: 98.12% loss: 0.001101
[2018-12-05 21:33:59] Epoch 41 step [30|164] lr=0.00049000 acc: 98.27% loss: 0.000881
[2018-12-05 21:34:03] Epoch 41 step [40|164] lr=0.00049000 acc: 96.66% loss: 0.001595
[2018-12-05 21:34:08] Epoch 41 step [50|164] lr=0.00049000 acc: 98.18% loss: 0.000684
[2018-12-05 21:34:13] Epoch 41 step [60|164] lr=0.00049000 acc: 97.96% loss: 0.000750
[2018-12-05 21:34:19] Epoch 41 step [70|164] lr=0.00049000 acc: 98.35% loss: 0.000607
[2018-12-05 21:34:25] Epoch 41 step [80|164] lr=0.00049000 acc: 98.63% loss: 0.000534
[2018-12-05 21:34:32] Epoch 41 step [90|164] lr=0.00049000 acc: 98.87% loss: 0.000470
[2018-12-05 21:34:40] Epoch 41 step [100|164] lr=0.00049000 acc: 98.50% loss: 0.000569
[2018-12-05 21:34:50] Epoch 41 step [110|164] lr=0.00049000 acc: 99.15% loss: 0.000420
[2018-12-05 21:34:59] Epoch 41 step [120|164] lr=0.00049000 acc: 99.45% loss: 0.000349
[2018-12-05 21:35:09] Epoch 41 step [130|164] lr=0.00049000 acc: 99.25% loss: 0.000328
[2018-12-05 21:35:19] Epoch 41 step [140|164] lr=0.00049000 acc: 99.17% loss: 0.000502
[2018-12-05 21:35:31] Epoch 41 step [150|164] lr=0.00049000 acc: 98.90% loss: 0.000551
[2018-12-05 21:35:35] Epoch 41 step [160|164] lr=0.00049000 acc: 100.00% loss: 0.000226
dev acc: 73.73% loss: 0.022616
test acc: 72.36% loss: 0.024341
not improved, best test acc: 75.68%, in epoch 22
[2018-12-05 21:35:43] Epoch 42 step [10|164] lr=0.00049000 acc: 99.14% loss: 0.000704
[2018-12-05 21:35:45] Epoch 42 step [20|164] lr=0.00049000 acc: 97.56% loss: 0.000973
[2018-12-05 21:35:48] Epoch 42 step [30|164] lr=0.00049000 acc: 97.57% loss: 0.000888
[2018-12-05 21:35:52] Epoch 42 step [40|164] lr=0.00049000 acc: 97.72% loss: 0.000847
[2018-12-05 21:35:56] Epoch 42 step [50|164] lr=0.00049000 acc: 98.68% loss: 0.000641
[2018-12-05 21:36:02] Epoch 42 step [60|164] lr=0.00049000 acc: 98.27% loss: 0.000602
[2018-12-05 21:36:07] Epoch 42 step [70|164] lr=0.00049000 acc: 98.72% loss: 0.000715
[2018-12-05 21:36:14] Epoch 42 step [80|164] lr=0.00049000 acc: 98.80% loss: 0.000542
[2018-12-05 21:36:21] Epoch 42 step [90|164] lr=0.00049000 acc: 98.06% loss: 0.000707
[2018-12-05 21:36:28] Epoch 42 step [100|164] lr=0.00049000 acc: 98.50% loss: 0.000531
[2018-12-05 21:36:36] Epoch 42 step [110|164] lr=0.00049000 acc: 99.15% loss: 0.000569
[2018-12-05 21:36:44] Epoch 42 step [120|164] lr=0.00049000 acc: 99.64% loss: 0.000309
[2018-12-05 21:36:54] Epoch 42 step [130|164] lr=0.00049000 acc: 99.07% loss: 0.000635
[2018-12-05 21:37:03] Epoch 42 step [140|164] lr=0.00049000 acc: 99.17% loss: 0.000471
[2018-12-05 21:37:13] Epoch 42 step [150|164] lr=0.00049000 acc: 98.45% loss: 0.000849
[2018-12-05 21:37:17] Epoch 42 step [160|164] lr=0.00049000 acc: 99.47% loss: 0.000748
dev acc: 75.88% loss: 0.021941
test acc: 73.54% loss: 0.023235
not improved, best test acc: 75.68%, in epoch 22
[2018-12-05 21:37:25] Epoch 43 step [10|164] lr=0.00049000 acc: 98.93% loss: 0.000683
[2018-12-05 21:37:26] Epoch 43 step [20|164] lr=0.00049000 acc: 99.06% loss: 0.000576
[2018-12-05 21:37:28] Epoch 43 step [30|164] lr=0.00049000 acc: 98.09% loss: 0.000790
[2018-12-05 21:37:31] Epoch 43 step [40|164] lr=0.00049000 acc: 98.77% loss: 0.000577
[2018-12-05 21:37:35] Epoch 43 step [50|164] lr=0.00049000 acc: 98.84% loss: 0.000557
[2018-12-05 21:37:39] Epoch 43 step [60|164] lr=0.00049000 acc: 97.64% loss: 0.000834
[2018-12-05 21:37:44] Epoch 43 step [70|164] lr=0.00049000 acc: 97.80% loss: 0.000732
[2018-12-05 21:37:49] Epoch 43 step [80|164] lr=0.00049000 acc: 98.11% loss: 0.000727
[2018-12-05 21:37:56] Epoch 43 step [90|164] lr=0.00049000 acc: 97.73% loss: 0.000843
[2018-12-05 21:38:04] Epoch 43 step [100|164] lr=0.00049000 acc: 99.00% loss: 0.000505
[2018-12-05 21:38:11] Epoch 43 step [110|164] lr=0.00049000 acc: 98.97% loss: 0.000534
[2018-12-05 21:38:20] Epoch 43 step [120|164] lr=0.00049000 acc: 99.27% loss: 0.000383
[2018-12-05 21:38:29] Epoch 43 step [130|164] lr=0.00049000 acc: 98.69% loss: 0.000461
[2018-12-05 21:38:38] Epoch 43 step [140|164] lr=0.00049000 acc: 97.93% loss: 0.000814
[2018-12-05 21:38:49] Epoch 43 step [150|164] lr=0.00049000 acc: 99.34% loss: 0.000437
[2018-12-05 21:38:53] Epoch 43 step [160|164] lr=0.00049000 acc: 100.00% loss: 0.000375
dev acc: 74.90% loss: 0.023918
test acc: 72.85% loss: 0.025298
not improved, best test acc: 75.68%, in epoch 22
[2018-12-05 21:38:59] Epoch 44 step [10|164] lr=0.00049000 acc: 97.85% loss: 0.000847
[2018-12-05 21:39:01] Epoch 44 step [20|164] lr=0.00049000 acc: 97.37% loss: 0.000977
[2018-12-05 21:39:03] Epoch 44 step [30|164] lr=0.00049000 acc: 97.05% loss: 0.001170
[2018-12-05 21:39:06] Epoch 44 step [40|164] lr=0.00049000 acc: 98.07% loss: 0.000726
[2018-12-05 21:39:11] Epoch 44 step [50|164] lr=0.00049000 acc: 97.85% loss: 0.000863
[2018-12-05 21:39:15] Epoch 44 step [60|164] lr=0.00049000 acc: 98.43% loss: 0.000621
[2018-12-05 21:39:20] Epoch 44 step [70|164] lr=0.00049000 acc: 98.72% loss: 0.000596
[2018-12-05 21:39:25] Epoch 44 step [80|164] lr=0.00049000 acc: 98.80% loss: 0.000526
[2018-12-05 21:39:31] Epoch 44 step [90|164] lr=0.00049000 acc: 98.54% loss: 0.000549
[2018-12-05 21:39:39] Epoch 44 step [100|164] lr=0.00049000 acc: 98.34% loss: 0.000649
[2018-12-05 21:39:46] Epoch 44 step [110|164] lr=0.00049000 acc: 99.15% loss: 0.000715
[2018-12-05 21:39:56] Epoch 44 step [120|164] lr=0.00049000 acc: 98.18% loss: 0.000570
[2018-12-05 21:40:05] Epoch 44 step [130|164] lr=0.00049000 acc: 97.94% loss: 0.000882
[2018-12-05 21:40:14] Epoch 44 step [140|164] lr=0.00049000 acc: 98.34% loss: 0.001145
[2018-12-05 21:40:24] Epoch 44 step [150|164] lr=0.00049000 acc: 98.90% loss: 0.000504
[2018-12-05 21:40:28] Epoch 44 step [160|164] lr=0.00049000 acc: 99.47% loss: 0.000427
dev acc: 73.73% loss: 0.022973
test acc: 72.36% loss: 0.024967
not improved, best test acc: 75.68%, in epoch 22
[2018-12-05 21:40:36] Epoch 45 step [10|164] lr=0.00049000 acc: 99.14% loss: 0.000847
[2018-12-05 21:40:37] Epoch 45 step [20|164] lr=0.00049000 acc: 98.12% loss: 0.000656
[2018-12-05 21:40:39] Epoch 45 step [30|164] lr=0.00049000 acc: 97.57% loss: 0.001035
[2018-12-05 21:40:42] Epoch 45 step [40|164] lr=0.00049000 acc: 98.42% loss: 0.000684
[2018-12-05 21:40:46] Epoch 45 step [50|164] lr=0.00049000 acc: 98.02% loss: 0.000774
[2018-12-05 21:40:50] Epoch 45 step [60|164] lr=0.00049000 acc: 99.06% loss: 0.000413
[2018-12-05 21:40:55] Epoch 45 step [70|164] lr=0.00049000 acc: 97.61% loss: 0.000938
[2018-12-05 21:41:01] Epoch 45 step [80|164] lr=0.00049000 acc: 98.63% loss: 0.000777
[2018-12-05 21:41:08] Epoch 45 step [90|164] lr=0.00049000 acc: 98.71% loss: 0.000655
[2018-12-05 21:41:15] Epoch 45 step [100|164] lr=0.00049000 acc: 98.67% loss: 0.000552
[2018-12-05 21:41:23] Epoch 45 step [110|164] lr=0.00049000 acc: 98.97% loss: 0.000467
[2018-12-05 21:41:31] Epoch 45 step [120|164] lr=0.00049000 acc: 99.45% loss: 0.000451
[2018-12-05 21:41:41] Epoch 45 step [130|164] lr=0.00049000 acc: 98.69% loss: 0.000818
[2018-12-05 21:41:51] Epoch 45 step [140|164] lr=0.00049000 acc: 99.17% loss: 0.000518
[2018-12-05 21:42:01] Epoch 45 step [150|164] lr=0.00049000 acc: 99.34% loss: 0.000538
[2018-12-05 21:42:05] Epoch 45 step [160|164] lr=0.00049000 acc: 99.47% loss: 0.000660
dev acc: 73.93% loss: 0.023541
test acc: 72.85% loss: 0.025496
not improved, best test acc: 75.68%, in epoch 22
[2018-12-05 21:42:12] Epoch 46 step [10|164] lr=0.00049000 acc: 98.07% loss: 0.000880
[2018-12-05 21:42:13] Epoch 46 step [20|164] lr=0.00049000 acc: 98.31% loss: 0.000688
[2018-12-05 21:42:16] Epoch 46 step [30|164] lr=0.00049000 acc: 98.27% loss: 0.000943
[2018-12-05 21:42:19] Epoch 46 step [40|164] lr=0.00049000 acc: 98.59% loss: 0.000555
[2018-12-05 21:42:24] Epoch 46 step [50|164] lr=0.00049000 acc: 98.18% loss: 0.000697
[2018-12-05 21:42:29] Epoch 46 step [60|164] lr=0.00049000 acc: 99.06% loss: 0.000480
[2018-12-05 21:42:34] Epoch 46 step [70|164] lr=0.00049000 acc: 98.35% loss: 0.000672
[2018-12-05 21:42:40] Epoch 46 step [80|164] lr=0.00049000 acc: 98.97% loss: 0.000506
[2018-12-05 21:42:47] Epoch 46 step [90|164] lr=0.00049000 acc: 98.38% loss: 0.000553
[2018-12-05 21:42:56] Epoch 46 step [100|164] lr=0.00049000 acc: 98.84% loss: 0.000694
[2018-12-05 21:43:05] Epoch 46 step [110|164] lr=0.00049000 acc: 98.46% loss: 0.000621
[2018-12-05 21:43:14] Epoch 46 step [120|164] lr=0.00049000 acc: 98.36% loss: 0.000803
[2018-12-05 21:43:24] Epoch 46 step [130|164] lr=0.00049000 acc: 98.69% loss: 0.000562
[2018-12-05 21:43:34] Epoch 46 step [140|164] lr=0.00049000 acc: 99.38% loss: 0.000383
[2018-12-05 21:43:47] Epoch 46 step [150|164] lr=0.00049000 acc: 99.12% loss: 0.000483
[2018-12-05 21:43:51] Epoch 46 step [160|164] lr=0.00049000 acc: 100.00% loss: 0.000427
dev acc: 74.80% loss: 0.023185
test acc: 73.44% loss: 0.024478
not improved, best test acc: 75.68%, in epoch 22
24 epoch have not improved, so adjust lr to 0.000343
[2018-12-05 21:43:58] Epoch 47 step [10|164] lr=0.00034300 acc: 96.78% loss: 0.001445
[2018-12-05 21:44:00] Epoch 47 step [20|164] lr=0.00034300 acc: 97.93% loss: 0.000745
[2018-12-05 21:44:02] Epoch 47 step [30|164] lr=0.00034300 acc: 97.05% loss: 0.001082
[2018-12-05 21:44:06] Epoch 47 step [40|164] lr=0.00034300 acc: 98.24% loss: 0.000918
[2018-12-05 21:44:11] Epoch 47 step [50|164] lr=0.00034300 acc: 98.68% loss: 0.000608
[2018-12-05 21:44:17] Epoch 47 step [60|164] lr=0.00034300 acc: 98.11% loss: 0.000752
[2018-12-05 21:44:22] Epoch 47 step [70|164] lr=0.00034300 acc: 98.17% loss: 0.000854
[2018-12-05 21:44:28] Epoch 47 step [80|164] lr=0.00034300 acc: 98.63% loss: 0.000694
[2018-12-05 21:44:36] Epoch 47 step [90|164] lr=0.00034300 acc: 97.90% loss: 0.000739
[2018-12-05 21:44:44] Epoch 47 step [100|164] lr=0.00034300 acc: 98.50% loss: 0.000590
[2018-12-05 21:44:52] Epoch 47 step [110|164] lr=0.00034300 acc: 98.46% loss: 0.000799
[2018-12-05 21:45:02] Epoch 47 step [120|164] lr=0.00034300 acc: 98.72% loss: 0.000755
[2018-12-05 21:45:12] Epoch 47 step [130|164] lr=0.00034300 acc: 98.88% loss: 0.000523
[2018-12-05 21:45:23] Epoch 47 step [140|164] lr=0.00034300 acc: 99.79% loss: 0.000227
[2018-12-05 21:45:34] Epoch 47 step [150|164] lr=0.00034300 acc: 99.12% loss: 0.000414
[2018-12-05 21:45:38] Epoch 47 step [160|164] lr=0.00034300 acc: 99.47% loss: 0.000521
dev acc: 75.00% loss: 0.023643
test acc: 73.05% loss: 0.024649
not improved, best test acc: 75.68%, in epoch 22
[2018-12-05 21:45:46] Epoch 48 step [10|164] lr=0.00034300 acc: 98.50% loss: 0.000667
[2018-12-05 21:45:48] Epoch 48 step [20|164] lr=0.00034300 acc: 98.50% loss: 0.000648
[2018-12-05 21:45:51] Epoch 48 step [30|164] lr=0.00034300 acc: 97.23% loss: 0.001107
[2018-12-05 21:45:55] Epoch 48 step [40|164] lr=0.00034300 acc: 98.42% loss: 0.000946
[2018-12-05 21:45:59] Epoch 48 step [50|164] lr=0.00034300 acc: 98.35% loss: 0.000675
[2018-12-05 21:46:04] Epoch 48 step [60|164] lr=0.00034300 acc: 98.43% loss: 0.000646
[2018-12-05 21:46:09] Epoch 48 step [70|164] lr=0.00034300 acc: 97.80% loss: 0.000964
[2018-12-05 21:46:17] Epoch 48 step [80|164] lr=0.00034300 acc: 98.11% loss: 0.000648
[2018-12-05 21:46:24] Epoch 48 step [90|164] lr=0.00034300 acc: 98.06% loss: 0.000691
[2018-12-05 21:46:32] Epoch 48 step [100|164] lr=0.00034300 acc: 98.17% loss: 0.000766
[2018-12-05 21:46:41] Epoch 48 step [110|164] lr=0.00034300 acc: 99.15% loss: 0.000314
[2018-12-05 21:46:50] Epoch 48 step [120|164] lr=0.00034300 acc: 99.09% loss: 0.000557
[2018-12-05 21:47:01] Epoch 48 step [130|164] lr=0.00034300 acc: 98.88% loss: 0.000448
[2018-12-05 21:47:12] Epoch 48 step [140|164] lr=0.00034300 acc: 99.17% loss: 0.000430
[2018-12-05 21:47:22] Epoch 48 step [150|164] lr=0.00034300 acc: 98.90% loss: 0.000434
[2018-12-05 21:47:27] Epoch 48 step [160|164] lr=0.00034300 acc: 98.95% loss: 0.001397
dev acc: 73.73% loss: 0.024192
test acc: 72.85% loss: 0.025603
not improved, best test acc: 75.68%, in epoch 22
[2018-12-05 21:47:35] Epoch 49 step [10|164] lr=0.00034300 acc: 98.93% loss: 0.000761
[2018-12-05 21:47:37] Epoch 49 step [20|164] lr=0.00034300 acc: 99.06% loss: 0.000482
[2018-12-05 21:47:40] Epoch 49 step [30|164] lr=0.00034300 acc: 98.09% loss: 0.000895
[2018-12-05 21:47:43] Epoch 49 step [40|164] lr=0.00034300 acc: 97.72% loss: 0.000741
[2018-12-05 21:47:48] Epoch 49 step [50|164] lr=0.00034300 acc: 97.19% loss: 0.000811
[2018-12-05 21:47:53] Epoch 49 step [60|164] lr=0.00034300 acc: 98.43% loss: 0.000587
[2018-12-05 21:47:59] Epoch 49 step [70|164] lr=0.00034300 acc: 99.08% loss: 0.000600
[2018-12-05 21:48:05] Epoch 49 step [80|164] lr=0.00034300 acc: 97.94% loss: 0.001026
[2018-12-05 21:48:12] Epoch 49 step [90|164] lr=0.00034300 acc: 98.71% loss: 0.000540
[2018-12-05 21:48:21] Epoch 49 step [100|164] lr=0.00034300 acc: 98.50% loss: 0.000481
[2018-12-05 21:48:30] Epoch 49 step [110|164] lr=0.00034300 acc: 98.97% loss: 0.000454
[2018-12-05 21:48:39] Epoch 49 step [120|164] lr=0.00034300 acc: 99.09% loss: 0.000356
[2018-12-05 21:48:49] Epoch 49 step [130|164] lr=0.00034300 acc: 99.07% loss: 0.000406
[2018-12-05 21:48:59] Epoch 49 step [140|164] lr=0.00034300 acc: 99.17% loss: 0.000498
[2018-12-05 21:49:11] Epoch 49 step [150|164] lr=0.00034300 acc: 99.34% loss: 0.000421
[2018-12-05 21:49:15] Epoch 49 step [160|164] lr=0.00034300 acc: 98.95% loss: 0.000589
dev acc: 74.51% loss: 0.023919
test acc: 73.44% loss: 0.024854
not improved, best test acc: 75.68%, in epoch 22
[2018-12-05 21:49:22] Epoch 50 step [10|164] lr=0.00034300 acc: 99.14% loss: 0.000671
[2018-12-05 21:49:24] Epoch 50 step [20|164] lr=0.00034300 acc: 98.12% loss: 0.000781
[2018-12-05 21:49:27] Epoch 50 step [30|164] lr=0.00034300 acc: 97.40% loss: 0.000809
[2018-12-05 21:49:31] Epoch 50 step [40|164] lr=0.00034300 acc: 97.54% loss: 0.000786
[2018-12-05 21:49:36] Epoch 50 step [50|164] lr=0.00034300 acc: 98.02% loss: 0.000579
[2018-12-05 21:49:42] Epoch 50 step [60|164] lr=0.00034300 acc: 99.37% loss: 0.000344
[2018-12-05 21:49:47] Epoch 50 step [70|164] lr=0.00034300 acc: 98.17% loss: 0.000866
[2018-12-05 21:49:53] Epoch 50 step [80|164] lr=0.00034300 acc: 98.97% loss: 0.000713
[2018-12-05 21:50:01] Epoch 50 step [90|164] lr=0.00034300 acc: 99.51% loss: 0.000425
[2018-12-05 21:50:09] Epoch 50 step [100|164] lr=0.00034300 acc: 98.34% loss: 0.000481
[2018-12-05 21:50:18] Epoch 50 step [110|164] lr=0.00034300 acc: 98.29% loss: 0.000637
[2018-12-05 21:50:28] Epoch 50 step [120|164] lr=0.00034300 acc: 99.45% loss: 0.000351
[2018-12-05 21:50:38] Epoch 50 step [130|164] lr=0.00034300 acc: 98.69% loss: 0.000596
[2018-12-05 21:50:48] Epoch 50 step [140|164] lr=0.00034300 acc: 99.17% loss: 0.000439
[2018-12-05 21:50:59] Epoch 50 step [150|164] lr=0.00034300 acc: 99.34% loss: 0.000414
[2018-12-05 21:51:03] Epoch 50 step [160|164] lr=0.00034300 acc: 100.00% loss: 0.000217
dev acc: 75.39% loss: 0.023375
test acc: 74.80% loss: 0.023777
not improved, best test acc: 75.68%, in epoch 22
[2018-12-05 21:51:12] Epoch 51 step [10|164] lr=0.00034300 acc: 97.21% loss: 0.001144
[2018-12-05 21:51:13] Epoch 51 step [20|164] lr=0.00034300 acc: 99.06% loss: 0.000546
[2018-12-05 21:51:16] Epoch 51 step [30|164] lr=0.00034300 acc: 98.27% loss: 0.000556
[2018-12-05 21:51:20] Epoch 51 step [40|164] lr=0.00034300 acc: 97.89% loss: 0.000881
[2018-12-05 21:51:24] Epoch 51 step [50|164] lr=0.00034300 acc: 98.02% loss: 0.000878
[2018-12-05 21:51:30] Epoch 51 step [60|164] lr=0.00034300 acc: 98.11% loss: 0.000650
[2018-12-05 21:51:35] Epoch 51 step [70|164] lr=0.00034300 acc: 99.45% loss: 0.000337
[2018-12-05 21:51:42] Epoch 51 step [80|164] lr=0.00034300 acc: 98.80% loss: 0.000525
[2018-12-05 21:51:50] Epoch 51 step [90|164] lr=0.00034300 acc: 99.51% loss: 0.000393
[2018-12-05 21:51:58] Epoch 51 step [100|164] lr=0.00034300 acc: 99.50% loss: 0.000413
[2018-12-05 21:52:06] Epoch 51 step [110|164] lr=0.00034300 acc: 98.80% loss: 0.000446
[2018-12-05 21:52:15] Epoch 51 step [120|164] lr=0.00034300 acc: 98.91% loss: 0.000592
[2018-12-05 21:52:27] Epoch 51 step [130|164] lr=0.00034300 acc: 98.69% loss: 0.000526
[2018-12-05 21:52:37] Epoch 51 step [140|164] lr=0.00034300 acc: 97.72% loss: 0.000913
[2018-12-05 21:52:48] Epoch 51 step [150|164] lr=0.00034300 acc: 99.12% loss: 0.000582
[2018-12-05 21:52:52] Epoch 51 step [160|164] lr=0.00034300 acc: 100.00% loss: 0.000240
dev acc: 75.20% loss: 0.023734
test acc: 73.34% loss: 0.024825
not improved, best test acc: 75.68%, in epoch 22
[2018-12-05 21:53:00] Epoch 52 step [10|164] lr=0.00034300 acc: 98.71% loss: 0.000596
[2018-12-05 21:53:02] Epoch 52 step [20|164] lr=0.00034300 acc: 98.12% loss: 0.000720
[2018-12-05 21:53:05] Epoch 52 step [30|164] lr=0.00034300 acc: 98.44% loss: 0.000829
[2018-12-05 21:53:09] Epoch 52 step [40|164] lr=0.00034300 acc: 97.36% loss: 0.000930
[2018-12-05 21:53:13] Epoch 52 step [50|164] lr=0.00034300 acc: 99.50% loss: 0.000372
[2018-12-05 21:53:18] Epoch 52 step [60|164] lr=0.00034300 acc: 98.58% loss: 0.000578
[2018-12-05 21:53:24] Epoch 52 step [70|164] lr=0.00034300 acc: 98.72% loss: 0.000569
[2018-12-05 21:53:30] Epoch 52 step [80|164] lr=0.00034300 acc: 98.97% loss: 0.000542
[2018-12-05 21:53:38] Epoch 52 step [90|164] lr=0.00034300 acc: 98.87% loss: 0.000517
[2018-12-05 21:53:46] Epoch 52 step [100|164] lr=0.00034300 acc: 99.00% loss: 0.000621
[2018-12-05 21:53:55] Epoch 52 step [110|164] lr=0.00034300 acc: 99.32% loss: 0.000370
[2018-12-05 21:54:04] Epoch 52 step [120|164] lr=0.00034300 acc: 98.54% loss: 0.000372
[2018-12-05 21:54:14] Epoch 52 step [130|164] lr=0.00034300 acc: 99.07% loss: 0.000487
[2018-12-05 21:54:24] Epoch 52 step [140|164] lr=0.00034300 acc: 99.38% loss: 0.000367
[2018-12-05 21:54:36] Epoch 52 step [150|164] lr=0.00034300 acc: 99.78% loss: 0.000159
[2018-12-05 21:54:40] Epoch 52 step [160|164] lr=0.00034300 acc: 100.00% loss: 0.000114
dev acc: 75.20% loss: 0.023555
test acc: 74.22% loss: 0.024372
not improved, best test acc: 75.68%, in epoch 22
[2018-12-05 21:54:47] Epoch 53 step [10|164] lr=0.00034300 acc: 98.28% loss: 0.000815
[2018-12-05 21:54:49] Epoch 53 step [20|164] lr=0.00034300 acc: 98.50% loss: 0.000809
[2018-12-05 21:54:52] Epoch 53 step [30|164] lr=0.00034300 acc: 97.92% loss: 0.001070
[2018-12-05 21:54:56] Epoch 53 step [40|164] lr=0.00034300 acc: 98.42% loss: 0.000502
[2018-12-05 21:55:02] Epoch 53 step [50|164] lr=0.00034300 acc: 99.01% loss: 0.000560
[2018-12-05 21:55:07] Epoch 53 step [60|164] lr=0.00034300 acc: 99.84% loss: 0.000260
[2018-12-05 21:55:12] Epoch 53 step [70|164] lr=0.00034300 acc: 99.08% loss: 0.000851
[2018-12-05 21:55:18] Epoch 53 step [80|164] lr=0.00034300 acc: 99.31% loss: 0.000400
[2018-12-05 21:55:25] Epoch 53 step [90|164] lr=0.00034300 acc: 98.87% loss: 0.000549
[2018-12-05 21:55:33] Epoch 53 step [100|164] lr=0.00034300 acc: 99.33% loss: 0.000341
[2018-12-05 21:55:41] Epoch 53 step [110|164] lr=0.00034300 acc: 98.63% loss: 0.000417
[2018-12-05 21:55:51] Epoch 53 step [120|164] lr=0.00034300 acc: 99.27% loss: 0.000329
[2018-12-05 21:56:01] Epoch 53 step [130|164] lr=0.00034300 acc: 98.88% loss: 0.000379
[2018-12-05 21:56:11] Epoch 53 step [140|164] lr=0.00034300 acc: 98.76% loss: 0.000290
[2018-12-05 21:56:22] Epoch 53 step [150|164] lr=0.00034300 acc: 98.68% loss: 0.000495
[2018-12-05 21:56:27] Epoch 53 step [160|164] lr=0.00034300 acc: 100.00% loss: 0.000196
dev acc: 75.10% loss: 0.024000
test acc: 73.83% loss: 0.025010
not improved, best test acc: 75.68%, in epoch 22
[2018-12-05 21:56:34] Epoch 54 step [10|164] lr=0.00034300 acc: 98.28% loss: 0.001022
[2018-12-05 21:56:36] Epoch 54 step [20|164] lr=0.00034300 acc: 99.06% loss: 0.000505
[2018-12-05 21:56:38] Epoch 54 step [30|164] lr=0.00034300 acc: 97.75% loss: 0.000997
[2018-12-05 21:56:41] Epoch 54 step [40|164] lr=0.00034300 acc: 98.42% loss: 0.000569
[2018-12-05 21:56:45] Epoch 54 step [50|164] lr=0.00034300 acc: 97.85% loss: 0.001040
[2018-12-05 21:56:50] Epoch 54 step [60|164] lr=0.00034300 acc: 97.33% loss: 0.001070
[2018-12-05 21:56:55] Epoch 54 step [70|164] lr=0.00034300 acc: 97.25% loss: 0.001058
[2018-12-05 21:57:03] Epoch 54 step [80|164] lr=0.00034300 acc: 98.45% loss: 0.000840
[2018-12-05 21:57:10] Epoch 54 step [90|164] lr=0.00034300 acc: 99.03% loss: 0.000336
[2018-12-05 21:57:18] Epoch 54 step [100|164] lr=0.00034300 acc: 99.17% loss: 0.000467
[2018-12-05 21:57:27] Epoch 54 step [110|164] lr=0.00034300 acc: 98.97% loss: 0.000401
[2018-12-05 21:57:36] Epoch 54 step [120|164] lr=0.00034300 acc: 99.82% loss: 0.000253
[2018-12-05 21:57:47] Epoch 54 step [130|164] lr=0.00034300 acc: 99.07% loss: 0.000431
[2018-12-05 21:57:58] Epoch 54 step [140|164] lr=0.00034300 acc: 99.79% loss: 0.000165
[2018-12-05 21:58:09] Epoch 54 step [150|164] lr=0.00034300 acc: 99.34% loss: 0.000327
[2018-12-05 21:58:13] Epoch 54 step [160|164] lr=0.00034300 acc: 100.00% loss: 0.000258
dev acc: 74.80% loss: 0.024089
test acc: 73.93% loss: 0.025215
not improved, best test acc: 75.68%, in epoch 22
32 epoch have not improved, so adjust lr to 0.00024009999999999998
[2018-12-05 21:58:21] Epoch 55 step [10|164] lr=0.00024010 acc: 98.28% loss: 0.000914
[2018-12-05 21:58:23] Epoch 55 step [20|164] lr=0.00024010 acc: 98.68% loss: 0.000713
[2018-12-05 21:58:26] Epoch 55 step [30|164] lr=0.00024010 acc: 97.92% loss: 0.000974
[2018-12-05 21:58:30] Epoch 55 step [40|164] lr=0.00024010 acc: 98.42% loss: 0.000589
[2018-12-05 21:58:35] Epoch 55 step [50|164] lr=0.00024010 acc: 97.69% loss: 0.000692
[2018-12-05 21:58:40] Epoch 55 step [60|164] lr=0.00024010 acc: 98.74% loss: 0.000462
[2018-12-05 21:58:45] Epoch 55 step [70|164] lr=0.00024010 acc: 98.90% loss: 0.000404
[2018-12-05 21:58:51] Epoch 55 step [80|164] lr=0.00024010 acc: 98.45% loss: 0.000589
[2018-12-05 21:58:59] Epoch 55 step [90|164] lr=0.00024010 acc: 99.35% loss: 0.000358
[2018-12-05 21:59:08] Epoch 55 step [100|164] lr=0.00024010 acc: 99.17% loss: 0.000384
[2018-12-05 21:59:17] Epoch 55 step [110|164] lr=0.00024010 acc: 98.46% loss: 0.000589
[2018-12-05 21:59:27] Epoch 55 step [120|164] lr=0.00024010 acc: 98.72% loss: 0.000511
[2018-12-05 21:59:37] Epoch 55 step [130|164] lr=0.00024010 acc: 99.63% loss: 0.000213
[2018-12-05 21:59:47] Epoch 55 step [140|164] lr=0.00024010 acc: 98.34% loss: 0.000735
[2018-12-05 22:00:00] Epoch 55 step [150|164] lr=0.00024010 acc: 98.68% loss: 0.000446
[2018-12-05 22:00:04] Epoch 55 step [160|164] lr=0.00024010 acc: 99.47% loss: 0.000707
dev acc: 75.10% loss: 0.023699
test acc: 73.54% loss: 0.024954
not improved, best test acc: 75.68%, in epoch 22
[2018-12-05 22:00:11] Epoch 56 step [10|164] lr=0.00024010 acc: 97.85% loss: 0.000786
[2018-12-05 22:00:13] Epoch 56 step [20|164] lr=0.00024010 acc: 98.31% loss: 0.000692
[2018-12-05 22:00:16] Epoch 56 step [30|164] lr=0.00024010 acc: 98.09% loss: 0.000819
[2018-12-05 22:00:20] Epoch 56 step [40|164] lr=0.00024010 acc: 97.89% loss: 0.000746
[2018-12-05 22:00:26] Epoch 56 step [50|164] lr=0.00024010 acc: 98.35% loss: 0.000513
[2018-12-05 22:00:31] Epoch 56 step [60|164] lr=0.00024010 acc: 97.96% loss: 0.000663
[2018-12-05 22:00:36] Epoch 56 step [70|164] lr=0.00024010 acc: 99.27% loss: 0.000325
[2018-12-05 22:00:42] Epoch 56 step [80|164] lr=0.00024010 acc: 99.48% loss: 0.000394
[2018-12-05 22:00:49] Epoch 56 step [90|164] lr=0.00024010 acc: 98.71% loss: 0.000507
[2018-12-05 22:00:56] Epoch 56 step [100|164] lr=0.00024010 acc: 99.17% loss: 0.000328
[2018-12-05 22:01:04] Epoch 56 step [110|164] lr=0.00024010 acc: 99.66% loss: 0.000255
[2018-12-05 22:01:14] Epoch 56 step [120|164] lr=0.00024010 acc: 99.09% loss: 0.000332
[2018-12-05 22:01:23] Epoch 56 step [130|164] lr=0.00024010 acc: 99.81% loss: 0.000152
[2018-12-05 22:01:32] Epoch 56 step [140|164] lr=0.00024010 acc: 99.38% loss: 0.000312
[2018-12-05 22:01:42] Epoch 56 step [150|164] lr=0.00024010 acc: 99.34% loss: 0.000305
[2018-12-05 22:01:46] Epoch 56 step [160|164] lr=0.00024010 acc: 100.00% loss: 0.000409
dev acc: 75.68% loss: 0.023504
test acc: 74.12% loss: 0.024344
not improved, best test acc: 75.68%, in epoch 22
[2018-12-05 22:01:54] Epoch 57 step [10|164] lr=0.00024010 acc: 98.93% loss: 0.000667
[2018-12-05 22:01:55] Epoch 57 step [20|164] lr=0.00024010 acc: 97.93% loss: 0.000797
[2018-12-05 22:01:57] Epoch 57 step [30|164] lr=0.00024010 acc: 99.13% loss: 0.000468
[2018-12-05 22:02:00] Epoch 57 step [40|164] lr=0.00024010 acc: 98.95% loss: 0.000516
[2018-12-05 22:02:04] Epoch 57 step [50|164] lr=0.00024010 acc: 98.51% loss: 0.000510
[2018-12-05 22:02:08] Epoch 57 step [60|164] lr=0.00024010 acc: 98.74% loss: 0.000537
[2018-12-05 22:02:13] Epoch 57 step [70|164] lr=0.00024010 acc: 98.72% loss: 0.000458
[2018-12-05 22:02:19] Epoch 57 step [80|164] lr=0.00024010 acc: 99.14% loss: 0.000339
[2018-12-05 22:02:25] Epoch 57 step [90|164] lr=0.00024010 acc: 98.54% loss: 0.000525
[2018-12-05 22:02:33] Epoch 57 step [100|164] lr=0.00024010 acc: 98.67% loss: 0.000477
[2018-12-05 22:02:40] Epoch 57 step [110|164] lr=0.00024010 acc: 98.46% loss: 0.000640
[2018-12-05 22:02:49] Epoch 57 step [120|164] lr=0.00024010 acc: 99.45% loss: 0.000276
[2018-12-05 22:02:59] Epoch 57 step [130|164] lr=0.00024010 acc: 99.44% loss: 0.000234
[2018-12-05 22:03:08] Epoch 57 step [140|164] lr=0.00024010 acc: 99.17% loss: 0.000357
[2018-12-05 22:03:18] Epoch 57 step [150|164] lr=0.00024010 acc: 100.00% loss: 0.000141
[2018-12-05 22:03:22] Epoch 57 step [160|164] lr=0.00024010 acc: 100.00% loss: 0.000141
dev acc: 75.88% loss: 0.023562
test acc: 75.00% loss: 0.024578
not improved, best test acc: 75.68%, in epoch 22
[2018-12-05 22:03:29] Epoch 58 step [10|164] lr=0.00024010 acc: 98.71% loss: 0.000830
[2018-12-05 22:03:31] Epoch 58 step [20|164] lr=0.00024010 acc: 98.87% loss: 0.000824
[2018-12-05 22:03:33] Epoch 58 step [30|164] lr=0.00024010 acc: 99.13% loss: 0.000558
[2018-12-05 22:03:36] Epoch 58 step [40|164] lr=0.00024010 acc: 98.59% loss: 0.000732
[2018-12-05 22:03:39] Epoch 58 step [50|164] lr=0.00024010 acc: 99.01% loss: 0.000496
[2018-12-05 22:03:44] Epoch 58 step [60|164] lr=0.00024010 acc: 99.37% loss: 0.000378
[2018-12-05 22:03:48] Epoch 58 step [70|164] lr=0.00024010 acc: 99.08% loss: 0.000465
[2018-12-05 22:03:54] Epoch 58 step [80|164] lr=0.00024010 acc: 99.14% loss: 0.000386
[2018-12-05 22:04:00] Epoch 58 step [90|164] lr=0.00024010 acc: 99.51% loss: 0.000304
[2018-12-05 22:04:08] Epoch 58 step [100|164] lr=0.00024010 acc: 98.84% loss: 0.000431
[2018-12-05 22:04:16] Epoch 58 step [110|164] lr=0.00024010 acc: 99.49% loss: 0.000296
[2018-12-05 22:04:24] Epoch 58 step [120|164] lr=0.00024010 acc: 99.82% loss: 0.000208
[2018-12-05 22:04:33] Epoch 58 step [130|164] lr=0.00024010 acc: 99.44% loss: 0.000256
[2018-12-05 22:04:43] Epoch 58 step [140|164] lr=0.00024010 acc: 99.17% loss: 0.000548
[2018-12-05 22:04:54] Epoch 58 step [150|164] lr=0.00024010 acc: 98.68% loss: 0.000765
[2018-12-05 22:04:58] Epoch 58 step [160|164] lr=0.00024010 acc: 100.00% loss: 0.000233
dev acc: 75.78% loss: 0.024170
test acc: 74.51% loss: 0.025252
not improved, best test acc: 75.68%, in epoch 22
[2018-12-05 22:05:04] Epoch 59 step [10|164] lr=0.00024010 acc: 98.93% loss: 0.000611
[2018-12-05 22:05:05] Epoch 59 step [20|164] lr=0.00024010 acc: 97.74% loss: 0.000890
[2018-12-05 22:05:08] Epoch 59 step [30|164] lr=0.00024010 acc: 98.79% loss: 0.000689
[2018-12-05 22:05:10] Epoch 59 step [40|164] lr=0.00024010 acc: 97.19% loss: 0.001154
[2018-12-05 22:05:15] Epoch 59 step [50|164] lr=0.00024010 acc: 98.68% loss: 0.000649
[2018-12-05 22:05:20] Epoch 59 step [60|164] lr=0.00024010 acc: 99.53% loss: 0.000337
[2018-12-05 22:05:24] Epoch 59 step [70|164] lr=0.00024010 acc: 98.53% loss: 0.000553
[2018-12-05 22:05:29] Epoch 59 step [80|164] lr=0.00024010 acc: 98.97% loss: 0.000474
[2018-12-05 22:05:36] Epoch 59 step [90|164] lr=0.00024010 acc: 98.54% loss: 0.000503
[2018-12-05 22:05:43] Epoch 59 step [100|164] lr=0.00024010 acc: 98.84% loss: 0.000370
[2018-12-05 22:05:51] Epoch 59 step [110|164] lr=0.00024010 acc: 99.15% loss: 0.000587
[2018-12-05 22:06:00] Epoch 59 step [120|164] lr=0.00024010 acc: 99.45% loss: 0.000207
[2018-12-05 22:06:09] Epoch 59 step [130|164] lr=0.00024010 acc: 99.07% loss: 0.000259
[2018-12-05 22:06:18] Epoch 59 step [140|164] lr=0.00024010 acc: 98.34% loss: 0.000579
[2018-12-05 22:06:29] Epoch 59 step [150|164] lr=0.00024010 acc: 99.34% loss: 0.000251
[2018-12-05 22:06:33] Epoch 59 step [160|164] lr=0.00024010 acc: 100.00% loss: 0.000193
dev acc: 76.07% loss: 0.024084
test acc: 73.83% loss: 0.025058
not improved, best test acc: 75.68%, in epoch 22
[2018-12-05 22:06:41] Epoch 60 step [10|164] lr=0.00024010 acc: 99.36% loss: 0.000581
[2018-12-05 22:06:43] Epoch 60 step [20|164] lr=0.00024010 acc: 99.06% loss: 0.000472
[2018-12-05 22:06:46] Epoch 60 step [30|164] lr=0.00024010 acc: 99.31% loss: 0.000482
[2018-12-05 22:06:49] Epoch 60 step [40|164] lr=0.00024010 acc: 98.42% loss: 0.000481
[2018-12-05 22:06:54] Epoch 60 step [50|164] lr=0.00024010 acc: 98.68% loss: 0.000476
[2018-12-05 22:06:59] Epoch 60 step [60|164] lr=0.00024010 acc: 99.53% loss: 0.000198
[2018-12-05 22:07:05] Epoch 60 step [70|164] lr=0.00024010 acc: 99.27% loss: 0.000366
[2018-12-05 22:07:12] Epoch 60 step [80|164] lr=0.00024010 acc: 97.94% loss: 0.000807
[2018-12-05 22:07:19] Epoch 60 step [90|164] lr=0.00024010 acc: 99.03% loss: 0.000465
[2018-12-05 22:07:27] Epoch 60 step [100|164] lr=0.00024010 acc: 99.17% loss: 0.000364
[2018-12-05 22:07:36] Epoch 60 step [110|164] lr=0.00024010 acc: 99.49% loss: 0.000273
[2018-12-05 22:07:45] Epoch 60 step [120|164] lr=0.00024010 acc: 99.09% loss: 0.000480
[2018-12-05 22:07:56] Epoch 60 step [130|164] lr=0.00024010 acc: 99.44% loss: 0.000393
[2018-12-05 22:08:06] Epoch 60 step [140|164] lr=0.00024010 acc: 99.17% loss: 0.000341
[2018-12-05 22:08:17] Epoch 60 step [150|164] lr=0.00024010 acc: 99.78% loss: 0.000201
[2018-12-05 22:08:22] Epoch 60 step [160|164] lr=0.00024010 acc: 99.47% loss: 0.000495
dev acc: 75.88% loss: 0.024225
test acc: 74.02% loss: 0.025390
not improved, best test acc: 75.68%, in epoch 22
[2018-12-05 22:08:30] Epoch 61 step [10|164] lr=0.00024010 acc: 98.93% loss: 0.000413
[2018-12-05 22:08:32] Epoch 61 step [20|164] lr=0.00024010 acc: 98.68% loss: 0.000940
[2018-12-05 22:08:35] Epoch 61 step [30|164] lr=0.00024010 acc: 98.79% loss: 0.000597
[2018-12-05 22:08:38] Epoch 61 step [40|164] lr=0.00024010 acc: 99.30% loss: 0.000371
[2018-12-05 22:08:43] Epoch 61 step [50|164] lr=0.00024010 acc: 98.51% loss: 0.000668
[2018-12-05 22:08:48] Epoch 61 step [60|164] lr=0.00024010 acc: 98.90% loss: 0.000348
[2018-12-05 22:08:53] Epoch 61 step [70|164] lr=0.00024010 acc: 98.53% loss: 0.000771
[2018-12-05 22:08:59] Epoch 61 step [80|164] lr=0.00024010 acc: 98.63% loss: 0.000539
[2018-12-05 22:09:06] Epoch 61 step [90|164] lr=0.00024010 acc: 98.38% loss: 0.000477
[2018-12-05 22:09:15] Epoch 61 step [100|164] lr=0.00024010 acc: 98.84% loss: 0.000397
[2018-12-05 22:09:24] Epoch 61 step [110|164] lr=0.00024010 acc: 99.15% loss: 0.000288
[2018-12-05 22:09:34] Epoch 61 step [120|164] lr=0.00024010 acc: 98.91% loss: 0.000468
[2018-12-05 22:09:44] Epoch 61 step [130|164] lr=0.00024010 acc: 99.44% loss: 0.000329
[2018-12-05 22:09:54] Epoch 61 step [140|164] lr=0.00024010 acc: 99.17% loss: 0.000427
[2018-12-05 22:10:06] Epoch 61 step [150|164] lr=0.00024010 acc: 100.00% loss: 0.000138
[2018-12-05 22:10:11] Epoch 61 step [160|164] lr=0.00024010 acc: 99.47% loss: 0.000786
dev acc: 75.10% loss: 0.024732
test acc: 73.93% loss: 0.026030
not improved, best test acc: 75.68%, in epoch 22
[2018-12-05 22:10:18] Epoch 62 step [10|164] lr=0.00024010 acc: 98.07% loss: 0.000802
[2018-12-05 22:10:20] Epoch 62 step [20|164] lr=0.00024010 acc: 99.44% loss: 0.000451
[2018-12-05 22:10:22] Epoch 62 step [30|164] lr=0.00024010 acc: 98.27% loss: 0.000700
[2018-12-05 22:10:26] Epoch 62 step [40|164] lr=0.00024010 acc: 98.77% loss: 0.000467
[2018-12-05 22:10:32] Epoch 62 step [50|164] lr=0.00024010 acc: 98.51% loss: 0.000549
[2018-12-05 22:10:37] Epoch 62 step [60|164] lr=0.00024010 acc: 99.21% loss: 0.000367
[2018-12-05 22:10:43] Epoch 62 step [70|164] lr=0.00024010 acc: 98.17% loss: 0.000855
[2018-12-05 22:10:49] Epoch 62 step [80|164] lr=0.00024010 acc: 98.63% loss: 0.000605
[2018-12-05 22:10:57] Epoch 62 step [90|164] lr=0.00024010 acc: 99.35% loss: 0.000289
[2018-12-05 22:11:05] Epoch 62 step [100|164] lr=0.00024010 acc: 99.33% loss: 0.000289
[2018-12-05 22:11:13] Epoch 62 step [110|164] lr=0.00024010 acc: 99.32% loss: 0.000404
[2018-12-05 22:11:24] Epoch 62 step [120|164] lr=0.00024010 acc: 99.27% loss: 0.000260
[2018-12-05 22:11:34] Epoch 62 step [130|164] lr=0.00024010 acc: 99.25% loss: 0.000249
[2018-12-05 22:11:44] Epoch 62 step [140|164] lr=0.00024010 acc: 99.59% loss: 0.000289
[2018-12-05 22:11:55] Epoch 62 step [150|164] lr=0.00024010 acc: 99.56% loss: 0.000210
[2018-12-05 22:12:00] Epoch 62 step [160|164] lr=0.00024010 acc: 100.00% loss: 0.000338
dev acc: 76.27% loss: 0.024134
test acc: 74.41% loss: 0.024973
not improved, best test acc: 75.68%, in epoch 22
40 epoch have not improved, so adjust lr to 0.00016806999999999998
[2018-12-05 22:12:08] Epoch 63 step [10|164] lr=0.00016807 acc: 98.50% loss: 0.000943
[2018-12-05 22:12:10] Epoch 63 step [20|164] lr=0.00016807 acc: 98.87% loss: 0.000496
[2018-12-05 22:12:13] Epoch 63 step [30|164] lr=0.00016807 acc: 98.79% loss: 0.000554
[2018-12-05 22:12:17] Epoch 63 step [40|164] lr=0.00016807 acc: 98.42% loss: 0.000645
[2018-12-05 22:12:21] Epoch 63 step [50|164] lr=0.00016807 acc: 99.17% loss: 0.000631
[2018-12-05 22:12:27] Epoch 63 step [60|164] lr=0.00016807 acc: 99.37% loss: 0.000258
[2018-12-05 22:12:32] Epoch 63 step [70|164] lr=0.00016807 acc: 99.27% loss: 0.000335
