data_dir=processed_data

----batch----
train_batch_size=64
train_batch_type=same
dev_batch_size=64
dev_batch_type=normal
test_batch_size=64
test_batch_type=normal
shuffer=True
sort=True

----embedding----
embed_size=100
char_embed_size=50
embed_uniform_init=0.0
pre_embed_path=

----model----
model=treelstm
save_model_dir=save_models
save_model_every=1
save_model_start_from=0
hidden_num=1
hidden_size=100
bidirectional=True
dropout=0.0

----optimizer----
lr=0.001
optim=adam
weight_decay=1e-08
momentum=0.9
early_stop=9999999

----train----
epoch=100
print_every=10

----GPU----
gpu_device=0
use_cuda=False

----seed----
gpu_seed=23
seed=23

----log----
log_dir=log
log_fname=treelstm.subj-d0.log

[2018-12-06 20:36:38] Epoch 0 step [10|179] lr=0.00100000 acc: 51.84% loss: 0.031565
[2018-12-06 20:36:43] Epoch 0 step [20|179] lr=0.00100000 acc: 52.53% loss: 0.016852
[2018-12-06 20:36:49] Epoch 0 step [30|179] lr=0.00100000 acc: 63.98% loss: 0.012467
[2018-12-06 20:36:56] Epoch 0 step [40|179] lr=0.00100000 acc: 69.37% loss: 0.011693
[2018-12-06 20:37:05] Epoch 0 step [50|179] lr=0.00100000 acc: 65.22% loss: 0.012536
[2018-12-06 20:37:14] Epoch 0 step [60|179] lr=0.00100000 acc: 70.11% loss: 0.011305
[2018-12-06 20:37:25] Epoch 0 step [70|179] lr=0.00100000 acc: 74.30% loss: 0.010057
[2018-12-06 20:37:37] Epoch 0 step [80|179] lr=0.00100000 acc: 73.34% loss: 0.009968
[2018-12-06 20:37:50] Epoch 0 step [90|179] lr=0.00100000 acc: 80.96% loss: 0.009547
[2018-12-06 20:38:04] Epoch 0 step [100|179] lr=0.00100000 acc: 80.24% loss: 0.008788
[2018-12-06 20:38:21] Epoch 0 step [110|179] lr=0.00100000 acc: 78.76% loss: 0.008412
[2018-12-06 20:38:37] Epoch 0 step [120|179] lr=0.00100000 acc: 83.37% loss: 0.008068
[2018-12-06 20:38:59] Epoch 0 step [130|179] lr=0.00100000 acc: 85.79% loss: 0.006466
[2018-12-06 20:39:17] Epoch 0 step [140|179] lr=0.00100000 acc: 80.00% loss: 0.009814
[2018-12-06 20:39:29] Epoch 0 step [150|179] lr=0.00100000 acc: 87.27% loss: 0.009919
[2018-12-06 20:39:31] Epoch 0 step [160|179] lr=0.00100000 acc: 98.15% loss: 0.007867
[2018-12-06 20:39:32] Epoch 0 step [170|179] lr=0.00100000 acc: 100.00% loss: 0.004759
dev acc: 54.37% loss: 0.020487
test acc: 54.90% loss: 0.019653
model saved succeed in save_models/2018-12-06-20-39-41-treelstm-model_epoch_0.pt
Update! best test acc: 54.90%
[2018-12-06 20:39:43] Epoch 1 step [10|179] lr=0.00100000 acc: 67.11% loss: 0.015052
[2018-12-06 20:39:48] Epoch 1 step [20|179] lr=0.00100000 acc: 78.34% loss: 0.008950
[2018-12-06 20:39:54] Epoch 1 step [30|179] lr=0.00100000 acc: 79.28% loss: 0.007351
[2018-12-06 20:40:01] Epoch 1 step [40|179] lr=0.00100000 acc: 83.08% loss: 0.006664
[2018-12-06 20:40:09] Epoch 1 step [50|179] lr=0.00100000 acc: 79.96% loss: 0.007555
[2018-12-06 20:40:17] Epoch 1 step [60|179] lr=0.00100000 acc: 83.99% loss: 0.006301
[2018-12-06 20:40:29] Epoch 1 step [70|179] lr=0.00100000 acc: 86.91% loss: 0.004826
[2018-12-06 20:40:41] Epoch 1 step [80|179] lr=0.00100000 acc: 83.87% loss: 0.005924
[2018-12-06 20:40:54] Epoch 1 step [90|179] lr=0.00100000 acc: 87.37% loss: 0.004549
[2018-12-06 20:41:08] Epoch 1 step [100|179] lr=0.00100000 acc: 86.36% loss: 0.005000
[2018-12-06 20:41:24] Epoch 1 step [110|179] lr=0.00100000 acc: 88.32% loss: 0.004801
[2018-12-06 20:41:41] Epoch 1 step [120|179] lr=0.00100000 acc: 90.63% loss: 0.004297
[2018-12-06 20:42:04] Epoch 1 step [130|179] lr=0.00100000 acc: 91.85% loss: 0.003973
[2018-12-06 20:42:22] Epoch 1 step [140|179] lr=0.00100000 acc: 88.67% loss: 0.005074
[2018-12-06 20:42:34] Epoch 1 step [150|179] lr=0.00100000 acc: 95.64% loss: 0.005047
[2018-12-06 20:42:36] Epoch 1 step [160|179] lr=0.00100000 acc: 100.00% loss: 0.002716
[2018-12-06 20:42:38] Epoch 1 step [170|179] lr=0.00100000 acc: 100.00% loss: 0.003439
dev acc: 66.46% loss: 0.014497
test acc: 67.71% loss: 0.013643
model saved succeed in save_models/2018-12-06-20-42-46-treelstm-model_epoch_1.pt
Update! best test acc: 67.71%
[2018-12-06 20:42:49] Epoch 2 step [10|179] lr=0.00100000 acc: 79.21% loss: 0.008147
[2018-12-06 20:42:53] Epoch 2 step [20|179] lr=0.00100000 acc: 85.20% loss: 0.006061
[2018-12-06 20:43:00] Epoch 2 step [30|179] lr=0.00100000 acc: 87.34% loss: 0.005182
[2018-12-06 20:43:07] Epoch 2 step [40|179] lr=0.00100000 acc: 88.66% loss: 0.004381
[2018-12-06 20:43:14] Epoch 2 step [50|179] lr=0.00100000 acc: 89.41% loss: 0.004766
[2018-12-06 20:43:23] Epoch 2 step [60|179] lr=0.00100000 acc: 89.68% loss: 0.004357
[2018-12-06 20:43:34] Epoch 2 step [70|179] lr=0.00100000 acc: 93.45% loss: 0.002846
[2018-12-06 20:43:45] Epoch 2 step [80|179] lr=0.00100000 acc: 90.15% loss: 0.003884
[2018-12-06 20:43:59] Epoch 2 step [90|179] lr=0.00100000 acc: 93.77% loss: 0.002656
[2018-12-06 20:44:13] Epoch 2 step [100|179] lr=0.00100000 acc: 92.13% loss: 0.002969
[2018-12-06 20:44:29] Epoch 2 step [110|179] lr=0.00100000 acc: 93.63% loss: 0.002778
[2018-12-06 20:44:46] Epoch 2 step [120|179] lr=0.00100000 acc: 94.26% loss: 0.002658
[2018-12-06 20:45:08] Epoch 2 step [130|179] lr=0.00100000 acc: 94.28% loss: 0.002524
[2018-12-06 20:45:28] Epoch 2 step [140|179] lr=0.00100000 acc: 93.73% loss: 0.002708
[2018-12-06 20:45:39] Epoch 2 step [150|179] lr=0.00100000 acc: 97.82% loss: 0.002565
[2018-12-06 20:45:41] Epoch 2 step [160|179] lr=0.00100000 acc: 100.00% loss: 0.001475
[2018-12-06 20:45:43] Epoch 2 step [170|179] lr=0.00100000 acc: 100.00% loss: 0.001544
dev acc: 78.44% loss: 0.009153
test acc: 80.42% loss: 0.008535
model saved succeed in save_models/2018-12-06-20-45-50-treelstm-model_epoch_2.pt
Update! best test acc: 80.42%
[2018-12-06 20:45:52] Epoch 3 step [10|179] lr=0.00100000 acc: 88.68% loss: 0.004689
[2018-12-06 20:45:57] Epoch 3 step [20|179] lr=0.00100000 acc: 89.89% loss: 0.004095
[2018-12-06 20:46:03] Epoch 3 step [30|179] lr=0.00100000 acc: 92.11% loss: 0.003581
[2018-12-06 20:46:11] Epoch 3 step [40|179] lr=0.00100000 acc: 93.91% loss: 0.002719
[2018-12-06 20:46:18] Epoch 3 step [50|179] lr=0.00100000 acc: 93.76% loss: 0.002802
[2018-12-06 20:46:27] Epoch 3 step [60|179] lr=0.00100000 acc: 94.13% loss: 0.002943
[2018-12-06 20:46:37] Epoch 3 step [70|179] lr=0.00100000 acc: 97.87% loss: 0.001572
[2018-12-06 20:46:48] Epoch 3 step [80|179] lr=0.00100000 acc: 95.42% loss: 0.002344
[2018-12-06 20:47:00] Epoch 3 step [90|179] lr=0.00100000 acc: 96.62% loss: 0.001421
[2018-12-06 20:47:13] Epoch 3 step [100|179] lr=0.00100000 acc: 96.50% loss: 0.001620
[2018-12-06 20:47:29] Epoch 3 step [110|179] lr=0.00100000 acc: 97.88% loss: 0.001460
[2018-12-06 20:47:45] Epoch 3 step [120|179] lr=0.00100000 acc: 97.71% loss: 0.001466
[2018-12-06 20:48:06] Epoch 3 step [130|179] lr=0.00100000 acc: 97.92% loss: 0.001363
[2018-12-06 20:48:24] Epoch 3 step [140|179] lr=0.00100000 acc: 98.80% loss: 0.001215
[2018-12-06 20:48:34] Epoch 3 step [150|179] lr=0.00100000 acc: 99.27% loss: 0.001089
[2018-12-06 20:48:36] Epoch 3 step [160|179] lr=0.00100000 acc: 100.00% loss: 0.003340
[2018-12-06 20:48:37] Epoch 3 step [170|179] lr=0.00100000 acc: 100.00% loss: 0.000568
dev acc: 77.71% loss: 0.010415
test acc: 80.10% loss: 0.009595
not improved, best test acc: 80.42%, in epoch 2
[2018-12-06 20:48:46] Epoch 4 step [10|179] lr=0.00100000 acc: 92.63% loss: 0.003191
[2018-12-06 20:48:50] Epoch 4 step [20|179] lr=0.00100000 acc: 94.40% loss: 0.002699
[2018-12-06 20:48:55] Epoch 4 step [30|179] lr=0.00100000 acc: 94.24% loss: 0.002430
[2018-12-06 20:49:01] Epoch 4 step [40|179] lr=0.00100000 acc: 97.46% loss: 0.001559
[2018-12-06 20:49:08] Epoch 4 step [50|179] lr=0.00100000 acc: 97.35% loss: 0.001597
[2018-12-06 20:49:15] Epoch 4 step [60|179] lr=0.00100000 acc: 96.44% loss: 0.001852
[2018-12-06 20:49:26] Epoch 4 step [70|179] lr=0.00100000 acc: 99.35% loss: 0.000820
[2018-12-06 20:49:37] Epoch 4 step [80|179] lr=0.00100000 acc: 98.13% loss: 0.001264
[2018-12-06 20:49:48] Epoch 4 step [90|179] lr=0.00100000 acc: 98.75% loss: 0.000664
[2018-12-06 20:50:01] Epoch 4 step [100|179] lr=0.00100000 acc: 98.78% loss: 0.000805
[2018-12-06 20:50:16] Epoch 4 step [110|179] lr=0.00100000 acc: 99.12% loss: 0.000876
[2018-12-06 20:50:33] Epoch 4 step [120|179] lr=0.00100000 acc: 98.85% loss: 0.000790
[2018-12-06 20:50:54] Epoch 4 step [130|179] lr=0.00100000 acc: 98.79% loss: 0.000643
[2018-12-06 20:51:11] Epoch 4 step [140|179] lr=0.00100000 acc: 99.52% loss: 0.000528
[2018-12-06 20:51:21] Epoch 4 step [150|179] lr=0.00100000 acc: 99.64% loss: 0.000546
[2018-12-06 20:51:23] Epoch 4 step [160|179] lr=0.00100000 acc: 100.00% loss: 0.000213
[2018-12-06 20:51:24] Epoch 4 step [170|179] lr=0.00100000 acc: 100.00% loss: 0.001138
dev acc: 86.77% loss: 0.005743
test acc: 88.54% loss: 0.004848
model saved succeed in save_models/2018-12-06-20-51-32-treelstm-model_epoch_4.pt
Update! best test acc: 88.54%
[2018-12-06 20:51:34] Epoch 5 step [10|179] lr=0.00100000 acc: 95.53% loss: 0.002088
[2018-12-06 20:51:38] Epoch 5 step [20|179] lr=0.00100000 acc: 97.11% loss: 0.001489
[2018-12-06 20:51:43] Epoch 5 step [30|179] lr=0.00100000 acc: 97.86% loss: 0.001341
[2018-12-06 20:51:49] Epoch 5 step [40|179] lr=0.00100000 acc: 98.82% loss: 0.000871
[2018-12-06 20:51:55] Epoch 5 step [50|179] lr=0.00100000 acc: 99.05% loss: 0.000825
[2018-12-06 20:52:03] Epoch 5 step [60|179] lr=0.00100000 acc: 98.04% loss: 0.000955
[2018-12-06 20:52:13] Epoch 5 step [70|179] lr=0.00100000 acc: 99.67% loss: 0.000407
[2018-12-06 20:52:24] Epoch 5 step [80|179] lr=0.00100000 acc: 98.81% loss: 0.000640
[2018-12-06 20:52:36] Epoch 5 step [90|179] lr=0.00100000 acc: 99.64% loss: 0.000280
[2018-12-06 20:52:49] Epoch 5 step [100|179] lr=0.00100000 acc: 99.65% loss: 0.000359
[2018-12-06 20:53:04] Epoch 5 step [110|179] lr=0.00100000 acc: 99.65% loss: 0.000558
[2018-12-06 20:53:19] Epoch 5 step [120|179] lr=0.00100000 acc: 99.62% loss: 0.000397
[2018-12-06 20:53:41] Epoch 5 step [130|179] lr=0.00100000 acc: 99.65% loss: 0.000270
[2018-12-06 20:53:59] Epoch 5 step [140|179] lr=0.00100000 acc: 100.00% loss: 0.000194
[2018-12-06 20:54:09] Epoch 5 step [150|179] lr=0.00100000 acc: 99.64% loss: 0.000263
[2018-12-06 20:54:11] Epoch 5 step [160|179] lr=0.00100000 acc: 100.00% loss: 0.000153
[2018-12-06 20:54:12] Epoch 5 step [170|179] lr=0.00100000 acc: 100.00% loss: 0.000222
dev acc: 86.46% loss: 0.006259
test acc: 88.65% loss: 0.005336
not improved, best test acc: 88.54%, in epoch 4
[2018-12-06 20:54:21] Epoch 6 step [10|179] lr=0.00100000 acc: 97.63% loss: 0.001165
[2018-12-06 20:54:25] Epoch 6 step [20|179] lr=0.00100000 acc: 99.46% loss: 0.000629
[2018-12-06 20:54:31] Epoch 6 step [30|179] lr=0.00100000 acc: 99.51% loss: 0.000644
[2018-12-06 20:54:37] Epoch 6 step [40|179] lr=0.00100000 acc: 99.83% loss: 0.000327
[2018-12-06 20:54:43] Epoch 6 step [50|179] lr=0.00100000 acc: 99.62% loss: 0.000314
[2018-12-06 20:54:51] Epoch 6 step [60|179] lr=0.00100000 acc: 99.64% loss: 0.000493
[2018-12-06 20:55:01] Epoch 6 step [70|179] lr=0.00100000 acc: 100.00% loss: 0.000216
[2018-12-06 20:55:11] Epoch 6 step [80|179] lr=0.00100000 acc: 99.66% loss: 0.000225
[2018-12-06 20:55:23] Epoch 6 step [90|179] lr=0.00100000 acc: 99.64% loss: 0.000205
[2018-12-06 20:55:37] Epoch 6 step [100|179] lr=0.00100000 acc: 99.13% loss: 0.000357
[2018-12-06 20:55:52] Epoch 6 step [110|179] lr=0.00100000 acc: 99.47% loss: 0.000502
[2018-12-06 20:56:09] Epoch 6 step [120|179] lr=0.00100000 acc: 99.62% loss: 0.000245
[2018-12-06 20:56:29] Epoch 6 step [130|179] lr=0.00100000 acc: 99.65% loss: 0.000205
[2018-12-06 20:56:47] Epoch 6 step [140|179] lr=0.00100000 acc: 100.00% loss: 0.000148
[2018-12-06 20:56:59] Epoch 6 step [150|179] lr=0.00100000 acc: 100.00% loss: 0.000223
[2018-12-06 20:57:01] Epoch 6 step [160|179] lr=0.00100000 acc: 100.00% loss: 0.000093
[2018-12-06 20:57:02] Epoch 6 step [170|179] lr=0.00100000 acc: 100.00% loss: 0.000166
dev acc: 87.81% loss: 0.006825
test acc: 88.23% loss: 0.005804
model saved succeed in save_models/2018-12-06-20-57-10-treelstm-model_epoch_6.pt
Update! best test acc: 88.23%
[2018-12-06 20:57:12] Epoch 7 step [10|179] lr=0.00100000 acc: 98.68% loss: 0.000747
[2018-12-06 20:57:16] Epoch 7 step [20|179] lr=0.00100000 acc: 100.00% loss: 0.000374
[2018-12-06 20:57:21] Epoch 7 step [30|179] lr=0.00100000 acc: 99.67% loss: 0.000362
[2018-12-06 20:57:28] Epoch 7 step [40|179] lr=0.00100000 acc: 100.00% loss: 0.000169
[2018-12-06 20:57:35] Epoch 7 step [50|179] lr=0.00100000 acc: 100.00% loss: 0.000161
[2018-12-06 20:57:43] Epoch 7 step [60|179] lr=0.00100000 acc: 99.82% loss: 0.000251
[2018-12-06 20:57:54] Epoch 7 step [70|179] lr=0.00100000 acc: 99.84% loss: 0.000138
[2018-12-06 20:58:06] Epoch 7 step [80|179] lr=0.00100000 acc: 99.83% loss: 0.000147
[2018-12-06 20:58:19] Epoch 7 step [90|179] lr=0.00100000 acc: 100.00% loss: 0.000080
[2018-12-06 20:58:32] Epoch 7 step [100|179] lr=0.00100000 acc: 100.00% loss: 0.000108
[2018-12-06 20:58:47] Epoch 7 step [110|179] lr=0.00100000 acc: 99.65% loss: 0.000412
[2018-12-06 20:59:04] Epoch 7 step [120|179] lr=0.00100000 acc: 100.00% loss: 0.000138
[2018-12-06 20:59:25] Epoch 7 step [130|179] lr=0.00100000 acc: 100.00% loss: 0.000092
[2018-12-06 20:59:43] Epoch 7 step [140|179] lr=0.00100000 acc: 100.00% loss: 0.000106
[2018-12-06 20:59:54] Epoch 7 step [150|179] lr=0.00100000 acc: 100.00% loss: 0.000066
[2018-12-06 20:59:55] Epoch 7 step [160|179] lr=0.00100000 acc: 100.00% loss: 0.000061
[2018-12-06 20:59:57] Epoch 7 step [170|179] lr=0.00100000 acc: 100.00% loss: 0.000059
dev acc: 87.29% loss: 0.007527
test acc: 88.12% loss: 0.005776
not improved, best test acc: 88.23%, in epoch 6
[2018-12-06 21:00:07] Epoch 8 step [10|179] lr=0.00100000 acc: 99.74% loss: 0.000299
[2018-12-06 21:00:11] Epoch 8 step [20|179] lr=0.00100000 acc: 100.00% loss: 0.000211
[2018-12-06 21:00:17] Epoch 8 step [30|179] lr=0.00100000 acc: 99.84% loss: 0.000150
[2018-12-06 21:00:24] Epoch 8 step [40|179] lr=0.00100000 acc: 100.00% loss: 0.000115
[2018-12-06 21:00:31] Epoch 8 step [50|179] lr=0.00100000 acc: 100.00% loss: 0.000101
[2018-12-06 21:00:39] Epoch 8 step [60|179] lr=0.00100000 acc: 99.82% loss: 0.000103
[2018-12-06 21:00:50] Epoch 8 step [70|179] lr=0.00100000 acc: 100.00% loss: 0.000043
[2018-12-06 21:01:01] Epoch 8 step [80|179] lr=0.00100000 acc: 100.00% loss: 0.000056
[2018-12-06 21:01:13] Epoch 8 step [90|179] lr=0.00100000 acc: 100.00% loss: 0.000033
[2018-12-06 21:01:27] Epoch 8 step [100|179] lr=0.00100000 acc: 100.00% loss: 0.000033
[2018-12-06 21:01:42] Epoch 8 step [110|179] lr=0.00100000 acc: 99.82% loss: 0.000244
[2018-12-06 21:01:58] Epoch 8 step [120|179] lr=0.00100000 acc: 100.00% loss: 0.000031
[2018-12-06 21:02:20] Epoch 8 step [130|179] lr=0.00100000 acc: 100.00% loss: 0.000039
[2018-12-06 21:02:38] Epoch 8 step [140|179] lr=0.00100000 acc: 100.00% loss: 0.000048
[2018-12-06 21:02:48] Epoch 8 step [150|179] lr=0.00100000 acc: 100.00% loss: 0.000083
[2018-12-06 21:02:50] Epoch 8 step [160|179] lr=0.00100000 acc: 100.00% loss: 0.000043
[2018-12-06 21:02:51] Epoch 8 step [170|179] lr=0.00100000 acc: 100.00% loss: 0.000032
dev acc: 87.50% loss: 0.008115
test acc: 88.65% loss: 0.006049
not improved, best test acc: 88.23%, in epoch 6
[2018-12-06 21:03:02] Epoch 9 step [10|179] lr=0.00100000 acc: 100.00% loss: 0.000166
[2018-12-06 21:03:06] Epoch 9 step [20|179] lr=0.00100000 acc: 100.00% loss: 0.000108
[2018-12-06 21:03:12] Epoch 9 step [30|179] lr=0.00100000 acc: 100.00% loss: 0.000084
[2018-12-06 21:03:19] Epoch 9 step [40|179] lr=0.00100000 acc: 100.00% loss: 0.000051
[2018-12-06 21:03:27] Epoch 9 step [50|179] lr=0.00100000 acc: 100.00% loss: 0.000059
[2018-12-06 21:03:36] Epoch 9 step [60|179] lr=0.00100000 acc: 100.00% loss: 0.000044
[2018-12-06 21:03:46] Epoch 9 step [70|179] lr=0.00100000 acc: 100.00% loss: 0.000029
[2018-12-06 21:03:58] Epoch 9 step [80|179] lr=0.00100000 acc: 100.00% loss: 0.000032
[2018-12-06 21:04:12] Epoch 9 step [90|179] lr=0.00100000 acc: 100.00% loss: 0.000020
[2018-12-06 21:04:26] Epoch 9 step [100|179] lr=0.00100000 acc: 100.00% loss: 0.000018
[2018-12-06 21:04:42] Epoch 9 step [110|179] lr=0.00100000 acc: 99.82% loss: 0.000101
[2018-12-06 21:04:59] Epoch 9 step [120|179] lr=0.00100000 acc: 100.00% loss: 0.000019
[2018-12-06 21:05:21] Epoch 9 step [130|179] lr=0.00100000 acc: 100.00% loss: 0.000027
[2018-12-06 21:05:40] Epoch 9 step [140|179] lr=0.00100000 acc: 100.00% loss: 0.000029
[2018-12-06 21:05:51] Epoch 9 step [150|179] lr=0.00100000 acc: 100.00% loss: 0.000029
[2018-12-06 21:05:53] Epoch 9 step [160|179] lr=0.00100000 acc: 100.00% loss: 0.000036
[2018-12-06 21:05:54] Epoch 9 step [170|179] lr=0.00100000 acc: 100.00% loss: 0.000043
dev acc: 86.88% loss: 0.008856
test acc: 87.19% loss: 0.007215
not improved, best test acc: 88.23%, in epoch 6
[2018-12-06 21:06:04] Epoch 10 step [10|179] lr=0.00100000 acc: 100.00% loss: 0.000130
[2018-12-06 21:06:08] Epoch 10 step [20|179] lr=0.00100000 acc: 100.00% loss: 0.000081
[2018-12-06 21:06:14] Epoch 10 step [30|179] lr=0.00100000 acc: 100.00% loss: 0.000060
