data_dir=trec_processed_data

----batch----
train_batch_size=64
train_batch_type=normal
dev_batch_size=64
dev_batch_type=normal
test_batch_size=64
test_batch_type=normal
shuffer=True
sort=True

----embedding----
embed_size=100
char_embed_size=50
embed_uniform_init=0.0
pre_embed_path=/home/zrr/projects/Data/glove.6B/glove.6B.100d.txt

----model----
model=treelstm_rel
save_model_dir=save_models
save_model_every=1
save_model_start_from=0
hidden_num=1
hidden_size=100
bidirectional=True
dropout=0.35

----optimizer----
lr=0.001
optim=adam
weight_decay=1e-08
momentum=0.9
early_stop=9999999

----train----
epoch=100
print_every=10

----GPU----
gpu_device=0
use_cuda=False

----seed----
gpu_seed=23
seed=23

----log----
log_dir=log
log_fname=treelstm_rel.trec.log

[2018-12-07 12:31:12] Epoch 0 step [10|77] lr=0.00100000 acc: 28.28% loss: 0.030219
[2018-12-07 12:31:16] Epoch 0 step [20|77] lr=0.00100000 acc: 22.81% loss: 0.029039
[2018-12-07 12:31:20] Epoch 0 step [30|77] lr=0.00100000 acc: 28.59% loss: 0.025614
[2018-12-07 12:31:25] Epoch 0 step [40|77] lr=0.00100000 acc: 40.62% loss: 0.023901
[2018-12-07 12:31:30] Epoch 0 step [50|77] lr=0.00100000 acc: 40.16% loss: 0.023335
[2018-12-07 12:31:37] Epoch 0 step [60|77] lr=0.00100000 acc: 49.84% loss: 0.021706
[2018-12-07 12:31:46] Epoch 0 step [70|77] lr=0.00100000 acc: 47.97% loss: 0.020881
dev acc: 45.54% loss: 0.022063
test acc: 40.40% loss: 0.023396
model saved succeed in save_models/2018-12-07-12-31-56-treelstm_rel-model_epoch_0.pt
Update! best test acc: 40.40%
[2018-12-07 12:31:59] Epoch 1 step [10|77] lr=0.00100000 acc: 52.03% loss: 0.020748
[2018-12-07 12:32:03] Epoch 1 step [20|77] lr=0.00100000 acc: 42.03% loss: 0.019890
[2018-12-07 12:32:07] Epoch 1 step [30|77] lr=0.00100000 acc: 60.31% loss: 0.017495
[2018-12-07 12:32:12] Epoch 1 step [40|77] lr=0.00100000 acc: 56.56% loss: 0.017124
[2018-12-07 12:32:17] Epoch 1 step [50|77] lr=0.00100000 acc: 63.44% loss: 0.015826
[2018-12-07 12:32:24] Epoch 1 step [60|77] lr=0.00100000 acc: 64.06% loss: 0.014965
[2018-12-07 12:32:32] Epoch 1 step [70|77] lr=0.00100000 acc: 64.38% loss: 0.015084
dev acc: 65.85% loss: 0.016284
test acc: 65.18% loss: 0.018106
model saved succeed in save_models/2018-12-07-12-32-41-treelstm_rel-model_epoch_1.pt
Update! best test acc: 65.18%
[2018-12-07 12:32:44] Epoch 2 step [10|77] lr=0.00100000 acc: 70.94% loss: 0.015171
[2018-12-07 12:32:48] Epoch 2 step [20|77] lr=0.00100000 acc: 64.84% loss: 0.013802
[2018-12-07 12:32:52] Epoch 2 step [30|77] lr=0.00100000 acc: 73.44% loss: 0.012242
[2018-12-07 12:32:58] Epoch 2 step [40|77] lr=0.00100000 acc: 74.38% loss: 0.011469
[2018-12-07 12:33:03] Epoch 2 step [50|77] lr=0.00100000 acc: 78.12% loss: 0.010756
[2018-12-07 12:33:10] Epoch 2 step [60|77] lr=0.00100000 acc: 77.34% loss: 0.009909
[2018-12-07 12:33:19] Epoch 2 step [70|77] lr=0.00100000 acc: 74.06% loss: 0.010850
dev acc: 78.35% loss: 0.011902
test acc: 83.48% loss: 0.013666
model saved succeed in save_models/2018-12-07-12-33-30-treelstm_rel-model_epoch_2.pt
Update! best test acc: 83.48%
[2018-12-07 12:33:33] Epoch 3 step [10|77] lr=0.00100000 acc: 82.34% loss: 0.010169
[2018-12-07 12:33:36] Epoch 3 step [20|77] lr=0.00100000 acc: 79.22% loss: 0.009064
[2018-12-07 12:33:41] Epoch 3 step [30|77] lr=0.00100000 acc: 79.53% loss: 0.008856
[2018-12-07 12:33:46] Epoch 3 step [40|77] lr=0.00100000 acc: 81.72% loss: 0.007842
[2018-12-07 12:33:51] Epoch 3 step [50|77] lr=0.00100000 acc: 82.03% loss: 0.007830
[2018-12-07 12:33:58] Epoch 3 step [60|77] lr=0.00100000 acc: 84.69% loss: 0.006903
[2018-12-07 12:34:06] Epoch 3 step [70|77] lr=0.00100000 acc: 83.28% loss: 0.007617
dev acc: 82.37% loss: 0.009336
test acc: 84.60% loss: 0.011731
model saved succeed in save_models/2018-12-07-12-34-17-treelstm_rel-model_epoch_3.pt
Update! best test acc: 84.60%
[2018-12-07 12:34:20] Epoch 4 step [10|77] lr=0.00100000 acc: 85.94% loss: 0.007033
[2018-12-07 12:34:24] Epoch 4 step [20|77] lr=0.00100000 acc: 85.16% loss: 0.006979
[2018-12-07 12:34:28] Epoch 4 step [30|77] lr=0.00100000 acc: 84.38% loss: 0.006835
[2018-12-07 12:34:33] Epoch 4 step [40|77] lr=0.00100000 acc: 87.50% loss: 0.005939
[2018-12-07 12:34:39] Epoch 4 step [50|77] lr=0.00100000 acc: 87.81% loss: 0.005797
[2018-12-07 12:34:46] Epoch 4 step [60|77] lr=0.00100000 acc: 89.53% loss: 0.005149
[2018-12-07 12:34:55] Epoch 4 step [70|77] lr=0.00100000 acc: 89.38% loss: 0.005801
dev acc: 85.49% loss: 0.008061
test acc: 84.38% loss: 0.010622
not improved, best test acc: 84.60%, in epoch 4
[2018-12-07 12:35:08] Epoch 5 step [10|77] lr=0.00100000 acc: 89.38% loss: 0.005683
[2018-12-07 12:35:12] Epoch 5 step [20|77] lr=0.00100000 acc: 89.06% loss: 0.004922
[2018-12-07 12:35:16] Epoch 5 step [30|77] lr=0.00100000 acc: 88.91% loss: 0.005309
[2018-12-07 12:35:21] Epoch 5 step [40|77] lr=0.00100000 acc: 90.78% loss: 0.004751
[2018-12-07 12:35:27] Epoch 5 step [50|77] lr=0.00100000 acc: 88.75% loss: 0.004797
[2018-12-07 12:35:34] Epoch 5 step [60|77] lr=0.00100000 acc: 89.84% loss: 0.004202
[2018-12-07 12:35:43] Epoch 5 step [70|77] lr=0.00100000 acc: 90.62% loss: 0.004423
dev acc: 85.71% loss: 0.007221
test acc: 86.83% loss: 0.009946
model saved succeed in save_models/2018-12-07-12-35-54-treelstm_rel-model_epoch_5.pt
Update! best test acc: 86.83%
[2018-12-07 12:35:57] Epoch 6 step [10|77] lr=0.00100000 acc: 91.09% loss: 0.004700
[2018-12-07 12:36:00] Epoch 6 step [20|77] lr=0.00100000 acc: 91.56% loss: 0.004256
[2018-12-07 12:36:05] Epoch 6 step [30|77] lr=0.00100000 acc: 89.06% loss: 0.004479
[2018-12-07 12:36:10] Epoch 6 step [40|77] lr=0.00100000 acc: 92.66% loss: 0.003993
[2018-12-07 12:36:16] Epoch 6 step [50|77] lr=0.00100000 acc: 92.34% loss: 0.003589
[2018-12-07 12:36:22] Epoch 6 step [60|77] lr=0.00100000 acc: 94.84% loss: 0.003241
[2018-12-07 12:36:31] Epoch 6 step [70|77] lr=0.00100000 acc: 92.66% loss: 0.003775
dev acc: 87.72% loss: 0.006508
test acc: 87.72% loss: 0.009303
model saved succeed in save_models/2018-12-07-12-36-41-treelstm_rel-model_epoch_6.pt
Update! best test acc: 87.72%
[2018-12-07 12:36:44] Epoch 7 step [10|77] lr=0.00100000 acc: 92.97% loss: 0.003789
[2018-12-07 12:36:47] Epoch 7 step [20|77] lr=0.00100000 acc: 93.75% loss: 0.003226
[2018-12-07 12:36:51] Epoch 7 step [30|77] lr=0.00100000 acc: 94.06% loss: 0.003399
[2018-12-07 12:36:56] Epoch 7 step [40|77] lr=0.00100000 acc: 94.38% loss: 0.003246
[2018-12-07 12:37:02] Epoch 7 step [50|77] lr=0.00100000 acc: 93.91% loss: 0.002894
[2018-12-07 12:37:09] Epoch 7 step [60|77] lr=0.00100000 acc: 95.00% loss: 0.002605
[2018-12-07 12:37:17] Epoch 7 step [70|77] lr=0.00100000 acc: 95.00% loss: 0.002536
dev acc: 88.39% loss: 0.005911
test acc: 87.05% loss: 0.008964
not improved, best test acc: 87.72%, in epoch 7
[2018-12-07 12:37:30] Epoch 8 step [10|77] lr=0.00100000 acc: 93.91% loss: 0.003401
[2018-12-07 12:37:34] Epoch 8 step [20|77] lr=0.00100000 acc: 94.22% loss: 0.002749
[2018-12-07 12:37:38] Epoch 8 step [30|77] lr=0.00100000 acc: 94.84% loss: 0.002523
[2018-12-07 12:37:43] Epoch 8 step [40|77] lr=0.00100000 acc: 94.84% loss: 0.002439
[2018-12-07 12:37:48] Epoch 8 step [50|77] lr=0.00100000 acc: 96.09% loss: 0.002129
[2018-12-07 12:37:55] Epoch 8 step [60|77] lr=0.00100000 acc: 96.09% loss: 0.001974
[2018-12-07 12:38:04] Epoch 8 step [70|77] lr=0.00100000 acc: 96.09% loss: 0.002110
dev acc: 88.39% loss: 0.005514
test acc: 86.61% loss: 0.008957
not improved, best test acc: 87.72%, in epoch 7
[2018-12-07 12:38:17] Epoch 9 step [10|77] lr=0.00100000 acc: 94.38% loss: 0.002682
[2018-12-07 12:38:20] Epoch 9 step [20|77] lr=0.00100000 acc: 95.94% loss: 0.002309
[2018-12-07 12:38:25] Epoch 9 step [30|77] lr=0.00100000 acc: 95.47% loss: 0.002020
[2018-12-07 12:38:30] Epoch 9 step [40|77] lr=0.00100000 acc: 96.09% loss: 0.002136
[2018-12-07 12:38:36] Epoch 9 step [50|77] lr=0.00100000 acc: 96.72% loss: 0.001801
[2018-12-07 12:38:43] Epoch 9 step [60|77] lr=0.00100000 acc: 96.25% loss: 0.001826
[2018-12-07 12:38:52] Epoch 9 step [70|77] lr=0.00100000 acc: 97.81% loss: 0.001370
dev acc: 89.06% loss: 0.005244
test acc: 87.95% loss: 0.008473
model saved succeed in save_models/2018-12-07-12-39-02-treelstm_rel-model_epoch_9.pt
Update! best test acc: 87.95%
[2018-12-07 12:39:05] Epoch 10 step [10|77] lr=0.00100000 acc: 95.47% loss: 0.002228
[2018-12-07 12:39:08] Epoch 10 step [20|77] lr=0.00100000 acc: 96.56% loss: 0.001791
[2018-12-07 12:39:13] Epoch 10 step [30|77] lr=0.00100000 acc: 96.09% loss: 0.002023
[2018-12-07 12:39:18] Epoch 10 step [40|77] lr=0.00100000 acc: 97.34% loss: 0.001535
[2018-12-07 12:39:24] Epoch 10 step [50|77] lr=0.00100000 acc: 96.72% loss: 0.001611
[2018-12-07 12:39:30] Epoch 10 step [60|77] lr=0.00100000 acc: 97.66% loss: 0.001207
[2018-12-07 12:39:38] Epoch 10 step [70|77] lr=0.00100000 acc: 97.50% loss: 0.001292
dev acc: 90.40% loss: 0.005021
test acc: 87.72% loss: 0.008238
not improved, best test acc: 87.95%, in epoch 10
[2018-12-07 12:39:51] Epoch 11 step [10|77] lr=0.00100000 acc: 95.78% loss: 0.002055
[2018-12-07 12:39:54] Epoch 11 step [20|77] lr=0.00100000 acc: 97.19% loss: 0.001563
[2018-12-07 12:39:57] Epoch 11 step [30|77] lr=0.00100000 acc: 97.19% loss: 0.001307
[2018-12-07 12:40:02] Epoch 11 step [40|77] lr=0.00100000 acc: 97.66% loss: 0.001301
[2018-12-07 12:40:07] Epoch 11 step [50|77] lr=0.00100000 acc: 98.12% loss: 0.001142
[2018-12-07 12:40:13] Epoch 11 step [60|77] lr=0.00100000 acc: 97.50% loss: 0.001175
[2018-12-07 12:40:21] Epoch 11 step [70|77] lr=0.00100000 acc: 99.06% loss: 0.000901
dev acc: 89.29% loss: 0.005000
test acc: 88.17% loss: 0.007594
not improved, best test acc: 87.95%, in epoch 10
[2018-12-07 12:40:32] Epoch 12 step [10|77] lr=0.00100000 acc: 95.16% loss: 0.002076
[2018-12-07 12:40:35] Epoch 12 step [20|77] lr=0.00100000 acc: 97.34% loss: 0.001320
[2018-12-07 12:40:39] Epoch 12 step [30|77] lr=0.00100000 acc: 98.28% loss: 0.001081
[2018-12-07 12:40:43] Epoch 12 step [40|77] lr=0.00100000 acc: 97.66% loss: 0.001247
[2018-12-07 12:40:48] Epoch 12 step [50|77] lr=0.00100000 acc: 97.50% loss: 0.001087
[2018-12-07 12:40:54] Epoch 12 step [60|77] lr=0.00100000 acc: 98.59% loss: 0.000845
[2018-12-07 12:41:02] Epoch 12 step [70|77] lr=0.00100000 acc: 97.66% loss: 0.001062
dev acc: 89.51% loss: 0.004783
test acc: 88.62% loss: 0.007350
not improved, best test acc: 87.95%, in epoch 10
[2018-12-07 12:41:15] Epoch 13 step [10|77] lr=0.00100000 acc: 97.19% loss: 0.001460
[2018-12-07 12:41:19] Epoch 13 step [20|77] lr=0.00100000 acc: 97.34% loss: 0.001080
[2018-12-07 12:41:22] Epoch 13 step [30|77] lr=0.00100000 acc: 97.03% loss: 0.001242
[2018-12-07 12:41:27] Epoch 13 step [40|77] lr=0.00100000 acc: 97.81% loss: 0.000978
[2018-12-07 12:41:33] Epoch 13 step [50|77] lr=0.00100000 acc: 98.75% loss: 0.000879
[2018-12-07 12:41:40] Epoch 13 step [60|77] lr=0.00100000 acc: 99.06% loss: 0.000664
[2018-12-07 12:41:48] Epoch 13 step [70|77] lr=0.00100000 acc: 99.06% loss: 0.000654
dev acc: 89.06% loss: 0.004966
test acc: 89.96% loss: 0.007147
not improved, best test acc: 87.95%, in epoch 10
[2018-12-07 12:42:00] Epoch 14 step [10|77] lr=0.00100000 acc: 97.19% loss: 0.001301
[2018-12-07 12:42:03] Epoch 14 step [20|77] lr=0.00100000 acc: 98.44% loss: 0.000973
[2018-12-07 12:42:06] Epoch 14 step [30|77] lr=0.00100000 acc: 98.12% loss: 0.000835
[2018-12-07 12:42:10] Epoch 14 step [40|77] lr=0.00100000 acc: 98.44% loss: 0.000889
[2018-12-07 12:42:15] Epoch 14 step [50|77] lr=0.00100000 acc: 98.91% loss: 0.000587
[2018-12-07 12:42:21] Epoch 14 step [60|77] lr=0.00100000 acc: 99.06% loss: 0.000521
[2018-12-07 12:42:29] Epoch 14 step [70|77] lr=0.00100000 acc: 99.06% loss: 0.000629
dev acc: 90.40% loss: 0.004699
test acc: 88.39% loss: 0.007049
not improved, best test acc: 87.95%, in epoch 10
[2018-12-07 12:42:41] Epoch 15 step [10|77] lr=0.00100000 acc: 97.66% loss: 0.001257
[2018-12-07 12:42:44] Epoch 15 step [20|77] lr=0.00100000 acc: 98.91% loss: 0.000769
[2018-12-07 12:42:47] Epoch 15 step [30|77] lr=0.00100000 acc: 98.91% loss: 0.000641
[2018-12-07 12:42:52] Epoch 15 step [40|77] lr=0.00100000 acc: 98.91% loss: 0.000654
[2018-12-07 12:42:57] Epoch 15 step [50|77] lr=0.00100000 acc: 99.22% loss: 0.000561
[2018-12-07 12:43:03] Epoch 15 step [60|77] lr=0.00100000 acc: 99.38% loss: 0.000560
[2018-12-07 12:43:11] Epoch 15 step [70|77] lr=0.00100000 acc: 99.38% loss: 0.000497
dev acc: 90.18% loss: 0.004758
test acc: 87.95% loss: 0.006778
not improved, best test acc: 87.95%, in epoch 10
[2018-12-07 12:43:23] Epoch 16 step [10|77] lr=0.00100000 acc: 97.97% loss: 0.000949
[2018-12-07 12:43:26] Epoch 16 step [20|77] lr=0.00100000 acc: 99.06% loss: 0.000638
[2018-12-07 12:43:30] Epoch 16 step [30|77] lr=0.00100000 acc: 99.06% loss: 0.000549
[2018-12-07 12:43:34] Epoch 16 step [40|77] lr=0.00100000 acc: 99.06% loss: 0.000498
[2018-12-07 12:43:39] Epoch 16 step [50|77] lr=0.00100000 acc: 98.91% loss: 0.000460
[2018-12-07 12:43:44] Epoch 16 step [60|77] lr=0.00100000 acc: 99.69% loss: 0.000372
[2018-12-07 12:43:52] Epoch 16 step [70|77] lr=0.00100000 acc: 98.91% loss: 0.000496
dev acc: 90.18% loss: 0.004691
test acc: 89.06% loss: 0.006599
not improved, best test acc: 87.95%, in epoch 10
[2018-12-07 12:44:05] Epoch 17 step [10|77] lr=0.00100000 acc: 98.44% loss: 0.000769
[2018-12-07 12:44:08] Epoch 17 step [20|77] lr=0.00100000 acc: 99.53% loss: 0.000486
[2018-12-07 12:44:12] Epoch 17 step [30|77] lr=0.00100000 acc: 99.06% loss: 0.000552
[2018-12-07 12:44:17] Epoch 17 step [40|77] lr=0.00100000 acc: 99.06% loss: 0.000579
[2018-12-07 12:44:23] Epoch 17 step [50|77] lr=0.00100000 acc: 99.06% loss: 0.000492
[2018-12-07 12:44:29] Epoch 17 step [60|77] lr=0.00100000 acc: 99.53% loss: 0.000400
[2018-12-07 12:44:37] Epoch 17 step [70|77] lr=0.00100000 acc: 99.38% loss: 0.000388
dev acc: 89.06% loss: 0.005004
test acc: 89.06% loss: 0.006911
not improved, best test acc: 87.95%, in epoch 10
[2018-12-07 12:44:50] Epoch 18 step [10|77] lr=0.00100000 acc: 99.06% loss: 0.000691
[2018-12-07 12:44:53] Epoch 18 step [20|77] lr=0.00100000 acc: 99.22% loss: 0.000461
[2018-12-07 12:44:56] Epoch 18 step [30|77] lr=0.00100000 acc: 99.06% loss: 0.000539
[2018-12-07 12:45:00] Epoch 18 step [40|77] lr=0.00100000 acc: 99.38% loss: 0.000408
[2018-12-07 12:45:05] Epoch 18 step [50|77] lr=0.00100000 acc: 98.75% loss: 0.000579
[2018-12-07 12:45:11] Epoch 18 step [60|77] lr=0.00100000 acc: 99.53% loss: 0.000297
[2018-12-07 12:45:19] Epoch 18 step [70|77] lr=0.00100000 acc: 99.22% loss: 0.000317
dev acc: 90.40% loss: 0.004721
test acc: 88.39% loss: 0.006612
not improved, best test acc: 87.95%, in epoch 10
8 epoch have not improved, so adjust lr to 0.0007
[2018-12-07 12:45:30] Epoch 19 step [10|77] lr=0.00070000 acc: 99.06% loss: 0.000527
[2018-12-07 12:45:33] Epoch 19 step [20|77] lr=0.00070000 acc: 99.69% loss: 0.000323
[2018-12-07 12:45:36] Epoch 19 step [30|77] lr=0.00070000 acc: 99.22% loss: 0.000400
[2018-12-07 12:45:41] Epoch 19 step [40|77] lr=0.00070000 acc: 99.53% loss: 0.000344
[2018-12-07 12:45:46] Epoch 19 step [50|77] lr=0.00070000 acc: 99.53% loss: 0.000302
[2018-12-07 12:45:52] Epoch 19 step [60|77] lr=0.00070000 acc: 99.69% loss: 0.000295
[2018-12-07 12:45:59] Epoch 19 step [70|77] lr=0.00070000 acc: 99.22% loss: 0.000321
dev acc: 90.40% loss: 0.004611
test acc: 88.39% loss: 0.006897
not improved, best test acc: 87.95%, in epoch 10
[2018-12-07 12:46:11] Epoch 20 step [10|77] lr=0.00070000 acc: 99.84% loss: 0.000376
[2018-12-07 12:46:14] Epoch 20 step [20|77] lr=0.00070000 acc: 99.53% loss: 0.000358
[2018-12-07 12:46:18] Epoch 20 step [30|77] lr=0.00070000 acc: 99.22% loss: 0.000357
[2018-12-07 12:46:22] Epoch 20 step [40|77] lr=0.00070000 acc: 99.53% loss: 0.000279
[2018-12-07 12:46:26] Epoch 20 step [50|77] lr=0.00070000 acc: 100.00% loss: 0.000217
[2018-12-07 12:46:33] Epoch 20 step [60|77] lr=0.00070000 acc: 99.53% loss: 0.000266
[2018-12-07 12:46:40] Epoch 20 step [70|77] lr=0.00070000 acc: 99.53% loss: 0.000216
dev acc: 90.40% loss: 0.004714
test acc: 88.17% loss: 0.006739
not improved, best test acc: 87.95%, in epoch 10
[2018-12-07 12:46:52] Epoch 21 step [10|77] lr=0.00070000 acc: 99.53% loss: 0.000536
[2018-12-07 12:46:55] Epoch 21 step [20|77] lr=0.00070000 acc: 99.84% loss: 0.000277
[2018-12-07 12:46:59] Epoch 21 step [30|77] lr=0.00070000 acc: 99.22% loss: 0.000378
[2018-12-07 12:47:04] Epoch 21 step [40|77] lr=0.00070000 acc: 99.53% loss: 0.000339
[2018-12-07 12:47:09] Epoch 21 step [50|77] lr=0.00070000 acc: 99.84% loss: 0.000215
[2018-12-07 12:47:15] Epoch 21 step [60|77] lr=0.00070000 acc: 99.84% loss: 0.000298
[2018-12-07 12:47:24] Epoch 21 step [70|77] lr=0.00070000 acc: 100.00% loss: 0.000146
dev acc: 90.18% loss: 0.004625
test acc: 89.06% loss: 0.006829
not improved, best test acc: 87.95%, in epoch 10
[2018-12-07 12:47:38] Epoch 22 step [10|77] lr=0.00070000 acc: 99.06% loss: 0.000463
[2018-12-07 12:47:41] Epoch 22 step [20|77] lr=0.00070000 acc: 100.00% loss: 0.000195
[2018-12-07 12:47:45] Epoch 22 step [30|77] lr=0.00070000 acc: 99.38% loss: 0.000349
[2018-12-07 12:47:50] Epoch 22 step [40|77] lr=0.00070000 acc: 99.69% loss: 0.000214
[2018-12-07 12:47:56] Epoch 22 step [50|77] lr=0.00070000 acc: 99.38% loss: 0.000259
[2018-12-07 12:48:02] Epoch 22 step [60|77] lr=0.00070000 acc: 99.69% loss: 0.000225
[2018-12-07 12:48:10] Epoch 22 step [70|77] lr=0.00070000 acc: 99.84% loss: 0.000153
dev acc: 90.40% loss: 0.004720
test acc: 87.95% loss: 0.006724
not improved, best test acc: 87.95%, in epoch 10
[2018-12-07 12:48:22] Epoch 23 step [10|77] lr=0.00070000 acc: 99.53% loss: 0.000381
[2018-12-07 12:48:26] Epoch 23 step [20|77] lr=0.00070000 acc: 99.84% loss: 0.000193
[2018-12-07 12:48:31] Epoch 23 step [30|77] lr=0.00070000 acc: 99.38% loss: 0.000316
[2018-12-07 12:48:35] Epoch 23 step [40|77] lr=0.00070000 acc: 99.69% loss: 0.000256
[2018-12-07 12:48:41] Epoch 23 step [50|77] lr=0.00070000 acc: 99.22% loss: 0.000313
[2018-12-07 12:48:48] Epoch 23 step [60|77] lr=0.00070000 acc: 99.84% loss: 0.000186
[2018-12-07 12:48:57] Epoch 23 step [70|77] lr=0.00070000 acc: 99.53% loss: 0.000224
dev acc: 89.96% loss: 0.004689
test acc: 87.95% loss: 0.006424
not improved, best test acc: 87.95%, in epoch 10
[2018-12-07 12:49:11] Epoch 24 step [10|77] lr=0.00070000 acc: 99.22% loss: 0.000434
[2018-12-07 12:49:14] Epoch 24 step [20|77] lr=0.00070000 acc: 100.00% loss: 0.000184
[2018-12-07 12:49:18] Epoch 24 step [30|77] lr=0.00070000 acc: 99.69% loss: 0.000216
[2018-12-07 12:49:23] Epoch 24 step [40|77] lr=0.00070000 acc: 99.84% loss: 0.000163
[2018-12-07 12:49:29] Epoch 24 step [50|77] lr=0.00070000 acc: 99.84% loss: 0.000194
[2018-12-07 12:49:36] Epoch 24 step [60|77] lr=0.00070000 acc: 99.53% loss: 0.000265
[2018-12-07 12:49:44] Epoch 24 step [70|77] lr=0.00070000 acc: 99.53% loss: 0.000207
dev acc: 90.18% loss: 0.004681
test acc: 88.39% loss: 0.006403
not improved, best test acc: 87.95%, in epoch 10
[2018-12-07 12:49:57] Epoch 25 step [10|77] lr=0.00070000 acc: 99.53% loss: 0.000348
[2018-12-07 12:50:00] Epoch 25 step [20|77] lr=0.00070000 acc: 99.69% loss: 0.000244
[2018-12-07 12:50:03] Epoch 25 step [30|77] lr=0.00070000 acc: 99.38% loss: 0.000264
[2018-12-07 12:50:07] Epoch 25 step [40|77] lr=0.00070000 acc: 99.84% loss: 0.000203
[2018-12-07 12:50:12] Epoch 25 step [50|77] lr=0.00070000 acc: 99.69% loss: 0.000202
[2018-12-07 12:50:18] Epoch 25 step [60|77] lr=0.00070000 acc: 99.84% loss: 0.000234
[2018-12-07 12:50:26] Epoch 25 step [70|77] lr=0.00070000 acc: 100.00% loss: 0.000136
dev acc: 90.40% loss: 0.004928
test acc: 88.17% loss: 0.006599
not improved, best test acc: 87.95%, in epoch 10
[2018-12-07 12:50:38] Epoch 26 step [10|77] lr=0.00070000 acc: 99.84% loss: 0.000259
[2018-12-07 12:50:40] Epoch 26 step [20|77] lr=0.00070000 acc: 100.00% loss: 0.000149
[2018-12-07 12:50:44] Epoch 26 step [30|77] lr=0.00070000 acc: 99.69% loss: 0.000235
[2018-12-07 12:50:48] Epoch 26 step [40|77] lr=0.00070000 acc: 99.84% loss: 0.000159
[2018-12-07 12:50:53] Epoch 26 step [50|77] lr=0.00070000 acc: 99.84% loss: 0.000174
[2018-12-07 12:50:59] Epoch 26 step [60|77] lr=0.00070000 acc: 99.69% loss: 0.000188
[2018-12-07 12:51:07] Epoch 26 step [70|77] lr=0.00070000 acc: 99.69% loss: 0.000174
dev acc: 90.62% loss: 0.004677
test acc: 88.39% loss: 0.006443
model saved succeed in save_models/2018-12-07-12-51-18-treelstm_rel-model_epoch_26.pt
Update! best test acc: 88.39%
[2018-12-07 12:51:20] Epoch 27 step [10|77] lr=0.00070000 acc: 99.84% loss: 0.000303
[2018-12-07 12:51:23] Epoch 27 step [20|77] lr=0.00070000 acc: 99.84% loss: 0.000207
[2018-12-07 12:51:27] Epoch 27 step [30|77] lr=0.00070000 acc: 99.84% loss: 0.000182
[2018-12-07 12:51:31] Epoch 27 step [40|77] lr=0.00070000 acc: 99.84% loss: 0.000144
[2018-12-07 12:51:36] Epoch 27 step [50|77] lr=0.00070000 acc: 98.91% loss: 0.000333
[2018-12-07 12:51:42] Epoch 27 step [60|77] lr=0.00070000 acc: 99.69% loss: 0.000158
[2018-12-07 12:51:50] Epoch 27 step [70|77] lr=0.00070000 acc: 99.69% loss: 0.000172
dev acc: 88.84% loss: 0.005044
test acc: 88.84% loss: 0.006796
not improved, best test acc: 88.39%, in epoch 26
[2018-12-07 12:52:02] Epoch 28 step [10|77] lr=0.00070000 acc: 99.53% loss: 0.000286
[2018-12-07 12:52:05] Epoch 28 step [20|77] lr=0.00070000 acc: 99.69% loss: 0.000203
[2018-12-07 12:52:09] Epoch 28 step [30|77] lr=0.00070000 acc: 99.69% loss: 0.000192
[2018-12-07 12:52:13] Epoch 28 step [40|77] lr=0.00070000 acc: 99.53% loss: 0.000186
[2018-12-07 12:52:18] Epoch 28 step [50|77] lr=0.00070000 acc: 99.53% loss: 0.000323
[2018-12-07 12:52:24] Epoch 28 step [60|77] lr=0.00070000 acc: 99.84% loss: 0.000133
[2018-12-07 12:52:32] Epoch 28 step [70|77] lr=0.00070000 acc: 99.84% loss: 0.000153
dev acc: 90.18% loss: 0.004816
test acc: 88.17% loss: 0.006605
not improved, best test acc: 88.39%, in epoch 26
[2018-12-07 12:52:43] Epoch 29 step [10|77] lr=0.00070000 acc: 99.69% loss: 0.000299
[2018-12-07 12:52:46] Epoch 29 step [20|77] lr=0.00070000 acc: 99.84% loss: 0.000201
[2018-12-07 12:52:50] Epoch 29 step [30|77] lr=0.00070000 acc: 99.69% loss: 0.000194
[2018-12-07 12:52:54] Epoch 29 step [40|77] lr=0.00070000 acc: 100.00% loss: 0.000116
[2018-12-07 12:52:59] Epoch 29 step [50|77] lr=0.00070000 acc: 99.84% loss: 0.000129
[2018-12-07 12:53:05] Epoch 29 step [60|77] lr=0.00070000 acc: 100.00% loss: 0.000100
[2018-12-07 12:53:13] Epoch 29 step [70|77] lr=0.00070000 acc: 100.00% loss: 0.000111
dev acc: 90.85% loss: 0.004665
test acc: 87.95% loss: 0.006583
not improved, best test acc: 88.39%, in epoch 29
[2018-12-07 12:53:25] Epoch 30 step [10|77] lr=0.00070000 acc: 99.84% loss: 0.000161
[2018-12-07 12:53:28] Epoch 30 step [20|77] lr=0.00070000 acc: 99.69% loss: 0.000189
[2018-12-07 12:53:31] Epoch 30 step [30|77] lr=0.00070000 acc: 99.69% loss: 0.000203
[2018-12-07 12:53:35] Epoch 30 step [40|77] lr=0.00070000 acc: 99.69% loss: 0.000197
[2018-12-07 12:53:40] Epoch 30 step [50|77] lr=0.00070000 acc: 99.84% loss: 0.000156
[2018-12-07 12:53:46] Epoch 30 step [60|77] lr=0.00070000 acc: 100.00% loss: 0.000135
[2018-12-07 12:53:54] Epoch 30 step [70|77] lr=0.00070000 acc: 100.00% loss: 0.000069
dev acc: 90.62% loss: 0.004698
test acc: 88.39% loss: 0.006523
not improved, best test acc: 88.39%, in epoch 29
[2018-12-07 12:54:05] Epoch 31 step [10|77] lr=0.00070000 acc: 99.53% loss: 0.000246
[2018-12-07 12:54:08] Epoch 31 step [20|77] lr=0.00070000 acc: 100.00% loss: 0.000105
[2018-12-07 12:54:11] Epoch 31 step [30|77] lr=0.00070000 acc: 99.84% loss: 0.000141
[2018-12-07 12:54:15] Epoch 31 step [40|77] lr=0.00070000 acc: 100.00% loss: 0.000106
[2018-12-07 12:54:21] Epoch 31 step [50|77] lr=0.00070000 acc: 100.00% loss: 0.000090
[2018-12-07 12:54:27] Epoch 31 step [60|77] lr=0.00070000 acc: 99.84% loss: 0.000134
[2018-12-07 12:54:34] Epoch 31 step [70|77] lr=0.00070000 acc: 99.84% loss: 0.000107
dev acc: 90.40% loss: 0.004946
test acc: 88.84% loss: 0.006549
not improved, best test acc: 88.39%, in epoch 29
[2018-12-07 12:54:46] Epoch 32 step [10|77] lr=0.00070000 acc: 99.53% loss: 0.000262
[2018-12-07 12:54:49] Epoch 32 step [20|77] lr=0.00070000 acc: 99.84% loss: 0.000153
[2018-12-07 12:54:53] Epoch 32 step [30|77] lr=0.00070000 acc: 99.53% loss: 0.000205
[2018-12-07 12:54:57] Epoch 32 step [40|77] lr=0.00070000 acc: 99.53% loss: 0.000231
[2018-12-07 12:55:02] Epoch 32 step [50|77] lr=0.00070000 acc: 99.84% loss: 0.000145
[2018-12-07 12:55:08] Epoch 32 step [60|77] lr=0.00070000 acc: 100.00% loss: 0.000089
[2018-12-07 12:55:16] Epoch 32 step [70|77] lr=0.00070000 acc: 100.00% loss: 0.000084
dev acc: 89.73% loss: 0.005045
test acc: 88.84% loss: 0.006073
not improved, best test acc: 88.39%, in epoch 29
[2018-12-07 12:55:28] Epoch 33 step [10|77] lr=0.00070000 acc: 100.00% loss: 0.000166
[2018-12-07 12:55:31] Epoch 33 step [20|77] lr=0.00070000 acc: 99.84% loss: 0.000133
[2018-12-07 12:55:34] Epoch 33 step [30|77] lr=0.00070000 acc: 99.84% loss: 0.000157
[2018-12-07 12:55:38] Epoch 33 step [40|77] lr=0.00070000 acc: 99.84% loss: 0.000082
[2018-12-07 12:55:43] Epoch 33 step [50|77] lr=0.00070000 acc: 99.84% loss: 0.000127
[2018-12-07 12:55:50] Epoch 33 step [60|77] lr=0.00070000 acc: 100.00% loss: 0.000074
[2018-12-07 12:55:58] Epoch 33 step [70|77] lr=0.00070000 acc: 99.84% loss: 0.000078
dev acc: 89.96% loss: 0.005039
test acc: 88.39% loss: 0.006148
not improved, best test acc: 88.39%, in epoch 29
[2018-12-07 12:56:10] Epoch 34 step [10|77] lr=0.00070000 acc: 99.84% loss: 0.000166
[2018-12-07 12:56:14] Epoch 34 step [20|77] lr=0.00070000 acc: 99.84% loss: 0.000198
[2018-12-07 12:56:18] Epoch 34 step [30|77] lr=0.00070000 acc: 99.84% loss: 0.000107
[2018-12-07 12:56:23] Epoch 34 step [40|77] lr=0.00070000 acc: 99.69% loss: 0.000193
[2018-12-07 12:56:29] Epoch 34 step [50|77] lr=0.00070000 acc: 100.00% loss: 0.000099
[2018-12-07 12:56:35] Epoch 34 step [60|77] lr=0.00070000 acc: 99.84% loss: 0.000159
[2018-12-07 12:56:44] Epoch 34 step [70|77] lr=0.00070000 acc: 99.69% loss: 0.000141
dev acc: 90.18% loss: 0.004949
test acc: 88.39% loss: 0.006211
not improved, best test acc: 88.39%, in epoch 29
[2018-12-07 12:56:57] Epoch 35 step [10|77] lr=0.00070000 acc: 100.00% loss: 0.000162
[2018-12-07 12:57:00] Epoch 35 step [20|77] lr=0.00070000 acc: 99.84% loss: 0.000104
[2018-12-07 12:57:04] Epoch 35 step [30|77] lr=0.00070000 acc: 99.69% loss: 0.000231
[2018-12-07 12:57:09] Epoch 35 step [40|77] lr=0.00070000 acc: 99.69% loss: 0.000196
[2018-12-07 12:57:14] Epoch 35 step [50|77] lr=0.00070000 acc: 99.84% loss: 0.000121
[2018-12-07 12:57:21] Epoch 35 step [60|77] lr=0.00070000 acc: 99.84% loss: 0.000194
[2018-12-07 12:57:30] Epoch 35 step [70|77] lr=0.00070000 acc: 100.00% loss: 0.000058
dev acc: 89.29% loss: 0.004950
test acc: 88.39% loss: 0.006356
not improved, best test acc: 88.39%, in epoch 29
8 epoch have not improved, so adjust lr to 0.00049
[2018-12-07 12:57:43] Epoch 36 step [10|77] lr=0.00049000 acc: 100.00% loss: 0.000152
[2018-12-07 12:57:45] Epoch 36 step [20|77] lr=0.00049000 acc: 99.69% loss: 0.000111
[2018-12-07 12:57:49] Epoch 36 step [30|77] lr=0.00049000 acc: 99.84% loss: 0.000158
[2018-12-07 12:57:53] Epoch 36 step [40|77] lr=0.00049000 acc: 100.00% loss: 0.000063
[2018-12-07 12:57:58] Epoch 36 step [50|77] lr=0.00049000 acc: 100.00% loss: 0.000068
[2018-12-07 12:58:03] Epoch 36 step [60|77] lr=0.00049000 acc: 99.69% loss: 0.000155
[2018-12-07 12:58:11] Epoch 36 step [70|77] lr=0.00049000 acc: 99.84% loss: 0.000091
dev acc: 89.96% loss: 0.004986
test acc: 88.62% loss: 0.005965
not improved, best test acc: 88.39%, in epoch 29
[2018-12-07 12:58:23] Epoch 37 step [10|77] lr=0.00049000 acc: 100.00% loss: 0.000120
[2018-12-07 12:58:26] Epoch 37 step [20|77] lr=0.00049000 acc: 99.84% loss: 0.000160
[2018-12-07 12:58:29] Epoch 37 step [30|77] lr=0.00049000 acc: 100.00% loss: 0.000093
[2018-12-07 12:58:34] Epoch 37 step [40|77] lr=0.00049000 acc: 100.00% loss: 0.000135
[2018-12-07 12:58:39] Epoch 37 step [50|77] lr=0.00049000 acc: 100.00% loss: 0.000110
[2018-12-07 12:58:45] Epoch 37 step [60|77] lr=0.00049000 acc: 99.84% loss: 0.000108
[2018-12-07 12:58:52] Epoch 37 step [70|77] lr=0.00049000 acc: 100.00% loss: 0.000064
dev acc: 89.29% loss: 0.005144
test acc: 88.84% loss: 0.006213
not improved, best test acc: 88.39%, in epoch 29
[2018-12-07 12:59:04] Epoch 38 step [10|77] lr=0.00049000 acc: 100.00% loss: 0.000111
[2018-12-07 12:59:07] Epoch 38 step [20|77] lr=0.00049000 acc: 100.00% loss: 0.000080
[2018-12-07 12:59:10] Epoch 38 step [30|77] lr=0.00049000 acc: 100.00% loss: 0.000075
[2018-12-07 12:59:15] Epoch 38 step [40|77] lr=0.00049000 acc: 100.00% loss: 0.000059
[2018-12-07 12:59:20] Epoch 38 step [50|77] lr=0.00049000 acc: 100.00% loss: 0.000052
[2018-12-07 12:59:26] Epoch 38 step [60|77] lr=0.00049000 acc: 100.00% loss: 0.000045
[2018-12-07 12:59:33] Epoch 38 step [70|77] lr=0.00049000 acc: 99.84% loss: 0.000098
dev acc: 89.96% loss: 0.004982
test acc: 87.95% loss: 0.006469
not improved, best test acc: 88.39%, in epoch 29
[2018-12-07 12:59:45] Epoch 39 step [10|77] lr=0.00049000 acc: 100.00% loss: 0.000161
[2018-12-07 12:59:48] Epoch 39 step [20|77] lr=0.00049000 acc: 100.00% loss: 0.000089
[2018-12-07 12:59:51] Epoch 39 step [30|77] lr=0.00049000 acc: 100.00% loss: 0.000082
[2018-12-07 12:59:55] Epoch 39 step [40|77] lr=0.00049000 acc: 100.00% loss: 0.000086
[2018-12-07 13:00:00] Epoch 39 step [50|77] lr=0.00049000 acc: 99.84% loss: 0.000078
[2018-12-07 13:00:07] Epoch 39 step [60|77] lr=0.00049000 acc: 100.00% loss: 0.000053
[2018-12-07 13:00:14] Epoch 39 step [70|77] lr=0.00049000 acc: 100.00% loss: 0.000062
dev acc: 90.18% loss: 0.005121
test acc: 88.62% loss: 0.005995
not improved, best test acc: 88.39%, in epoch 29
[2018-12-07 13:00:27] Epoch 40 step [10|77] lr=0.00049000 acc: 100.00% loss: 0.000102
[2018-12-07 13:00:30] Epoch 40 step [20|77] lr=0.00049000 acc: 100.00% loss: 0.000051
[2018-12-07 13:00:34] Epoch 40 step [30|77] lr=0.00049000 acc: 99.84% loss: 0.000107
[2018-12-07 13:00:38] Epoch 40 step [40|77] lr=0.00049000 acc: 99.84% loss: 0.000169
[2018-12-07 13:00:43] Epoch 40 step [50|77] lr=0.00049000 acc: 99.84% loss: 0.000100
[2018-12-07 13:00:49] Epoch 40 step [60|77] lr=0.00049000 acc: 100.00% loss: 0.000043
[2018-12-07 13:00:57] Epoch 40 step [70|77] lr=0.00049000 acc: 100.00% loss: 0.000039
dev acc: 90.18% loss: 0.004913
test acc: 87.72% loss: 0.006149
not improved, best test acc: 88.39%, in epoch 29
[2018-12-07 13:01:09] Epoch 41 step [10|77] lr=0.00049000 acc: 100.00% loss: 0.000076
[2018-12-07 13:01:12] Epoch 41 step [20|77] lr=0.00049000 acc: 100.00% loss: 0.000066
[2018-12-07 13:01:15] Epoch 41 step [30|77] lr=0.00049000 acc: 100.00% loss: 0.000061
[2018-12-07 13:01:20] Epoch 41 step [40|77] lr=0.00049000 acc: 99.38% loss: 0.000204
[2018-12-07 13:01:25] Epoch 41 step [50|77] lr=0.00049000 acc: 100.00% loss: 0.000089
[2018-12-07 13:01:31] Epoch 41 step [60|77] lr=0.00049000 acc: 100.00% loss: 0.000045
[2018-12-07 13:01:40] Epoch 41 step [70|77] lr=0.00049000 acc: 100.00% loss: 0.000052
dev acc: 90.18% loss: 0.004988
test acc: 88.17% loss: 0.005857
not improved, best test acc: 88.39%, in epoch 29
[2018-12-07 13:01:52] Epoch 42 step [10|77] lr=0.00049000 acc: 99.69% loss: 0.000160
[2018-12-07 13:01:54] Epoch 42 step [20|77] lr=0.00049000 acc: 100.00% loss: 0.000085
[2018-12-07 13:01:58] Epoch 42 step [30|77] lr=0.00049000 acc: 99.69% loss: 0.000158
[2018-12-07 13:02:03] Epoch 42 step [40|77] lr=0.00049000 acc: 99.84% loss: 0.000074
[2018-12-07 13:02:10] Epoch 42 step [50|77] lr=0.00049000 acc: 99.84% loss: 0.000096
[2018-12-07 13:02:16] Epoch 42 step [60|77] lr=0.00049000 acc: 99.84% loss: 0.000086
[2018-12-07 13:02:25] Epoch 42 step [70|77] lr=0.00049000 acc: 100.00% loss: 0.000063
dev acc: 90.62% loss: 0.004952
test acc: 88.17% loss: 0.006129
not improved, best test acc: 88.39%, in epoch 29
[2018-12-07 13:02:38] Epoch 43 step [10|77] lr=0.00049000 acc: 100.00% loss: 0.000110
[2018-12-07 13:02:41] Epoch 43 step [20|77] lr=0.00049000 acc: 99.84% loss: 0.000101
[2018-12-07 13:02:46] Epoch 43 step [30|77] lr=0.00049000 acc: 99.53% loss: 0.000157
[2018-12-07 13:02:51] Epoch 43 step [40|77] lr=0.00049000 acc: 99.69% loss: 0.000176
[2018-12-07 13:02:57] Epoch 43 step [50|77] lr=0.00049000 acc: 99.69% loss: 0.000104
[2018-12-07 13:03:04] Epoch 43 step [60|77] lr=0.00049000 acc: 100.00% loss: 0.000056
[2018-12-07 13:03:12] Epoch 43 step [70|77] lr=0.00049000 acc: 100.00% loss: 0.000040
dev acc: 89.73% loss: 0.005230
test acc: 88.17% loss: 0.005949
not improved, best test acc: 88.39%, in epoch 29
16 epoch have not improved, so adjust lr to 0.000343
[2018-12-07 13:03:25] Epoch 44 step [10|77] lr=0.00034300 acc: 99.84% loss: 0.000113
[2018-12-07 13:03:29] Epoch 44 step [20|77] lr=0.00034300 acc: 100.00% loss: 0.000036
[2018-12-07 13:03:33] Epoch 44 step [30|77] lr=0.00034300 acc: 99.84% loss: 0.000093
[2018-12-07 13:03:37] Epoch 44 step [40|77] lr=0.00034300 acc: 100.00% loss: 0.000055
[2018-12-07 13:03:42] Epoch 44 step [50|77] lr=0.00034300 acc: 100.00% loss: 0.000062
[2018-12-07 13:03:48] Epoch 44 step [60|77] lr=0.00034300 acc: 100.00% loss: 0.000040
[2018-12-07 13:03:56] Epoch 44 step [70|77] lr=0.00034300 acc: 99.84% loss: 0.000076
dev acc: 89.96% loss: 0.005070
test acc: 87.72% loss: 0.005965
not improved, best test acc: 88.39%, in epoch 29
[2018-12-07 13:04:08] Epoch 45 step [10|77] lr=0.00034300 acc: 100.00% loss: 0.000099
[2018-12-07 13:04:11] Epoch 45 step [20|77] lr=0.00034300 acc: 99.69% loss: 0.000090
[2018-12-07 13:04:14] Epoch 45 step [30|77] lr=0.00034300 acc: 99.69% loss: 0.000153
[2018-12-07 13:04:18] Epoch 45 step [40|77] lr=0.00034300 acc: 99.84% loss: 0.000061
[2018-12-07 13:04:23] Epoch 45 step [50|77] lr=0.00034300 acc: 99.69% loss: 0.000066
[2018-12-07 13:04:29] Epoch 45 step [60|77] lr=0.00034300 acc: 99.69% loss: 0.000084
[2018-12-07 13:04:37] Epoch 45 step [70|77] lr=0.00034300 acc: 99.69% loss: 0.000163
dev acc: 89.06% loss: 0.005161
test acc: 88.39% loss: 0.005978
not improved, best test acc: 88.39%, in epoch 29
[2018-12-07 13:04:48] Epoch 46 step [10|77] lr=0.00034300 acc: 100.00% loss: 0.000075
[2018-12-07 13:04:51] Epoch 46 step [20|77] lr=0.00034300 acc: 100.00% loss: 0.000060
[2018-12-07 13:04:55] Epoch 46 step [30|77] lr=0.00034300 acc: 100.00% loss: 0.000073
[2018-12-07 13:04:59] Epoch 46 step [40|77] lr=0.00034300 acc: 100.00% loss: 0.000074
[2018-12-07 13:05:04] Epoch 46 step [50|77] lr=0.00034300 acc: 100.00% loss: 0.000046
[2018-12-07 13:05:10] Epoch 46 step [60|77] lr=0.00034300 acc: 100.00% loss: 0.000059
[2018-12-07 13:05:18] Epoch 46 step [70|77] lr=0.00034300 acc: 100.00% loss: 0.000050
dev acc: 89.73% loss: 0.005082
test acc: 87.50% loss: 0.005965
not improved, best test acc: 88.39%, in epoch 29
[2018-12-07 13:05:30] Epoch 47 step [10|77] lr=0.00034300 acc: 99.84% loss: 0.000096
[2018-12-07 13:05:33] Epoch 47 step [20|77] lr=0.00034300 acc: 99.84% loss: 0.000077
[2018-12-07 13:05:36] Epoch 47 step [30|77] lr=0.00034300 acc: 100.00% loss: 0.000044
[2018-12-07 13:05:40] Epoch 47 step [40|77] lr=0.00034300 acc: 100.00% loss: 0.000028
[2018-12-07 13:05:45] Epoch 47 step [50|77] lr=0.00034300 acc: 100.00% loss: 0.000060
[2018-12-07 13:05:51] Epoch 47 step [60|77] lr=0.00034300 acc: 100.00% loss: 0.000052
[2018-12-07 13:05:59] Epoch 47 step [70|77] lr=0.00034300 acc: 100.00% loss: 0.000059
dev acc: 89.96% loss: 0.005282
test acc: 88.17% loss: 0.005948
not improved, best test acc: 88.39%, in epoch 29
[2018-12-07 13:06:11] Epoch 48 step [10|77] lr=0.00034300 acc: 100.00% loss: 0.000093
[2018-12-07 13:06:14] Epoch 48 step [20|77] lr=0.00034300 acc: 99.69% loss: 0.000141
[2018-12-07 13:06:18] Epoch 48 step [30|77] lr=0.00034300 acc: 99.84% loss: 0.000135
[2018-12-07 13:06:22] Epoch 48 step [40|77] lr=0.00034300 acc: 99.84% loss: 0.000077
[2018-12-07 13:06:27] Epoch 48 step [50|77] lr=0.00034300 acc: 99.84% loss: 0.000065
[2018-12-07 13:06:33] Epoch 48 step [60|77] lr=0.00034300 acc: 99.84% loss: 0.000059
[2018-12-07 13:06:42] Epoch 48 step [70|77] lr=0.00034300 acc: 99.84% loss: 0.000094
dev acc: 89.51% loss: 0.005124
test acc: 88.39% loss: 0.005949
not improved, best test acc: 88.39%, in epoch 29
[2018-12-07 13:06:55] Epoch 49 step [10|77] lr=0.00034300 acc: 99.84% loss: 0.000082
[2018-12-07 13:06:58] Epoch 49 step [20|77] lr=0.00034300 acc: 100.00% loss: 0.000061
[2018-12-07 13:07:03] Epoch 49 step [30|77] lr=0.00034300 acc: 99.69% loss: 0.000113
[2018-12-07 13:07:07] Epoch 49 step [40|77] lr=0.00034300 acc: 100.00% loss: 0.000054
[2018-12-07 13:07:13] Epoch 49 step [50|77] lr=0.00034300 acc: 100.00% loss: 0.000033
[2018-12-07 13:07:19] Epoch 49 step [60|77] lr=0.00034300 acc: 100.00% loss: 0.000026
[2018-12-07 13:07:28] Epoch 49 step [70|77] lr=0.00034300 acc: 99.84% loss: 0.000102
dev acc: 90.62% loss: 0.005046
test acc: 88.17% loss: 0.006186
not improved, best test acc: 88.39%, in epoch 29
[2018-12-07 13:07:40] Epoch 50 step [10|77] lr=0.00034300 acc: 100.00% loss: 0.000078
[2018-12-07 13:07:43] Epoch 50 step [20|77] lr=0.00034300 acc: 100.00% loss: 0.000050
[2018-12-07 13:07:46] Epoch 50 step [30|77] lr=0.00034300 acc: 99.84% loss: 0.000084
[2018-12-07 13:07:51] Epoch 50 step [40|77] lr=0.00034300 acc: 100.00% loss: 0.000041
[2018-12-07 13:07:56] Epoch 50 step [50|77] lr=0.00034300 acc: 100.00% loss: 0.000046
[2018-12-07 13:08:02] Epoch 50 step [60|77] lr=0.00034300 acc: 100.00% loss: 0.000043
[2018-12-07 13:08:09] Epoch 50 step [70|77] lr=0.00034300 acc: 100.00% loss: 0.000029
dev acc: 90.18% loss: 0.005273
test acc: 88.17% loss: 0.006042
not improved, best test acc: 88.39%, in epoch 29
[2018-12-07 13:08:21] Epoch 51 step [10|77] lr=0.00034300 acc: 100.00% loss: 0.000065
[2018-12-07 13:08:23] Epoch 51 step [20|77] lr=0.00034300 acc: 100.00% loss: 0.000056
[2018-12-07 13:08:27] Epoch 51 step [30|77] lr=0.00034300 acc: 100.00% loss: 0.000045
[2018-12-07 13:08:31] Epoch 51 step [40|77] lr=0.00034300 acc: 99.84% loss: 0.000067
[2018-12-07 13:08:37] Epoch 51 step [50|77] lr=0.00034300 acc: 100.00% loss: 0.000038
[2018-12-07 13:08:43] Epoch 51 step [60|77] lr=0.00034300 acc: 99.84% loss: 0.000063
[2018-12-07 13:08:51] Epoch 51 step [70|77] lr=0.00034300 acc: 99.84% loss: 0.000068
dev acc: 89.96% loss: 0.005126
test acc: 88.17% loss: 0.006047
not improved, best test acc: 88.39%, in epoch 29
24 epoch have not improved, so adjust lr to 0.00024009999999999998
[2018-12-07 13:09:03] Epoch 52 step [10|77] lr=0.00024010 acc: 99.84% loss: 0.000059
[2018-12-07 13:09:06] Epoch 52 step [20|77] lr=0.00024010 acc: 100.00% loss: 0.000051
[2018-12-07 13:09:09] Epoch 52 step [30|77] lr=0.00024010 acc: 99.84% loss: 0.000112
[2018-12-07 13:09:14] Epoch 52 step [40|77] lr=0.00024010 acc: 100.00% loss: 0.000054
[2018-12-07 13:09:19] Epoch 52 step [50|77] lr=0.00024010 acc: 99.84% loss: 0.000044
[2018-12-07 13:09:25] Epoch 52 step [60|77] lr=0.00024010 acc: 100.00% loss: 0.000038
[2018-12-07 13:09:33] Epoch 52 step [70|77] lr=0.00024010 acc: 100.00% loss: 0.000019
dev acc: 89.73% loss: 0.005068
test acc: 87.50% loss: 0.006188
not improved, best test acc: 88.39%, in epoch 29
[2018-12-07 13:09:46] Epoch 53 step [10|77] lr=0.00024010 acc: 100.00% loss: 0.000041
[2018-12-07 13:09:49] Epoch 53 step [20|77] lr=0.00024010 acc: 99.84% loss: 0.000175
[2018-12-07 13:09:53] Epoch 53 step [30|77] lr=0.00024010 acc: 99.84% loss: 0.000069
[2018-12-07 13:09:58] Epoch 53 step [40|77] lr=0.00024010 acc: 99.84% loss: 0.000063
[2018-12-07 13:10:04] Epoch 53 step [50|77] lr=0.00024010 acc: 100.00% loss: 0.000034
[2018-12-07 13:10:11] Epoch 53 step [60|77] lr=0.00024010 acc: 100.00% loss: 0.000024
[2018-12-07 13:10:20] Epoch 53 step [70|77] lr=0.00024010 acc: 100.00% loss: 0.000077
dev acc: 89.96% loss: 0.005191
test acc: 88.62% loss: 0.006138
not improved, best test acc: 88.39%, in epoch 29
[2018-12-07 13:10:32] Epoch 54 step [10|77] lr=0.00024010 acc: 99.69% loss: 0.000122
[2018-12-07 13:10:36] Epoch 54 step [20|77] lr=0.00024010 acc: 100.00% loss: 0.000044
[2018-12-07 13:10:41] Epoch 54 step [30|77] lr=0.00024010 acc: 100.00% loss: 0.000030
[2018-12-07 13:10:45] Epoch 54 step [40|77] lr=0.00024010 acc: 99.84% loss: 0.000077
[2018-12-07 13:10:50] Epoch 54 step [50|77] lr=0.00024010 acc: 100.00% loss: 0.000038
[2018-12-07 13:10:56] Epoch 54 step [60|77] lr=0.00024010 acc: 100.00% loss: 0.000034
[2018-12-07 13:11:04] Epoch 54 step [70|77] lr=0.00024010 acc: 100.00% loss: 0.000039
dev acc: 89.51% loss: 0.005126
test acc: 88.17% loss: 0.006188
not improved, best test acc: 88.39%, in epoch 29
[2018-12-07 13:11:16] Epoch 55 step [10|77] lr=0.00024010 acc: 100.00% loss: 0.000060
[2018-12-07 13:11:18] Epoch 55 step [20|77] lr=0.00024010 acc: 100.00% loss: 0.000044
[2018-12-07 13:11:22] Epoch 55 step [30|77] lr=0.00024010 acc: 99.84% loss: 0.000072
[2018-12-07 13:11:26] Epoch 55 step [40|77] lr=0.00024010 acc: 100.00% loss: 0.000054
[2018-12-07 13:11:31] Epoch 55 step [50|77] lr=0.00024010 acc: 100.00% loss: 0.000043
[2018-12-07 13:11:37] Epoch 55 step [60|77] lr=0.00024010 acc: 100.00% loss: 0.000018
[2018-12-07 13:11:45] Epoch 55 step [70|77] lr=0.00024010 acc: 100.00% loss: 0.000040
dev acc: 89.73% loss: 0.005193
test acc: 88.17% loss: 0.006134
not improved, best test acc: 88.39%, in epoch 29
[2018-12-07 13:11:56] Epoch 56 step [10|77] lr=0.00024010 acc: 99.84% loss: 0.000090
[2018-12-07 13:11:59] Epoch 56 step [20|77] lr=0.00024010 acc: 100.00% loss: 0.000026
[2018-12-07 13:12:02] Epoch 56 step [30|77] lr=0.00024010 acc: 99.84% loss: 0.000080
[2018-12-07 13:12:06] Epoch 56 step [40|77] lr=0.00024010 acc: 100.00% loss: 0.000047
[2018-12-07 13:12:11] Epoch 56 step [50|77] lr=0.00024010 acc: 100.00% loss: 0.000029
[2018-12-07 13:12:17] Epoch 56 step [60|77] lr=0.00024010 acc: 100.00% loss: 0.000023
[2018-12-07 13:12:24] Epoch 56 step [70|77] lr=0.00024010 acc: 100.00% loss: 0.000026
dev acc: 90.62% loss: 0.005099
test acc: 87.50% loss: 0.006284
not improved, best test acc: 88.39%, in epoch 29
[2018-12-07 13:12:36] Epoch 57 step [10|77] lr=0.00024010 acc: 100.00% loss: 0.000063
[2018-12-07 13:12:39] Epoch 57 step [20|77] lr=0.00024010 acc: 99.84% loss: 0.000054
[2018-12-07 13:12:42] Epoch 57 step [30|77] lr=0.00024010 acc: 100.00% loss: 0.000029
[2018-12-07 13:12:46] Epoch 57 step [40|77] lr=0.00024010 acc: 100.00% loss: 0.000030
[2018-12-07 13:12:52] Epoch 57 step [50|77] lr=0.00024010 acc: 99.84% loss: 0.000151
[2018-12-07 13:12:57] Epoch 57 step [60|77] lr=0.00024010 acc: 100.00% loss: 0.000033
[2018-12-07 13:13:05] Epoch 57 step [70|77] lr=0.00024010 acc: 100.00% loss: 0.000038
dev acc: 89.73% loss: 0.005243
test acc: 88.39% loss: 0.006169
not improved, best test acc: 88.39%, in epoch 29
[2018-12-07 13:13:16] Epoch 58 step [10|77] lr=0.00024010 acc: 99.84% loss: 0.000152
[2018-12-07 13:13:19] Epoch 58 step [20|77] lr=0.00024010 acc: 100.00% loss: 0.000045
[2018-12-07 13:13:23] Epoch 58 step [30|77] lr=0.00024010 acc: 100.00% loss: 0.000042
[2018-12-07 13:13:27] Epoch 58 step [40|77] lr=0.00024010 acc: 99.84% loss: 0.000178
[2018-12-07 13:13:32] Epoch 58 step [50|77] lr=0.00024010 acc: 99.84% loss: 0.000062
[2018-12-07 13:13:38] Epoch 58 step [60|77] lr=0.00024010 acc: 100.00% loss: 0.000034
[2018-12-07 13:13:46] Epoch 58 step [70|77] lr=0.00024010 acc: 100.00% loss: 0.000032
dev acc: 89.96% loss: 0.005258
test acc: 87.95% loss: 0.006159
not improved, best test acc: 88.39%, in epoch 29
[2018-12-07 13:13:58] Epoch 59 step [10|77] lr=0.00024010 acc: 99.84% loss: 0.000073
[2018-12-07 13:14:01] Epoch 59 step [20|77] lr=0.00024010 acc: 100.00% loss: 0.000081
[2018-12-07 13:14:04] Epoch 59 step [30|77] lr=0.00024010 acc: 100.00% loss: 0.000036
[2018-12-07 13:14:08] Epoch 59 step [40|77] lr=0.00024010 acc: 100.00% loss: 0.000027
[2018-12-07 13:14:13] Epoch 59 step [50|77] lr=0.00024010 acc: 100.00% loss: 0.000046
[2018-12-07 13:14:19] Epoch 59 step [60|77] lr=0.00024010 acc: 100.00% loss: 0.000059
[2018-12-07 13:14:27] Epoch 59 step [70|77] lr=0.00024010 acc: 99.53% loss: 0.000145
dev acc: 89.73% loss: 0.005290
test acc: 88.39% loss: 0.006076
not improved, best test acc: 88.39%, in epoch 29
32 epoch have not improved, so adjust lr to 0.00016806999999999998
[2018-12-07 13:14:39] Epoch 60 step [10|77] lr=0.00016807 acc: 100.00% loss: 0.000068
[2018-12-07 13:14:42] Epoch 60 step [20|77] lr=0.00016807 acc: 100.00% loss: 0.000055
[2018-12-07 13:14:45] Epoch 60 step [30|77] lr=0.00016807 acc: 100.00% loss: 0.000046
[2018-12-07 13:14:49] Epoch 60 step [40|77] lr=0.00016807 acc: 99.84% loss: 0.000054
[2018-12-07 13:14:54] Epoch 60 step [50|77] lr=0.00016807 acc: 100.00% loss: 0.000048
[2018-12-07 13:15:00] Epoch 60 step [60|77] lr=0.00016807 acc: 99.84% loss: 0.000046
[2018-12-07 13:15:08] Epoch 60 step [70|77] lr=0.00016807 acc: 100.00% loss: 0.000017
dev acc: 90.85% loss: 0.005147
test acc: 87.95% loss: 0.006198
not improved, best test acc: 88.39%, in epoch 29
[2018-12-07 13:15:19] Epoch 61 step [10|77] lr=0.00016807 acc: 100.00% loss: 0.000054
[2018-12-07 13:15:22] Epoch 61 step [20|77] lr=0.00016807 acc: 99.69% loss: 0.000064
[2018-12-07 13:15:26] Epoch 61 step [30|77] lr=0.00016807 acc: 100.00% loss: 0.000040
[2018-12-07 13:15:30] Epoch 61 step [40|77] lr=0.00016807 acc: 100.00% loss: 0.000049
[2018-12-07 13:15:34] Epoch 61 step [50|77] lr=0.00016807 acc: 100.00% loss: 0.000045
[2018-12-07 13:15:40] Epoch 61 step [60|77] lr=0.00016807 acc: 100.00% loss: 0.000037
[2018-12-07 13:15:48] Epoch 61 step [70|77] lr=0.00016807 acc: 100.00% loss: 0.000044
dev acc: 90.40% loss: 0.005122
test acc: 87.72% loss: 0.006185
not improved, best test acc: 88.39%, in epoch 29
[2018-12-07 13:15:59] Epoch 62 step [10|77] lr=0.00016807 acc: 99.84% loss: 0.000073
[2018-12-07 13:16:02] Epoch 62 step [20|77] lr=0.00016807 acc: 100.00% loss: 0.000035
[2018-12-07 13:16:05] Epoch 62 step [30|77] lr=0.00016807 acc: 100.00% loss: 0.000051
[2018-12-07 13:16:09] Epoch 62 step [40|77] lr=0.00016807 acc: 100.00% loss: 0.000043
[2018-12-07 13:16:14] Epoch 62 step [50|77] lr=0.00016807 acc: 100.00% loss: 0.000039
[2018-12-07 13:16:20] Epoch 62 step [60|77] lr=0.00016807 acc: 100.00% loss: 0.000021
[2018-12-07 13:16:28] Epoch 62 step [70|77] lr=0.00016807 acc: 99.69% loss: 0.000131
dev acc: 89.73% loss: 0.005277
test acc: 87.95% loss: 0.006284
not improved, best test acc: 88.39%, in epoch 29
[2018-12-07 13:16:39] Epoch 63 step [10|77] lr=0.00016807 acc: 99.84% loss: 0.000070
[2018-12-07 13:16:42] Epoch 63 step [20|77] lr=0.00016807 acc: 100.00% loss: 0.000042
[2018-12-07 13:16:45] Epoch 63 step [30|77] lr=0.00016807 acc: 100.00% loss: 0.000059
[2018-12-07 13:16:49] Epoch 63 step [40|77] lr=0.00016807 acc: 100.00% loss: 0.000031
[2018-12-07 13:16:54] Epoch 63 step [50|77] lr=0.00016807 acc: 100.00% loss: 0.000074
[2018-12-07 13:17:00] Epoch 63 step [60|77] lr=0.00016807 acc: 100.00% loss: 0.000024
[2018-12-07 13:17:08] Epoch 63 step [70|77] lr=0.00016807 acc: 100.00% loss: 0.000013
dev acc: 89.73% loss: 0.005263
test acc: 87.50% loss: 0.006333
not improved, best test acc: 88.39%, in epoch 29
[2018-12-07 13:17:19] Epoch 64 step [10|77] lr=0.00016807 acc: 100.00% loss: 0.000033
[2018-12-07 13:17:22] Epoch 64 step [20|77] lr=0.00016807 acc: 100.00% loss: 0.000026
[2018-12-07 13:17:26] Epoch 64 step [30|77] lr=0.00016807 acc: 100.00% loss: 0.000045
[2018-12-07 13:17:30] Epoch 64 step [40|77] lr=0.00016807 acc: 100.00% loss: 0.000038
[2018-12-07 13:17:35] Epoch 64 step [50|77] lr=0.00016807 acc: 99.69% loss: 0.000059
[2018-12-07 13:17:41] Epoch 64 step [60|77] lr=0.00016807 acc: 100.00% loss: 0.000031
[2018-12-07 13:17:49] Epoch 64 step [70|77] lr=0.00016807 acc: 100.00% loss: 0.000036
dev acc: 90.18% loss: 0.005235
test acc: 87.95% loss: 0.006263
not improved, best test acc: 88.39%, in epoch 29
[2018-12-07 13:18:00] Epoch 65 step [10|77] lr=0.00016807 acc: 100.00% loss: 0.000037
[2018-12-07 13:18:03] Epoch 65 step [20|77] lr=0.00016807 acc: 99.84% loss: 0.000113
[2018-12-07 13:18:06] Epoch 65 step [30|77] lr=0.00016807 acc: 100.00% loss: 0.000049
[2018-12-07 13:18:11] Epoch 65 step [40|77] lr=0.00016807 acc: 100.00% loss: 0.000040
[2018-12-07 13:18:16] Epoch 65 step [50|77] lr=0.00016807 acc: 99.84% loss: 0.000038
[2018-12-07 13:18:22] Epoch 65 step [60|77] lr=0.00016807 acc: 99.69% loss: 0.000118
[2018-12-07 13:18:29] Epoch 65 step [70|77] lr=0.00016807 acc: 99.84% loss: 0.000041
dev acc: 89.51% loss: 0.005363
test acc: 87.95% loss: 0.006290
not improved, best test acc: 88.39%, in epoch 29
[2018-12-07 13:18:42] Epoch 66 step [10|77] lr=0.00016807 acc: 100.00% loss: 0.000079
[2018-12-07 13:18:44] Epoch 66 step [20|77] lr=0.00016807 acc: 100.00% loss: 0.000035
[2018-12-07 13:18:48] Epoch 66 step [30|77] lr=0.00016807 acc: 100.00% loss: 0.000053
[2018-12-07 13:18:52] Epoch 66 step [40|77] lr=0.00016807 acc: 100.00% loss: 0.000031
[2018-12-07 13:18:57] Epoch 66 step [50|77] lr=0.00016807 acc: 100.00% loss: 0.000014
[2018-12-07 13:19:03] Epoch 66 step [60|77] lr=0.00016807 acc: 99.84% loss: 0.000042
[2018-12-07 13:19:11] Epoch 66 step [70|77] lr=0.00016807 acc: 100.00% loss: 0.000015
dev acc: 89.73% loss: 0.005251
test acc: 87.28% loss: 0.006174
not improved, best test acc: 88.39%, in epoch 29
[2018-12-07 13:19:22] Epoch 67 step [10|77] lr=0.00016807 acc: 100.00% loss: 0.000055
[2018-12-07 13:19:25] Epoch 67 step [20|77] lr=0.00016807 acc: 100.00% loss: 0.000053
[2018-12-07 13:19:28] Epoch 67 step [30|77] lr=0.00016807 acc: 99.84% loss: 0.000061
[2018-12-07 13:19:32] Epoch 67 step [40|77] lr=0.00016807 acc: 99.84% loss: 0.000089
[2018-12-07 13:19:37] Epoch 67 step [50|77] lr=0.00016807 acc: 99.84% loss: 0.000075
[2018-12-07 13:19:42] Epoch 67 step [60|77] lr=0.00016807 acc: 99.84% loss: 0.000052
[2018-12-07 13:19:50] Epoch 67 step [70|77] lr=0.00016807 acc: 100.00% loss: 0.000014
dev acc: 89.51% loss: 0.005321
test acc: 88.39% loss: 0.005980
not improved, best test acc: 88.39%, in epoch 29
40 epoch have not improved, so adjust lr to 0.00011764899999999998
[2018-12-07 13:20:02] Epoch 68 step [10|77] lr=0.00011765 acc: 100.00% loss: 0.000031
[2018-12-07 13:20:04] Epoch 68 step [20|77] lr=0.00011765 acc: 100.00% loss: 0.000025
[2018-12-07 13:20:08] Epoch 68 step [30|77] lr=0.00011765 acc: 100.00% loss: 0.000050
[2018-12-07 13:20:12] Epoch 68 step [40|77] lr=0.00011765 acc: 100.00% loss: 0.000032
[2018-12-07 13:20:17] Epoch 68 step [50|77] lr=0.00011765 acc: 100.00% loss: 0.000021
[2018-12-07 13:20:22] Epoch 68 step [60|77] lr=0.00011765 acc: 100.00% loss: 0.000027
[2018-12-07 13:20:30] Epoch 68 step [70|77] lr=0.00011765 acc: 100.00% loss: 0.000012
dev acc: 89.51% loss: 0.005346
test acc: 88.62% loss: 0.006033
not improved, best test acc: 88.39%, in epoch 29
[2018-12-07 13:20:41] Epoch 69 step [10|77] lr=0.00011765 acc: 100.00% loss: 0.000050
[2018-12-07 13:20:44] Epoch 69 step [20|77] lr=0.00011765 acc: 99.69% loss: 0.000072
[2018-12-07 13:20:48] Epoch 69 step [30|77] lr=0.00011765 acc: 100.00% loss: 0.000037
[2018-12-07 13:20:52] Epoch 69 step [40|77] lr=0.00011765 acc: 100.00% loss: 0.000036
[2018-12-07 13:20:57] Epoch 69 step [50|77] lr=0.00011765 acc: 99.84% loss: 0.000052
[2018-12-07 13:21:04] Epoch 69 step [60|77] lr=0.00011765 acc: 100.00% loss: 0.000027
[2018-12-07 13:21:13] Epoch 69 step [70|77] lr=0.00011765 acc: 100.00% loss: 0.000014
dev acc: 89.96% loss: 0.005267
test acc: 88.17% loss: 0.006088
not improved, best test acc: 88.39%, in epoch 29
[2018-12-07 13:21:27] Epoch 70 step [10|77] lr=0.00011765 acc: 99.69% loss: 0.000115
[2018-12-07 13:21:30] Epoch 70 step [20|77] lr=0.00011765 acc: 100.00% loss: 0.000030
[2018-12-07 13:21:35] Epoch 70 step [30|77] lr=0.00011765 acc: 100.00% loss: 0.000026
[2018-12-07 13:21:40] Epoch 70 step [40|77] lr=0.00011765 acc: 99.84% loss: 0.000056
[2018-12-07 13:21:46] Epoch 70 step [50|77] lr=0.00011765 acc: 100.00% loss: 0.000035
[2018-12-07 13:21:53] Epoch 70 step [60|77] lr=0.00011765 acc: 100.00% loss: 0.000036
[2018-12-07 13:22:01] Epoch 70 step [70|77] lr=0.00011765 acc: 100.00% loss: 0.000014
dev acc: 89.73% loss: 0.005273
test acc: 88.17% loss: 0.006043
not improved, best test acc: 88.39%, in epoch 29
[2018-12-07 13:22:15] Epoch 71 step [10|77] lr=0.00011765 acc: 100.00% loss: 0.000048
[2018-12-07 13:22:19] Epoch 71 step [20|77] lr=0.00011765 acc: 100.00% loss: 0.000026
[2018-12-07 13:22:23] Epoch 71 step [30|77] lr=0.00011765 acc: 99.84% loss: 0.000061
[2018-12-07 13:22:28] Epoch 71 step [40|77] lr=0.00011765 acc: 100.00% loss: 0.000042
[2018-12-07 13:22:34] Epoch 71 step [50|77] lr=0.00011765 acc: 100.00% loss: 0.000023
[2018-12-07 13:22:41] Epoch 71 step [60|77] lr=0.00011765 acc: 100.00% loss: 0.000023
[2018-12-07 13:22:50] Epoch 71 step [70|77] lr=0.00011765 acc: 99.84% loss: 0.000049
dev acc: 90.40% loss: 0.005237
test acc: 87.72% loss: 0.006119
not improved, best test acc: 88.39%, in epoch 29
[2018-12-07 13:23:03] Epoch 72 step [10|77] lr=0.00011765 acc: 99.84% loss: 0.000072
[2018-12-07 13:23:07] Epoch 72 step [20|77] lr=0.00011765 acc: 100.00% loss: 0.000043
[2018-12-07 13:23:11] Epoch 72 step [30|77] lr=0.00011765 acc: 100.00% loss: 0.000034
[2018-12-07 13:23:16] Epoch 72 step [40|77] lr=0.00011765 acc: 99.84% loss: 0.000088
[2018-12-07 13:23:22] Epoch 72 step [50|77] lr=0.00011765 acc: 99.84% loss: 0.000101
[2018-12-07 13:23:29] Epoch 72 step [60|77] lr=0.00011765 acc: 100.00% loss: 0.000016
[2018-12-07 13:23:37] Epoch 72 step [70|77] lr=0.00011765 acc: 100.00% loss: 0.000014
dev acc: 90.40% loss: 0.005294
test acc: 87.72% loss: 0.006064
not improved, best test acc: 88.39%, in epoch 29
[2018-12-07 13:23:51] Epoch 73 step [10|77] lr=0.00011765 acc: 99.84% loss: 0.000067
[2018-12-07 13:23:54] Epoch 73 step [20|77] lr=0.00011765 acc: 100.00% loss: 0.000045
[2018-12-07 13:23:58] Epoch 73 step [30|77] lr=0.00011765 acc: 99.84% loss: 0.000073
[2018-12-07 13:24:03] Epoch 73 step [40|77] lr=0.00011765 acc: 100.00% loss: 0.000038
[2018-12-07 13:24:09] Epoch 73 step [50|77] lr=0.00011765 acc: 99.84% loss: 0.000064
[2018-12-07 13:24:16] Epoch 73 step [60|77] lr=0.00011765 acc: 99.84% loss: 0.000066
[2018-12-07 13:24:24] Epoch 73 step [70|77] lr=0.00011765 acc: 100.00% loss: 0.000025
dev acc: 89.96% loss: 0.005278
test acc: 87.50% loss: 0.006171
not improved, best test acc: 88.39%, in epoch 29
[2018-12-07 13:24:38] Epoch 74 step [10|77] lr=0.00011765 acc: 99.84% loss: 0.000114
[2018-12-07 13:24:41] Epoch 74 step [20|77] lr=0.00011765 acc: 100.00% loss: 0.000020
[2018-12-07 13:24:46] Epoch 74 step [30|77] lr=0.00011765 acc: 99.84% loss: 0.000074
[2018-12-07 13:24:51] Epoch 74 step [40|77] lr=0.00011765 acc: 100.00% loss: 0.000048
[2018-12-07 13:24:57] Epoch 74 step [50|77] lr=0.00011765 acc: 99.69% loss: 0.000078
[2018-12-07 13:25:03] Epoch 74 step [60|77] lr=0.00011765 acc: 100.00% loss: 0.000028
[2018-12-07 13:25:12] Epoch 74 step [70|77] lr=0.00011765 acc: 100.00% loss: 0.000041
dev acc: 90.18% loss: 0.005267
test acc: 87.95% loss: 0.006106
not improved, best test acc: 88.39%, in epoch 29
[2018-12-07 13:25:25] Epoch 75 step [10|77] lr=0.00011765 acc: 100.00% loss: 0.000053
[2018-12-07 13:25:28] Epoch 75 step [20|77] lr=0.00011765 acc: 99.69% loss: 0.000129
[2018-12-07 13:25:33] Epoch 75 step [30|77] lr=0.00011765 acc: 99.69% loss: 0.000132
[2018-12-07 13:25:38] Epoch 75 step [40|77] lr=0.00011765 acc: 100.00% loss: 0.000041
[2018-12-07 13:25:44] Epoch 75 step [50|77] lr=0.00011765 acc: 100.00% loss: 0.000019
[2018-12-07 13:25:51] Epoch 75 step [60|77] lr=0.00011765 acc: 100.00% loss: 0.000030
[2018-12-07 13:26:00] Epoch 75 step [70|77] lr=0.00011765 acc: 100.00% loss: 0.000017
dev acc: 89.96% loss: 0.005406
test acc: 88.39% loss: 0.006115
not improved, best test acc: 88.39%, in epoch 29
48 epoch have not improved, so adjust lr to 8.235429999999999e-05
[2018-12-07 13:26:13] Epoch 76 step [10|77] lr=0.00008235 acc: 99.84% loss: 0.000102
[2018-12-07 13:26:17] Epoch 76 step [20|77] lr=0.00008235 acc: 99.84% loss: 0.000047
[2018-12-07 13:26:21] Epoch 76 step [30|77] lr=0.00008235 acc: 100.00% loss: 0.000035
[2018-12-07 13:26:27] Epoch 76 step [40|77] lr=0.00008235 acc: 100.00% loss: 0.000032
[2018-12-07 13:26:33] Epoch 76 step [50|77] lr=0.00008235 acc: 99.84% loss: 0.000049
[2018-12-07 13:26:40] Epoch 76 step [60|77] lr=0.00008235 acc: 100.00% loss: 0.000025
[2018-12-07 13:26:49] Epoch 76 step [70|77] lr=0.00008235 acc: 100.00% loss: 0.000017
dev acc: 90.18% loss: 0.005243
test acc: 88.17% loss: 0.006054
not improved, best test acc: 88.39%, in epoch 29
[2018-12-07 13:27:02] Epoch 77 step [10|77] lr=0.00008235 acc: 100.00% loss: 0.000032
[2018-12-07 13:27:06] Epoch 77 step [20|77] lr=0.00008235 acc: 100.00% loss: 0.000024
[2018-12-07 13:27:10] Epoch 77 step [30|77] lr=0.00008235 acc: 99.84% loss: 0.000059
[2018-12-07 13:27:15] Epoch 77 step [40|77] lr=0.00008235 acc: 100.00% loss: 0.000027
[2018-12-07 13:27:21] Epoch 77 step [50|77] lr=0.00008235 acc: 100.00% loss: 0.000017
[2018-12-07 13:27:28] Epoch 77 step [60|77] lr=0.00008235 acc: 100.00% loss: 0.000020
[2018-12-07 13:27:37] Epoch 77 step [70|77] lr=0.00008235 acc: 100.00% loss: 0.000027
dev acc: 89.73% loss: 0.005279
test acc: 88.17% loss: 0.006063
not improved, best test acc: 88.39%, in epoch 29
[2018-12-07 13:27:50] Epoch 78 step [10|77] lr=0.00008235 acc: 100.00% loss: 0.000035
[2018-12-07 13:27:54] Epoch 78 step [20|77] lr=0.00008235 acc: 100.00% loss: 0.000040
[2018-12-07 13:27:59] Epoch 78 step [30|77] lr=0.00008235 acc: 100.00% loss: 0.000031
[2018-12-07 13:28:04] Epoch 78 step [40|77] lr=0.00008235 acc: 99.84% loss: 0.000035
[2018-12-07 13:28:09] Epoch 78 step [50|77] lr=0.00008235 acc: 100.00% loss: 0.000046
[2018-12-07 13:28:16] Epoch 78 step [60|77] lr=0.00008235 acc: 100.00% loss: 0.000016
[2018-12-07 13:28:25] Epoch 78 step [70|77] lr=0.00008235 acc: 99.84% loss: 0.000049
dev acc: 89.96% loss: 0.005246
test acc: 88.17% loss: 0.006147
not improved, best test acc: 88.39%, in epoch 29
[2018-12-07 13:28:38] Epoch 79 step [10|77] lr=0.00008235 acc: 100.00% loss: 0.000025
[2018-12-07 13:28:42] Epoch 79 step [20|77] lr=0.00008235 acc: 100.00% loss: 0.000026
[2018-12-07 13:28:46] Epoch 79 step [30|77] lr=0.00008235 acc: 100.00% loss: 0.000048
[2018-12-07 13:28:51] Epoch 79 step [40|77] lr=0.00008235 acc: 100.00% loss: 0.000043
[2018-12-07 13:28:57] Epoch 79 step [50|77] lr=0.00008235 acc: 100.00% loss: 0.000023
[2018-12-07 13:29:04] Epoch 79 step [60|77] lr=0.00008235 acc: 100.00% loss: 0.000022
[2018-12-07 13:29:13] Epoch 79 step [70|77] lr=0.00008235 acc: 100.00% loss: 0.000024
dev acc: 90.40% loss: 0.005244
test acc: 88.17% loss: 0.006273
not improved, best test acc: 88.39%, in epoch 29
[2018-12-07 13:29:25] Epoch 80 step [10|77] lr=0.00008235 acc: 100.00% loss: 0.000025
[2018-12-07 13:29:29] Epoch 80 step [20|77] lr=0.00008235 acc: 100.00% loss: 0.000042
[2018-12-07 13:29:33] Epoch 80 step [30|77] lr=0.00008235 acc: 99.84% loss: 0.000062
[2018-12-07 13:29:38] Epoch 80 step [40|77] lr=0.00008235 acc: 100.00% loss: 0.000022
[2018-12-07 13:29:44] Epoch 80 step [50|77] lr=0.00008235 acc: 100.00% loss: 0.000035
[2018-12-07 13:29:51] Epoch 80 step [60|77] lr=0.00008235 acc: 99.69% loss: 0.000071
[2018-12-07 13:30:00] Epoch 80 step [70|77] lr=0.00008235 acc: 100.00% loss: 0.000022
dev acc: 90.40% loss: 0.005263
test acc: 87.50% loss: 0.006272
not improved, best test acc: 88.39%, in epoch 29
[2018-12-07 13:30:13] Epoch 81 step [10|77] lr=0.00008235 acc: 99.84% loss: 0.000078
[2018-12-07 13:30:17] Epoch 81 step [20|77] lr=0.00008235 acc: 99.84% loss: 0.000080
[2018-12-07 13:30:22] Epoch 81 step [30|77] lr=0.00008235 acc: 100.00% loss: 0.000022
[2018-12-07 13:30:27] Epoch 81 step [40|77] lr=0.00008235 acc: 100.00% loss: 0.000022
[2018-12-07 13:30:33] Epoch 81 step [50|77] lr=0.00008235 acc: 99.84% loss: 0.000047
[2018-12-07 13:30:39] Epoch 81 step [60|77] lr=0.00008235 acc: 100.00% loss: 0.000018
[2018-12-07 13:30:48] Epoch 81 step [70|77] lr=0.00008235 acc: 100.00% loss: 0.000013
dev acc: 89.96% loss: 0.005286
test acc: 87.72% loss: 0.006203
not improved, best test acc: 88.39%, in epoch 29
[2018-12-07 13:31:02] Epoch 82 step [10|77] lr=0.00008235 acc: 99.84% loss: 0.000073
[2018-12-07 13:31:05] Epoch 82 step [20|77] lr=0.00008235 acc: 100.00% loss: 0.000043
[2018-12-07 13:31:10] Epoch 82 step [30|77] lr=0.00008235 acc: 100.00% loss: 0.000035
[2018-12-07 13:31:15] Epoch 82 step [40|77] lr=0.00008235 acc: 99.84% loss: 0.000055
[2018-12-07 13:31:21] Epoch 82 step [50|77] lr=0.00008235 acc: 100.00% loss: 0.000029
[2018-12-07 13:31:28] Epoch 82 step [60|77] lr=0.00008235 acc: 100.00% loss: 0.000031
[2018-12-07 13:31:37] Epoch 82 step [70|77] lr=0.00008235 acc: 100.00% loss: 0.000010
dev acc: 90.18% loss: 0.005297
test acc: 87.72% loss: 0.006226
not improved, best test acc: 88.39%, in epoch 29
[2018-12-07 13:31:50] Epoch 83 step [10|77] lr=0.00008235 acc: 100.00% loss: 0.000049
[2018-12-07 13:31:54] Epoch 83 step [20|77] lr=0.00008235 acc: 100.00% loss: 0.000021
[2018-12-07 13:31:59] Epoch 83 step [30|77] lr=0.00008235 acc: 99.84% loss: 0.000048
[2018-12-07 13:32:04] Epoch 83 step [40|77] lr=0.00008235 acc: 100.00% loss: 0.000030
[2018-12-07 13:32:10] Epoch 83 step [50|77] lr=0.00008235 acc: 100.00% loss: 0.000033
[2018-12-07 13:32:17] Epoch 83 step [60|77] lr=0.00008235 acc: 100.00% loss: 0.000027
[2018-12-07 13:32:25] Epoch 83 step [70|77] lr=0.00008235 acc: 100.00% loss: 0.000022
dev acc: 90.18% loss: 0.005296
test acc: 87.72% loss: 0.006291
not improved, best test acc: 88.39%, in epoch 29
56 epoch have not improved, so adjust lr to 5.764800999999999e-05
[2018-12-07 13:32:38] Epoch 84 step [10|77] lr=0.00005765 acc: 99.84% loss: 0.000102
[2018-12-07 13:32:42] Epoch 84 step [20|77] lr=0.00005765 acc: 100.00% loss: 0.000040
[2018-12-07 13:32:46] Epoch 84 step [30|77] lr=0.00005765 acc: 100.00% loss: 0.000026
[2018-12-07 13:32:51] Epoch 84 step [40|77] lr=0.00005765 acc: 100.00% loss: 0.000041
[2018-12-07 13:32:58] Epoch 84 step [50|77] lr=0.00005765 acc: 100.00% loss: 0.000036
[2018-12-07 13:33:05] Epoch 84 step [60|77] lr=0.00005765 acc: 100.00% loss: 0.000031
[2018-12-07 13:33:13] Epoch 84 step [70|77] lr=0.00005765 acc: 100.00% loss: 0.000022
dev acc: 90.18% loss: 0.005319
test acc: 87.50% loss: 0.006260
not improved, best test acc: 88.39%, in epoch 29
[2018-12-07 13:33:27] Epoch 85 step [10|77] lr=0.00005765 acc: 100.00% loss: 0.000060
[2018-12-07 13:33:31] Epoch 85 step [20|77] lr=0.00005765 acc: 100.00% loss: 0.000028
[2018-12-07 13:33:35] Epoch 85 step [30|77] lr=0.00005765 acc: 99.84% loss: 0.000110
[2018-12-07 13:33:40] Epoch 85 step [40|77] lr=0.00005765 acc: 99.84% loss: 0.000062
[2018-12-07 13:33:45] Epoch 85 step [50|77] lr=0.00005765 acc: 100.00% loss: 0.000022
[2018-12-07 13:33:53] Epoch 85 step [60|77] lr=0.00005765 acc: 100.00% loss: 0.000020
[2018-12-07 13:34:01] Epoch 85 step [70|77] lr=0.00005765 acc: 99.84% loss: 0.000052
dev acc: 90.40% loss: 0.005235
test acc: 87.95% loss: 0.006279
not improved, best test acc: 88.39%, in epoch 29
[2018-12-07 13:34:15] Epoch 86 step [10|77] lr=0.00005765 acc: 100.00% loss: 0.000061
[2018-12-07 13:34:19] Epoch 86 step [20|77] lr=0.00005765 acc: 99.84% loss: 0.000056
[2018-12-07 13:34:23] Epoch 86 step [30|77] lr=0.00005765 acc: 99.69% loss: 0.000067
[2018-12-07 13:34:29] Epoch 86 step [40|77] lr=0.00005765 acc: 100.00% loss: 0.000028
[2018-12-07 13:34:34] Epoch 86 step [50|77] lr=0.00005765 acc: 100.00% loss: 0.000034
[2018-12-07 13:34:41] Epoch 86 step [60|77] lr=0.00005765 acc: 100.00% loss: 0.000017
[2018-12-07 13:34:50] Epoch 86 step [70|77] lr=0.00005765 acc: 99.84% loss: 0.000033
dev acc: 89.96% loss: 0.005285
test acc: 87.95% loss: 0.006292
not improved, best test acc: 88.39%, in epoch 29
[2018-12-07 13:35:03] Epoch 87 step [10|77] lr=0.00005765 acc: 100.00% loss: 0.000062
[2018-12-07 13:35:07] Epoch 87 step [20|77] lr=0.00005765 acc: 100.00% loss: 0.000040
[2018-12-07 13:35:12] Epoch 87 step [30|77] lr=0.00005765 acc: 100.00% loss: 0.000016
[2018-12-07 13:35:17] Epoch 87 step [40|77] lr=0.00005765 acc: 100.00% loss: 0.000018
[2018-12-07 13:35:23] Epoch 87 step [50|77] lr=0.00005765 acc: 100.00% loss: 0.000021
[2018-12-07 13:35:30] Epoch 87 step [60|77] lr=0.00005765 acc: 100.00% loss: 0.000043
[2018-12-07 13:35:39] Epoch 87 step [70|77] lr=0.00005765 acc: 100.00% loss: 0.000009
dev acc: 90.18% loss: 0.005247
test acc: 87.72% loss: 0.006268
not improved, best test acc: 88.39%, in epoch 29
[2018-12-07 13:35:52] Epoch 88 step [10|77] lr=0.00005765 acc: 99.84% loss: 0.000062
[2018-12-07 13:35:56] Epoch 88 step [20|77] lr=0.00005765 acc: 100.00% loss: 0.000037
[2018-12-07 13:36:01] Epoch 88 step [30|77] lr=0.00005765 acc: 100.00% loss: 0.000029
[2018-12-07 13:36:06] Epoch 88 step [40|77] lr=0.00005765 acc: 100.00% loss: 0.000027
[2018-12-07 13:36:11] Epoch 88 step [50|77] lr=0.00005765 acc: 100.00% loss: 0.000019
[2018-12-07 13:36:18] Epoch 88 step [60|77] lr=0.00005765 acc: 100.00% loss: 0.000013
[2018-12-07 13:36:27] Epoch 88 step [70|77] lr=0.00005765 acc: 99.84% loss: 0.000059
dev acc: 90.18% loss: 0.005252
test acc: 87.95% loss: 0.006262
not improved, best test acc: 88.39%, in epoch 29
[2018-12-07 13:36:40] Epoch 89 step [10|77] lr=0.00005765 acc: 100.00% loss: 0.000045
[2018-12-07 13:36:42] Epoch 89 step [20|77] lr=0.00005765 acc: 99.84% loss: 0.000061
[2018-12-07 13:36:46] Epoch 89 step [30|77] lr=0.00005765 acc: 100.00% loss: 0.000036
[2018-12-07 13:36:50] Epoch 89 step [40|77] lr=0.00005765 acc: 99.84% loss: 0.000043
[2018-12-07 13:36:55] Epoch 89 step [50|77] lr=0.00005765 acc: 99.84% loss: 0.000052
[2018-12-07 13:37:01] Epoch 89 step [60|77] lr=0.00005765 acc: 100.00% loss: 0.000023
[2018-12-07 13:37:09] Epoch 89 step [70|77] lr=0.00005765 acc: 100.00% loss: 0.000027
dev acc: 90.40% loss: 0.005271
test acc: 87.95% loss: 0.006246
not improved, best test acc: 88.39%, in epoch 29
[2018-12-07 13:37:20] Epoch 90 step [10|77] lr=0.00005765 acc: 99.84% loss: 0.000081
[2018-12-07 13:37:23] Epoch 90 step [20|77] lr=0.00005765 acc: 100.00% loss: 0.000021
[2018-12-07 13:37:26] Epoch 90 step [30|77] lr=0.00005765 acc: 100.00% loss: 0.000033
[2018-12-07 13:37:30] Epoch 90 step [40|77] lr=0.00005765 acc: 100.00% loss: 0.000027
[2018-12-07 13:37:36] Epoch 90 step [50|77] lr=0.00005765 acc: 100.00% loss: 0.000020
[2018-12-07 13:37:42] Epoch 90 step [60|77] lr=0.00005765 acc: 100.00% loss: 0.000035
[2018-12-07 13:37:49] Epoch 90 step [70|77] lr=0.00005765 acc: 100.00% loss: 0.000018
dev acc: 90.40% loss: 0.005253
test acc: 87.72% loss: 0.006235
not improved, best test acc: 88.39%, in epoch 29
[2018-12-07 13:38:01] Epoch 91 step [10|77] lr=0.00005765 acc: 100.00% loss: 0.000042
[2018-12-07 13:38:04] Epoch 91 step [20|77] lr=0.00005765 acc: 100.00% loss: 0.000023
[2018-12-07 13:38:08] Epoch 91 step [30|77] lr=0.00005765 acc: 100.00% loss: 0.000035
[2018-12-07 13:38:12] Epoch 91 step [40|77] lr=0.00005765 acc: 99.84% loss: 0.000069
[2018-12-07 13:38:17] Epoch 91 step [50|77] lr=0.00005765 acc: 100.00% loss: 0.000014
[2018-12-07 13:38:23] Epoch 91 step [60|77] lr=0.00005765 acc: 100.00% loss: 0.000017
[2018-12-07 13:38:31] Epoch 91 step [70|77] lr=0.00005765 acc: 100.00% loss: 0.000025
dev acc: 90.40% loss: 0.005293
test acc: 87.28% loss: 0.006316
not improved, best test acc: 88.39%, in epoch 29
64 epoch have not improved, so adjust lr to 4.035360699999999e-05
[2018-12-07 13:38:44] Epoch 92 step [10|77] lr=0.00004035 acc: 99.84% loss: 0.000058
[2018-12-07 13:38:48] Epoch 92 step [20|77] lr=0.00004035 acc: 100.00% loss: 0.000032
[2018-12-07 13:38:52] Epoch 92 step [30|77] lr=0.00004035 acc: 99.84% loss: 0.000039
[2018-12-07 13:38:57] Epoch 92 step [40|77] lr=0.00004035 acc: 100.00% loss: 0.000020
[2018-12-07 13:39:02] Epoch 92 step [50|77] lr=0.00004035 acc: 100.00% loss: 0.000039
[2018-12-07 13:39:08] Epoch 92 step [60|77] lr=0.00004035 acc: 99.84% loss: 0.000041
[2018-12-07 13:39:16] Epoch 92 step [70|77] lr=0.00004035 acc: 99.84% loss: 0.000109
dev acc: 90.40% loss: 0.005299
test acc: 87.28% loss: 0.006299
not improved, best test acc: 88.39%, in epoch 29
[2018-12-07 13:39:28] Epoch 93 step [10|77] lr=0.00004035 acc: 99.84% loss: 0.000085
[2018-12-07 13:39:31] Epoch 93 step [20|77] lr=0.00004035 acc: 100.00% loss: 0.000033
[2018-12-07 13:39:34] Epoch 93 step [30|77] lr=0.00004035 acc: 100.00% loss: 0.000020
[2018-12-07 13:39:38] Epoch 93 step [40|77] lr=0.00004035 acc: 100.00% loss: 0.000018
[2018-12-07 13:39:43] Epoch 93 step [50|77] lr=0.00004035 acc: 100.00% loss: 0.000022
[2018-12-07 13:39:49] Epoch 93 step [60|77] lr=0.00004035 acc: 100.00% loss: 0.000016
[2018-12-07 13:39:57] Epoch 93 step [70|77] lr=0.00004035 acc: 100.00% loss: 0.000033
dev acc: 90.18% loss: 0.005297
test acc: 87.50% loss: 0.006238
not improved, best test acc: 88.39%, in epoch 29
[2018-12-07 13:40:09] Epoch 94 step [10|77] lr=0.00004035 acc: 100.00% loss: 0.000036
[2018-12-07 13:40:11] Epoch 94 step [20|77] lr=0.00004035 acc: 100.00% loss: 0.000037
[2018-12-07 13:40:15] Epoch 94 step [30|77] lr=0.00004035 acc: 99.84% loss: 0.000055
[2018-12-07 13:40:19] Epoch 94 step [40|77] lr=0.00004035 acc: 100.00% loss: 0.000035
[2018-12-07 13:40:24] Epoch 94 step [50|77] lr=0.00004035 acc: 100.00% loss: 0.000026
[2018-12-07 13:40:30] Epoch 94 step [60|77] lr=0.00004035 acc: 99.84% loss: 0.000037
[2018-12-07 13:40:38] Epoch 94 step [70|77] lr=0.00004035 acc: 100.00% loss: 0.000021
dev acc: 90.18% loss: 0.005265
test acc: 87.72% loss: 0.006211
not improved, best test acc: 88.39%, in epoch 29
[2018-12-07 13:40:50] Epoch 95 step [10|77] lr=0.00004035 acc: 100.00% loss: 0.000036
[2018-12-07 13:40:53] Epoch 95 step [20|77] lr=0.00004035 acc: 100.00% loss: 0.000020
[2018-12-07 13:40:56] Epoch 95 step [30|77] lr=0.00004035 acc: 99.84% loss: 0.000071
[2018-12-07 13:41:00] Epoch 95 step [40|77] lr=0.00004035 acc: 99.84% loss: 0.000043
[2018-12-07 13:41:05] Epoch 95 step [50|77] lr=0.00004035 acc: 100.00% loss: 0.000028
[2018-12-07 13:41:11] Epoch 95 step [60|77] lr=0.00004035 acc: 100.00% loss: 0.000040
[2018-12-07 13:41:18] Epoch 95 step [70|77] lr=0.00004035 acc: 100.00% loss: 0.000033
dev acc: 90.18% loss: 0.005312
test acc: 87.72% loss: 0.006216
not improved, best test acc: 88.39%, in epoch 29
[2018-12-07 13:41:30] Epoch 96 step [10|77] lr=0.00004035 acc: 99.84% loss: 0.000063
[2018-12-07 13:41:34] Epoch 96 step [20|77] lr=0.00004035 acc: 100.00% loss: 0.000031
[2018-12-07 13:41:38] Epoch 96 step [30|77] lr=0.00004035 acc: 99.84% loss: 0.000050
[2018-12-07 13:41:42] Epoch 96 step [40|77] lr=0.00004035 acc: 100.00% loss: 0.000029
[2018-12-07 13:41:48] Epoch 96 step [50|77] lr=0.00004035 acc: 100.00% loss: 0.000014
[2018-12-07 13:41:53] Epoch 96 step [60|77] lr=0.00004035 acc: 100.00% loss: 0.000014
[2018-12-07 13:42:01] Epoch 96 step [70|77] lr=0.00004035 acc: 99.84% loss: 0.000053
dev acc: 90.40% loss: 0.005308
test acc: 87.50% loss: 0.006235
not improved, best test acc: 88.39%, in epoch 29
[2018-12-07 13:42:13] Epoch 97 step [10|77] lr=0.00004035 acc: 99.53% loss: 0.000157
[2018-12-07 13:42:16] Epoch 97 step [20|77] lr=0.00004035 acc: 100.00% loss: 0.000029
[2018-12-07 13:42:19] Epoch 97 step [30|77] lr=0.00004035 acc: 100.00% loss: 0.000032
[2018-12-07 13:42:23] Epoch 97 step [40|77] lr=0.00004035 acc: 100.00% loss: 0.000032
[2018-12-07 13:42:28] Epoch 97 step [50|77] lr=0.00004035 acc: 100.00% loss: 0.000015
[2018-12-07 13:42:34] Epoch 97 step [60|77] lr=0.00004035 acc: 100.00% loss: 0.000027
[2018-12-07 13:42:41] Epoch 97 step [70|77] lr=0.00004035 acc: 100.00% loss: 0.000007
dev acc: 90.18% loss: 0.005283
test acc: 87.72% loss: 0.006241
not improved, best test acc: 88.39%, in epoch 29
[2018-12-07 13:42:53] Epoch 98 step [10|77] lr=0.00004035 acc: 100.00% loss: 0.000069
[2018-12-07 13:42:56] Epoch 98 step [20|77] lr=0.00004035 acc: 100.00% loss: 0.000035
[2018-12-07 13:43:00] Epoch 98 step [30|77] lr=0.00004035 acc: 99.84% loss: 0.000038
[2018-12-07 13:43:04] Epoch 98 step [40|77] lr=0.00004035 acc: 100.00% loss: 0.000031
[2018-12-07 13:43:09] Epoch 98 step [50|77] lr=0.00004035 acc: 99.84% loss: 0.000051
[2018-12-07 13:43:15] Epoch 98 step [60|77] lr=0.00004035 acc: 100.00% loss: 0.000007
[2018-12-07 13:43:23] Epoch 98 step [70|77] lr=0.00004035 acc: 100.00% loss: 0.000014
dev acc: 90.18% loss: 0.005267
test acc: 87.50% loss: 0.006220
not improved, best test acc: 88.39%, in epoch 29
[2018-12-07 13:43:34] Epoch 99 step [10|77] lr=0.00004035 acc: 99.84% loss: 0.000061
[2018-12-07 13:43:37] Epoch 99 step [20|77] lr=0.00004035 acc: 100.00% loss: 0.000029
[2018-12-07 13:43:41] Epoch 99 step [30|77] lr=0.00004035 acc: 100.00% loss: 0.000035
[2018-12-07 13:43:45] Epoch 99 step [40|77] lr=0.00004035 acc: 100.00% loss: 0.000044
[2018-12-07 13:43:49] Epoch 99 step [50|77] lr=0.00004035 acc: 100.00% loss: 0.000025
[2018-12-07 13:43:55] Epoch 99 step [60|77] lr=0.00004035 acc: 99.84% loss: 0.000056
[2018-12-07 13:44:03] Epoch 99 step [70|77] lr=0.00004035 acc: 100.00% loss: 0.000021
dev acc: 90.40% loss: 0.005262
test acc: 88.17% loss: 0.006164
not improved, best test acc: 88.39%, in epoch 29
72 epoch have not improved, so adjust lr to 2.8247524899999994e-05
