data_dir=trec_processed_data

----batch----
train_batch_size=64
train_batch_type=normal
dev_batch_size=64
dev_batch_type=normal
test_batch_size=64
test_batch_type=normal
shuffer=True
sort=True

----embedding----
embed_size=100
char_embed_size=50
embed_uniform_init=0.0
pre_embed_path=/home/zrr/projects/Data/glove.6B/glove.6B.100d.txt

----model----
model=treelstm
save_model_dir=save_models
save_model_every=1
save_model_start_from=0
hidden_num=1
hidden_size=100
bidirectional=True
dropout=0.35

----optimizer----
lr=0.001
optim=adam
weight_decay=1e-08
momentum=0.9
early_stop=9999999

----train----
epoch=100
print_every=10

----GPU----
gpu_device=0
use_cuda=False

----seed----
gpu_seed=23
seed=23

----log----
log_dir=log
log_fname=treelstm.trec.log

[2018-12-07 09:42:30] Epoch 0 step [10|77] lr=0.00100000 acc: 35.31% loss: 0.030669
[2018-12-07 09:42:33] Epoch 0 step [20|77] lr=0.00100000 acc: 22.81% loss: 0.029273
[2018-12-07 09:42:37] Epoch 0 step [30|77] lr=0.00100000 acc: 23.12% loss: 0.026691
[2018-12-07 09:42:41] Epoch 0 step [40|77] lr=0.00100000 acc: 34.06% loss: 0.024365
[2018-12-07 09:42:47] Epoch 0 step [50|77] lr=0.00100000 acc: 42.34% loss: 0.023778
[2018-12-07 09:42:53] Epoch 0 step [60|77] lr=0.00100000 acc: 42.03% loss: 0.022425
[2018-12-07 09:43:00] Epoch 0 step [70|77] lr=0.00100000 acc: 47.19% loss: 0.021758
dev acc: 49.78% loss: 0.022293
test acc: 57.37% loss: 0.023313
model saved succeed in save_models/2018-12-07-09-43-08-treelstm-model_epoch_0.pt
Update! best test acc: 57.37%
[2018-12-07 09:43:09] Epoch 1 step [10|77] lr=0.00100000 acc: 49.38% loss: 0.023699
[2018-12-07 09:43:12] Epoch 1 step [20|77] lr=0.00100000 acc: 39.06% loss: 0.022254
[2018-12-07 09:43:15] Epoch 1 step [30|77] lr=0.00100000 acc: 54.06% loss: 0.018888
[2018-12-07 09:43:18] Epoch 1 step [40|77] lr=0.00100000 acc: 51.88% loss: 0.018432
[2018-12-07 09:43:23] Epoch 1 step [50|77] lr=0.00100000 acc: 60.47% loss: 0.017069
[2018-12-07 09:43:29] Epoch 1 step [60|77] lr=0.00100000 acc: 57.03% loss: 0.016758
[2018-12-07 09:43:36] Epoch 1 step [70|77] lr=0.00100000 acc: 59.38% loss: 0.016776
dev acc: 67.86% loss: 0.017337
test acc: 70.76% loss: 0.018347
model saved succeed in save_models/2018-12-07-09-43-44-treelstm-model_epoch_1.pt
Update! best test acc: 70.76%
[2018-12-07 09:43:45] Epoch 2 step [10|77] lr=0.00100000 acc: 62.66% loss: 0.018998
[2018-12-07 09:43:48] Epoch 2 step [20|77] lr=0.00100000 acc: 52.34% loss: 0.017078
[2018-12-07 09:43:51] Epoch 2 step [30|77] lr=0.00100000 acc: 68.28% loss: 0.013808
[2018-12-07 09:43:56] Epoch 2 step [40|77] lr=0.00100000 acc: 68.59% loss: 0.012906
[2018-12-07 09:44:00] Epoch 2 step [50|77] lr=0.00100000 acc: 71.25% loss: 0.012671
[2018-12-07 09:44:07] Epoch 2 step [60|77] lr=0.00100000 acc: 72.34% loss: 0.011942
[2018-12-07 09:44:14] Epoch 2 step [70|77] lr=0.00100000 acc: 70.94% loss: 0.012324
dev acc: 74.11% loss: 0.013118
test acc: 81.47% loss: 0.014376
model saved succeed in save_models/2018-12-07-09-44-23-treelstm-model_epoch_2.pt
Update! best test acc: 81.47%
[2018-12-07 09:44:24] Epoch 3 step [10|77] lr=0.00100000 acc: 75.47% loss: 0.014340
[2018-12-07 09:44:27] Epoch 3 step [20|77] lr=0.00100000 acc: 73.12% loss: 0.011933
[2018-12-07 09:44:30] Epoch 3 step [30|77] lr=0.00100000 acc: 79.69% loss: 0.009839
[2018-12-07 09:44:34] Epoch 3 step [40|77] lr=0.00100000 acc: 78.75% loss: 0.009350
[2018-12-07 09:44:39] Epoch 3 step [50|77] lr=0.00100000 acc: 79.22% loss: 0.009033
[2018-12-07 09:44:44] Epoch 3 step [60|77] lr=0.00100000 acc: 78.44% loss: 0.008484
[2018-12-07 09:44:51] Epoch 3 step [70|77] lr=0.00100000 acc: 79.53% loss: 0.008535
dev acc: 79.69% loss: 0.010130
test acc: 85.04% loss: 0.010981
model saved succeed in save_models/2018-12-07-09-44-59-treelstm-model_epoch_3.pt
Update! best test acc: 85.04%
[2018-12-07 09:45:00] Epoch 4 step [10|77] lr=0.00100000 acc: 82.50% loss: 0.009883
[2018-12-07 09:45:03] Epoch 4 step [20|77] lr=0.00100000 acc: 80.78% loss: 0.008754
[2018-12-07 09:45:06] Epoch 4 step [30|77] lr=0.00100000 acc: 84.06% loss: 0.007366
[2018-12-07 09:45:09] Epoch 4 step [40|77] lr=0.00100000 acc: 84.69% loss: 0.006981
[2018-12-07 09:45:13] Epoch 4 step [50|77] lr=0.00100000 acc: 83.91% loss: 0.006811
[2018-12-07 09:45:18] Epoch 4 step [60|77] lr=0.00100000 acc: 84.38% loss: 0.006925
[2018-12-07 09:45:24] Epoch 4 step [70|77] lr=0.00100000 acc: 84.84% loss: 0.006799
dev acc: 83.26% loss: 0.008647
test acc: 87.50% loss: 0.009004
model saved succeed in save_models/2018-12-07-09-45-33-treelstm-model_epoch_4.pt
Update! best test acc: 87.50%
[2018-12-07 09:45:35] Epoch 5 step [10|77] lr=0.00100000 acc: 85.16% loss: 0.007794
[2018-12-07 09:45:38] Epoch 5 step [20|77] lr=0.00100000 acc: 83.12% loss: 0.007201
[2018-12-07 09:45:41] Epoch 5 step [30|77] lr=0.00100000 acc: 86.41% loss: 0.005979
[2018-12-07 09:45:45] Epoch 5 step [40|77] lr=0.00100000 acc: 87.34% loss: 0.005594
[2018-12-07 09:45:50] Epoch 5 step [50|77] lr=0.00100000 acc: 89.22% loss: 0.005250
[2018-12-07 09:45:54] Epoch 5 step [60|77] lr=0.00100000 acc: 88.75% loss: 0.004969
[2018-12-07 09:46:01] Epoch 5 step [70|77] lr=0.00100000 acc: 86.72% loss: 0.005243
dev acc: 83.48% loss: 0.007385
test acc: 89.29% loss: 0.007726
model saved succeed in save_models/2018-12-07-09-46-08-treelstm-model_epoch_5.pt
Update! best test acc: 89.29%
[2018-12-07 09:46:10] Epoch 6 step [10|77] lr=0.00100000 acc: 88.12% loss: 0.006242
[2018-12-07 09:46:12] Epoch 6 step [20|77] lr=0.00100000 acc: 88.44% loss: 0.005447
[2018-12-07 09:46:15] Epoch 6 step [30|77] lr=0.00100000 acc: 88.75% loss: 0.004656
[2018-12-07 09:46:19] Epoch 6 step [40|77] lr=0.00100000 acc: 90.47% loss: 0.004204
[2018-12-07 09:46:23] Epoch 6 step [50|77] lr=0.00100000 acc: 91.09% loss: 0.004097
[2018-12-07 09:46:28] Epoch 6 step [60|77] lr=0.00100000 acc: 90.78% loss: 0.003749
[2018-12-07 09:46:34] Epoch 6 step [70|77] lr=0.00100000 acc: 91.25% loss: 0.004017
dev acc: 86.38% loss: 0.006585
test acc: 90.62% loss: 0.006792
model saved succeed in save_models/2018-12-07-09-46-42-treelstm-model_epoch_6.pt
Update! best test acc: 90.62%
[2018-12-07 09:46:44] Epoch 7 step [10|77] lr=0.00100000 acc: 90.16% loss: 0.005064
[2018-12-07 09:46:47] Epoch 7 step [20|77] lr=0.00100000 acc: 90.16% loss: 0.004567
[2018-12-07 09:46:50] Epoch 7 step [30|77] lr=0.00100000 acc: 92.50% loss: 0.003647
[2018-12-07 09:46:53] Epoch 7 step [40|77] lr=0.00100000 acc: 93.28% loss: 0.003502
[2018-12-07 09:46:57] Epoch 7 step [50|77] lr=0.00100000 acc: 92.50% loss: 0.003288
[2018-12-07 09:47:02] Epoch 7 step [60|77] lr=0.00100000 acc: 93.28% loss: 0.003114
[2018-12-07 09:47:08] Epoch 7 step [70|77] lr=0.00100000 acc: 93.44% loss: 0.003158
dev acc: 87.28% loss: 0.006011
test acc: 91.07% loss: 0.006251
model saved succeed in save_models/2018-12-07-09-47-16-treelstm-model_epoch_7.pt
Update! best test acc: 91.07%
[2018-12-07 09:47:18] Epoch 8 step [10|77] lr=0.00100000 acc: 90.78% loss: 0.004307
[2018-12-07 09:47:20] Epoch 8 step [20|77] lr=0.00100000 acc: 92.19% loss: 0.003473
[2018-12-07 09:47:23] Epoch 8 step [30|77] lr=0.00100000 acc: 93.28% loss: 0.003104
[2018-12-07 09:47:26] Epoch 8 step [40|77] lr=0.00100000 acc: 93.44% loss: 0.002883
[2018-12-07 09:47:31] Epoch 8 step [50|77] lr=0.00100000 acc: 94.38% loss: 0.002678
[2018-12-07 09:47:36] Epoch 8 step [60|77] lr=0.00100000 acc: 95.16% loss: 0.002456
[2018-12-07 09:47:42] Epoch 8 step [70|77] lr=0.00100000 acc: 95.62% loss: 0.002341
dev acc: 87.28% loss: 0.005569
test acc: 90.62% loss: 0.005767
not improved, best test acc: 91.07%, in epoch 7
[2018-12-07 09:47:52] Epoch 9 step [10|77] lr=0.00100000 acc: 92.97% loss: 0.003458
[2018-12-07 09:47:54] Epoch 9 step [20|77] lr=0.00100000 acc: 93.59% loss: 0.002847
[2018-12-07 09:47:58] Epoch 9 step [30|77] lr=0.00100000 acc: 95.47% loss: 0.002255
[2018-12-07 09:48:02] Epoch 9 step [40|77] lr=0.00100000 acc: 94.53% loss: 0.002345
[2018-12-07 09:48:06] Epoch 9 step [50|77] lr=0.00100000 acc: 96.09% loss: 0.002079
[2018-12-07 09:48:12] Epoch 9 step [60|77] lr=0.00100000 acc: 96.41% loss: 0.001710
[2018-12-07 09:48:20] Epoch 9 step [70|77] lr=0.00100000 acc: 95.47% loss: 0.002016
dev acc: 87.28% loss: 0.005420
test acc: 90.85% loss: 0.005293
not improved, best test acc: 91.07%, in epoch 7
[2018-12-07 09:48:30] Epoch 10 step [10|77] lr=0.00100000 acc: 93.75% loss: 0.003002
[2018-12-07 09:48:32] Epoch 10 step [20|77] lr=0.00100000 acc: 93.75% loss: 0.002525
[2018-12-07 09:48:36] Epoch 10 step [30|77] lr=0.00100000 acc: 95.31% loss: 0.002279
[2018-12-07 09:48:39] Epoch 10 step [40|77] lr=0.00100000 acc: 97.19% loss: 0.001481
[2018-12-07 09:48:44] Epoch 10 step [50|77] lr=0.00100000 acc: 97.03% loss: 0.001670
[2018-12-07 09:48:49] Epoch 10 step [60|77] lr=0.00100000 acc: 96.09% loss: 0.001834
[2018-12-07 09:48:55] Epoch 10 step [70|77] lr=0.00100000 acc: 97.50% loss: 0.001608
dev acc: 89.06% loss: 0.005035
test acc: 90.40% loss: 0.005006
model saved succeed in save_models/2018-12-07-09-49-03-treelstm-model_epoch_10.pt
Update! best test acc: 90.40%
[2018-12-07 09:49:04] Epoch 11 step [10|77] lr=0.00100000 acc: 95.00% loss: 0.002736
[2018-12-07 09:49:07] Epoch 11 step [20|77] lr=0.00100000 acc: 94.84% loss: 0.002117
[2018-12-07 09:49:09] Epoch 11 step [30|77] lr=0.00100000 acc: 95.94% loss: 0.001766
[2018-12-07 09:49:13] Epoch 11 step [40|77] lr=0.00100000 acc: 97.19% loss: 0.001533
[2018-12-07 09:49:17] Epoch 11 step [50|77] lr=0.00100000 acc: 97.03% loss: 0.001518
[2018-12-07 09:49:21] Epoch 11 step [60|77] lr=0.00100000 acc: 97.34% loss: 0.001508
[2018-12-07 09:49:27] Epoch 11 step [70|77] lr=0.00100000 acc: 98.12% loss: 0.001116
dev acc: 89.73% loss: 0.004931
test acc: 90.62% loss: 0.004819
model saved succeed in save_models/2018-12-07-09-49-35-treelstm-model_epoch_11.pt
Update! best test acc: 90.62%
[2018-12-07 09:49:38] Epoch 12 step [10|77] lr=0.00100000 acc: 95.62% loss: 0.002221
[2018-12-07 09:49:41] Epoch 12 step [20|77] lr=0.00100000 acc: 96.09% loss: 0.001708
[2018-12-07 09:49:44] Epoch 12 step [30|77] lr=0.00100000 acc: 97.81% loss: 0.001340
[2018-12-07 09:49:48] Epoch 12 step [40|77] lr=0.00100000 acc: 97.81% loss: 0.001221
[2018-12-07 09:49:53] Epoch 12 step [50|77] lr=0.00100000 acc: 97.19% loss: 0.001477
[2018-12-07 09:49:59] Epoch 12 step [60|77] lr=0.00100000 acc: 97.81% loss: 0.001130
[2018-12-07 09:50:06] Epoch 12 step [70|77] lr=0.00100000 acc: 97.81% loss: 0.001023
dev acc: 88.84% loss: 0.004892
test acc: 90.40% loss: 0.004849
not improved, best test acc: 90.62%, in epoch 11
[2018-12-07 09:50:16] Epoch 13 step [10|77] lr=0.00100000 acc: 95.47% loss: 0.002039
[2018-12-07 09:50:19] Epoch 13 step [20|77] lr=0.00100000 acc: 97.66% loss: 0.001165
[2018-12-07 09:50:22] Epoch 13 step [30|77] lr=0.00100000 acc: 97.50% loss: 0.001269
[2018-12-07 09:50:27] Epoch 13 step [40|77] lr=0.00100000 acc: 98.28% loss: 0.000970
[2018-12-07 09:50:31] Epoch 13 step [50|77] lr=0.00100000 acc: 97.66% loss: 0.001051
[2018-12-07 09:50:37] Epoch 13 step [60|77] lr=0.00100000 acc: 98.28% loss: 0.000805
[2018-12-07 09:50:43] Epoch 13 step [70|77] lr=0.00100000 acc: 97.50% loss: 0.000955
dev acc: 88.62% loss: 0.004748
test acc: 90.62% loss: 0.004917
not improved, best test acc: 90.62%, in epoch 11
[2018-12-07 09:50:54] Epoch 14 step [10|77] lr=0.00100000 acc: 95.78% loss: 0.001734
[2018-12-07 09:50:57] Epoch 14 step [20|77] lr=0.00100000 acc: 97.97% loss: 0.001139
[2018-12-07 09:51:01] Epoch 14 step [30|77] lr=0.00100000 acc: 97.50% loss: 0.001030
[2018-12-07 09:51:04] Epoch 14 step [40|77] lr=0.00100000 acc: 99.06% loss: 0.000775
[2018-12-07 09:51:09] Epoch 14 step [50|77] lr=0.00100000 acc: 98.75% loss: 0.000957
[2018-12-07 09:51:15] Epoch 14 step [60|77] lr=0.00100000 acc: 98.28% loss: 0.000885
[2018-12-07 09:51:22] Epoch 14 step [70|77] lr=0.00100000 acc: 98.91% loss: 0.000759
dev acc: 89.73% loss: 0.004838
test acc: 89.96% loss: 0.004988
not improved, best test acc: 90.62%, in epoch 11
[2018-12-07 09:51:32] Epoch 15 step [10|77] lr=0.00100000 acc: 96.25% loss: 0.001686
[2018-12-07 09:51:35] Epoch 15 step [20|77] lr=0.00100000 acc: 98.75% loss: 0.000915
[2018-12-07 09:51:39] Epoch 15 step [30|77] lr=0.00100000 acc: 97.97% loss: 0.000861
[2018-12-07 09:51:43] Epoch 15 step [40|77] lr=0.00100000 acc: 99.22% loss: 0.000658
[2018-12-07 09:51:48] Epoch 15 step [50|77] lr=0.00100000 acc: 99.22% loss: 0.000557
[2018-12-07 09:51:53] Epoch 15 step [60|77] lr=0.00100000 acc: 98.91% loss: 0.000645
[2018-12-07 09:52:00] Epoch 15 step [70|77] lr=0.00100000 acc: 98.91% loss: 0.000582
dev acc: 89.29% loss: 0.004784
test acc: 91.52% loss: 0.004812
not improved, best test acc: 90.62%, in epoch 11
[2018-12-07 09:52:11] Epoch 16 step [10|77] lr=0.00100000 acc: 96.88% loss: 0.001439
[2018-12-07 09:52:14] Epoch 16 step [20|77] lr=0.00100000 acc: 98.91% loss: 0.000858
[2018-12-07 09:52:17] Epoch 16 step [30|77] lr=0.00100000 acc: 98.44% loss: 0.000776
[2018-12-07 09:52:21] Epoch 16 step [40|77] lr=0.00100000 acc: 98.44% loss: 0.000701
[2018-12-07 09:52:26] Epoch 16 step [50|77] lr=0.00100000 acc: 98.91% loss: 0.000623
[2018-12-07 09:52:32] Epoch 16 step [60|77] lr=0.00100000 acc: 98.44% loss: 0.000567
[2018-12-07 09:52:39] Epoch 16 step [70|77] lr=0.00100000 acc: 99.06% loss: 0.000558
dev acc: 90.85% loss: 0.004799
test acc: 91.52% loss: 0.004849
model saved succeed in save_models/2018-12-07-09-52-47-treelstm-model_epoch_16.pt
Update! best test acc: 91.52%
[2018-12-07 09:52:49] Epoch 17 step [10|77] lr=0.00100000 acc: 96.72% loss: 0.001194
[2018-12-07 09:52:52] Epoch 17 step [20|77] lr=0.00100000 acc: 98.91% loss: 0.000686
[2018-12-07 09:52:56] Epoch 17 step [30|77] lr=0.00100000 acc: 98.75% loss: 0.000682
[2018-12-07 09:53:00] Epoch 17 step [40|77] lr=0.00100000 acc: 99.06% loss: 0.000549
[2018-12-07 09:53:05] Epoch 17 step [50|77] lr=0.00100000 acc: 99.22% loss: 0.000561
[2018-12-07 09:53:10] Epoch 17 step [60|77] lr=0.00100000 acc: 98.75% loss: 0.000714
[2018-12-07 09:53:17] Epoch 17 step [70|77] lr=0.00100000 acc: 99.69% loss: 0.000368
dev acc: 90.85% loss: 0.004656
test acc: 90.85% loss: 0.004798
not improved, best test acc: 91.52%, in epoch 16
[2018-12-07 09:53:28] Epoch 18 step [10|77] lr=0.00100000 acc: 96.41% loss: 0.001254
[2018-12-07 09:53:31] Epoch 18 step [20|77] lr=0.00100000 acc: 99.22% loss: 0.000669
[2018-12-07 09:53:34] Epoch 18 step [30|77] lr=0.00100000 acc: 98.28% loss: 0.000734
[2018-12-07 09:53:38] Epoch 18 step [40|77] lr=0.00100000 acc: 99.69% loss: 0.000421
[2018-12-07 09:53:43] Epoch 18 step [50|77] lr=0.00100000 acc: 99.06% loss: 0.000486
[2018-12-07 09:53:48] Epoch 18 step [60|77] lr=0.00100000 acc: 99.22% loss: 0.000425
[2018-12-07 09:53:55] Epoch 18 step [70|77] lr=0.00100000 acc: 99.69% loss: 0.000295
dev acc: 90.40% loss: 0.004617
test acc: 91.29% loss: 0.004701
not improved, best test acc: 91.52%, in epoch 16
[2018-12-07 09:54:06] Epoch 19 step [10|77] lr=0.00100000 acc: 97.81% loss: 0.000937
[2018-12-07 09:54:09] Epoch 19 step [20|77] lr=0.00100000 acc: 99.38% loss: 0.000469
[2018-12-07 09:54:12] Epoch 19 step [30|77] lr=0.00100000 acc: 98.91% loss: 0.000510
[2018-12-07 09:54:17] Epoch 19 step [40|77] lr=0.00100000 acc: 99.38% loss: 0.000430
[2018-12-07 09:54:22] Epoch 19 step [50|77] lr=0.00100000 acc: 99.22% loss: 0.000363
[2018-12-07 09:54:27] Epoch 19 step [60|77] lr=0.00100000 acc: 99.38% loss: 0.000403
[2018-12-07 09:54:34] Epoch 19 step [70|77] lr=0.00100000 acc: 99.38% loss: 0.000330
dev acc: 90.18% loss: 0.004733
test acc: 91.52% loss: 0.004953
not improved, best test acc: 91.52%, in epoch 16
[2018-12-07 09:54:45] Epoch 20 step [10|77] lr=0.00100000 acc: 98.59% loss: 0.000928
[2018-12-07 09:54:48] Epoch 20 step [20|77] lr=0.00100000 acc: 99.53% loss: 0.000445
[2018-12-07 09:54:51] Epoch 20 step [30|77] lr=0.00100000 acc: 98.75% loss: 0.000486
[2018-12-07 09:54:55] Epoch 20 step [40|77] lr=0.00100000 acc: 99.69% loss: 0.000342
[2018-12-07 09:55:00] Epoch 20 step [50|77] lr=0.00100000 acc: 98.59% loss: 0.000519
[2018-12-07 09:55:06] Epoch 20 step [60|77] lr=0.00100000 acc: 99.53% loss: 0.000290
[2018-12-07 09:55:12] Epoch 20 step [70|77] lr=0.00100000 acc: 99.84% loss: 0.000274
dev acc: 89.96% loss: 0.004844
test acc: 90.40% loss: 0.005141
not improved, best test acc: 91.52%, in epoch 16
[2018-12-07 09:55:22] Epoch 21 step [10|77] lr=0.00100000 acc: 98.12% loss: 0.000695
[2018-12-07 09:55:25] Epoch 21 step [20|77] lr=0.00100000 acc: 99.53% loss: 0.000417
[2018-12-07 09:55:29] Epoch 21 step [30|77] lr=0.00100000 acc: 99.53% loss: 0.000432
[2018-12-07 09:55:33] Epoch 21 step [40|77] lr=0.00100000 acc: 99.53% loss: 0.000420
[2018-12-07 09:55:38] Epoch 21 step [50|77] lr=0.00100000 acc: 99.38% loss: 0.000469
[2018-12-07 09:55:43] Epoch 21 step [60|77] lr=0.00100000 acc: 99.38% loss: 0.000377
[2018-12-07 09:55:50] Epoch 21 step [70|77] lr=0.00100000 acc: 99.69% loss: 0.000259
dev acc: 89.96% loss: 0.004973
test acc: 91.29% loss: 0.004991
not improved, best test acc: 91.52%, in epoch 16
[2018-12-07 09:56:00] Epoch 22 step [10|77] lr=0.00100000 acc: 98.59% loss: 0.000762
[2018-12-07 09:56:02] Epoch 22 step [20|77] lr=0.00100000 acc: 98.91% loss: 0.000599
[2018-12-07 09:56:06] Epoch 22 step [30|77] lr=0.00100000 acc: 99.53% loss: 0.000396
[2018-12-07 09:56:10] Epoch 22 step [40|77] lr=0.00100000 acc: 98.91% loss: 0.000444
[2018-12-07 09:56:15] Epoch 22 step [50|77] lr=0.00100000 acc: 99.38% loss: 0.000254
[2018-12-07 09:56:20] Epoch 22 step [60|77] lr=0.00100000 acc: 99.69% loss: 0.000436
[2018-12-07 09:56:28] Epoch 22 step [70|77] lr=0.00100000 acc: 99.53% loss: 0.000307
dev acc: 90.40% loss: 0.004940
test acc: 91.52% loss: 0.004994
not improved, best test acc: 91.52%, in epoch 16
[2018-12-07 09:56:38] Epoch 23 step [10|77] lr=0.00100000 acc: 99.22% loss: 0.000517
[2018-12-07 09:56:41] Epoch 23 step [20|77] lr=0.00100000 acc: 99.22% loss: 0.000442
[2018-12-07 09:56:45] Epoch 23 step [30|77] lr=0.00100000 acc: 99.22% loss: 0.000368
[2018-12-07 09:56:49] Epoch 23 step [40|77] lr=0.00100000 acc: 99.69% loss: 0.000254
[2018-12-07 09:56:53] Epoch 23 step [50|77] lr=0.00100000 acc: 99.22% loss: 0.000363
[2018-12-07 09:56:58] Epoch 23 step [60|77] lr=0.00100000 acc: 99.84% loss: 0.000223
[2018-12-07 09:57:04] Epoch 23 step [70|77] lr=0.00100000 acc: 100.00% loss: 0.000178
dev acc: 90.62% loss: 0.004866
test acc: 91.52% loss: 0.005079
not improved, best test acc: 91.52%, in epoch 16
[2018-12-07 09:57:13] Epoch 24 step [10|77] lr=0.00100000 acc: 99.22% loss: 0.000598
[2018-12-07 09:57:15] Epoch 24 step [20|77] lr=0.00100000 acc: 99.69% loss: 0.000352
[2018-12-07 09:57:18] Epoch 24 step [30|77] lr=0.00100000 acc: 99.69% loss: 0.000239
[2018-12-07 09:57:22] Epoch 24 step [40|77] lr=0.00100000 acc: 99.69% loss: 0.000269
[2018-12-07 09:57:25] Epoch 24 step [50|77] lr=0.00100000 acc: 99.69% loss: 0.000202
[2018-12-07 09:57:30] Epoch 24 step [60|77] lr=0.00100000 acc: 99.38% loss: 0.000341
[2018-12-07 09:57:36] Epoch 24 step [70|77] lr=0.00100000 acc: 99.69% loss: 0.000226
dev acc: 88.84% loss: 0.005201
test acc: 90.18% loss: 0.005558
not improved, best test acc: 91.52%, in epoch 16
8 epoch have not improved, so adjust lr to 0.0007
[2018-12-07 09:57:45] Epoch 25 step [10|77] lr=0.00070000 acc: 99.84% loss: 0.000393
[2018-12-07 09:57:47] Epoch 25 step [20|77] lr=0.00070000 acc: 99.69% loss: 0.000235
[2018-12-07 09:57:50] Epoch 25 step [30|77] lr=0.00070000 acc: 99.38% loss: 0.000323
[2018-12-07 09:57:53] Epoch 25 step [40|77] lr=0.00070000 acc: 100.00% loss: 0.000188
[2018-12-07 09:57:57] Epoch 25 step [50|77] lr=0.00070000 acc: 99.53% loss: 0.000298
[2018-12-07 09:58:02] Epoch 25 step [60|77] lr=0.00070000 acc: 99.84% loss: 0.000206
[2018-12-07 09:58:08] Epoch 25 step [70|77] lr=0.00070000 acc: 99.84% loss: 0.000144
dev acc: 89.73% loss: 0.004969
test acc: 91.29% loss: 0.005175
not improved, best test acc: 91.52%, in epoch 16
[2018-12-07 09:58:17] Epoch 26 step [10|77] lr=0.00070000 acc: 99.69% loss: 0.000414
[2018-12-07 09:58:19] Epoch 26 step [20|77] lr=0.00070000 acc: 100.00% loss: 0.000154
[2018-12-07 09:58:22] Epoch 26 step [30|77] lr=0.00070000 acc: 99.53% loss: 0.000354
[2018-12-07 09:58:25] Epoch 26 step [40|77] lr=0.00070000 acc: 99.69% loss: 0.000225
[2018-12-07 09:58:29] Epoch 26 step [50|77] lr=0.00070000 acc: 99.84% loss: 0.000190
[2018-12-07 09:58:33] Epoch 26 step [60|77] lr=0.00070000 acc: 99.84% loss: 0.000207
[2018-12-07 09:58:39] Epoch 26 step [70|77] lr=0.00070000 acc: 100.00% loss: 0.000164
dev acc: 89.73% loss: 0.005055
test acc: 91.52% loss: 0.004988
not improved, best test acc: 91.52%, in epoch 16
[2018-12-07 09:58:48] Epoch 27 step [10|77] lr=0.00070000 acc: 99.53% loss: 0.000522
[2018-12-07 09:58:51] Epoch 27 step [20|77] lr=0.00070000 acc: 99.53% loss: 0.000258
[2018-12-07 09:58:53] Epoch 27 step [30|77] lr=0.00070000 acc: 99.69% loss: 0.000229
[2018-12-07 09:58:57] Epoch 27 step [40|77] lr=0.00070000 acc: 99.53% loss: 0.000199
[2018-12-07 09:59:00] Epoch 27 step [50|77] lr=0.00070000 acc: 99.84% loss: 0.000159
[2018-12-07 09:59:05] Epoch 27 step [60|77] lr=0.00070000 acc: 99.69% loss: 0.000151
[2018-12-07 09:59:11] Epoch 27 step [70|77] lr=0.00070000 acc: 100.00% loss: 0.000092
dev acc: 89.96% loss: 0.005099
test acc: 91.07% loss: 0.005118
not improved, best test acc: 91.52%, in epoch 16
[2018-12-07 09:59:20] Epoch 28 step [10|77] lr=0.00070000 acc: 99.84% loss: 0.000333
[2018-12-07 09:59:22] Epoch 28 step [20|77] lr=0.00070000 acc: 99.84% loss: 0.000203
[2018-12-07 09:59:25] Epoch 28 step [30|77] lr=0.00070000 acc: 99.69% loss: 0.000240
[2018-12-07 09:59:28] Epoch 28 step [40|77] lr=0.00070000 acc: 99.84% loss: 0.000146
[2018-12-07 09:59:32] Epoch 28 step [50|77] lr=0.00070000 acc: 99.69% loss: 0.000233
[2018-12-07 09:59:36] Epoch 28 step [60|77] lr=0.00070000 acc: 99.53% loss: 0.000157
[2018-12-07 09:59:42] Epoch 28 step [70|77] lr=0.00070000 acc: 100.00% loss: 0.000125
dev acc: 90.18% loss: 0.004931
test acc: 91.29% loss: 0.005185
not improved, best test acc: 91.52%, in epoch 16
[2018-12-07 09:59:51] Epoch 29 step [10|77] lr=0.00070000 acc: 99.38% loss: 0.000360
[2018-12-07 09:59:53] Epoch 29 step [20|77] lr=0.00070000 acc: 99.84% loss: 0.000175
[2018-12-07 09:59:56] Epoch 29 step [30|77] lr=0.00070000 acc: 99.38% loss: 0.000318
[2018-12-07 10:00:00] Epoch 29 step [40|77] lr=0.00070000 acc: 99.53% loss: 0.000257
[2018-12-07 10:00:03] Epoch 29 step [50|77] lr=0.00070000 acc: 99.22% loss: 0.000388
[2018-12-07 10:00:08] Epoch 29 step [60|77] lr=0.00070000 acc: 99.38% loss: 0.000234
[2018-12-07 10:00:14] Epoch 29 step [70|77] lr=0.00070000 acc: 99.69% loss: 0.000155
dev acc: 89.96% loss: 0.005023
test acc: 91.52% loss: 0.005320
not improved, best test acc: 91.52%, in epoch 16
[2018-12-07 10:00:23] Epoch 30 step [10|77] lr=0.00070000 acc: 99.84% loss: 0.000272
[2018-12-07 10:00:25] Epoch 30 step [20|77] lr=0.00070000 acc: 99.69% loss: 0.000201
[2018-12-07 10:00:28] Epoch 30 step [30|77] lr=0.00070000 acc: 99.38% loss: 0.000377
[2018-12-07 10:00:32] Epoch 30 step [40|77] lr=0.00070000 acc: 100.00% loss: 0.000084
[2018-12-07 10:00:35] Epoch 30 step [50|77] lr=0.00070000 acc: 99.06% loss: 0.000287
[2018-12-07 10:00:40] Epoch 30 step [60|77] lr=0.00070000 acc: 99.53% loss: 0.000209
[2018-12-07 10:00:46] Epoch 30 step [70|77] lr=0.00070000 acc: 99.69% loss: 0.000172
dev acc: 90.40% loss: 0.004863
test acc: 90.85% loss: 0.005183
not improved, best test acc: 91.52%, in epoch 16
[2018-12-07 10:00:56] Epoch 31 step [10|77] lr=0.00070000 acc: 99.53% loss: 0.000410
[2018-12-07 10:00:58] Epoch 31 step [20|77] lr=0.00070000 acc: 99.53% loss: 0.000219
[2018-12-07 10:01:01] Epoch 31 step [30|77] lr=0.00070000 acc: 100.00% loss: 0.000128
[2018-12-07 10:01:04] Epoch 31 step [40|77] lr=0.00070000 acc: 99.69% loss: 0.000232
[2018-12-07 10:01:08] Epoch 31 step [50|77] lr=0.00070000 acc: 99.84% loss: 0.000145
[2018-12-07 10:01:13] Epoch 31 step [60|77] lr=0.00070000 acc: 99.22% loss: 0.000370
[2018-12-07 10:01:19] Epoch 31 step [70|77] lr=0.00070000 acc: 99.84% loss: 0.000205
dev acc: 90.40% loss: 0.004988
test acc: 90.85% loss: 0.005082
not improved, best test acc: 91.52%, in epoch 16
[2018-12-07 10:01:28] Epoch 32 step [10|77] lr=0.00070000 acc: 99.84% loss: 0.000298
[2018-12-07 10:01:30] Epoch 32 step [20|77] lr=0.00070000 acc: 99.84% loss: 0.000203
[2018-12-07 10:01:33] Epoch 32 step [30|77] lr=0.00070000 acc: 100.00% loss: 0.000124
[2018-12-07 10:01:36] Epoch 32 step [40|77] lr=0.00070000 acc: 99.84% loss: 0.000125
[2018-12-07 10:01:40] Epoch 32 step [50|77] lr=0.00070000 acc: 100.00% loss: 0.000102
[2018-12-07 10:01:45] Epoch 32 step [60|77] lr=0.00070000 acc: 99.22% loss: 0.000267
[2018-12-07 10:01:51] Epoch 32 step [70|77] lr=0.00070000 acc: 99.84% loss: 0.000136
dev acc: 90.62% loss: 0.004951
test acc: 90.62% loss: 0.005240
not improved, best test acc: 91.52%, in epoch 16
16 epoch have not improved, so adjust lr to 0.00049
[2018-12-07 10:02:00] Epoch 33 step [10|77] lr=0.00049000 acc: 99.38% loss: 0.000333
[2018-12-07 10:02:02] Epoch 33 step [20|77] lr=0.00049000 acc: 100.00% loss: 0.000177
[2018-12-07 10:02:05] Epoch 33 step [30|77] lr=0.00049000 acc: 100.00% loss: 0.000126
[2018-12-07 10:02:08] Epoch 33 step [40|77] lr=0.00049000 acc: 99.69% loss: 0.000114
[2018-12-07 10:02:12] Epoch 33 step [50|77] lr=0.00049000 acc: 99.84% loss: 0.000107
[2018-12-07 10:02:16] Epoch 33 step [60|77] lr=0.00049000 acc: 99.84% loss: 0.000148
[2018-12-07 10:02:22] Epoch 33 step [70|77] lr=0.00049000 acc: 99.53% loss: 0.000153
dev acc: 90.18% loss: 0.004990
test acc: 90.40% loss: 0.005417
not improved, best test acc: 91.52%, in epoch 16
[2018-12-07 10:02:31] Epoch 34 step [10|77] lr=0.00049000 acc: 99.22% loss: 0.000357
[2018-12-07 10:02:33] Epoch 34 step [20|77] lr=0.00049000 acc: 99.69% loss: 0.000230
[2018-12-07 10:02:36] Epoch 34 step [30|77] lr=0.00049000 acc: 99.53% loss: 0.000202
[2018-12-07 10:02:39] Epoch 34 step [40|77] lr=0.00049000 acc: 99.69% loss: 0.000169
[2018-12-07 10:02:43] Epoch 34 step [50|77] lr=0.00049000 acc: 99.84% loss: 0.000150
[2018-12-07 10:02:48] Epoch 34 step [60|77] lr=0.00049000 acc: 99.84% loss: 0.000090
[2018-12-07 10:02:54] Epoch 34 step [70|77] lr=0.00049000 acc: 100.00% loss: 0.000099
dev acc: 90.40% loss: 0.004944
test acc: 90.62% loss: 0.005279
not improved, best test acc: 91.52%, in epoch 16
[2018-12-07 10:03:03] Epoch 35 step [10|77] lr=0.00049000 acc: 99.69% loss: 0.000280
[2018-12-07 10:03:05] Epoch 35 step [20|77] lr=0.00049000 acc: 99.53% loss: 0.000212
[2018-12-07 10:03:08] Epoch 35 step [30|77] lr=0.00049000 acc: 99.84% loss: 0.000109
[2018-12-07 10:03:11] Epoch 35 step [40|77] lr=0.00049000 acc: 99.53% loss: 0.000220
[2018-12-07 10:03:15] Epoch 35 step [50|77] lr=0.00049000 acc: 99.84% loss: 0.000091
[2018-12-07 10:03:19] Epoch 35 step [60|77] lr=0.00049000 acc: 99.84% loss: 0.000106
[2018-12-07 10:03:26] Epoch 35 step [70|77] lr=0.00049000 acc: 99.69% loss: 0.000168
dev acc: 90.40% loss: 0.004942
test acc: 90.62% loss: 0.005235
not improved, best test acc: 91.52%, in epoch 16
[2018-12-07 10:03:35] Epoch 36 step [10|77] lr=0.00049000 acc: 99.69% loss: 0.000316
[2018-12-07 10:03:37] Epoch 36 step [20|77] lr=0.00049000 acc: 99.38% loss: 0.000217
[2018-12-07 10:03:40] Epoch 36 step [30|77] lr=0.00049000 acc: 99.84% loss: 0.000174
[2018-12-07 10:03:43] Epoch 36 step [40|77] lr=0.00049000 acc: 100.00% loss: 0.000079
[2018-12-07 10:03:47] Epoch 36 step [50|77] lr=0.00049000 acc: 100.00% loss: 0.000065
[2018-12-07 10:03:51] Epoch 36 step [60|77] lr=0.00049000 acc: 99.84% loss: 0.000113
[2018-12-07 10:03:57] Epoch 36 step [70|77] lr=0.00049000 acc: 99.84% loss: 0.000108
dev acc: 90.18% loss: 0.005007
test acc: 91.52% loss: 0.005060
not improved, best test acc: 91.52%, in epoch 16
[2018-12-07 10:04:06] Epoch 37 step [10|77] lr=0.00049000 acc: 99.84% loss: 0.000222
[2018-12-07 10:04:08] Epoch 37 step [20|77] lr=0.00049000 acc: 99.84% loss: 0.000196
[2018-12-07 10:04:11] Epoch 37 step [30|77] lr=0.00049000 acc: 99.84% loss: 0.000165
[2018-12-07 10:04:15] Epoch 37 step [40|77] lr=0.00049000 acc: 99.84% loss: 0.000122
[2018-12-07 10:04:19] Epoch 37 step [50|77] lr=0.00049000 acc: 99.69% loss: 0.000144
[2018-12-07 10:04:24] Epoch 37 step [60|77] lr=0.00049000 acc: 99.84% loss: 0.000152
[2018-12-07 10:04:31] Epoch 37 step [70|77] lr=0.00049000 acc: 100.00% loss: 0.000059
dev acc: 90.62% loss: 0.004942
test acc: 89.96% loss: 0.005567
not improved, best test acc: 91.52%, in epoch 16
[2018-12-07 10:04:41] Epoch 38 step [10|77] lr=0.00049000 acc: 99.22% loss: 0.000330
[2018-12-07 10:04:44] Epoch 38 step [20|77] lr=0.00049000 acc: 100.00% loss: 0.000128
[2018-12-07 10:04:46] Epoch 38 step [30|77] lr=0.00049000 acc: 99.69% loss: 0.000150
[2018-12-07 10:04:49] Epoch 38 step [40|77] lr=0.00049000 acc: 99.84% loss: 0.000150
[2018-12-07 10:04:53] Epoch 38 step [50|77] lr=0.00049000 acc: 99.84% loss: 0.000093
[2018-12-07 10:04:58] Epoch 38 step [60|77] lr=0.00049000 acc: 99.69% loss: 0.000131
