data_dir=processed_data

----batch----
train_batch_size=64
train_batch_type=same
dev_batch_size=64
dev_batch_type=normal
test_batch_size=64
test_batch_type=normal
shuffer=True
sort=True

----embedding----
embed_size=100
char_embed_size=50
embed_uniform_init=0.0
pre_embed_path=

----model----
model=treelstm
save_model_dir=save_models
save_model_every=1
save_model_start_from=0
hidden_num=1
hidden_size=100
bidirectional=True
dropout=0.2

----optimizer----
lr=0.001
optim=adam
weight_decay=1e-08
momentum=0.9
early_stop=9999999

----train----
epoch=100
print_every=10

----GPU----
gpu_device=0
use_cuda=False

----seed----
gpu_seed=23
seed=23

----log----
log_dir=log
log_fname=treelstm.mpqa.d2.log

[2018-12-05 20:24:58] Epoch 0 step [10|164] lr=0.00100000 acc: 0.00% loss: 0.032709
[2018-12-05 20:24:59] Epoch 0 step [20|164] lr=0.00100000 acc: 37.97% loss: 0.024967
[2018-12-05 20:25:02] Epoch 0 step [30|164] lr=0.00100000 acc: 50.61% loss: 0.018267
[2018-12-05 20:25:05] Epoch 0 step [40|164] lr=0.00100000 acc: 53.43% loss: 0.014293
[2018-12-05 20:25:09] Epoch 0 step [50|164] lr=0.00100000 acc: 51.07% loss: 0.011851
[2018-12-05 20:25:13] Epoch 0 step [60|164] lr=0.00100000 acc: 52.20% loss: 0.010967
[2018-12-05 20:25:18] Epoch 0 step [70|164] lr=0.00100000 acc: 52.29% loss: 0.012721
[2018-12-05 20:25:25] Epoch 0 step [80|164] lr=0.00100000 acc: 49.31% loss: 0.012039
[2018-12-05 20:25:33] Epoch 0 step [90|164] lr=0.00100000 acc: 48.71% loss: 0.011241
[2018-12-05 20:25:41] Epoch 0 step [100|164] lr=0.00100000 acc: 50.58% loss: 0.011544
[2018-12-05 20:25:50] Epoch 0 step [110|164] lr=0.00100000 acc: 50.09% loss: 0.011907
[2018-12-05 20:25:58] Epoch 0 step [120|164] lr=0.00100000 acc: 49.54% loss: 0.012719
[2018-12-05 20:26:08] Epoch 0 step [130|164] lr=0.00100000 acc: 54.58% loss: 0.012895
[2018-12-05 20:26:18] Epoch 0 step [140|164] lr=0.00100000 acc: 48.76% loss: 0.014367
[2018-12-05 20:26:29] Epoch 0 step [150|164] lr=0.00100000 acc: 51.43% loss: 0.015221
[2018-12-05 20:26:34] Epoch 0 step [160|164] lr=0.00100000 acc: 54.21% loss: 0.036043
dev acc: 51.95% loss: 0.010853
test acc: 49.41% loss: 0.010881
model saved succeed in save_models/2018-12-05-20-26-41-treelstm-model_epoch_0.pt
Update! best test acc: 49.41%
[2018-12-05 20:26:42] Epoch 1 step [10|164] lr=0.00100000 acc: 60.52% loss: 0.016995
[2018-12-05 20:26:44] Epoch 1 step [20|164] lr=0.00100000 acc: 62.03% loss: 0.012762
[2018-12-05 20:26:46] Epoch 1 step [30|164] lr=0.00100000 acc: 58.58% loss: 0.011749
[2018-12-05 20:26:49] Epoch 1 step [40|164] lr=0.00100000 acc: 63.97% loss: 0.011728
[2018-12-05 20:26:53] Epoch 1 step [50|164] lr=0.00100000 acc: 63.80% loss: 0.011117
[2018-12-05 20:26:58] Epoch 1 step [60|164] lr=0.00100000 acc: 61.32% loss: 0.010501
[2018-12-05 20:27:03] Epoch 1 step [70|164] lr=0.00100000 acc: 63.85% loss: 0.012167
[2018-12-05 20:27:09] Epoch 1 step [80|164] lr=0.00100000 acc: 58.59% loss: 0.011395
[2018-12-05 20:27:16] Epoch 1 step [90|164] lr=0.00100000 acc: 59.06% loss: 0.010767
[2018-12-05 20:27:25] Epoch 1 step [100|164] lr=0.00100000 acc: 61.23% loss: 0.011083
[2018-12-05 20:27:34] Epoch 1 step [110|164] lr=0.00100000 acc: 60.68% loss: 0.011411
[2018-12-05 20:27:42] Epoch 1 step [120|164] lr=0.00100000 acc: 64.12% loss: 0.011888
[2018-12-05 20:27:52] Epoch 1 step [130|164] lr=0.00100000 acc: 59.81% loss: 0.012070
[2018-12-05 20:28:01] Epoch 1 step [140|164] lr=0.00100000 acc: 59.34% loss: 0.013765
[2018-12-05 20:28:13] Epoch 1 step [150|164] lr=0.00100000 acc: 61.15% loss: 0.014401
[2018-12-05 20:28:18] Epoch 1 step [160|164] lr=0.00100000 acc: 63.16% loss: 0.033205
dev acc: 59.86% loss: 0.010318
test acc: 65.33% loss: 0.009966
model saved succeed in save_models/2018-12-05-20-28-24-treelstm-model_epoch_1.pt
Update! best test acc: 65.33%
[2018-12-05 20:28:25] Epoch 2 step [10|164] lr=0.00100000 acc: 67.17% loss: 0.014799
[2018-12-05 20:28:27] Epoch 2 step [20|164] lr=0.00100000 acc: 63.91% loss: 0.011806
[2018-12-05 20:28:29] Epoch 2 step [30|164] lr=0.00100000 acc: 67.42% loss: 0.010506
[2018-12-05 20:28:32] Epoch 2 step [40|164] lr=0.00100000 acc: 66.78% loss: 0.010480
[2018-12-05 20:28:36] Epoch 2 step [50|164] lr=0.00100000 acc: 67.27% loss: 0.010081
[2018-12-05 20:28:42] Epoch 2 step [60|164] lr=0.00100000 acc: 67.45% loss: 0.009319
[2018-12-05 20:28:46] Epoch 2 step [70|164] lr=0.00100000 acc: 72.11% loss: 0.010690
[2018-12-05 20:28:52] Epoch 2 step [80|164] lr=0.00100000 acc: 68.04% loss: 0.010126
[2018-12-05 20:28:59] Epoch 2 step [90|164] lr=0.00100000 acc: 67.48% loss: 0.009650
[2018-12-05 20:29:06] Epoch 2 step [100|164] lr=0.00100000 acc: 70.88% loss: 0.009965
[2018-12-05 20:29:14] Epoch 2 step [110|164] lr=0.00100000 acc: 69.91% loss: 0.010149
[2018-12-05 20:29:23] Epoch 2 step [120|164] lr=0.00100000 acc: 71.04% loss: 0.010266
[2018-12-05 20:29:33] Epoch 2 step [130|164] lr=0.00100000 acc: 68.04% loss: 0.010510
[2018-12-05 20:29:43] Epoch 2 step [140|164] lr=0.00100000 acc: 67.43% loss: 0.011976
[2018-12-05 20:29:53] Epoch 2 step [150|164] lr=0.00100000 acc: 72.63% loss: 0.012163
[2018-12-05 20:29:57] Epoch 2 step [160|164] lr=0.00100000 acc: 68.95% loss: 0.028475
dev acc: 66.50% loss: 0.009673
test acc: 69.73% loss: 0.009107
model saved succeed in save_models/2018-12-05-20-30-04-treelstm-model_epoch_2.pt
Update! best test acc: 69.73%
[2018-12-05 20:30:05] Epoch 3 step [10|164] lr=0.00100000 acc: 76.61% loss: 0.012375
[2018-12-05 20:30:07] Epoch 3 step [20|164] lr=0.00100000 acc: 73.68% loss: 0.009918
[2018-12-05 20:30:10] Epoch 3 step [30|164] lr=0.00100000 acc: 75.22% loss: 0.009026
[2018-12-05 20:30:13] Epoch 3 step [40|164] lr=0.00100000 acc: 73.29% loss: 0.008706
[2018-12-05 20:30:17] Epoch 3 step [50|164] lr=0.00100000 acc: 73.39% loss: 0.008573
[2018-12-05 20:30:22] Epoch 3 step [60|164] lr=0.00100000 acc: 73.43% loss: 0.008228
[2018-12-05 20:30:27] Epoch 3 step [70|164] lr=0.00100000 acc: 78.35% loss: 0.008590
[2018-12-05 20:30:32] Epoch 3 step [80|164] lr=0.00100000 acc: 78.01% loss: 0.008300
[2018-12-05 20:30:40] Epoch 3 step [90|164] lr=0.00100000 acc: 74.43% loss: 0.008524
[2018-12-05 20:30:47] Epoch 3 step [100|164] lr=0.00100000 acc: 74.38% loss: 0.008707
[2018-12-05 20:30:55] Epoch 3 step [110|164] lr=0.00100000 acc: 72.65% loss: 0.008762
[2018-12-05 20:31:04] Epoch 3 step [120|164] lr=0.00100000 acc: 78.14% loss: 0.008079
[2018-12-05 20:31:13] Epoch 3 step [130|164] lr=0.00100000 acc: 72.52% loss: 0.008969
[2018-12-05 20:31:23] Epoch 3 step [140|164] lr=0.00100000 acc: 74.90% loss: 0.009684
[2018-12-05 20:31:34] Epoch 3 step [150|164] lr=0.00100000 acc: 78.59% loss: 0.009945
[2018-12-05 20:31:38] Epoch 3 step [160|164] lr=0.00100000 acc: 77.89% loss: 0.021199
dev acc: 69.63% loss: 0.009269
test acc: 72.27% loss: 0.009027
model saved succeed in save_models/2018-12-05-20-31-44-treelstm-model_epoch_3.pt
Update! best test acc: 72.27%
[2018-12-05 20:31:45] Epoch 4 step [10|164] lr=0.00100000 acc: 80.04% loss: 0.009967
[2018-12-05 20:31:46] Epoch 4 step [20|164] lr=0.00100000 acc: 80.45% loss: 0.008134
[2018-12-05 20:31:49] Epoch 4 step [30|164] lr=0.00100000 acc: 79.20% loss: 0.007549
[2018-12-05 20:31:52] Epoch 4 step [40|164] lr=0.00100000 acc: 78.38% loss: 0.007138
[2018-12-05 20:31:56] Epoch 4 step [50|164] lr=0.00100000 acc: 80.33% loss: 0.007073
[2018-12-05 20:32:01] Epoch 4 step [60|164] lr=0.00100000 acc: 81.13% loss: 0.006638
[2018-12-05 20:32:05] Epoch 4 step [70|164] lr=0.00100000 acc: 81.28% loss: 0.007147
[2018-12-05 20:32:11] Epoch 4 step [80|164] lr=0.00100000 acc: 80.58% loss: 0.007089
[2018-12-05 20:32:18] Epoch 4 step [90|164] lr=0.00100000 acc: 79.94% loss: 0.007163
[2018-12-05 20:32:25] Epoch 4 step [100|164] lr=0.00100000 acc: 81.53% loss: 0.007102
[2018-12-05 20:32:34] Epoch 4 step [110|164] lr=0.00100000 acc: 80.34% loss: 0.007230
[2018-12-05 20:32:42] Epoch 4 step [120|164] lr=0.00100000 acc: 83.97% loss: 0.006295
[2018-12-05 20:32:52] Epoch 4 step [130|164] lr=0.00100000 acc: 78.88% loss: 0.007335
[2018-12-05 20:33:02] Epoch 4 step [140|164] lr=0.00100000 acc: 79.88% loss: 0.008703
[2018-12-05 20:33:13] Epoch 4 step [150|164] lr=0.00100000 acc: 84.11% loss: 0.007464
[2018-12-05 20:33:18] Epoch 4 step [160|164] lr=0.00100000 acc: 85.79% loss: 0.015167
dev acc: 72.17% loss: 0.009402
test acc: 72.85% loss: 0.009365
model saved succeed in save_models/2018-12-05-20-33-24-treelstm-model_epoch_4.pt
Update! best test acc: 72.85%
[2018-12-05 20:33:25] Epoch 5 step [10|164] lr=0.00100000 acc: 83.91% loss: 0.008567
[2018-12-05 20:33:27] Epoch 5 step [20|164] lr=0.00100000 acc: 85.53% loss: 0.006187
[2018-12-05 20:33:29] Epoch 5 step [30|164] lr=0.00100000 acc: 84.06% loss: 0.006192
[2018-12-05 20:33:32] Epoch 5 step [40|164] lr=0.00100000 acc: 84.18% loss: 0.005869
[2018-12-05 20:33:36] Epoch 5 step [50|164] lr=0.00100000 acc: 85.62% loss: 0.005545
[2018-12-05 20:33:40] Epoch 5 step [60|164] lr=0.00100000 acc: 85.69% loss: 0.005108
[2018-12-05 20:33:46] Epoch 5 step [70|164] lr=0.00100000 acc: 85.14% loss: 0.005648
[2018-12-05 20:33:51] Epoch 5 step [80|164] lr=0.00100000 acc: 84.88% loss: 0.006008
[2018-12-05 20:33:58] Epoch 5 step [90|164] lr=0.00100000 acc: 83.17% loss: 0.006075
[2018-12-05 20:34:06] Epoch 5 step [100|164] lr=0.00100000 acc: 82.53% loss: 0.006451
[2018-12-05 20:34:14] Epoch 5 step [110|164] lr=0.00100000 acc: 84.79% loss: 0.005395
[2018-12-05 20:34:24] Epoch 5 step [120|164] lr=0.00100000 acc: 86.89% loss: 0.005226
[2018-12-05 20:34:35] Epoch 5 step [130|164] lr=0.00100000 acc: 82.80% loss: 0.006135
[2018-12-05 20:34:45] Epoch 5 step [140|164] lr=0.00100000 acc: 84.85% loss: 0.006647
[2018-12-05 20:34:55] Epoch 5 step [150|164] lr=0.00100000 acc: 86.98% loss: 0.006014
[2018-12-05 20:34:59] Epoch 5 step [160|164] lr=0.00100000 acc: 92.11% loss: 0.009948
dev acc: 73.83% loss: 0.009428
test acc: 74.02% loss: 0.009604
model saved succeed in save_models/2018-12-05-20-35-06-treelstm-model_epoch_5.pt
Update! best test acc: 74.02%
[2018-12-05 20:35:07] Epoch 6 step [10|164] lr=0.00100000 acc: 86.27% loss: 0.007241
[2018-12-05 20:35:09] Epoch 6 step [20|164] lr=0.00100000 acc: 88.16% loss: 0.005180
[2018-12-05 20:35:12] Epoch 6 step [30|164] lr=0.00100000 acc: 86.48% loss: 0.005262
[2018-12-05 20:35:16] Epoch 6 step [40|164] lr=0.00100000 acc: 86.12% loss: 0.004896
[2018-12-05 20:35:21] Epoch 6 step [50|164] lr=0.00100000 acc: 87.27% loss: 0.004776
[2018-12-05 20:35:26] Epoch 6 step [60|164] lr=0.00100000 acc: 89.15% loss: 0.004336
[2018-12-05 20:35:31] Epoch 6 step [70|164] lr=0.00100000 acc: 87.16% loss: 0.004896
[2018-12-05 20:35:37] Epoch 6 step [80|164] lr=0.00100000 acc: 88.32% loss: 0.004905
[2018-12-05 20:35:45] Epoch 6 step [90|164] lr=0.00100000 acc: 84.14% loss: 0.005497
[2018-12-05 20:35:53] Epoch 6 step [100|164] lr=0.00100000 acc: 88.19% loss: 0.005238
[2018-12-05 20:36:02] Epoch 6 step [110|164] lr=0.00100000 acc: 89.23% loss: 0.004215
[2018-12-05 20:36:11] Epoch 6 step [120|164] lr=0.00100000 acc: 91.07% loss: 0.003911
[2018-12-05 20:36:21] Epoch 6 step [130|164] lr=0.00100000 acc: 88.60% loss: 0.004274
[2018-12-05 20:36:32] Epoch 6 step [140|164] lr=0.00100000 acc: 86.51% loss: 0.005882
[2018-12-05 20:36:44] Epoch 6 step [150|164] lr=0.00100000 acc: 88.96% loss: 0.004836
[2018-12-05 20:36:47] Epoch 6 step [160|164] lr=0.00100000 acc: 93.16% loss: 0.007542
dev acc: 73.54% loss: 0.009752
test acc: 73.63% loss: 0.009736
not improved, best test acc: 74.02%, in epoch 5
[2018-12-05 20:36:55] Epoch 7 step [10|164] lr=0.00100000 acc: 87.12% loss: 0.006129
[2018-12-05 20:36:56] Epoch 7 step [20|164] lr=0.00100000 acc: 89.66% loss: 0.004474
[2018-12-05 20:36:59] Epoch 7 step [30|164] lr=0.00100000 acc: 89.95% loss: 0.004535
[2018-12-05 20:37:03] Epoch 7 step [40|164] lr=0.00100000 acc: 89.63% loss: 0.003969
[2018-12-05 20:37:07] Epoch 7 step [50|164] lr=0.00100000 acc: 90.91% loss: 0.003684
[2018-12-05 20:37:12] Epoch 7 step [60|164] lr=0.00100000 acc: 91.04% loss: 0.003624
[2018-12-05 20:37:17] Epoch 7 step [70|164] lr=0.00100000 acc: 92.29% loss: 0.003490
[2018-12-05 20:37:23] Epoch 7 step [80|164] lr=0.00100000 acc: 90.21% loss: 0.004195
[2018-12-05 20:37:30] Epoch 7 step [90|164] lr=0.00100000 acc: 89.64% loss: 0.003760
[2018-12-05 20:37:38] Epoch 7 step [100|164] lr=0.00100000 acc: 88.52% loss: 0.004723
[2018-12-05 20:37:48] Epoch 7 step [110|164] lr=0.00100000 acc: 91.45% loss: 0.003734
[2018-12-05 20:37:56] Epoch 7 step [120|164] lr=0.00100000 acc: 92.35% loss: 0.003341
[2018-12-05 20:38:05] Epoch 7 step [130|164] lr=0.00100000 acc: 90.84% loss: 0.003621
[2018-12-05 20:38:15] Epoch 7 step [140|164] lr=0.00100000 acc: 88.38% loss: 0.004598
[2018-12-05 20:38:25] Epoch 7 step [150|164] lr=0.00100000 acc: 92.49% loss: 0.003170
[2018-12-05 20:38:30] Epoch 7 step [160|164] lr=0.00100000 acc: 95.26% loss: 0.005116
dev acc: 73.05% loss: 0.011799
test acc: 72.46% loss: 0.012203
not improved, best test acc: 74.02%, in epoch 5
[2018-12-05 20:38:37] Epoch 8 step [10|164] lr=0.00100000 acc: 89.06% loss: 0.005425
[2018-12-05 20:38:39] Epoch 8 step [20|164] lr=0.00100000 acc: 90.79% loss: 0.003930
[2018-12-05 20:38:41] Epoch 8 step [30|164] lr=0.00100000 acc: 91.16% loss: 0.003874
[2018-12-05 20:38:44] Epoch 8 step [40|164] lr=0.00100000 acc: 91.74% loss: 0.003313
[2018-12-05 20:38:48] Epoch 8 step [50|164] lr=0.00100000 acc: 92.23% loss: 0.003315
[2018-12-05 20:38:53] Epoch 8 step [60|164] lr=0.00100000 acc: 91.67% loss: 0.002982
[2018-12-05 20:38:59] Epoch 8 step [70|164] lr=0.00100000 acc: 93.58% loss: 0.002781
[2018-12-05 20:39:05] Epoch 8 step [80|164] lr=0.00100000 acc: 91.41% loss: 0.003610
[2018-12-05 20:39:13] Epoch 8 step [90|164] lr=0.00100000 acc: 91.26% loss: 0.003741
[2018-12-05 20:39:20] Epoch 8 step [100|164] lr=0.00100000 acc: 88.52% loss: 0.003937
[2018-12-05 20:39:28] Epoch 8 step [110|164] lr=0.00100000 acc: 94.36% loss: 0.002460
[2018-12-05 20:39:37] Epoch 8 step [120|164] lr=0.00100000 acc: 91.62% loss: 0.003072
[2018-12-05 20:39:47] Epoch 8 step [130|164] lr=0.00100000 acc: 93.46% loss: 0.002669
[2018-12-05 20:39:57] Epoch 8 step [140|164] lr=0.00100000 acc: 89.83% loss: 0.004117
[2018-12-05 20:40:07] Epoch 8 step [150|164] lr=0.00100000 acc: 96.25% loss: 0.002289
[2018-12-05 20:40:11] Epoch 8 step [160|164] lr=0.00100000 acc: 94.74% loss: 0.003568
dev acc: 72.36% loss: 0.012862
test acc: 72.56% loss: 0.013154
not improved, best test acc: 74.02%, in epoch 5
[2018-12-05 20:40:19] Epoch 9 step [10|164] lr=0.00100000 acc: 92.49% loss: 0.004233
[2018-12-05 20:40:21] Epoch 9 step [20|164] lr=0.00100000 acc: 94.55% loss: 0.002641
[2018-12-05 20:40:23] Epoch 9 step [30|164] lr=0.00100000 acc: 92.55% loss: 0.003462
[2018-12-05 20:40:27] Epoch 9 step [40|164] lr=0.00100000 acc: 93.15% loss: 0.002747
[2018-12-05 20:40:31] Epoch 9 step [50|164] lr=0.00100000 acc: 94.05% loss: 0.002390
[2018-12-05 20:40:36] Epoch 9 step [60|164] lr=0.00100000 acc: 94.97% loss: 0.002166
[2018-12-05 20:40:41] Epoch 9 step [70|164] lr=0.00100000 acc: 92.48% loss: 0.002673
[2018-12-05 20:40:47] Epoch 9 step [80|164] lr=0.00100000 acc: 93.13% loss: 0.003006
[2018-12-05 20:40:55] Epoch 9 step [90|164] lr=0.00100000 acc: 92.72% loss: 0.002747
[2018-12-05 20:41:03] Epoch 9 step [100|164] lr=0.00100000 acc: 92.01% loss: 0.003057
[2018-12-05 20:41:12] Epoch 9 step [110|164] lr=0.00100000 acc: 94.70% loss: 0.002356
[2018-12-05 20:41:21] Epoch 9 step [120|164] lr=0.00100000 acc: 94.35% loss: 0.002184
[2018-12-05 20:41:31] Epoch 9 step [130|164] lr=0.00100000 acc: 93.08% loss: 0.002595
[2018-12-05 20:41:43] Epoch 9 step [140|164] lr=0.00100000 acc: 93.98% loss: 0.002303
[2018-12-05 20:41:53] Epoch 9 step [150|164] lr=0.00100000 acc: 96.91% loss: 0.001983
[2018-12-05 20:41:57] Epoch 9 step [160|164] lr=0.00100000 acc: 98.95% loss: 0.002293
dev acc: 74.22% loss: 0.012725
test acc: 75.29% loss: 0.012685
model saved succeed in save_models/2018-12-05-20-42-03-treelstm-model_epoch_9.pt
Update! best test acc: 75.29%
[2018-12-05 20:42:04] Epoch 10 step [10|164] lr=0.00100000 acc: 92.49% loss: 0.003663
[2018-12-05 20:42:06] Epoch 10 step [20|164] lr=0.00100000 acc: 92.29% loss: 0.002857
[2018-12-05 20:42:08] Epoch 10 step [30|164] lr=0.00100000 acc: 93.24% loss: 0.002774
[2018-12-05 20:42:12] Epoch 10 step [40|164] lr=0.00100000 acc: 95.25% loss: 0.002147
[2018-12-05 20:42:16] Epoch 10 step [50|164] lr=0.00100000 acc: 94.05% loss: 0.002268
[2018-12-05 20:42:21] Epoch 10 step [60|164] lr=0.00100000 acc: 95.60% loss: 0.001940
[2018-12-05 20:42:25] Epoch 10 step [70|164] lr=0.00100000 acc: 94.50% loss: 0.002374
[2018-12-05 20:42:31] Epoch 10 step [80|164] lr=0.00100000 acc: 94.50% loss: 0.002123
[2018-12-05 20:42:37] Epoch 10 step [90|164] lr=0.00100000 acc: 93.85% loss: 0.002361
[2018-12-05 20:42:45] Epoch 10 step [100|164] lr=0.00100000 acc: 94.34% loss: 0.002378
[2018-12-05 20:42:53] Epoch 10 step [110|164] lr=0.00100000 acc: 95.73% loss: 0.001696
[2018-12-05 20:43:02] Epoch 10 step [120|164] lr=0.00100000 acc: 96.90% loss: 0.001381
[2018-12-05 20:43:11] Epoch 10 step [130|164] lr=0.00100000 acc: 96.07% loss: 0.001722
[2018-12-05 20:43:21] Epoch 10 step [140|164] lr=0.00100000 acc: 96.89% loss: 0.001948
[2018-12-05 20:43:31] Epoch 10 step [150|164] lr=0.00100000 acc: 96.91% loss: 0.001835
[2018-12-05 20:43:36] Epoch 10 step [160|164] lr=0.00100000 acc: 98.95% loss: 0.002532
dev acc: 72.56% loss: 0.014492
test acc: 74.02% loss: 0.014482
not improved, best test acc: 75.29%, in epoch 9
[2018-12-05 20:43:44] Epoch 11 step [10|164] lr=0.00100000 acc: 94.85% loss: 0.002784
[2018-12-05 20:43:46] Epoch 11 step [20|164] lr=0.00100000 acc: 96.62% loss: 0.002025
[2018-12-05 20:43:48] Epoch 11 step [30|164] lr=0.00100000 acc: 95.67% loss: 0.001991
[2018-12-05 20:43:52] Epoch 11 step [40|164] lr=0.00100000 acc: 95.78% loss: 0.001914
[2018-12-05 20:43:56] Epoch 11 step [50|164] lr=0.00100000 acc: 95.54% loss: 0.002096
[2018-12-05 20:44:00] Epoch 11 step [60|164] lr=0.00100000 acc: 95.28% loss: 0.001721
[2018-12-05 20:44:05] Epoch 11 step [70|164] lr=0.00100000 acc: 95.23% loss: 0.002112
[2018-12-05 20:44:11] Epoch 11 step [80|164] lr=0.00100000 acc: 94.67% loss: 0.002255
[2018-12-05 20:44:18] Epoch 11 step [90|164] lr=0.00100000 acc: 97.09% loss: 0.001254
[2018-12-05 20:44:25] Epoch 11 step [100|164] lr=0.00100000 acc: 95.01% loss: 0.001923
[2018-12-05 20:44:34] Epoch 11 step [110|164] lr=0.00100000 acc: 96.41% loss: 0.001435
[2018-12-05 20:44:42] Epoch 11 step [120|164] lr=0.00100000 acc: 98.00% loss: 0.001173
[2018-12-05 20:44:54] Epoch 11 step [130|164] lr=0.00100000 acc: 96.45% loss: 0.001431
[2018-12-05 20:45:04] Epoch 11 step [140|164] lr=0.00100000 acc: 95.02% loss: 0.002205
[2018-12-05 20:45:14] Epoch 11 step [150|164] lr=0.00100000 acc: 97.79% loss: 0.001381
[2018-12-05 20:45:18] Epoch 11 step [160|164] lr=0.00100000 acc: 97.89% loss: 0.002857
dev acc: 71.88% loss: 0.015006
test acc: 71.58% loss: 0.015218
not improved, best test acc: 75.29%, in epoch 9
[2018-12-05 20:45:26] Epoch 12 step [10|164] lr=0.00100000 acc: 94.64% loss: 0.002381
[2018-12-05 20:45:28] Epoch 12 step [20|164] lr=0.00100000 acc: 93.42% loss: 0.002524
[2018-12-05 20:45:30] Epoch 12 step [30|164] lr=0.00100000 acc: 95.84% loss: 0.001950
[2018-12-05 20:45:33] Epoch 12 step [40|164] lr=0.00100000 acc: 96.84% loss: 0.001607
[2018-12-05 20:45:37] Epoch 12 step [50|164] lr=0.00100000 acc: 96.03% loss: 0.001897
[2018-12-05 20:45:41] Epoch 12 step [60|164] lr=0.00100000 acc: 95.28% loss: 0.001790
[2018-12-05 20:45:46] Epoch 12 step [70|164] lr=0.00100000 acc: 96.15% loss: 0.001700
[2018-12-05 20:45:51] Epoch 12 step [80|164] lr=0.00100000 acc: 96.05% loss: 0.001716
[2018-12-05 20:45:58] Epoch 12 step [90|164] lr=0.00100000 acc: 95.95% loss: 0.001605
[2018-12-05 20:46:06] Epoch 12 step [100|164] lr=0.00100000 acc: 96.51% loss: 0.001537
[2018-12-05 20:46:14] Epoch 12 step [110|164] lr=0.00100000 acc: 97.61% loss: 0.001215
[2018-12-05 20:46:23] Epoch 12 step [120|164] lr=0.00100000 acc: 98.72% loss: 0.000955
[2018-12-05 20:46:32] Epoch 12 step [130|164] lr=0.00100000 acc: 98.69% loss: 0.000891
[2018-12-05 20:46:42] Epoch 12 step [140|164] lr=0.00100000 acc: 97.51% loss: 0.001149
[2018-12-05 20:46:53] Epoch 12 step [150|164] lr=0.00100000 acc: 97.79% loss: 0.001176
[2018-12-05 20:46:58] Epoch 12 step [160|164] lr=0.00100000 acc: 97.89% loss: 0.003007
dev acc: 70.80% loss: 0.018632
test acc: 69.24% loss: 0.020156
not improved, best test acc: 75.29%, in epoch 9
[2018-12-05 20:47:05] Epoch 13 step [10|164] lr=0.00100000 acc: 94.42% loss: 0.002721
[2018-12-05 20:47:07] Epoch 13 step [20|164] lr=0.00100000 acc: 95.68% loss: 0.001930
[2018-12-05 20:47:09] Epoch 13 step [30|164] lr=0.00100000 acc: 95.49% loss: 0.001588
[2018-12-05 20:47:13] Epoch 13 step [40|164] lr=0.00100000 acc: 97.19% loss: 0.001422
[2018-12-05 20:47:18] Epoch 13 step [50|164] lr=0.00100000 acc: 96.53% loss: 0.001576
[2018-12-05 20:47:23] Epoch 13 step [60|164] lr=0.00100000 acc: 97.33% loss: 0.001422
[2018-12-05 20:47:28] Epoch 13 step [70|164] lr=0.00100000 acc: 97.25% loss: 0.001383
[2018-12-05 20:47:34] Epoch 13 step [80|164] lr=0.00100000 acc: 96.74% loss: 0.001471
[2018-12-05 20:47:41] Epoch 13 step [90|164] lr=0.00100000 acc: 96.60% loss: 0.001196
[2018-12-05 20:47:49] Epoch 13 step [100|164] lr=0.00100000 acc: 96.84% loss: 0.001445
[2018-12-05 20:47:57] Epoch 13 step [110|164] lr=0.00100000 acc: 97.44% loss: 0.001095
[2018-12-05 20:48:08] Epoch 13 step [120|164] lr=0.00100000 acc: 97.81% loss: 0.000933
[2018-12-05 20:48:18] Epoch 13 step [130|164] lr=0.00100000 acc: 97.94% loss: 0.000950
[2018-12-05 20:48:28] Epoch 13 step [140|164] lr=0.00100000 acc: 97.93% loss: 0.001103
[2018-12-05 20:48:39] Epoch 13 step [150|164] lr=0.00100000 acc: 98.01% loss: 0.001294
[2018-12-05 20:48:44] Epoch 13 step [160|164] lr=0.00100000 acc: 98.95% loss: 0.001471
dev acc: 72.95% loss: 0.016144
test acc: 70.90% loss: 0.017882
not improved, best test acc: 75.29%, in epoch 9
[2018-12-05 20:48:52] Epoch 14 step [10|164] lr=0.00100000 acc: 96.57% loss: 0.001916
[2018-12-05 20:48:54] Epoch 14 step [20|164] lr=0.00100000 acc: 96.99% loss: 0.001372
[2018-12-05 20:48:56] Epoch 14 step [30|164] lr=0.00100000 acc: 96.71% loss: 0.001478
[2018-12-05 20:49:00] Epoch 14 step [40|164] lr=0.00100000 acc: 96.31% loss: 0.001472
[2018-12-05 20:49:04] Epoch 14 step [50|164] lr=0.00100000 acc: 96.53% loss: 0.001187
[2018-12-05 20:49:09] Epoch 14 step [60|164] lr=0.00100000 acc: 97.96% loss: 0.000977
[2018-12-05 20:49:13] Epoch 14 step [70|164] lr=0.00100000 acc: 97.61% loss: 0.001013
[2018-12-05 20:49:19] Epoch 14 step [80|164] lr=0.00100000 acc: 97.42% loss: 0.001277
[2018-12-05 20:49:26] Epoch 14 step [90|164] lr=0.00100000 acc: 97.25% loss: 0.001064
[2018-12-05 20:49:34] Epoch 14 step [100|164] lr=0.00100000 acc: 97.84% loss: 0.001141
[2018-12-05 20:49:42] Epoch 14 step [110|164] lr=0.00100000 acc: 98.80% loss: 0.000740
[2018-12-05 20:49:50] Epoch 14 step [120|164] lr=0.00100000 acc: 98.91% loss: 0.000608
[2018-12-05 20:49:59] Epoch 14 step [130|164] lr=0.00100000 acc: 96.82% loss: 0.001347
[2018-12-05 20:50:10] Epoch 14 step [140|164] lr=0.00100000 acc: 97.93% loss: 0.000962
[2018-12-05 20:50:20] Epoch 14 step [150|164] lr=0.00100000 acc: 98.01% loss: 0.000816
[2018-12-05 20:50:24] Epoch 14 step [160|164] lr=0.00100000 acc: 98.95% loss: 0.001273
dev acc: 73.73% loss: 0.016708
test acc: 73.05% loss: 0.017784
not improved, best test acc: 75.29%, in epoch 9
[2018-12-05 20:50:32] Epoch 15 step [10|164] lr=0.00100000 acc: 97.00% loss: 0.001913
[2018-12-05 20:50:33] Epoch 15 step [20|164] lr=0.00100000 acc: 97.56% loss: 0.000997
[2018-12-05 20:50:36] Epoch 15 step [30|164] lr=0.00100000 acc: 97.75% loss: 0.001006
[2018-12-05 20:50:39] Epoch 15 step [40|164] lr=0.00100000 acc: 98.24% loss: 0.000890
[2018-12-05 20:50:42] Epoch 15 step [50|164] lr=0.00100000 acc: 98.51% loss: 0.000753
[2018-12-05 20:50:47] Epoch 15 step [60|164] lr=0.00100000 acc: 97.80% loss: 0.001035
[2018-12-05 20:50:52] Epoch 15 step [70|164] lr=0.00100000 acc: 97.06% loss: 0.001499
[2018-12-05 20:50:58] Epoch 15 step [80|164] lr=0.00100000 acc: 97.77% loss: 0.000862
[2018-12-05 20:51:05] Epoch 15 step [90|164] lr=0.00100000 acc: 98.71% loss: 0.000707
[2018-12-05 20:51:13] Epoch 15 step [100|164] lr=0.00100000 acc: 98.00% loss: 0.000901
[2018-12-05 20:51:23] Epoch 15 step [110|164] lr=0.00100000 acc: 98.80% loss: 0.000563
[2018-12-05 20:51:31] Epoch 15 step [120|164] lr=0.00100000 acc: 98.54% loss: 0.000501
[2018-12-05 20:51:42] Epoch 15 step [130|164] lr=0.00100000 acc: 98.50% loss: 0.000792
[2018-12-05 20:51:52] Epoch 15 step [140|164] lr=0.00100000 acc: 98.34% loss: 0.000705
[2018-12-05 20:52:03] Epoch 15 step [150|164] lr=0.00100000 acc: 98.68% loss: 0.000660
[2018-12-05 20:52:07] Epoch 15 step [160|164] lr=0.00100000 acc: 98.95% loss: 0.000817
dev acc: 74.51% loss: 0.017677
test acc: 73.05% loss: 0.018297
model saved succeed in save_models/2018-12-05-20-52-14-treelstm-model_epoch_15.pt
Update! best test acc: 73.05%
[2018-12-05 20:52:14] Epoch 16 step [10|164] lr=0.00100000 acc: 97.21% loss: 0.001716
[2018-12-05 20:52:16] Epoch 16 step [20|164] lr=0.00100000 acc: 97.37% loss: 0.001082
[2018-12-05 20:52:18] Epoch 16 step [30|164] lr=0.00100000 acc: 97.75% loss: 0.001072
[2018-12-05 20:52:21] Epoch 16 step [40|164] lr=0.00100000 acc: 97.54% loss: 0.000996
[2018-12-05 20:52:25] Epoch 16 step [50|164] lr=0.00100000 acc: 98.68% loss: 0.000663
[2018-12-05 20:52:30] Epoch 16 step [60|164] lr=0.00100000 acc: 98.11% loss: 0.000827
[2018-12-05 20:52:35] Epoch 16 step [70|164] lr=0.00100000 acc: 98.17% loss: 0.000913
[2018-12-05 20:52:41] Epoch 16 step [80|164] lr=0.00100000 acc: 97.94% loss: 0.000847
[2018-12-05 20:52:48] Epoch 16 step [90|164] lr=0.00100000 acc: 98.38% loss: 0.000635
[2018-12-05 20:52:56] Epoch 16 step [100|164] lr=0.00100000 acc: 98.00% loss: 0.000665
[2018-12-05 20:53:03] Epoch 16 step [110|164] lr=0.00100000 acc: 98.63% loss: 0.000610
[2018-12-05 20:53:13] Epoch 16 step [120|164] lr=0.00100000 acc: 99.09% loss: 0.000462
[2018-12-05 20:53:22] Epoch 16 step [130|164] lr=0.00100000 acc: 98.32% loss: 0.000566
[2018-12-05 20:53:32] Epoch 16 step [140|164] lr=0.00100000 acc: 97.51% loss: 0.000856
[2018-12-05 20:53:42] Epoch 16 step [150|164] lr=0.00100000 acc: 98.23% loss: 0.001036
[2018-12-05 20:53:46] Epoch 16 step [160|164] lr=0.00100000 acc: 100.00% loss: 0.000530
dev acc: 75.49% loss: 0.016996
test acc: 73.44% loss: 0.018595
model saved succeed in save_models/2018-12-05-20-53-53-treelstm-model_epoch_16.pt
Update! best test acc: 73.44%
[2018-12-05 20:53:54] Epoch 17 step [10|164] lr=0.00100000 acc: 98.07% loss: 0.001082
[2018-12-05 20:53:56] Epoch 17 step [20|164] lr=0.00100000 acc: 98.50% loss: 0.000861
[2018-12-05 20:53:58] Epoch 17 step [30|164] lr=0.00100000 acc: 98.09% loss: 0.000812
[2018-12-05 20:54:01] Epoch 17 step [40|164] lr=0.00100000 acc: 98.24% loss: 0.000847
[2018-12-05 20:54:05] Epoch 17 step [50|164] lr=0.00100000 acc: 98.18% loss: 0.000621
[2018-12-05 20:54:10] Epoch 17 step [60|164] lr=0.00100000 acc: 98.11% loss: 0.000823
[2018-12-05 20:54:15] Epoch 17 step [70|164] lr=0.00100000 acc: 97.80% loss: 0.000768
[2018-12-05 20:54:20] Epoch 17 step [80|164] lr=0.00100000 acc: 98.28% loss: 0.000868
[2018-12-05 20:54:28] Epoch 17 step [90|164] lr=0.00100000 acc: 98.71% loss: 0.000581
[2018-12-05 20:54:35] Epoch 17 step [100|164] lr=0.00100000 acc: 98.50% loss: 0.000626
[2018-12-05 20:54:44] Epoch 17 step [110|164] lr=0.00100000 acc: 98.46% loss: 0.000734
[2018-12-05 20:54:53] Epoch 17 step [120|164] lr=0.00100000 acc: 99.09% loss: 0.000508
[2018-12-05 20:55:03] Epoch 17 step [130|164] lr=0.00100000 acc: 98.50% loss: 0.000806
[2018-12-05 20:55:13] Epoch 17 step [140|164] lr=0.00100000 acc: 96.89% loss: 0.001094
[2018-12-05 20:55:23] Epoch 17 step [150|164] lr=0.00100000 acc: 96.91% loss: 0.001235
[2018-12-05 20:55:27] Epoch 17 step [160|164] lr=0.00100000 acc: 100.00% loss: 0.000806
dev acc: 74.41% loss: 0.018914
test acc: 73.83% loss: 0.019456
not improved, best test acc: 73.44%, in epoch 16
[2018-12-05 20:55:34] Epoch 18 step [10|164] lr=0.00100000 acc: 98.50% loss: 0.000806
[2018-12-05 20:55:37] Epoch 18 step [20|164] lr=0.00100000 acc: 97.18% loss: 0.000992
[2018-12-05 20:55:39] Epoch 18 step [30|164] lr=0.00100000 acc: 98.61% loss: 0.000701
[2018-12-05 20:55:42] Epoch 18 step [40|164] lr=0.00100000 acc: 97.54% loss: 0.001026
[2018-12-05 20:55:46] Epoch 18 step [50|164] lr=0.00100000 acc: 98.51% loss: 0.000624
[2018-12-05 20:55:50] Epoch 18 step [60|164] lr=0.00100000 acc: 98.74% loss: 0.000509
[2018-12-05 20:55:55] Epoch 18 step [70|164] lr=0.00100000 acc: 98.35% loss: 0.000745
[2018-12-05 20:56:00] Epoch 18 step [80|164] lr=0.00100000 acc: 99.48% loss: 0.000340
[2018-12-05 20:56:08] Epoch 18 step [90|164] lr=0.00100000 acc: 99.03% loss: 0.000520
[2018-12-05 20:56:15] Epoch 18 step [100|164] lr=0.00100000 acc: 98.50% loss: 0.000676
[2018-12-05 20:56:25] Epoch 18 step [110|164] lr=0.00100000 acc: 98.63% loss: 0.000578
[2018-12-05 20:56:34] Epoch 18 step [120|164] lr=0.00100000 acc: 98.54% loss: 0.000531
[2018-12-05 20:56:44] Epoch 18 step [130|164] lr=0.00100000 acc: 99.25% loss: 0.000440
[2018-12-05 20:56:54] Epoch 18 step [140|164] lr=0.00100000 acc: 98.55% loss: 0.000416
[2018-12-05 20:57:05] Epoch 18 step [150|164] lr=0.00100000 acc: 98.68% loss: 0.000691
[2018-12-05 20:57:11] Epoch 18 step [160|164] lr=0.00100000 acc: 99.47% loss: 0.000522
dev acc: 74.80% loss: 0.019501
test acc: 74.12% loss: 0.020197
not improved, best test acc: 73.44%, in epoch 16
[2018-12-05 20:57:18] Epoch 19 step [10|164] lr=0.00100000 acc: 98.28% loss: 0.001142
[2018-12-05 20:57:20] Epoch 19 step [20|164] lr=0.00100000 acc: 98.12% loss: 0.000812
[2018-12-05 20:57:22] Epoch 19 step [30|164] lr=0.00100000 acc: 97.75% loss: 0.000886
[2018-12-05 20:57:26] Epoch 19 step [40|164] lr=0.00100000 acc: 99.12% loss: 0.000443
[2018-12-05 20:57:30] Epoch 19 step [50|164] lr=0.00100000 acc: 98.35% loss: 0.000824
[2018-12-05 20:57:35] Epoch 19 step [60|164] lr=0.00100000 acc: 98.43% loss: 0.000591
[2018-12-05 20:57:41] Epoch 19 step [70|164] lr=0.00100000 acc: 98.90% loss: 0.000568
[2018-12-05 20:57:47] Epoch 19 step [80|164] lr=0.00100000 acc: 99.31% loss: 0.000381
[2018-12-05 20:57:54] Epoch 19 step [90|164] lr=0.00100000 acc: 98.71% loss: 0.000676
[2018-12-05 20:58:02] Epoch 19 step [100|164] lr=0.00100000 acc: 98.50% loss: 0.000716
[2018-12-05 20:58:10] Epoch 19 step [110|164] lr=0.00100000 acc: 98.80% loss: 0.000625
[2018-12-05 20:58:19] Epoch 19 step [120|164] lr=0.00100000 acc: 98.91% loss: 0.000355
[2018-12-05 20:58:30] Epoch 19 step [130|164] lr=0.00100000 acc: 99.07% loss: 0.000401
[2018-12-05 20:58:41] Epoch 19 step [140|164] lr=0.00100000 acc: 99.17% loss: 0.000356
[2018-12-05 20:58:52] Epoch 19 step [150|164] lr=0.00100000 acc: 99.12% loss: 0.000452
[2018-12-05 20:58:56] Epoch 19 step [160|164] lr=0.00100000 acc: 100.00% loss: 0.000408
dev acc: 74.12% loss: 0.019281
test acc: 72.75% loss: 0.020927
not improved, best test acc: 73.44%, in epoch 16
[2018-12-05 20:59:04] Epoch 20 step [10|164] lr=0.00100000 acc: 98.71% loss: 0.000681
[2018-12-05 20:59:05] Epoch 20 step [20|164] lr=0.00100000 acc: 98.87% loss: 0.000564
[2018-12-05 20:59:08] Epoch 20 step [30|164] lr=0.00100000 acc: 99.13% loss: 0.000688
[2018-12-05 20:59:11] Epoch 20 step [40|164] lr=0.00100000 acc: 98.59% loss: 0.000579
[2018-12-05 20:59:15] Epoch 20 step [50|164] lr=0.00100000 acc: 98.18% loss: 0.000561
[2018-12-05 20:59:21] Epoch 20 step [60|164] lr=0.00100000 acc: 99.06% loss: 0.000448
[2018-12-05 20:59:26] Epoch 20 step [70|164] lr=0.00100000 acc: 99.08% loss: 0.000606
[2018-12-05 20:59:31] Epoch 20 step [80|164] lr=0.00100000 acc: 99.66% loss: 0.000344
[2018-12-05 20:59:39] Epoch 20 step [90|164] lr=0.00100000 acc: 99.19% loss: 0.000441
[2018-12-05 20:59:47] Epoch 20 step [100|164] lr=0.00100000 acc: 97.67% loss: 0.000669
[2018-12-05 20:59:55] Epoch 20 step [110|164] lr=0.00100000 acc: 99.15% loss: 0.000352
[2018-12-05 21:00:05] Epoch 20 step [120|164] lr=0.00100000 acc: 99.27% loss: 0.000325
[2018-12-05 21:00:15] Epoch 20 step [130|164] lr=0.00100000 acc: 99.81% loss: 0.000193
[2018-12-05 21:00:26] Epoch 20 step [140|164] lr=0.00100000 acc: 99.38% loss: 0.000424
[2018-12-05 21:00:36] Epoch 20 step [150|164] lr=0.00100000 acc: 99.34% loss: 0.000404
[2018-12-05 21:00:40] Epoch 20 step [160|164] lr=0.00100000 acc: 100.00% loss: 0.000359
dev acc: 74.22% loss: 0.020893
test acc: 71.58% loss: 0.022780
not improved, best test acc: 73.44%, in epoch 16
[2018-12-05 21:00:47] Epoch 21 step [10|164] lr=0.00100000 acc: 98.50% loss: 0.000850
[2018-12-05 21:00:49] Epoch 21 step [20|164] lr=0.00100000 acc: 97.93% loss: 0.000704
[2018-12-05 21:00:51] Epoch 21 step [30|164] lr=0.00100000 acc: 98.61% loss: 0.000538
[2018-12-05 21:00:55] Epoch 21 step [40|164] lr=0.00100000 acc: 98.95% loss: 0.000448
[2018-12-05 21:00:59] Epoch 21 step [50|164] lr=0.00100000 acc: 99.17% loss: 0.000376
[2018-12-05 21:01:03] Epoch 21 step [60|164] lr=0.00100000 acc: 99.53% loss: 0.000422
[2018-12-05 21:01:08] Epoch 21 step [70|164] lr=0.00100000 acc: 98.72% loss: 0.000582
[2018-12-05 21:01:13] Epoch 21 step [80|164] lr=0.00100000 acc: 98.97% loss: 0.000680
[2018-12-05 21:01:20] Epoch 21 step [90|164] lr=0.00100000 acc: 99.19% loss: 0.000419
[2018-12-05 21:01:27] Epoch 21 step [100|164] lr=0.00100000 acc: 98.50% loss: 0.000522
[2018-12-05 21:01:36] Epoch 21 step [110|164] lr=0.00100000 acc: 99.66% loss: 0.000246
[2018-12-05 21:01:45] Epoch 21 step [120|164] lr=0.00100000 acc: 99.09% loss: 0.000381
[2018-12-05 21:01:54] Epoch 21 step [130|164] lr=0.00100000 acc: 99.07% loss: 0.000423
[2018-12-05 21:02:04] Epoch 21 step [140|164] lr=0.00100000 acc: 99.17% loss: 0.000530
[2018-12-05 21:02:14] Epoch 21 step [150|164] lr=0.00100000 acc: 99.56% loss: 0.000258
[2018-12-05 21:02:19] Epoch 21 step [160|164] lr=0.00100000 acc: 100.00% loss: 0.000231
dev acc: 74.41% loss: 0.021902
test acc: 72.07% loss: 0.024043
not improved, best test acc: 73.44%, in epoch 16
[2018-12-05 21:02:26] Epoch 22 step [10|164] lr=0.00100000 acc: 99.14% loss: 0.000591
[2018-12-05 21:02:28] Epoch 22 step [20|164] lr=0.00100000 acc: 99.06% loss: 0.000525
[2018-12-05 21:02:30] Epoch 22 step [30|164] lr=0.00100000 acc: 99.13% loss: 0.000473
[2018-12-05 21:02:34] Epoch 22 step [40|164] lr=0.00100000 acc: 99.30% loss: 0.000450
[2018-12-05 21:02:38] Epoch 22 step [50|164] lr=0.00100000 acc: 99.01% loss: 0.000403
[2018-12-05 21:02:43] Epoch 22 step [60|164] lr=0.00100000 acc: 99.06% loss: 0.000314
[2018-12-05 21:02:49] Epoch 22 step [70|164] lr=0.00100000 acc: 99.27% loss: 0.000307
[2018-12-05 21:02:54] Epoch 22 step [80|164] lr=0.00100000 acc: 98.80% loss: 0.000564
[2018-12-05 21:03:01] Epoch 22 step [90|164] lr=0.00100000 acc: 99.03% loss: 0.000407
[2018-12-05 21:03:09] Epoch 22 step [100|164] lr=0.00100000 acc: 98.84% loss: 0.000444
[2018-12-05 21:03:17] Epoch 22 step [110|164] lr=0.00100000 acc: 98.97% loss: 0.000420
[2018-12-05 21:03:25] Epoch 22 step [120|164] lr=0.00100000 acc: 98.91% loss: 0.000401
[2018-12-05 21:03:35] Epoch 22 step [130|164] lr=0.00100000 acc: 99.07% loss: 0.000435
[2018-12-05 21:03:45] Epoch 22 step [140|164] lr=0.00100000 acc: 99.38% loss: 0.000271
[2018-12-05 21:03:56] Epoch 22 step [150|164] lr=0.00100000 acc: 99.78% loss: 0.000201
[2018-12-05 21:04:00] Epoch 22 step [160|164] lr=0.00100000 acc: 99.47% loss: 0.000710
dev acc: 74.80% loss: 0.020406
test acc: 72.95% loss: 0.022588
not improved, best test acc: 73.44%, in epoch 16
[2018-12-05 21:04:08] Epoch 23 step [10|164] lr=0.00100000 acc: 99.36% loss: 0.000540
[2018-12-05 21:04:10] Epoch 23 step [20|164] lr=0.00100000 acc: 98.68% loss: 0.000488
[2018-12-05 21:04:13] Epoch 23 step [30|164] lr=0.00100000 acc: 98.44% loss: 0.000453
[2018-12-05 21:04:17] Epoch 23 step [40|164] lr=0.00100000 acc: 99.65% loss: 0.000288
[2018-12-05 21:04:21] Epoch 23 step [50|164] lr=0.00100000 acc: 98.68% loss: 0.000606
[2018-12-05 21:04:26] Epoch 23 step [60|164] lr=0.00100000 acc: 99.21% loss: 0.000343
[2018-12-05 21:04:30] Epoch 23 step [70|164] lr=0.00100000 acc: 98.72% loss: 0.000449
[2018-12-05 21:04:36] Epoch 23 step [80|164] lr=0.00100000 acc: 99.48% loss: 0.000328
[2018-12-05 21:04:43] Epoch 23 step [90|164] lr=0.00100000 acc: 99.19% loss: 0.000328
[2018-12-05 21:04:51] Epoch 23 step [100|164] lr=0.00100000 acc: 99.00% loss: 0.000404
[2018-12-05 21:04:59] Epoch 23 step [110|164] lr=0.00100000 acc: 99.32% loss: 0.000308
[2018-12-05 21:05:07] Epoch 23 step [120|164] lr=0.00100000 acc: 99.82% loss: 0.000164
[2018-12-05 21:05:16] Epoch 23 step [130|164] lr=0.00100000 acc: 99.25% loss: 0.000245
[2018-12-05 21:05:26] Epoch 23 step [140|164] lr=0.00100000 acc: 99.79% loss: 0.000196
[2018-12-05 21:05:37] Epoch 23 step [150|164] lr=0.00100000 acc: 100.00% loss: 0.000120
[2018-12-05 21:05:40] Epoch 23 step [160|164] lr=0.00100000 acc: 100.00% loss: 0.000137
dev acc: 73.93% loss: 0.022536
test acc: 72.85% loss: 0.024481
not improved, best test acc: 73.44%, in epoch 16
[2018-12-05 21:05:47] Epoch 24 step [10|164] lr=0.00100000 acc: 98.28% loss: 0.000687
[2018-12-05 21:05:49] Epoch 24 step [20|164] lr=0.00100000 acc: 98.68% loss: 0.000744
[2018-12-05 21:05:51] Epoch 24 step [30|164] lr=0.00100000 acc: 98.96% loss: 0.000361
[2018-12-05 21:05:54] Epoch 24 step [40|164] lr=0.00100000 acc: 98.77% loss: 0.000485
[2018-12-05 21:05:58] Epoch 24 step [50|164] lr=0.00100000 acc: 98.84% loss: 0.000352
[2018-12-05 21:06:03] Epoch 24 step [60|164] lr=0.00100000 acc: 99.06% loss: 0.000338
[2018-12-05 21:06:08] Epoch 24 step [70|164] lr=0.00100000 acc: 98.90% loss: 0.000422
[2018-12-05 21:06:14] Epoch 24 step [80|164] lr=0.00100000 acc: 99.31% loss: 0.000443
[2018-12-05 21:06:21] Epoch 24 step [90|164] lr=0.00100000 acc: 98.87% loss: 0.000430
[2018-12-05 21:06:29] Epoch 24 step [100|164] lr=0.00100000 acc: 99.17% loss: 0.000317
[2018-12-05 21:06:39] Epoch 24 step [110|164] lr=0.00100000 acc: 99.49% loss: 0.000235
[2018-12-05 21:06:48] Epoch 24 step [120|164] lr=0.00100000 acc: 98.91% loss: 0.000450
[2018-12-05 21:06:57] Epoch 24 step [130|164] lr=0.00100000 acc: 99.44% loss: 0.000300
[2018-12-05 21:07:07] Epoch 24 step [140|164] lr=0.00100000 acc: 99.17% loss: 0.000329
[2018-12-05 21:07:17] Epoch 24 step [150|164] lr=0.00100000 acc: 98.23% loss: 0.000694
[2018-12-05 21:07:21] Epoch 24 step [160|164] lr=0.00100000 acc: 99.47% loss: 0.000268
dev acc: 75.88% loss: 0.022609
test acc: 72.66% loss: 0.024027
model saved succeed in save_models/2018-12-05-21-07-28-treelstm-model_epoch_24.pt
Update! best test acc: 72.66%
[2018-12-05 21:07:28] Epoch 25 step [10|164] lr=0.00100000 acc: 99.14% loss: 0.000490
[2018-12-05 21:07:30] Epoch 25 step [20|164] lr=0.00100000 acc: 99.25% loss: 0.000483
[2018-12-05 21:07:32] Epoch 25 step [30|164] lr=0.00100000 acc: 99.48% loss: 0.000287
[2018-12-05 21:07:35] Epoch 25 step [40|164] lr=0.00100000 acc: 99.12% loss: 0.000483
[2018-12-05 21:07:39] Epoch 25 step [50|164] lr=0.00100000 acc: 99.01% loss: 0.000451
[2018-12-05 21:07:43] Epoch 25 step [60|164] lr=0.00100000 acc: 98.58% loss: 0.000483
[2018-12-05 21:07:48] Epoch 25 step [70|164] lr=0.00100000 acc: 100.00% loss: 0.000148
[2018-12-05 21:07:54] Epoch 25 step [80|164] lr=0.00100000 acc: 98.63% loss: 0.000409
[2018-12-05 21:08:01] Epoch 25 step [90|164] lr=0.00100000 acc: 99.68% loss: 0.000247
[2018-12-05 21:08:08] Epoch 25 step [100|164] lr=0.00100000 acc: 99.67% loss: 0.000243
[2018-12-05 21:08:16] Epoch 25 step [110|164] lr=0.00100000 acc: 99.66% loss: 0.000252
[2018-12-05 21:08:26] Epoch 25 step [120|164] lr=0.00100000 acc: 99.09% loss: 0.000372
[2018-12-05 21:08:37] Epoch 25 step [130|164] lr=0.00100000 acc: 99.63% loss: 0.000230
[2018-12-05 21:08:47] Epoch 25 step [140|164] lr=0.00100000 acc: 99.79% loss: 0.000202
[2018-12-05 21:08:58] Epoch 25 step [150|164] lr=0.00100000 acc: 99.78% loss: 0.000159
[2018-12-05 21:09:03] Epoch 25 step [160|164] lr=0.00100000 acc: 99.47% loss: 0.000287
dev acc: 74.12% loss: 0.023335
test acc: 72.17% loss: 0.025105
not improved, best test acc: 72.66%, in epoch 24
[2018-12-05 21:09:11] Epoch 26 step [10|164] lr=0.00100000 acc: 99.36% loss: 0.000391
[2018-12-05 21:09:13] Epoch 26 step [20|164] lr=0.00100000 acc: 99.62% loss: 0.000269
[2018-12-05 21:09:16] Epoch 26 step [30|164] lr=0.00100000 acc: 99.13% loss: 0.000283
[2018-12-05 21:09:20] Epoch 26 step [40|164] lr=0.00100000 acc: 99.65% loss: 0.000216
[2018-12-05 21:09:24] Epoch 26 step [50|164] lr=0.00100000 acc: 99.50% loss: 0.000243
[2018-12-05 21:09:29] Epoch 26 step [60|164] lr=0.00100000 acc: 99.06% loss: 0.000426
[2018-12-05 21:09:35] Epoch 26 step [70|164] lr=0.00100000 acc: 99.45% loss: 0.000228
[2018-12-05 21:09:41] Epoch 26 step [80|164] lr=0.00100000 acc: 98.97% loss: 0.000412
[2018-12-05 21:09:49] Epoch 26 step [90|164] lr=0.00100000 acc: 99.35% loss: 0.000270
[2018-12-05 21:09:58] Epoch 26 step [100|164] lr=0.00100000 acc: 98.84% loss: 0.000348
[2018-12-05 21:10:07] Epoch 26 step [110|164] lr=0.00100000 acc: 99.66% loss: 0.000217
[2018-12-05 21:10:16] Epoch 26 step [120|164] lr=0.00100000 acc: 99.64% loss: 0.000145
[2018-12-05 21:10:26] Epoch 26 step [130|164] lr=0.00100000 acc: 99.81% loss: 0.000172
[2018-12-05 21:10:36] Epoch 26 step [140|164] lr=0.00100000 acc: 98.96% loss: 0.000319
[2018-12-05 21:10:48] Epoch 26 step [150|164] lr=0.00100000 acc: 99.78% loss: 0.000122
[2018-12-05 21:10:53] Epoch 26 step [160|164] lr=0.00100000 acc: 100.00% loss: 0.000291
dev acc: 74.51% loss: 0.023079
test acc: 71.88% loss: 0.025915
not improved, best test acc: 72.66%, in epoch 24
[2018-12-05 21:11:00] Epoch 27 step [10|164] lr=0.00100000 acc: 99.14% loss: 0.000403
[2018-12-05 21:11:02] Epoch 27 step [20|164] lr=0.00100000 acc: 99.25% loss: 0.000281
[2018-12-05 21:11:05] Epoch 27 step [30|164] lr=0.00100000 acc: 99.65% loss: 0.000182
[2018-12-05 21:11:09] Epoch 27 step [40|164] lr=0.00100000 acc: 99.30% loss: 0.000309
[2018-12-05 21:11:14] Epoch 27 step [50|164] lr=0.00100000 acc: 99.17% loss: 0.000322
[2018-12-05 21:11:20] Epoch 27 step [60|164] lr=0.00100000 acc: 99.69% loss: 0.000184
[2018-12-05 21:11:25] Epoch 27 step [70|164] lr=0.00100000 acc: 99.08% loss: 0.000327
[2018-12-05 21:11:32] Epoch 27 step [80|164] lr=0.00100000 acc: 99.48% loss: 0.000236
[2018-12-05 21:11:39] Epoch 27 step [90|164] lr=0.00100000 acc: 99.03% loss: 0.000492
[2018-12-05 21:11:48] Epoch 27 step [100|164] lr=0.00100000 acc: 99.17% loss: 0.000341
[2018-12-05 21:11:58] Epoch 27 step [110|164] lr=0.00100000 acc: 99.32% loss: 0.000290
[2018-12-05 21:12:08] Epoch 27 step [120|164] lr=0.00100000 acc: 99.45% loss: 0.000340
[2018-12-05 21:12:18] Epoch 27 step [130|164] lr=0.00100000 acc: 99.25% loss: 0.000214
[2018-12-05 21:12:28] Epoch 27 step [140|164] lr=0.00100000 acc: 99.59% loss: 0.000284
[2018-12-05 21:12:40] Epoch 27 step [150|164] lr=0.00100000 acc: 99.78% loss: 0.000179
[2018-12-05 21:12:44] Epoch 27 step [160|164] lr=0.00100000 acc: 100.00% loss: 0.000143
dev acc: 74.90% loss: 0.023000
test acc: 72.75% loss: 0.025097
not improved, best test acc: 72.66%, in epoch 24
[2018-12-05 21:12:53] Epoch 28 step [10|164] lr=0.00100000 acc: 99.36% loss: 0.000458
[2018-12-05 21:12:55] Epoch 28 step [20|164] lr=0.00100000 acc: 99.44% loss: 0.000310
[2018-12-05 21:12:58] Epoch 28 step [30|164] lr=0.00100000 acc: 99.48% loss: 0.000410
[2018-12-05 21:13:01] Epoch 28 step [40|164] lr=0.00100000 acc: 99.47% loss: 0.000203
[2018-12-05 21:13:06] Epoch 28 step [50|164] lr=0.00100000 acc: 99.83% loss: 0.000166
[2018-12-05 21:13:11] Epoch 28 step [60|164] lr=0.00100000 acc: 99.69% loss: 0.000144
[2018-12-05 21:13:16] Epoch 28 step [70|164] lr=0.00100000 acc: 99.45% loss: 0.000260
[2018-12-05 21:13:24] Epoch 28 step [80|164] lr=0.00100000 acc: 99.48% loss: 0.000238
[2018-12-05 21:13:31] Epoch 28 step [90|164] lr=0.00100000 acc: 99.35% loss: 0.000295
[2018-12-05 21:13:40] Epoch 28 step [100|164] lr=0.00100000 acc: 99.67% loss: 0.000138
[2018-12-05 21:13:49] Epoch 28 step [110|164] lr=0.00100000 acc: 99.49% loss: 0.000284
[2018-12-05 21:13:58] Epoch 28 step [120|164] lr=0.00100000 acc: 99.45% loss: 0.000183
[2018-12-05 21:14:09] Epoch 28 step [130|164] lr=0.00100000 acc: 99.07% loss: 0.000458
[2018-12-05 21:14:19] Epoch 28 step [140|164] lr=0.00100000 acc: 99.17% loss: 0.000438
[2018-12-05 21:14:30] Epoch 28 step [150|164] lr=0.00100000 acc: 99.78% loss: 0.000118
[2018-12-05 21:14:35] Epoch 28 step [160|164] lr=0.00100000 acc: 98.95% loss: 0.000523
dev acc: 71.68% loss: 0.026325
test acc: 70.02% loss: 0.029344
not improved, best test acc: 72.66%, in epoch 24
[2018-12-05 21:14:43] Epoch 29 step [10|164] lr=0.00100000 acc: 99.14% loss: 0.000463
[2018-12-05 21:14:45] Epoch 29 step [20|164] lr=0.00100000 acc: 98.87% loss: 0.000561
[2018-12-05 21:14:48] Epoch 29 step [30|164] lr=0.00100000 acc: 99.13% loss: 0.000390
[2018-12-05 21:14:51] Epoch 29 step [40|164] lr=0.00100000 acc: 99.12% loss: 0.000452
[2018-12-05 21:14:56] Epoch 29 step [50|164] lr=0.00100000 acc: 99.50% loss: 0.000227
[2018-12-05 21:15:01] Epoch 29 step [60|164] lr=0.00100000 acc: 99.53% loss: 0.000279
[2018-12-05 21:15:07] Epoch 29 step [70|164] lr=0.00100000 acc: 99.63% loss: 0.000196
[2018-12-05 21:15:13] Epoch 29 step [80|164] lr=0.00100000 acc: 99.48% loss: 0.000422
[2018-12-05 21:15:21] Epoch 29 step [90|164] lr=0.00100000 acc: 99.19% loss: 0.000327
[2018-12-05 21:15:30] Epoch 29 step [100|164] lr=0.00100000 acc: 99.33% loss: 0.000281
[2018-12-05 21:15:39] Epoch 29 step [110|164] lr=0.00100000 acc: 99.49% loss: 0.000312
[2018-12-05 21:15:49] Epoch 29 step [120|164] lr=0.00100000 acc: 99.27% loss: 0.000528
[2018-12-05 21:15:59] Epoch 29 step [130|164] lr=0.00100000 acc: 98.69% loss: 0.000561
[2018-12-05 21:16:09] Epoch 29 step [140|164] lr=0.00100000 acc: 98.76% loss: 0.000409
[2018-12-05 21:16:21] Epoch 29 step [150|164] lr=0.00100000 acc: 99.12% loss: 0.000337
[2018-12-05 21:16:26] Epoch 29 step [160|164] lr=0.00100000 acc: 100.00% loss: 0.000524
dev acc: 75.88% loss: 0.023093
test acc: 74.90% loss: 0.023514
not improved, best test acc: 72.66%, in epoch 24
[2018-12-05 21:16:34] Epoch 30 step [10|164] lr=0.00100000 acc: 99.14% loss: 0.000414
[2018-12-05 21:16:36] Epoch 30 step [20|164] lr=0.00100000 acc: 99.06% loss: 0.000261
[2018-12-05 21:16:39] Epoch 30 step [30|164] lr=0.00100000 acc: 99.31% loss: 0.000307
[2018-12-05 21:16:42] Epoch 30 step [40|164] lr=0.00100000 acc: 100.00% loss: 0.000166
[2018-12-05 21:16:47] Epoch 30 step [50|164] lr=0.00100000 acc: 99.34% loss: 0.000179
[2018-12-05 21:16:54] Epoch 30 step [60|164] lr=0.00100000 acc: 99.37% loss: 0.000269
[2018-12-05 21:16:59] Epoch 30 step [70|164] lr=0.00100000 acc: 99.45% loss: 0.000465
[2018-12-05 21:17:05] Epoch 30 step [80|164] lr=0.00100000 acc: 98.97% loss: 0.000446
[2018-12-05 21:17:13] Epoch 30 step [90|164] lr=0.00100000 acc: 99.84% loss: 0.000132
[2018-12-05 21:17:21] Epoch 30 step [100|164] lr=0.00100000 acc: 99.67% loss: 0.000301
[2018-12-05 21:17:30] Epoch 30 step [110|164] lr=0.00100000 acc: 99.66% loss: 0.000167
[2018-12-05 21:17:40] Epoch 30 step [120|164] lr=0.00100000 acc: 99.64% loss: 0.000143
[2018-12-05 21:17:51] Epoch 30 step [130|164] lr=0.00100000 acc: 99.44% loss: 0.000240
[2018-12-05 21:18:01] Epoch 30 step [140|164] lr=0.00100000 acc: 99.38% loss: 0.000182
[2018-12-05 21:18:12] Epoch 30 step [150|164] lr=0.00100000 acc: 98.90% loss: 0.000448
[2018-12-05 21:18:17] Epoch 30 step [160|164] lr=0.00100000 acc: 98.95% loss: 0.000333
dev acc: 73.93% loss: 0.025421
test acc: 72.75% loss: 0.027203
not improved, best test acc: 72.66%, in epoch 24
[2018-12-05 21:18:25] Epoch 31 step [10|164] lr=0.00100000 acc: 98.71% loss: 0.000320
[2018-12-05 21:18:27] Epoch 31 step [20|164] lr=0.00100000 acc: 98.87% loss: 0.000430
[2018-12-05 21:18:30] Epoch 31 step [30|164] lr=0.00100000 acc: 99.48% loss: 0.000426
[2018-12-05 21:18:34] Epoch 31 step [40|164] lr=0.00100000 acc: 99.47% loss: 0.000291
[2018-12-05 21:18:38] Epoch 31 step [50|164] lr=0.00100000 acc: 99.34% loss: 0.000268
[2018-12-05 21:18:43] Epoch 31 step [60|164] lr=0.00100000 acc: 99.84% loss: 0.000111
[2018-12-05 21:18:49] Epoch 31 step [70|164] lr=0.00100000 acc: 99.45% loss: 0.000456
[2018-12-05 21:18:55] Epoch 31 step [80|164] lr=0.00100000 acc: 99.66% loss: 0.000132
[2018-12-05 21:19:04] Epoch 31 step [90|164] lr=0.00100000 acc: 99.19% loss: 0.000341
[2018-12-05 21:19:12] Epoch 31 step [100|164] lr=0.00100000 acc: 98.17% loss: 0.000546
[2018-12-05 21:19:21] Epoch 31 step [110|164] lr=0.00100000 acc: 99.83% loss: 0.000186
[2018-12-05 21:19:30] Epoch 31 step [120|164] lr=0.00100000 acc: 99.82% loss: 0.000100
[2018-12-05 21:19:40] Epoch 31 step [130|164] lr=0.00100000 acc: 99.81% loss: 0.000112
[2018-12-05 21:19:51] Epoch 31 step [140|164] lr=0.00100000 acc: 98.96% loss: 0.000449
[2018-12-05 21:20:02] Epoch 31 step [150|164] lr=0.00100000 acc: 99.12% loss: 0.000455
[2018-12-05 21:20:07] Epoch 31 step [160|164] lr=0.00100000 acc: 98.95% loss: 0.000801
dev acc: 73.14% loss: 0.027610
test acc: 71.58% loss: 0.030309
not improved, best test acc: 72.66%, in epoch 24
[2018-12-05 21:20:14] Epoch 32 step [10|164] lr=0.00100000 acc: 99.79% loss: 0.000237
[2018-12-05 21:20:16] Epoch 32 step [20|164] lr=0.00100000 acc: 99.44% loss: 0.000198
[2018-12-05 21:20:20] Epoch 32 step [30|164] lr=0.00100000 acc: 99.31% loss: 0.000409
[2018-12-05 21:20:23] Epoch 32 step [40|164] lr=0.00100000 acc: 99.82% loss: 0.000157
[2018-12-05 21:20:28] Epoch 32 step [50|164] lr=0.00100000 acc: 99.17% loss: 0.000529
[2018-12-05 21:20:34] Epoch 32 step [60|164] lr=0.00100000 acc: 99.53% loss: 0.000313
[2018-12-05 21:20:39] Epoch 32 step [70|164] lr=0.00100000 acc: 99.27% loss: 0.000242
[2018-12-05 21:20:45] Epoch 32 step [80|164] lr=0.00100000 acc: 99.31% loss: 0.000184
[2018-12-05 21:20:52] Epoch 32 step [90|164] lr=0.00100000 acc: 99.35% loss: 0.000296
[2018-12-05 21:21:00] Epoch 32 step [100|164] lr=0.00100000 acc: 99.67% loss: 0.000145
[2018-12-05 21:21:10] Epoch 32 step [110|164] lr=0.00100000 acc: 99.83% loss: 0.000173
[2018-12-05 21:21:19] Epoch 32 step [120|164] lr=0.00100000 acc: 99.45% loss: 0.000236
[2018-12-05 21:21:29] Epoch 32 step [130|164] lr=0.00100000 acc: 99.07% loss: 0.000605
[2018-12-05 21:21:39] Epoch 32 step [140|164] lr=0.00100000 acc: 99.59% loss: 0.000351
[2018-12-05 21:21:49] Epoch 32 step [150|164] lr=0.00100000 acc: 99.78% loss: 0.000182
[2018-12-05 21:21:55] Epoch 32 step [160|164] lr=0.00100000 acc: 100.00% loss: 0.000044
dev acc: 72.07% loss: 0.028782
test acc: 69.73% loss: 0.031639
not improved, best test acc: 72.66%, in epoch 24
8 epoch have not improved, so adjust lr to 0.0007
[2018-12-05 21:22:02] Epoch 33 step [10|164] lr=0.00070000 acc: 99.79% loss: 0.000268
[2018-12-05 21:22:04] Epoch 33 step [20|164] lr=0.00070000 acc: 99.25% loss: 0.000357
[2018-12-05 21:22:07] Epoch 33 step [30|164] lr=0.00070000 acc: 99.83% loss: 0.000232
[2018-12-05 21:22:11] Epoch 33 step [40|164] lr=0.00070000 acc: 99.82% loss: 0.000186
[2018-12-05 21:22:16] Epoch 33 step [50|164] lr=0.00070000 acc: 99.67% loss: 0.000232
[2018-12-05 21:22:21] Epoch 33 step [60|164] lr=0.00070000 acc: 99.53% loss: 0.000194
[2018-12-05 21:22:27] Epoch 33 step [70|164] lr=0.00070000 acc: 99.63% loss: 0.000247
[2018-12-05 21:22:34] Epoch 33 step [80|164] lr=0.00070000 acc: 99.48% loss: 0.000273
[2018-12-05 21:22:41] Epoch 33 step [90|164] lr=0.00070000 acc: 99.35% loss: 0.000294
[2018-12-05 21:22:49] Epoch 33 step [100|164] lr=0.00070000 acc: 99.50% loss: 0.000226
[2018-12-05 21:22:57] Epoch 33 step [110|164] lr=0.00070000 acc: 99.66% loss: 0.000106
[2018-12-05 21:23:06] Epoch 33 step [120|164] lr=0.00070000 acc: 99.82% loss: 0.000098
[2018-12-05 21:23:15] Epoch 33 step [130|164] lr=0.00070000 acc: 99.44% loss: 0.000166
[2018-12-05 21:23:24] Epoch 33 step [140|164] lr=0.00070000 acc: 99.59% loss: 0.000170
[2018-12-05 21:23:35] Epoch 33 step [150|164] lr=0.00070000 acc: 99.56% loss: 0.000158
[2018-12-05 21:23:38] Epoch 33 step [160|164] lr=0.00070000 acc: 100.00% loss: 0.000064
dev acc: 75.00% loss: 0.025403
test acc: 72.27% loss: 0.027544
not improved, best test acc: 72.66%, in epoch 24
[2018-12-05 21:23:46] Epoch 34 step [10|164] lr=0.00070000 acc: 98.71% loss: 0.000438
[2018-12-05 21:23:48] Epoch 34 step [20|164] lr=0.00070000 acc: 99.81% loss: 0.000335
[2018-12-05 21:23:50] Epoch 34 step [30|164] lr=0.00070000 acc: 99.48% loss: 0.000142
[2018-12-05 21:23:53] Epoch 34 step [40|164] lr=0.00070000 acc: 99.65% loss: 0.000194
[2018-12-05 21:23:57] Epoch 34 step [50|164] lr=0.00070000 acc: 99.67% loss: 0.000161
[2018-12-05 21:24:01] Epoch 34 step [60|164] lr=0.00070000 acc: 99.84% loss: 0.000103
[2018-12-05 21:24:06] Epoch 34 step [70|164] lr=0.00070000 acc: 99.82% loss: 0.000189
[2018-12-05 21:24:11] Epoch 34 step [80|164] lr=0.00070000 acc: 99.48% loss: 0.000234
[2018-12-05 21:24:19] Epoch 34 step [90|164] lr=0.00070000 acc: 99.68% loss: 0.000231
[2018-12-05 21:24:26] Epoch 34 step [100|164] lr=0.00070000 acc: 100.00% loss: 0.000091
[2018-12-05 21:24:35] Epoch 34 step [110|164] lr=0.00070000 acc: 99.49% loss: 0.000167
[2018-12-05 21:24:44] Epoch 34 step [120|164] lr=0.00070000 acc: 99.64% loss: 0.000070
[2018-12-05 21:24:53] Epoch 34 step [130|164] lr=0.00070000 acc: 100.00% loss: 0.000034
[2018-12-05 21:25:03] Epoch 34 step [140|164] lr=0.00070000 acc: 99.38% loss: 0.000242
[2018-12-05 21:25:14] Epoch 34 step [150|164] lr=0.00070000 acc: 99.34% loss: 0.000341
[2018-12-05 21:25:18] Epoch 34 step [160|164] lr=0.00070000 acc: 100.00% loss: 0.000095
dev acc: 73.73% loss: 0.027520
test acc: 72.17% loss: 0.030046
not improved, best test acc: 72.66%, in epoch 24
[2018-12-05 21:25:24] Epoch 35 step [10|164] lr=0.00070000 acc: 99.79% loss: 0.000183
[2018-12-05 21:25:26] Epoch 35 step [20|164] lr=0.00070000 acc: 99.25% loss: 0.000441
[2018-12-05 21:25:29] Epoch 35 step [30|164] lr=0.00070000 acc: 99.31% loss: 0.000201
[2018-12-05 21:25:32] Epoch 35 step [40|164] lr=0.00070000 acc: 98.95% loss: 0.000289
[2018-12-05 21:25:35] Epoch 35 step [50|164] lr=0.00070000 acc: 99.34% loss: 0.000197
[2018-12-05 21:25:40] Epoch 35 step [60|164] lr=0.00070000 acc: 99.53% loss: 0.000184
[2018-12-05 21:25:45] Epoch 35 step [70|164] lr=0.00070000 acc: 99.63% loss: 0.000169
[2018-12-05 21:25:50] Epoch 35 step [80|164] lr=0.00070000 acc: 99.66% loss: 0.000121
[2018-12-05 21:25:56] Epoch 35 step [90|164] lr=0.00070000 acc: 99.35% loss: 0.000284
[2018-12-05 21:26:04] Epoch 35 step [100|164] lr=0.00070000 acc: 99.67% loss: 0.000079
[2018-12-05 21:26:13] Epoch 35 step [110|164] lr=0.00070000 acc: 99.83% loss: 0.000170
[2018-12-05 21:26:21] Epoch 35 step [120|164] lr=0.00070000 acc: 99.45% loss: 0.000186
[2018-12-05 21:26:31] Epoch 35 step [130|164] lr=0.00070000 acc: 99.81% loss: 0.000093
[2018-12-05 21:26:40] Epoch 35 step [140|164] lr=0.00070000 acc: 100.00% loss: 0.000067
[2018-12-05 21:26:50] Epoch 35 step [150|164] lr=0.00070000 acc: 99.56% loss: 0.000154
[2018-12-05 21:26:55] Epoch 35 step [160|164] lr=0.00070000 acc: 100.00% loss: 0.000101
dev acc: 74.80% loss: 0.026317
test acc: 73.54% loss: 0.027997
not improved, best test acc: 72.66%, in epoch 24
[2018-12-05 21:27:01] Epoch 36 step [10|164] lr=0.00070000 acc: 99.79% loss: 0.000135
[2018-12-05 21:27:03] Epoch 36 step [20|164] lr=0.00070000 acc: 99.44% loss: 0.000262
[2018-12-05 21:27:05] Epoch 36 step [30|164] lr=0.00070000 acc: 99.13% loss: 0.000530
[2018-12-05 21:27:08] Epoch 36 step [40|164] lr=0.00070000 acc: 99.47% loss: 0.000282
[2018-12-05 21:27:12] Epoch 36 step [50|164] lr=0.00070000 acc: 99.50% loss: 0.000183
[2018-12-05 21:27:16] Epoch 36 step [60|164] lr=0.00070000 acc: 99.69% loss: 0.000183
[2018-12-05 21:27:22] Epoch 36 step [70|164] lr=0.00070000 acc: 100.00% loss: 0.000025
[2018-12-05 21:27:27] Epoch 36 step [80|164] lr=0.00070000 acc: 99.83% loss: 0.000063
[2018-12-05 21:27:34] Epoch 36 step [90|164] lr=0.00070000 acc: 99.84% loss: 0.000102
[2018-12-05 21:27:41] Epoch 36 step [100|164] lr=0.00070000 acc: 99.67% loss: 0.000136
[2018-12-05 21:27:49] Epoch 36 step [110|164] lr=0.00070000 acc: 99.83% loss: 0.000138
[2018-12-05 21:27:57] Epoch 36 step [120|164] lr=0.00070000 acc: 100.00% loss: 0.000024
[2018-12-05 21:28:07] Epoch 36 step [130|164] lr=0.00070000 acc: 100.00% loss: 0.000041
[2018-12-05 21:28:17] Epoch 36 step [140|164] lr=0.00070000 acc: 99.59% loss: 0.000167
[2018-12-05 21:28:27] Epoch 36 step [150|164] lr=0.00070000 acc: 100.00% loss: 0.000061
[2018-12-05 21:28:31] Epoch 36 step [160|164] lr=0.00070000 acc: 99.47% loss: 0.000357
dev acc: 73.54% loss: 0.027899
test acc: 72.75% loss: 0.030309
not improved, best test acc: 72.66%, in epoch 24
[2018-12-05 21:28:38] Epoch 37 step [10|164] lr=0.00070000 acc: 99.36% loss: 0.000189
[2018-12-05 21:28:40] Epoch 37 step [20|164] lr=0.00070000 acc: 99.81% loss: 0.000117
[2018-12-05 21:28:42] Epoch 37 step [30|164] lr=0.00070000 acc: 99.31% loss: 0.000217
[2018-12-05 21:28:45] Epoch 37 step [40|164] lr=0.00070000 acc: 99.65% loss: 0.000156
[2018-12-05 21:28:49] Epoch 37 step [50|164] lr=0.00070000 acc: 99.01% loss: 0.000302
[2018-12-05 21:28:53] Epoch 37 step [60|164] lr=0.00070000 acc: 99.69% loss: 0.000136
[2018-12-05 21:28:58] Epoch 37 step [70|164] lr=0.00070000 acc: 99.82% loss: 0.000136
[2018-12-05 21:29:03] Epoch 37 step [80|164] lr=0.00070000 acc: 99.66% loss: 0.000144
[2018-12-05 21:29:10] Epoch 37 step [90|164] lr=0.00070000 acc: 99.84% loss: 0.000102
[2018-12-05 21:29:18] Epoch 37 step [100|164] lr=0.00070000 acc: 99.67% loss: 0.000165
[2018-12-05 21:29:25] Epoch 37 step [110|164] lr=0.00070000 acc: 100.00% loss: 0.000075
[2018-12-05 21:29:34] Epoch 37 step [120|164] lr=0.00070000 acc: 100.00% loss: 0.000050
[2018-12-05 21:29:43] Epoch 37 step [130|164] lr=0.00070000 acc: 99.25% loss: 0.000237
[2018-12-05 21:29:53] Epoch 37 step [140|164] lr=0.00070000 acc: 99.59% loss: 0.000153
[2018-12-05 21:30:03] Epoch 37 step [150|164] lr=0.00070000 acc: 99.78% loss: 0.000060
[2018-12-05 21:30:07] Epoch 37 step [160|164] lr=0.00070000 acc: 99.47% loss: 0.000444
dev acc: 73.73% loss: 0.028075
test acc: 73.34% loss: 0.030121
not improved, best test acc: 72.66%, in epoch 24
[2018-12-05 21:30:14] Epoch 38 step [10|164] lr=0.00070000 acc: 99.79% loss: 0.000174
[2018-12-05 21:30:15] Epoch 38 step [20|164] lr=0.00070000 acc: 99.62% loss: 0.000178
[2018-12-05 21:30:18] Epoch 38 step [30|164] lr=0.00070000 acc: 99.65% loss: 0.000133
[2018-12-05 21:30:21] Epoch 38 step [40|164] lr=0.00070000 acc: 99.47% loss: 0.000259
[2018-12-05 21:30:25] Epoch 38 step [50|164] lr=0.00070000 acc: 99.83% loss: 0.000177
[2018-12-05 21:30:30] Epoch 38 step [60|164] lr=0.00070000 acc: 99.69% loss: 0.000224
[2018-12-05 21:30:36] Epoch 38 step [70|164] lr=0.00070000 acc: 99.63% loss: 0.000253
[2018-12-05 21:30:42] Epoch 38 step [80|164] lr=0.00070000 acc: 99.66% loss: 0.000186
[2018-12-05 21:30:50] Epoch 38 step [90|164] lr=0.00070000 acc: 99.68% loss: 0.000166
[2018-12-05 21:30:58] Epoch 38 step [100|164] lr=0.00070000 acc: 100.00% loss: 0.000074
[2018-12-05 21:31:08] Epoch 38 step [110|164] lr=0.00070000 acc: 99.83% loss: 0.000127
[2018-12-05 21:31:17] Epoch 38 step [120|164] lr=0.00070000 acc: 99.27% loss: 0.000204
[2018-12-05 21:31:27] Epoch 38 step [130|164] lr=0.00070000 acc: 100.00% loss: 0.000099
[2018-12-05 21:31:37] Epoch 38 step [140|164] lr=0.00070000 acc: 99.79% loss: 0.000130
[2018-12-05 21:31:48] Epoch 38 step [150|164] lr=0.00070000 acc: 99.78% loss: 0.000052
[2018-12-05 21:31:54] Epoch 38 step [160|164] lr=0.00070000 acc: 100.00% loss: 0.000060
dev acc: 74.80% loss: 0.026092
test acc: 73.63% loss: 0.028116
not improved, best test acc: 72.66%, in epoch 24
[2018-12-05 21:32:01] Epoch 39 step [10|164] lr=0.00070000 acc: 99.57% loss: 0.000302
[2018-12-05 21:32:03] Epoch 39 step [20|164] lr=0.00070000 acc: 99.62% loss: 0.000158
[2018-12-05 21:32:06] Epoch 39 step [30|164] lr=0.00070000 acc: 100.00% loss: 0.000084
[2018-12-05 21:32:09] Epoch 39 step [40|164] lr=0.00070000 acc: 99.65% loss: 0.000139
[2018-12-05 21:32:14] Epoch 39 step [50|164] lr=0.00070000 acc: 99.83% loss: 0.000071
[2018-12-05 21:32:19] Epoch 39 step [60|164] lr=0.00070000 acc: 100.00% loss: 0.000053
[2018-12-05 21:32:25] Epoch 39 step [70|164] lr=0.00070000 acc: 99.82% loss: 0.000109
[2018-12-05 21:32:31] Epoch 39 step [80|164] lr=0.00070000 acc: 99.66% loss: 0.000103
[2018-12-05 21:32:39] Epoch 39 step [90|164] lr=0.00070000 acc: 99.84% loss: 0.000084
[2018-12-05 21:32:47] Epoch 39 step [100|164] lr=0.00070000 acc: 99.50% loss: 0.000243
[2018-12-05 21:32:55] Epoch 39 step [110|164] lr=0.00070000 acc: 99.15% loss: 0.000306
[2018-12-05 21:33:05] Epoch 39 step [120|164] lr=0.00070000 acc: 100.00% loss: 0.000050
[2018-12-05 21:33:16] Epoch 39 step [130|164] lr=0.00070000 acc: 100.00% loss: 0.000031
[2018-12-05 21:33:26] Epoch 39 step [140|164] lr=0.00070000 acc: 100.00% loss: 0.000031
[2018-12-05 21:33:37] Epoch 39 step [150|164] lr=0.00070000 acc: 99.78% loss: 0.000111
[2018-12-05 21:33:41] Epoch 39 step [160|164] lr=0.00070000 acc: 100.00% loss: 0.000065
dev acc: 76.27% loss: 0.026919
test acc: 74.22% loss: 0.028332
model saved succeed in save_models/2018-12-05-21-33-49-treelstm-model_epoch_39.pt
Update! best test acc: 74.22%
[2018-12-05 21:33:50] Epoch 40 step [10|164] lr=0.00070000 acc: 99.57% loss: 0.000194
[2018-12-05 21:33:52] Epoch 40 step [20|164] lr=0.00070000 acc: 99.62% loss: 0.000159
[2018-12-05 21:33:55] Epoch 40 step [30|164] lr=0.00070000 acc: 100.00% loss: 0.000077
[2018-12-05 21:33:59] Epoch 40 step [40|164] lr=0.00070000 acc: 99.82% loss: 0.000066
[2018-12-05 21:34:03] Epoch 40 step [50|164] lr=0.00070000 acc: 99.83% loss: 0.000055
[2018-12-05 21:34:09] Epoch 40 step [60|164] lr=0.00070000 acc: 100.00% loss: 0.000058
[2018-12-05 21:34:14] Epoch 40 step [70|164] lr=0.00070000 acc: 100.00% loss: 0.000069
[2018-12-05 21:34:20] Epoch 40 step [80|164] lr=0.00070000 acc: 99.83% loss: 0.000057
[2018-12-05 21:34:29] Epoch 40 step [90|164] lr=0.00070000 acc: 99.51% loss: 0.000215
[2018-12-05 21:34:37] Epoch 40 step [100|164] lr=0.00070000 acc: 99.83% loss: 0.000077
[2018-12-05 21:34:46] Epoch 40 step [110|164] lr=0.00070000 acc: 99.83% loss: 0.000089
[2018-12-05 21:34:55] Epoch 40 step [120|164] lr=0.00070000 acc: 99.64% loss: 0.000209
[2018-12-05 21:35:05] Epoch 40 step [130|164] lr=0.00070000 acc: 99.63% loss: 0.000124
[2018-12-05 21:35:16] Epoch 40 step [140|164] lr=0.00070000 acc: 99.79% loss: 0.000252
[2018-12-05 21:35:28] Epoch 40 step [150|164] lr=0.00070000 acc: 99.56% loss: 0.000255
[2018-12-05 21:35:32] Epoch 40 step [160|164] lr=0.00070000 acc: 100.00% loss: 0.000026
dev acc: 75.49% loss: 0.026934
test acc: 74.61% loss: 0.027776
not improved, best test acc: 74.22%, in epoch 39
[2018-12-05 21:35:39] Epoch 41 step [10|164] lr=0.00070000 acc: 99.79% loss: 0.000140
[2018-12-05 21:35:41] Epoch 41 step [20|164] lr=0.00070000 acc: 99.62% loss: 0.000110
[2018-12-05 21:35:43] Epoch 41 step [30|164] lr=0.00070000 acc: 99.65% loss: 0.000173
[2018-12-05 21:35:47] Epoch 41 step [40|164] lr=0.00070000 acc: 99.30% loss: 0.000182
[2018-12-05 21:35:51] Epoch 41 step [50|164] lr=0.00070000 acc: 100.00% loss: 0.000073
[2018-12-05 21:35:55] Epoch 41 step [60|164] lr=0.00070000 acc: 99.37% loss: 0.000169
[2018-12-05 21:36:00] Epoch 41 step [70|164] lr=0.00070000 acc: 99.82% loss: 0.000128
[2018-12-05 21:36:05] Epoch 41 step [80|164] lr=0.00070000 acc: 99.31% loss: 0.000191
[2018-12-05 21:36:11] Epoch 41 step [90|164] lr=0.00070000 acc: 99.35% loss: 0.000276
[2018-12-05 21:36:19] Epoch 41 step [100|164] lr=0.00070000 acc: 99.83% loss: 0.000068
[2018-12-05 21:36:28] Epoch 41 step [110|164] lr=0.00070000 acc: 99.83% loss: 0.000102
[2018-12-05 21:36:38] Epoch 41 step [120|164] lr=0.00070000 acc: 100.00% loss: 0.000027
[2018-12-05 21:36:48] Epoch 41 step [130|164] lr=0.00070000 acc: 99.81% loss: 0.000093
[2018-12-05 21:36:58] Epoch 41 step [140|164] lr=0.00070000 acc: 99.79% loss: 0.000158
[2018-12-05 21:37:10] Epoch 41 step [150|164] lr=0.00070000 acc: 99.78% loss: 0.000060
[2018-12-05 21:37:14] Epoch 41 step [160|164] lr=0.00070000 acc: 100.00% loss: 0.000175
dev acc: 75.39% loss: 0.027162
test acc: 73.63% loss: 0.029364
not improved, best test acc: 74.22%, in epoch 39
[2018-12-05 21:37:22] Epoch 42 step [10|164] lr=0.00070000 acc: 99.79% loss: 0.000182
[2018-12-05 21:37:24] Epoch 42 step [20|164] lr=0.00070000 acc: 99.81% loss: 0.000119
[2018-12-05 21:37:27] Epoch 42 step [30|164] lr=0.00070000 acc: 99.48% loss: 0.000207
[2018-12-05 21:37:31] Epoch 42 step [40|164] lr=0.00070000 acc: 99.82% loss: 0.000058
[2018-12-05 21:37:35] Epoch 42 step [50|164] lr=0.00070000 acc: 99.34% loss: 0.000216
[2018-12-05 21:37:41] Epoch 42 step [60|164] lr=0.00070000 acc: 99.84% loss: 0.000096
[2018-12-05 21:37:46] Epoch 42 step [70|164] lr=0.00070000 acc: 99.63% loss: 0.000264
[2018-12-05 21:37:53] Epoch 42 step [80|164] lr=0.00070000 acc: 100.00% loss: 0.000038
[2018-12-05 21:38:01] Epoch 42 step [90|164] lr=0.00070000 acc: 99.51% loss: 0.000179
[2018-12-05 21:38:09] Epoch 42 step [100|164] lr=0.00070000 acc: 100.00% loss: 0.000021
[2018-12-05 21:38:18] Epoch 42 step [110|164] lr=0.00070000 acc: 99.66% loss: 0.000090
[2018-12-05 21:38:27] Epoch 42 step [120|164] lr=0.00070000 acc: 100.00% loss: 0.000035
[2018-12-05 21:38:39] Epoch 42 step [130|164] lr=0.00070000 acc: 100.00% loss: 0.000069
[2018-12-05 21:38:49] Epoch 42 step [140|164] lr=0.00070000 acc: 99.79% loss: 0.000042
[2018-12-05 21:39:00] Epoch 42 step [150|164] lr=0.00070000 acc: 100.00% loss: 0.000015
[2018-12-05 21:39:05] Epoch 42 step [160|164] lr=0.00070000 acc: 100.00% loss: 0.000008
dev acc: 75.10% loss: 0.027654
test acc: 73.14% loss: 0.030200
not improved, best test acc: 74.22%, in epoch 39
[2018-12-05 21:39:13] Epoch 43 step [10|164] lr=0.00070000 acc: 100.00% loss: 0.000084
[2018-12-05 21:39:15] Epoch 43 step [20|164] lr=0.00070000 acc: 99.81% loss: 0.000117
[2018-12-05 21:39:18] Epoch 43 step [30|164] lr=0.00070000 acc: 99.83% loss: 0.000091
[2018-12-05 21:39:22] Epoch 43 step [40|164] lr=0.00070000 acc: 99.82% loss: 0.000094
[2018-12-05 21:39:26] Epoch 43 step [50|164] lr=0.00070000 acc: 99.83% loss: 0.000075
[2018-12-05 21:39:31] Epoch 43 step [60|164] lr=0.00070000 acc: 99.84% loss: 0.000063
[2018-12-05 21:39:36] Epoch 43 step [70|164] lr=0.00070000 acc: 99.82% loss: 0.000071
[2018-12-05 21:39:42] Epoch 43 step [80|164] lr=0.00070000 acc: 99.48% loss: 0.000247
[2018-12-05 21:39:50] Epoch 43 step [90|164] lr=0.00070000 acc: 99.68% loss: 0.000124
[2018-12-05 21:39:59] Epoch 43 step [100|164] lr=0.00070000 acc: 99.83% loss: 0.000128
[2018-12-05 21:40:07] Epoch 43 step [110|164] lr=0.00070000 acc: 100.00% loss: 0.000038
[2018-12-05 21:40:15] Epoch 43 step [120|164] lr=0.00070000 acc: 100.00% loss: 0.000025
[2018-12-05 21:40:25] Epoch 43 step [130|164] lr=0.00070000 acc: 100.00% loss: 0.000059
[2018-12-05 21:40:34] Epoch 43 step [140|164] lr=0.00070000 acc: 100.00% loss: 0.000037
[2018-12-05 21:40:45] Epoch 43 step [150|164] lr=0.00070000 acc: 100.00% loss: 0.000022
[2018-12-05 21:40:49] Epoch 43 step [160|164] lr=0.00070000 acc: 100.00% loss: 0.000145
dev acc: 74.90% loss: 0.028023
test acc: 73.24% loss: 0.030428
not improved, best test acc: 74.22%, in epoch 39
[2018-12-05 21:40:56] Epoch 44 step [10|164] lr=0.00070000 acc: 99.57% loss: 0.000220
[2018-12-05 21:40:57] Epoch 44 step [20|164] lr=0.00070000 acc: 100.00% loss: 0.000047
[2018-12-05 21:40:59] Epoch 44 step [30|164] lr=0.00070000 acc: 99.48% loss: 0.000181
[2018-12-05 21:41:02] Epoch 44 step [40|164] lr=0.00070000 acc: 99.65% loss: 0.000297
[2018-12-05 21:41:07] Epoch 44 step [50|164] lr=0.00070000 acc: 99.67% loss: 0.000343
[2018-12-05 21:41:12] Epoch 44 step [60|164] lr=0.00070000 acc: 99.84% loss: 0.000107
[2018-12-05 21:41:16] Epoch 44 step [70|164] lr=0.00070000 acc: 100.00% loss: 0.000015
[2018-12-05 21:41:21] Epoch 44 step [80|164] lr=0.00070000 acc: 99.66% loss: 0.000142
[2018-12-05 21:41:28] Epoch 44 step [90|164] lr=0.00070000 acc: 99.84% loss: 0.000096
[2018-12-05 21:41:35] Epoch 44 step [100|164] lr=0.00070000 acc: 100.00% loss: 0.000018
[2018-12-05 21:41:43] Epoch 44 step [110|164] lr=0.00070000 acc: 99.66% loss: 0.000124
[2018-12-05 21:41:52] Epoch 44 step [120|164] lr=0.00070000 acc: 99.27% loss: 0.000257
[2018-12-05 21:42:02] Epoch 44 step [130|164] lr=0.00070000 acc: 100.00% loss: 0.000044
[2018-12-05 21:42:11] Epoch 44 step [140|164] lr=0.00070000 acc: 99.59% loss: 0.000128
[2018-12-05 21:42:21] Epoch 44 step [150|164] lr=0.00070000 acc: 100.00% loss: 0.000105
[2018-12-05 21:42:25] Epoch 44 step [160|164] lr=0.00070000 acc: 100.00% loss: 0.000008
dev acc: 74.61% loss: 0.028109
test acc: 72.95% loss: 0.030905
not improved, best test acc: 74.22%, in epoch 39
[2018-12-05 21:42:33] Epoch 45 step [10|164] lr=0.00070000 acc: 100.00% loss: 0.000059
[2018-12-05 21:42:34] Epoch 45 step [20|164] lr=0.00070000 acc: 99.81% loss: 0.000095
[2018-12-05 21:42:36] Epoch 45 step [30|164] lr=0.00070000 acc: 99.65% loss: 0.000150
[2018-12-05 21:42:39] Epoch 45 step [40|164] lr=0.00070000 acc: 99.30% loss: 0.000132
[2018-12-05 21:42:43] Epoch 45 step [50|164] lr=0.00070000 acc: 99.34% loss: 0.000199
[2018-12-05 21:42:47] Epoch 45 step [60|164] lr=0.00070000 acc: 100.00% loss: 0.000027
[2018-12-05 21:42:52] Epoch 45 step [70|164] lr=0.00070000 acc: 99.45% loss: 0.000165
[2018-12-05 21:42:58] Epoch 45 step [80|164] lr=0.00070000 acc: 99.48% loss: 0.000170
[2018-12-05 21:43:06] Epoch 45 step [90|164] lr=0.00070000 acc: 99.84% loss: 0.000095
[2018-12-05 21:43:14] Epoch 45 step [100|164] lr=0.00070000 acc: 99.50% loss: 0.000176
[2018-12-05 21:43:22] Epoch 45 step [110|164] lr=0.00070000 acc: 100.00% loss: 0.000039
[2018-12-05 21:43:32] Epoch 45 step [120|164] lr=0.00070000 acc: 99.82% loss: 0.000064
[2018-12-05 21:43:43] Epoch 45 step [130|164] lr=0.00070000 acc: 100.00% loss: 0.000031
[2018-12-05 21:43:53] Epoch 45 step [140|164] lr=0.00070000 acc: 99.79% loss: 0.000059
[2018-12-05 21:44:04] Epoch 45 step [150|164] lr=0.00070000 acc: 100.00% loss: 0.000061
[2018-12-05 21:44:08] Epoch 45 step [160|164] lr=0.00070000 acc: 100.00% loss: 0.000043
dev acc: 74.32% loss: 0.028019
test acc: 72.95% loss: 0.031188
not improved, best test acc: 74.22%, in epoch 39
[2018-12-05 21:44:16] Epoch 46 step [10|164] lr=0.00070000 acc: 99.36% loss: 0.000226
[2018-12-05 21:44:18] Epoch 46 step [20|164] lr=0.00070000 acc: 99.81% loss: 0.000153
[2018-12-05 21:44:21] Epoch 46 step [30|164] lr=0.00070000 acc: 99.65% loss: 0.000137
[2018-12-05 21:44:25] Epoch 46 step [40|164] lr=0.00070000 acc: 99.82% loss: 0.000118
[2018-12-05 21:44:29] Epoch 46 step [50|164] lr=0.00070000 acc: 100.00% loss: 0.000034
[2018-12-05 21:44:34] Epoch 46 step [60|164] lr=0.00070000 acc: 100.00% loss: 0.000040
[2018-12-05 21:44:40] Epoch 46 step [70|164] lr=0.00070000 acc: 99.63% loss: 0.000150
[2018-12-05 21:44:46] Epoch 46 step [80|164] lr=0.00070000 acc: 100.00% loss: 0.000039
[2018-12-05 21:44:53] Epoch 46 step [90|164] lr=0.00070000 acc: 99.51% loss: 0.000149
[2018-12-05 21:45:02] Epoch 46 step [100|164] lr=0.00070000 acc: 100.00% loss: 0.000065
[2018-12-05 21:45:11] Epoch 46 step [110|164] lr=0.00070000 acc: 99.83% loss: 0.000103
[2018-12-05 21:45:20] Epoch 46 step [120|164] lr=0.00070000 acc: 100.00% loss: 0.000068
[2018-12-05 21:45:31] Epoch 46 step [130|164] lr=0.00070000 acc: 99.07% loss: 0.000270
[2018-12-05 21:45:41] Epoch 46 step [140|164] lr=0.00070000 acc: 99.79% loss: 0.000100
[2018-12-05 21:45:53] Epoch 46 step [150|164] lr=0.00070000 acc: 100.00% loss: 0.000031
[2018-12-05 21:45:57] Epoch 46 step [160|164] lr=0.00070000 acc: 100.00% loss: 0.000050
dev acc: 76.37% loss: 0.028029
test acc: 76.17% loss: 0.028940
model saved succeed in save_models/2018-12-05-21-46-03-treelstm-model_epoch_46.pt
Update! best test acc: 76.17%
[2018-12-05 21:46:04] Epoch 47 step [10|164] lr=0.00070000 acc: 99.79% loss: 0.000083
[2018-12-05 21:46:06] Epoch 47 step [20|164] lr=0.00070000 acc: 100.00% loss: 0.000102
[2018-12-05 21:46:09] Epoch 47 step [30|164] lr=0.00070000 acc: 99.83% loss: 0.000070
[2018-12-05 21:46:13] Epoch 47 step [40|164] lr=0.00070000 acc: 100.00% loss: 0.000064
[2018-12-05 21:46:18] Epoch 47 step [50|164] lr=0.00070000 acc: 99.83% loss: 0.000066
[2018-12-05 21:46:23] Epoch 47 step [60|164] lr=0.00070000 acc: 99.53% loss: 0.000190
[2018-12-05 21:46:28] Epoch 47 step [70|164] lr=0.00070000 acc: 100.00% loss: 0.000028
[2018-12-05 21:46:34] Epoch 47 step [80|164] lr=0.00070000 acc: 99.83% loss: 0.000061
[2018-12-05 21:46:41] Epoch 47 step [90|164] lr=0.00070000 acc: 100.00% loss: 0.000019
[2018-12-05 21:46:49] Epoch 47 step [100|164] lr=0.00070000 acc: 100.00% loss: 0.000049
[2018-12-05 21:46:58] Epoch 47 step [110|164] lr=0.00070000 acc: 99.83% loss: 0.000043
[2018-12-05 21:47:08] Epoch 47 step [120|164] lr=0.00070000 acc: 99.82% loss: 0.000063
[2018-12-05 21:47:18] Epoch 47 step [130|164] lr=0.00070000 acc: 100.00% loss: 0.000043
[2018-12-05 21:47:28] Epoch 47 step [140|164] lr=0.00070000 acc: 100.00% loss: 0.000023
[2018-12-05 21:47:40] Epoch 47 step [150|164] lr=0.00070000 acc: 100.00% loss: 0.000022
[2018-12-05 21:47:45] Epoch 47 step [160|164] lr=0.00070000 acc: 100.00% loss: 0.000127
dev acc: 75.68% loss: 0.028345
test acc: 74.32% loss: 0.030268
not improved, best test acc: 76.17%, in epoch 46
[2018-12-05 21:47:53] Epoch 48 step [10|164] lr=0.00070000 acc: 100.00% loss: 0.000045
[2018-12-05 21:47:55] Epoch 48 step [20|164] lr=0.00070000 acc: 100.00% loss: 0.000020
[2018-12-05 21:47:58] Epoch 48 step [30|164] lr=0.00070000 acc: 99.65% loss: 0.000141
[2018-12-05 21:48:02] Epoch 48 step [40|164] lr=0.00070000 acc: 100.00% loss: 0.000022
[2018-12-05 21:48:06] Epoch 48 step [50|164] lr=0.00070000 acc: 99.83% loss: 0.000096
[2018-12-05 21:48:11] Epoch 48 step [60|164] lr=0.00070000 acc: 99.84% loss: 0.000118
[2018-12-05 21:48:17] Epoch 48 step [70|164] lr=0.00070000 acc: 99.82% loss: 0.000071
[2018-12-05 21:48:24] Epoch 48 step [80|164] lr=0.00070000 acc: 99.83% loss: 0.000079
[2018-12-05 21:48:31] Epoch 48 step [90|164] lr=0.00070000 acc: 100.00% loss: 0.000045
[2018-12-05 21:48:39] Epoch 48 step [100|164] lr=0.00070000 acc: 100.00% loss: 0.000013
[2018-12-05 21:48:48] Epoch 48 step [110|164] lr=0.00070000 acc: 99.83% loss: 0.000039
[2018-12-05 21:48:57] Epoch 48 step [120|164] lr=0.00070000 acc: 99.82% loss: 0.000184
[2018-12-05 21:49:08] Epoch 48 step [130|164] lr=0.00070000 acc: 99.81% loss: 0.000092
[2018-12-05 21:49:19] Epoch 48 step [140|164] lr=0.00070000 acc: 99.59% loss: 0.000085
[2018-12-05 21:49:30] Epoch 48 step [150|164] lr=0.00070000 acc: 100.00% loss: 0.000010
[2018-12-05 21:49:34] Epoch 48 step [160|164] lr=0.00070000 acc: 99.47% loss: 0.000344
dev acc: 74.41% loss: 0.031385
test acc: 71.68% loss: 0.035336
not improved, best test acc: 76.17%, in epoch 46
[2018-12-05 21:49:42] Epoch 49 step [10|164] lr=0.00070000 acc: 100.00% loss: 0.000103
[2018-12-05 21:49:44] Epoch 49 step [20|164] lr=0.00070000 acc: 98.87% loss: 0.000574
[2018-12-05 21:49:47] Epoch 49 step [30|164] lr=0.00070000 acc: 99.65% loss: 0.000182
[2018-12-05 21:49:50] Epoch 49 step [40|164] lr=0.00070000 acc: 99.82% loss: 0.000052
[2018-12-05 21:49:55] Epoch 49 step [50|164] lr=0.00070000 acc: 99.83% loss: 0.000055
[2018-12-05 21:50:01] Epoch 49 step [60|164] lr=0.00070000 acc: 100.00% loss: 0.000044
[2018-12-05 21:50:06] Epoch 49 step [70|164] lr=0.00070000 acc: 99.82% loss: 0.000050
[2018-12-05 21:50:12] Epoch 49 step [80|164] lr=0.00070000 acc: 100.00% loss: 0.000055
[2018-12-05 21:50:19] Epoch 49 step [90|164] lr=0.00070000 acc: 99.84% loss: 0.000071
[2018-12-05 21:50:28] Epoch 49 step [100|164] lr=0.00070000 acc: 99.83% loss: 0.000089
[2018-12-05 21:50:37] Epoch 49 step [110|164] lr=0.00070000 acc: 100.00% loss: 0.000019
[2018-12-05 21:50:46] Epoch 49 step [120|164] lr=0.00070000 acc: 100.00% loss: 0.000034
[2018-12-05 21:50:55] Epoch 49 step [130|164] lr=0.00070000 acc: 99.81% loss: 0.000058
[2018-12-05 21:51:05] Epoch 49 step [140|164] lr=0.00070000 acc: 99.38% loss: 0.000253
[2018-12-05 21:51:16] Epoch 49 step [150|164] lr=0.00070000 acc: 100.00% loss: 0.000057
[2018-12-05 21:51:20] Epoch 49 step [160|164] lr=0.00070000 acc: 100.00% loss: 0.000257
dev acc: 74.22% loss: 0.030498
test acc: 71.39% loss: 0.035701
not improved, best test acc: 76.17%, in epoch 46
[2018-12-05 21:51:27] Epoch 50 step [10|164] lr=0.00070000 acc: 99.36% loss: 0.000226
[2018-12-05 21:51:29] Epoch 50 step [20|164] lr=0.00070000 acc: 99.81% loss: 0.000117
[2018-12-05 21:51:32] Epoch 50 step [30|164] lr=0.00070000 acc: 99.65% loss: 0.000152
[2018-12-05 21:51:35] Epoch 50 step [40|164] lr=0.00070000 acc: 99.65% loss: 0.000261
[2018-12-05 21:51:41] Epoch 50 step [50|164] lr=0.00070000 acc: 99.67% loss: 0.000187
[2018-12-05 21:51:46] Epoch 50 step [60|164] lr=0.00070000 acc: 99.69% loss: 0.000121
[2018-12-05 21:51:51] Epoch 50 step [70|164] lr=0.00070000 acc: 99.82% loss: 0.000095
[2018-12-05 21:51:58] Epoch 50 step [80|164] lr=0.00070000 acc: 99.66% loss: 0.000083
[2018-12-05 21:52:05] Epoch 50 step [90|164] lr=0.00070000 acc: 99.68% loss: 0.000093
[2018-12-05 21:52:13] Epoch 50 step [100|164] lr=0.00070000 acc: 99.83% loss: 0.000086
[2018-12-05 21:52:22] Epoch 50 step [110|164] lr=0.00070000 acc: 99.66% loss: 0.000073
[2018-12-05 21:52:32] Epoch 50 step [120|164] lr=0.00070000 acc: 100.00% loss: 0.000027
[2018-12-05 21:52:42] Epoch 50 step [130|164] lr=0.00070000 acc: 99.81% loss: 0.000053
[2018-12-05 21:52:53] Epoch 50 step [140|164] lr=0.00070000 acc: 99.79% loss: 0.000049
[2018-12-05 21:53:04] Epoch 50 step [150|164] lr=0.00070000 acc: 99.56% loss: 0.000184
[2018-12-05 21:53:08] Epoch 50 step [160|164] lr=0.00070000 acc: 100.00% loss: 0.000102
dev acc: 76.17% loss: 0.030665
test acc: 74.80% loss: 0.030216
not improved, best test acc: 76.17%, in epoch 46
[2018-12-05 21:53:17] Epoch 51 step [10|164] lr=0.00070000 acc: 99.79% loss: 0.000157
[2018-12-05 21:53:19] Epoch 51 step [20|164] lr=0.00070000 acc: 99.44% loss: 0.000229
[2018-12-05 21:53:22] Epoch 51 step [30|164] lr=0.00070000 acc: 99.48% loss: 0.000167
[2018-12-05 21:53:26] Epoch 51 step [40|164] lr=0.00070000 acc: 99.47% loss: 0.000149
[2018-12-05 21:53:30] Epoch 51 step [50|164] lr=0.00070000 acc: 99.50% loss: 0.000167
[2018-12-05 21:53:36] Epoch 51 step [60|164] lr=0.00070000 acc: 99.69% loss: 0.000211
[2018-12-05 21:53:41] Epoch 51 step [70|164] lr=0.00070000 acc: 99.82% loss: 0.000171
[2018-12-05 21:53:48] Epoch 51 step [80|164] lr=0.00070000 acc: 99.83% loss: 0.000187
[2018-12-05 21:53:55] Epoch 51 step [90|164] lr=0.00070000 acc: 100.00% loss: 0.000082
[2018-12-05 21:54:04] Epoch 51 step [100|164] lr=0.00070000 acc: 99.83% loss: 0.000089
[2018-12-05 21:54:12] Epoch 51 step [110|164] lr=0.00070000 acc: 99.66% loss: 0.000172
[2018-12-05 21:54:21] Epoch 51 step [120|164] lr=0.00070000 acc: 100.00% loss: 0.000049
[2018-12-05 21:54:32] Epoch 51 step [130|164] lr=0.00070000 acc: 99.63% loss: 0.000084
[2018-12-05 21:54:43] Epoch 51 step [140|164] lr=0.00070000 acc: 99.79% loss: 0.000077
[2018-12-05 21:54:54] Epoch 51 step [150|164] lr=0.00070000 acc: 99.56% loss: 0.000110
[2018-12-05 21:54:58] Epoch 51 step [160|164] lr=0.00070000 acc: 100.00% loss: 0.000017
dev acc: 76.46% loss: 0.029087
test acc: 76.17% loss: 0.029850
model saved succeed in save_models/2018-12-05-21-55-06-treelstm-model_epoch_51.pt
Update! best test acc: 76.17%
[2018-12-05 21:55:07] Epoch 52 step [10|164] lr=0.00070000 acc: 99.79% loss: 0.000152
[2018-12-05 21:55:09] Epoch 52 step [20|164] lr=0.00070000 acc: 99.62% loss: 0.000086
[2018-12-05 21:55:11] Epoch 52 step [30|164] lr=0.00070000 acc: 99.48% loss: 0.000245
[2018-12-05 21:55:15] Epoch 52 step [40|164] lr=0.00070000 acc: 99.82% loss: 0.000091
[2018-12-05 21:55:19] Epoch 52 step [50|164] lr=0.00070000 acc: 100.00% loss: 0.000056
[2018-12-05 21:55:25] Epoch 52 step [60|164] lr=0.00070000 acc: 99.53% loss: 0.000138
[2018-12-05 21:55:30] Epoch 52 step [70|164] lr=0.00070000 acc: 99.82% loss: 0.000126
[2018-12-05 21:55:37] Epoch 52 step [80|164] lr=0.00070000 acc: 99.66% loss: 0.000153
[2018-12-05 21:55:44] Epoch 52 step [90|164] lr=0.00070000 acc: 99.51% loss: 0.000161
[2018-12-05 21:55:53] Epoch 52 step [100|164] lr=0.00070000 acc: 99.67% loss: 0.000112
[2018-12-05 21:56:01] Epoch 52 step [110|164] lr=0.00070000 acc: 99.83% loss: 0.000084
[2018-12-05 21:56:10] Epoch 52 step [120|164] lr=0.00070000 acc: 99.64% loss: 0.000206
[2018-12-05 21:56:21] Epoch 52 step [130|164] lr=0.00070000 acc: 99.63% loss: 0.000153
[2018-12-05 21:56:31] Epoch 52 step [140|164] lr=0.00070000 acc: 99.59% loss: 0.000174
[2018-12-05 21:56:43] Epoch 52 step [150|164] lr=0.00070000 acc: 99.78% loss: 0.000056
[2018-12-05 21:56:47] Epoch 52 step [160|164] lr=0.00070000 acc: 100.00% loss: 0.000191
dev acc: 75.68% loss: 0.028722
test acc: 74.02% loss: 0.030487
not improved, best test acc: 76.17%, in epoch 51
[2018-12-05 21:56:54] Epoch 53 step [10|164] lr=0.00070000 acc: 99.79% loss: 0.000189
[2018-12-05 21:56:56] Epoch 53 step [20|164] lr=0.00070000 acc: 99.62% loss: 0.000204
[2018-12-05 21:57:00] Epoch 53 step [30|164] lr=0.00070000 acc: 99.65% loss: 0.000182
[2018-12-05 21:57:03] Epoch 53 step [40|164] lr=0.00070000 acc: 100.00% loss: 0.000041
[2018-12-05 21:57:08] Epoch 53 step [50|164] lr=0.00070000 acc: 99.83% loss: 0.000067
[2018-12-05 21:57:14] Epoch 53 step [60|164] lr=0.00070000 acc: 99.69% loss: 0.000141
[2018-12-05 21:57:19] Epoch 53 step [70|164] lr=0.00070000 acc: 99.63% loss: 0.000099
[2018-12-05 21:57:25] Epoch 53 step [80|164] lr=0.00070000 acc: 99.83% loss: 0.000042
[2018-12-05 21:57:33] Epoch 53 step [90|164] lr=0.00070000 acc: 100.00% loss: 0.000035
[2018-12-05 21:57:41] Epoch 53 step [100|164] lr=0.00070000 acc: 100.00% loss: 0.000030
[2018-12-05 21:57:50] Epoch 53 step [110|164] lr=0.00070000 acc: 100.00% loss: 0.000014
[2018-12-05 21:58:00] Epoch 53 step [120|164] lr=0.00070000 acc: 100.00% loss: 0.000043
[2018-12-05 21:58:10] Epoch 53 step [130|164] lr=0.00070000 acc: 100.00% loss: 0.000014
[2018-12-05 21:58:20] Epoch 53 step [140|164] lr=0.00070000 acc: 100.00% loss: 0.000012
[2018-12-05 21:58:32] Epoch 53 step [150|164] lr=0.00070000 acc: 100.00% loss: 0.000044
[2018-12-05 21:58:37] Epoch 53 step [160|164] lr=0.00070000 acc: 100.00% loss: 0.000043
dev acc: 74.22% loss: 0.030060
test acc: 73.14% loss: 0.032332
not improved, best test acc: 76.17%, in epoch 51
[2018-12-05 21:58:45] Epoch 54 step [10|164] lr=0.00070000 acc: 100.00% loss: 0.000041
[2018-12-05 21:58:47] Epoch 54 step [20|164] lr=0.00070000 acc: 100.00% loss: 0.000029
[2018-12-05 21:58:50] Epoch 54 step [30|164] lr=0.00070000 acc: 100.00% loss: 0.000059
[2018-12-05 21:58:53] Epoch 54 step [40|164] lr=0.00070000 acc: 100.00% loss: 0.000031
[2018-12-05 21:58:57] Epoch 54 step [50|164] lr=0.00070000 acc: 100.00% loss: 0.000041
[2018-12-05 21:59:03] Epoch 54 step [60|164] lr=0.00070000 acc: 100.00% loss: 0.000033
[2018-12-05 21:59:08] Epoch 54 step [70|164] lr=0.00070000 acc: 99.63% loss: 0.000099
[2018-12-05 21:59:14] Epoch 54 step [80|164] lr=0.00070000 acc: 99.83% loss: 0.000088
[2018-12-05 21:59:21] Epoch 54 step [90|164] lr=0.00070000 acc: 100.00% loss: 0.000024
[2018-12-05 21:59:28] Epoch 54 step [100|164] lr=0.00070000 acc: 100.00% loss: 0.000018
[2018-12-05 21:59:36] Epoch 54 step [110|164] lr=0.00070000 acc: 100.00% loss: 0.000017
[2018-12-05 21:59:44] Epoch 54 step [120|164] lr=0.00070000 acc: 100.00% loss: 0.000049
[2018-12-05 21:59:54] Epoch 54 step [130|164] lr=0.00070000 acc: 99.63% loss: 0.000141
[2018-12-05 22:00:04] Epoch 54 step [140|164] lr=0.00070000 acc: 99.59% loss: 0.000233
[2018-12-05 22:00:15] Epoch 54 step [150|164] lr=0.00070000 acc: 99.78% loss: 0.000054
[2018-12-05 22:00:20] Epoch 54 step [160|164] lr=0.00070000 acc: 100.00% loss: 0.000096
dev acc: 75.98% loss: 0.031917
test acc: 75.59% loss: 0.031426
not improved, best test acc: 76.17%, in epoch 51
[2018-12-05 22:00:28] Epoch 55 step [10|164] lr=0.00070000 acc: 99.79% loss: 0.000095
[2018-12-05 22:00:30] Epoch 55 step [20|164] lr=0.00070000 acc: 100.00% loss: 0.000021
[2018-12-05 22:00:33] Epoch 55 step [30|164] lr=0.00070000 acc: 100.00% loss: 0.000038
[2018-12-05 22:00:37] Epoch 55 step [40|164] lr=0.00070000 acc: 100.00% loss: 0.000036
[2018-12-05 22:00:41] Epoch 55 step [50|164] lr=0.00070000 acc: 100.00% loss: 0.000027
[2018-12-05 22:00:46] Epoch 55 step [60|164] lr=0.00070000 acc: 99.84% loss: 0.000094
[2018-12-05 22:00:52] Epoch 55 step [70|164] lr=0.00070000 acc: 99.82% loss: 0.000053
[2018-12-05 22:00:58] Epoch 55 step [80|164] lr=0.00070000 acc: 99.83% loss: 0.000129
[2018-12-05 22:01:05] Epoch 55 step [90|164] lr=0.00070000 acc: 99.84% loss: 0.000077
[2018-12-05 22:01:15] Epoch 55 step [100|164] lr=0.00070000 acc: 99.67% loss: 0.000167
[2018-12-05 22:01:24] Epoch 55 step [110|164] lr=0.00070000 acc: 99.83% loss: 0.000051
[2018-12-05 22:01:33] Epoch 55 step [120|164] lr=0.00070000 acc: 99.82% loss: 0.000077
[2018-12-05 22:01:43] Epoch 55 step [130|164] lr=0.00070000 acc: 99.81% loss: 0.000038
[2018-12-05 22:01:54] Epoch 55 step [140|164] lr=0.00070000 acc: 99.79% loss: 0.000108
[2018-12-05 22:02:05] Epoch 55 step [150|164] lr=0.00070000 acc: 100.00% loss: 0.000020
[2018-12-05 22:02:10] Epoch 55 step [160|164] lr=0.00070000 acc: 100.00% loss: 0.000004
dev acc: 75.49% loss: 0.031086
test acc: 73.63% loss: 0.033124
not improved, best test acc: 76.17%, in epoch 51
[2018-12-05 22:02:17] Epoch 56 step [10|164] lr=0.00070000 acc: 100.00% loss: 0.000054
[2018-12-05 22:02:19] Epoch 56 step [20|164] lr=0.00070000 acc: 99.62% loss: 0.000130
[2018-12-05 22:02:22] Epoch 56 step [30|164] lr=0.00070000 acc: 99.48% loss: 0.000124
[2018-12-05 22:02:25] Epoch 56 step [40|164] lr=0.00070000 acc: 99.82% loss: 0.000112
[2018-12-05 22:02:30] Epoch 56 step [50|164] lr=0.00070000 acc: 100.00% loss: 0.000031
[2018-12-05 22:02:36] Epoch 56 step [60|164] lr=0.00070000 acc: 99.53% loss: 0.000090
[2018-12-05 22:02:41] Epoch 56 step [70|164] lr=0.00070000 acc: 100.00% loss: 0.000028
[2018-12-05 22:02:47] Epoch 56 step [80|164] lr=0.00070000 acc: 100.00% loss: 0.000056
[2018-12-05 22:02:55] Epoch 56 step [90|164] lr=0.00070000 acc: 99.68% loss: 0.000112
[2018-12-05 22:03:03] Epoch 56 step [100|164] lr=0.00070000 acc: 99.83% loss: 0.000057
[2018-12-05 22:03:11] Epoch 56 step [110|164] lr=0.00070000 acc: 99.83% loss: 0.000051
[2018-12-05 22:03:22] Epoch 56 step [120|164] lr=0.00070000 acc: 99.27% loss: 0.000470
[2018-12-05 22:03:32] Epoch 56 step [130|164] lr=0.00070000 acc: 99.07% loss: 0.000585
[2018-12-05 22:03:42] Epoch 56 step [140|164] lr=0.00070000 acc: 99.17% loss: 0.000285
[2018-12-05 22:03:53] Epoch 56 step [150|164] lr=0.00070000 acc: 99.78% loss: 0.000080
[2018-12-05 22:03:57] Epoch 56 step [160|164] lr=0.00070000 acc: 100.00% loss: 0.000015
dev acc: 76.37% loss: 0.030861
test acc: 76.07% loss: 0.031738
not improved, best test acc: 76.17%, in epoch 51
[2018-12-05 22:04:05] Epoch 57 step [10|164] lr=0.00070000 acc: 99.36% loss: 0.000298
[2018-12-05 22:04:07] Epoch 57 step [20|164] lr=0.00070000 acc: 99.62% loss: 0.000241
[2018-12-05 22:04:10] Epoch 57 step [30|164] lr=0.00070000 acc: 99.65% loss: 0.000096
[2018-12-05 22:04:14] Epoch 57 step [40|164] lr=0.00070000 acc: 99.47% loss: 0.000178
[2018-12-05 22:04:18] Epoch 57 step [50|164] lr=0.00070000 acc: 99.83% loss: 0.000048
[2018-12-05 22:04:24] Epoch 57 step [60|164] lr=0.00070000 acc: 99.69% loss: 0.000077
[2018-12-05 22:04:29] Epoch 57 step [70|164] lr=0.00070000 acc: 99.63% loss: 0.000134
[2018-12-05 22:04:36] Epoch 57 step [80|164] lr=0.00070000 acc: 99.48% loss: 0.000188
[2018-12-05 22:04:44] Epoch 57 step [90|164] lr=0.00070000 acc: 99.68% loss: 0.000117
[2018-12-05 22:04:52] Epoch 57 step [100|164] lr=0.00070000 acc: 99.83% loss: 0.000080
[2018-12-05 22:05:01] Epoch 57 step [110|164] lr=0.00070000 acc: 99.32% loss: 0.000308
[2018-12-05 22:05:10] Epoch 57 step [120|164] lr=0.00070000 acc: 100.00% loss: 0.000022
[2018-12-05 22:05:21] Epoch 57 step [130|164] lr=0.00070000 acc: 99.81% loss: 0.000047
[2018-12-05 22:05:32] Epoch 57 step [140|164] lr=0.00070000 acc: 100.00% loss: 0.000024
[2018-12-05 22:05:43] Epoch 57 step [150|164] lr=0.00070000 acc: 100.00% loss: 0.000020
[2018-12-05 22:05:47] Epoch 57 step [160|164] lr=0.00070000 acc: 100.00% loss: 0.000011
dev acc: 75.00% loss: 0.030174
test acc: 74.41% loss: 0.032946
not improved, best test acc: 76.17%, in epoch 51
[2018-12-05 22:05:56] Epoch 58 step [10|164] lr=0.00070000 acc: 100.00% loss: 0.000085
[2018-12-05 22:05:58] Epoch 58 step [20|164] lr=0.00070000 acc: 100.00% loss: 0.000024
[2018-12-05 22:06:01] Epoch 58 step [30|164] lr=0.00070000 acc: 100.00% loss: 0.000041
[2018-12-05 22:06:04] Epoch 58 step [40|164] lr=0.00070000 acc: 100.00% loss: 0.000037
[2018-12-05 22:06:09] Epoch 58 step [50|164] lr=0.00070000 acc: 99.50% loss: 0.000292
[2018-12-05 22:06:14] Epoch 58 step [60|164] lr=0.00070000 acc: 99.84% loss: 0.000150
[2018-12-05 22:06:19] Epoch 58 step [70|164] lr=0.00070000 acc: 100.00% loss: 0.000034
[2018-12-05 22:06:25] Epoch 58 step [80|164] lr=0.00070000 acc: 100.00% loss: 0.000013
[2018-12-05 22:06:33] Epoch 58 step [90|164] lr=0.00070000 acc: 99.84% loss: 0.000064
[2018-12-05 22:06:42] Epoch 58 step [100|164] lr=0.00070000 acc: 99.67% loss: 0.000193
[2018-12-05 22:06:51] Epoch 58 step [110|164] lr=0.00070000 acc: 100.00% loss: 0.000014
[2018-12-05 22:07:00] Epoch 58 step [120|164] lr=0.00070000 acc: 99.82% loss: 0.000050
[2018-12-05 22:07:10] Epoch 58 step [130|164] lr=0.00070000 acc: 99.81% loss: 0.000051
[2018-12-05 22:07:20] Epoch 58 step [140|164] lr=0.00070000 acc: 100.00% loss: 0.000032
[2018-12-05 22:07:32] Epoch 58 step [150|164] lr=0.00070000 acc: 100.00% loss: 0.000013
[2018-12-05 22:07:37] Epoch 58 step [160|164] lr=0.00070000 acc: 100.00% loss: 0.000020
dev acc: 74.61% loss: 0.030358
test acc: 73.54% loss: 0.033607
not improved, best test acc: 76.17%, in epoch 51
[2018-12-05 22:07:44] Epoch 59 step [10|164] lr=0.00070000 acc: 99.79% loss: 0.000110
[2018-12-05 22:07:46] Epoch 59 step [20|164] lr=0.00070000 acc: 99.62% loss: 0.000079
[2018-12-05 22:07:49] Epoch 59 step [30|164] lr=0.00070000 acc: 99.48% loss: 0.000208
[2018-12-05 22:07:52] Epoch 59 step [40|164] lr=0.00070000 acc: 99.47% loss: 0.000300
[2018-12-05 22:07:58] Epoch 59 step [50|164] lr=0.00070000 acc: 99.67% loss: 0.000222
[2018-12-05 22:08:03] Epoch 59 step [60|164] lr=0.00070000 acc: 99.69% loss: 0.000096
[2018-12-05 22:08:08] Epoch 59 step [70|164] lr=0.00070000 acc: 99.45% loss: 0.000209
[2018-12-05 22:08:14] Epoch 59 step [80|164] lr=0.00070000 acc: 100.00% loss: 0.000031
[2018-12-05 22:08:22] Epoch 59 step [90|164] lr=0.00070000 acc: 99.84% loss: 0.000084
[2018-12-05 22:08:30] Epoch 59 step [100|164] lr=0.00070000 acc: 99.83% loss: 0.000069
[2018-12-05 22:08:38] Epoch 59 step [110|164] lr=0.00070000 acc: 99.66% loss: 0.000104
[2018-12-05 22:08:48] Epoch 59 step [120|164] lr=0.00070000 acc: 99.82% loss: 0.000063
[2018-12-05 22:08:58] Epoch 59 step [130|164] lr=0.00070000 acc: 99.81% loss: 0.000075
[2018-12-05 22:09:08] Epoch 59 step [140|164] lr=0.00070000 acc: 100.00% loss: 0.000024
[2018-12-05 22:09:20] Epoch 59 step [150|164] lr=0.00070000 acc: 100.00% loss: 0.000017
[2018-12-05 22:09:24] Epoch 59 step [160|164] lr=0.00070000 acc: 100.00% loss: 0.000005
dev acc: 74.71% loss: 0.030838
test acc: 73.34% loss: 0.034242
not improved, best test acc: 76.17%, in epoch 51
8 epoch have not improved, so adjust lr to 0.00049
[2018-12-05 22:09:33] Epoch 60 step [10|164] lr=0.00049000 acc: 99.79% loss: 0.000208
[2018-12-05 22:09:35] Epoch 60 step [20|164] lr=0.00049000 acc: 100.00% loss: 0.000015
[2018-12-05 22:09:38] Epoch 60 step [30|164] lr=0.00049000 acc: 99.48% loss: 0.000432
[2018-12-05 22:09:41] Epoch 60 step [40|164] lr=0.00049000 acc: 99.65% loss: 0.000124
[2018-12-05 22:09:46] Epoch 60 step [50|164] lr=0.00049000 acc: 100.00% loss: 0.000016
[2018-12-05 22:09:51] Epoch 60 step [60|164] lr=0.00049000 acc: 100.00% loss: 0.000023
[2018-12-05 22:09:56] Epoch 60 step [70|164] lr=0.00049000 acc: 99.82% loss: 0.000075
[2018-12-05 22:10:03] Epoch 60 step [80|164] lr=0.00049000 acc: 99.83% loss: 0.000056
[2018-12-05 22:10:11] Epoch 60 step [90|164] lr=0.00049000 acc: 99.19% loss: 0.000190
[2018-12-05 22:10:19] Epoch 60 step [100|164] lr=0.00049000 acc: 100.00% loss: 0.000030
[2018-12-05 22:10:28] Epoch 60 step [110|164] lr=0.00049000 acc: 100.00% loss: 0.000007
[2018-12-05 22:10:37] Epoch 60 step [120|164] lr=0.00049000 acc: 100.00% loss: 0.000019
[2018-12-05 22:10:48] Epoch 60 step [130|164] lr=0.00049000 acc: 99.81% loss: 0.000081
[2018-12-05 22:10:59] Epoch 60 step [140|164] lr=0.00049000 acc: 100.00% loss: 0.000017
[2018-12-05 22:11:10] Epoch 60 step [150|164] lr=0.00049000 acc: 99.78% loss: 0.000151
[2018-12-05 22:11:15] Epoch 60 step [160|164] lr=0.00049000 acc: 100.00% loss: 0.000032
dev acc: 75.49% loss: 0.031377
test acc: 74.61% loss: 0.033107
not improved, best test acc: 76.17%, in epoch 51
[2018-12-05 22:11:23] Epoch 61 step [10|164] lr=0.00049000 acc: 100.00% loss: 0.000010
[2018-12-05 22:11:25] Epoch 61 step [20|164] lr=0.00049000 acc: 100.00% loss: 0.000020
[2018-12-05 22:11:28] Epoch 61 step [30|164] lr=0.00049000 acc: 100.00% loss: 0.000028
[2018-12-05 22:11:32] Epoch 61 step [40|164] lr=0.00049000 acc: 100.00% loss: 0.000035
[2018-12-05 22:11:36] Epoch 61 step [50|164] lr=0.00049000 acc: 99.83% loss: 0.000066
[2018-12-05 22:11:41] Epoch 61 step [60|164] lr=0.00049000 acc: 99.84% loss: 0.000068
[2018-12-05 22:11:47] Epoch 61 step [70|164] lr=0.00049000 acc: 99.82% loss: 0.000142
[2018-12-05 22:11:53] Epoch 61 step [80|164] lr=0.00049000 acc: 99.66% loss: 0.000116
[2018-12-05 22:12:01] Epoch 61 step [90|164] lr=0.00049000 acc: 100.00% loss: 0.000007
[2018-12-05 22:12:10] Epoch 61 step [100|164] lr=0.00049000 acc: 100.00% loss: 0.000047
[2018-12-05 22:12:19] Epoch 61 step [110|164] lr=0.00049000 acc: 99.66% loss: 0.000059
