data_dir=cr_processed_data

----batch----
train_batch_size=64
train_batch_type=same
dev_batch_size=64
dev_batch_type=normal
test_batch_size=64
test_batch_type=normal
shuffer=True
sort=True

----embedding----
embed_size=100
char_embed_size=50
embed_uniform_init=0.0
pre_embed_path=/home/zrr/projects/Data/glove.6B/glove.6B.100d.txt

----model----
model=treelstm_rel
save_model_dir=save_models
save_model_every=1
save_model_start_from=0
hidden_num=1
hidden_size=100
bidirectional=True
dropout=0.3

----optimizer----
lr=0.001
optim=adam
weight_decay=1e-08
momentum=0.9
early_stop=9999999

----train----
epoch=100
print_every=10

----GPU----
gpu_device=0
use_cuda=False

----seed----
gpu_seed=23
seed=23

----log----
log_dir=log
log_fname=treelstm_rel.cr.log

[2018-12-07 16:35:06] Epoch 0 step [10|100] lr=0.00100000 acc: 67.64% loss: 0.033895
[2018-12-07 16:35:09] Epoch 0 step [20|100] lr=0.00100000 acc: 66.81% loss: 0.015681
[2018-12-07 16:35:15] Epoch 0 step [30|100] lr=0.00100000 acc: 63.49% loss: 0.012654
[2018-12-07 16:35:24] Epoch 0 step [40|100] lr=0.00100000 acc: 63.25% loss: 0.012542
[2018-12-07 16:35:35] Epoch 0 step [50|100] lr=0.00100000 acc: 65.61% loss: 0.014588
[2018-12-07 16:35:48] Epoch 0 step [60|100] lr=0.00100000 acc: 59.85% loss: 0.015202
[2018-12-07 16:35:55] Epoch 0 step [70|100] lr=0.00100000 acc: 59.63% loss: 0.029331
[2018-12-07 16:35:59] Epoch 0 step [80|100] lr=0.00100000 acc: 57.32% loss: 0.080004
[2018-12-07 16:36:00] Epoch 0 step [90|100] lr=0.00100000 acc: 53.85% loss: 0.266373
[2018-12-07 16:36:02] Epoch 0 step [100|100] lr=0.00100000 acc: 76.92% loss: 0.388236
dev acc: 70.00% loss: 0.010216
test acc: 68.75% loss: 0.010219
model saved succeed in save_models/2018-12-07-16-36-03-treelstm_rel-model_epoch_0.pt
Update! best test acc: 68.75%
[2018-12-07 16:36:05] Epoch 1 step [10|100] lr=0.00100000 acc: 72.89% loss: 0.016321
[2018-12-07 16:36:08] Epoch 1 step [20|100] lr=0.00100000 acc: 67.22% loss: 0.011243
[2018-12-07 16:36:14] Epoch 1 step [30|100] lr=0.00100000 acc: 68.76% loss: 0.011076
[2018-12-07 16:36:23] Epoch 1 step [40|100] lr=0.00100000 acc: 68.09% loss: 0.011411
[2018-12-07 16:36:33] Epoch 1 step [50|100] lr=0.00100000 acc: 67.19% loss: 0.013113
[2018-12-07 16:36:47] Epoch 1 step [60|100] lr=0.00100000 acc: 67.00% loss: 0.013039
[2018-12-07 16:36:55] Epoch 1 step [70|100] lr=0.00100000 acc: 69.27% loss: 0.025971
[2018-12-07 16:36:58] Epoch 1 step [80|100] lr=0.00100000 acc: 67.07% loss: 0.062701
[2018-12-07 16:37:00] Epoch 1 step [90|100] lr=0.00100000 acc: 69.23% loss: 0.202547
[2018-12-07 16:37:01] Epoch 1 step [100|100] lr=0.00100000 acc: 92.31% loss: 0.237593
dev acc: 74.06% loss: 0.009078
test acc: 70.00% loss: 0.009135
model saved succeed in save_models/2018-12-07-16-37-02-treelstm_rel-model_epoch_1.pt
Update! best test acc: 70.00%
[2018-12-07 16:37:04] Epoch 2 step [10|100] lr=0.00100000 acc: 77.55% loss: 0.012821
[2018-12-07 16:37:08] Epoch 2 step [20|100] lr=0.00100000 acc: 75.37% loss: 0.009640
[2018-12-07 16:37:14] Epoch 2 step [30|100] lr=0.00100000 acc: 78.30% loss: 0.008873
[2018-12-07 16:37:23] Epoch 2 step [40|100] lr=0.00100000 acc: 74.66% loss: 0.009656
[2018-12-07 16:37:33] Epoch 2 step [50|100] lr=0.00100000 acc: 72.85% loss: 0.011406
[2018-12-07 16:37:47] Epoch 2 step [60|100] lr=0.00100000 acc: 71.43% loss: 0.012093
[2018-12-07 16:37:55] Epoch 2 step [70|100] lr=0.00100000 acc: 77.06% loss: 0.021910
[2018-12-07 16:37:58] Epoch 2 step [80|100] lr=0.00100000 acc: 85.37% loss: 0.047788
[2018-12-07 16:38:00] Epoch 2 step [90|100] lr=0.00100000 acc: 76.92% loss: 0.153258
[2018-12-07 16:38:01] Epoch 2 step [100|100] lr=0.00100000 acc: 92.31% loss: 0.152070
dev acc: 75.62% loss: 0.008181
test acc: 72.50% loss: 0.008533
model saved succeed in save_models/2018-12-07-16-38-03-treelstm_rel-model_epoch_2.pt
Update! best test acc: 72.50%
[2018-12-07 16:38:04] Epoch 3 step [10|100] lr=0.00100000 acc: 82.51% loss: 0.010454
[2018-12-07 16:38:08] Epoch 3 step [20|100] lr=0.00100000 acc: 81.63% loss: 0.007442
[2018-12-07 16:38:14] Epoch 3 step [30|100] lr=0.00100000 acc: 80.32% loss: 0.007592
[2018-12-07 16:38:23] Epoch 3 step [40|100] lr=0.00100000 acc: 80.27% loss: 0.007667
[2018-12-07 16:38:34] Epoch 3 step [50|100] lr=0.00100000 acc: 79.86% loss: 0.008963
[2018-12-07 16:38:47] Epoch 3 step [60|100] lr=0.00100000 acc: 79.31% loss: 0.009887
[2018-12-07 16:38:55] Epoch 3 step [70|100] lr=0.00100000 acc: 80.73% loss: 0.018216
[2018-12-07 16:38:58] Epoch 3 step [80|100] lr=0.00100000 acc: 85.37% loss: 0.032701
[2018-12-07 16:39:00] Epoch 3 step [90|100] lr=0.00100000 acc: 96.15% loss: 0.070284
[2018-12-07 16:39:02] Epoch 3 step [100|100] lr=0.00100000 acc: 100.00% loss: 0.040154
dev acc: 75.94% loss: 0.007611
test acc: 78.12% loss: 0.007754
model saved succeed in save_models/2018-12-07-16-39-03-treelstm_rel-model_epoch_3.pt
Update! best test acc: 78.12%
[2018-12-07 16:39:04] Epoch 4 step [10|100] lr=0.00100000 acc: 85.13% loss: 0.009140
[2018-12-07 16:39:08] Epoch 4 step [20|100] lr=0.00100000 acc: 83.51% loss: 0.006872
[2018-12-07 16:39:15] Epoch 4 step [30|100] lr=0.00100000 acc: 83.77% loss: 0.006507
[2018-12-07 16:39:23] Epoch 4 step [40|100] lr=0.00100000 acc: 83.37% loss: 0.006964
[2018-12-07 16:39:34] Epoch 4 step [50|100] lr=0.00100000 acc: 83.48% loss: 0.006996
[2018-12-07 16:39:47] Epoch 4 step [60|100] lr=0.00100000 acc: 83.00% loss: 0.008140
[2018-12-07 16:39:55] Epoch 4 step [70|100] lr=0.00100000 acc: 86.70% loss: 0.014102
[2018-12-07 16:39:59] Epoch 4 step [80|100] lr=0.00100000 acc: 93.90% loss: 0.019136
[2018-12-07 16:40:01] Epoch 4 step [90|100] lr=0.00100000 acc: 100.00% loss: 0.032973
[2018-12-07 16:40:02] Epoch 4 step [100|100] lr=0.00100000 acc: 100.00% loss: 0.039370
dev acc: 76.25% loss: 0.007399
test acc: 74.06% loss: 0.008733
not improved, best test acc: 78.12%, in epoch 4
[2018-12-07 16:40:05] Epoch 5 step [10|100] lr=0.00100000 acc: 86.30% loss: 0.009139
[2018-12-07 16:40:09] Epoch 5 step [20|100] lr=0.00100000 acc: 83.92% loss: 0.006622
[2018-12-07 16:40:15] Epoch 5 step [30|100] lr=0.00100000 acc: 84.79% loss: 0.005759
[2018-12-07 16:40:24] Epoch 5 step [40|100] lr=0.00100000 acc: 85.30% loss: 0.005733
[2018-12-07 16:40:35] Epoch 5 step [50|100] lr=0.00100000 acc: 87.78% loss: 0.005596
[2018-12-07 16:40:48] Epoch 5 step [60|100] lr=0.00100000 acc: 84.98% loss: 0.007470
[2018-12-07 16:40:56] Epoch 5 step [70|100] lr=0.00100000 acc: 88.07% loss: 0.011268
[2018-12-07 16:41:00] Epoch 5 step [80|100] lr=0.00100000 acc: 93.90% loss: 0.016916
[2018-12-07 16:41:02] Epoch 5 step [90|100] lr=0.00100000 acc: 100.00% loss: 0.023722
[2018-12-07 16:41:03] Epoch 5 step [100|100] lr=0.00100000 acc: 100.00% loss: 0.010864
dev acc: 75.94% loss: 0.007848
test acc: 79.06% loss: 0.007918
not improved, best test acc: 78.12%, in epoch 4
[2018-12-07 16:41:06] Epoch 6 step [10|100] lr=0.00100000 acc: 88.63% loss: 0.007391
[2018-12-07 16:41:10] Epoch 6 step [20|100] lr=0.00100000 acc: 88.10% loss: 0.005101
[2018-12-07 16:41:16] Epoch 6 step [30|100] lr=0.00100000 acc: 87.02% loss: 0.004981
[2018-12-07 16:41:24] Epoch 6 step [40|100] lr=0.00100000 acc: 88.39% loss: 0.005806
[2018-12-07 16:41:35] Epoch 6 step [50|100] lr=0.00100000 acc: 90.27% loss: 0.004623
[2018-12-07 16:41:48] Epoch 6 step [60|100] lr=0.00100000 acc: 87.44% loss: 0.006034
[2018-12-07 16:41:56] Epoch 6 step [70|100] lr=0.00100000 acc: 92.66% loss: 0.008723
[2018-12-07 16:41:59] Epoch 6 step [80|100] lr=0.00100000 acc: 100.00% loss: 0.007432
[2018-12-07 16:42:00] Epoch 6 step [90|100] lr=0.00100000 acc: 100.00% loss: 0.012200
[2018-12-07 16:42:02] Epoch 6 step [100|100] lr=0.00100000 acc: 100.00% loss: 0.015203
dev acc: 75.31% loss: 0.007926
test acc: 79.38% loss: 0.007886
not improved, best test acc: 78.12%, in epoch 4
[2018-12-07 16:42:05] Epoch 7 step [10|100] lr=0.00100000 acc: 89.50% loss: 0.006177
[2018-12-07 16:42:08] Epoch 7 step [20|100] lr=0.00100000 acc: 89.56% loss: 0.004488
[2018-12-07 16:42:15] Epoch 7 step [30|100] lr=0.00100000 acc: 88.84% loss: 0.004433
[2018-12-07 16:42:23] Epoch 7 step [40|100] lr=0.00100000 acc: 89.56% loss: 0.004535
[2018-12-07 16:42:33] Epoch 7 step [50|100] lr=0.00100000 acc: 91.86% loss: 0.004037
[2018-12-07 16:42:47] Epoch 7 step [60|100] lr=0.00100000 acc: 89.66% loss: 0.005525
[2018-12-07 16:42:54] Epoch 7 step [70|100] lr=0.00100000 acc: 97.25% loss: 0.004344
[2018-12-07 16:42:57] Epoch 7 step [80|100] lr=0.00100000 acc: 98.78% loss: 0.005866
[2018-12-07 16:42:59] Epoch 7 step [90|100] lr=0.00100000 acc: 100.00% loss: 0.005638
[2018-12-07 16:43:00] Epoch 7 step [100|100] lr=0.00100000 acc: 92.31% loss: 0.168990
dev acc: 74.69% loss: 0.009061
test acc: 71.25% loss: 0.010472
not improved, best test acc: 78.12%, in epoch 4
[2018-12-07 16:43:03] Epoch 8 step [10|100] lr=0.00100000 acc: 91.25% loss: 0.006059
[2018-12-07 16:43:07] Epoch 8 step [20|100] lr=0.00100000 acc: 87.06% loss: 0.004771
[2018-12-07 16:43:12] Epoch 8 step [30|100] lr=0.00100000 acc: 89.45% loss: 0.003951
[2018-12-07 16:43:21] Epoch 8 step [40|100] lr=0.00100000 acc: 90.14% loss: 0.004155
[2018-12-07 16:43:31] Epoch 8 step [50|100] lr=0.00100000 acc: 92.99% loss: 0.003591
[2018-12-07 16:43:45] Epoch 8 step [60|100] lr=0.00100000 acc: 90.15% loss: 0.004604
[2018-12-07 16:43:52] Epoch 8 step [70|100] lr=0.00100000 acc: 95.87% loss: 0.004692
[2018-12-07 16:43:55] Epoch 8 step [80|100] lr=0.00100000 acc: 98.78% loss: 0.005464
[2018-12-07 16:43:57] Epoch 8 step [90|100] lr=0.00100000 acc: 100.00% loss: 0.003431
[2018-12-07 16:43:58] Epoch 8 step [100|100] lr=0.00100000 acc: 100.00% loss: 0.003590
dev acc: 77.50% loss: 0.007546
test acc: 78.12% loss: 0.007861
not improved, best test acc: 78.12%, in epoch 8
[2018-12-07 16:44:01] Epoch 9 step [10|100] lr=0.00100000 acc: 93.59% loss: 0.004338
[2018-12-07 16:44:04] Epoch 9 step [20|100] lr=0.00100000 acc: 90.81% loss: 0.003890
[2018-12-07 16:44:11] Epoch 9 step [30|100] lr=0.00100000 acc: 90.87% loss: 0.003589
[2018-12-07 16:44:19] Epoch 9 step [40|100] lr=0.00100000 acc: 92.26% loss: 0.003250
[2018-12-07 16:44:30] Epoch 9 step [50|100] lr=0.00100000 acc: 94.80% loss: 0.002718
[2018-12-07 16:44:44] Epoch 9 step [60|100] lr=0.00100000 acc: 93.10% loss: 0.003746
[2018-12-07 16:44:51] Epoch 9 step [70|100] lr=0.00100000 acc: 99.08% loss: 0.002534
[2018-12-07 16:44:55] Epoch 9 step [80|100] lr=0.00100000 acc: 100.00% loss: 0.002834
[2018-12-07 16:44:56] Epoch 9 step [90|100] lr=0.00100000 acc: 100.00% loss: 0.007305
[2018-12-07 16:44:58] Epoch 9 step [100|100] lr=0.00100000 acc: 100.00% loss: 0.006272
dev acc: 76.56% loss: 0.008032
test acc: 76.25% loss: 0.008512
not improved, best test acc: 78.12%, in epoch 8
[2018-12-07 16:45:00] Epoch 10 step [10|100] lr=0.00100000 acc: 95.04% loss: 0.003450
[2018-12-07 16:45:04] Epoch 10 step [20|100] lr=0.00100000 acc: 92.90% loss: 0.003114
[2018-12-07 16:45:10] Epoch 10 step [30|100] lr=0.00100000 acc: 92.90% loss: 0.002804
[2018-12-07 16:45:18] Epoch 10 step [40|100] lr=0.00100000 acc: 93.42% loss: 0.002855
[2018-12-07 16:45:28] Epoch 10 step [50|100] lr=0.00100000 acc: 94.80% loss: 0.002224
[2018-12-07 16:45:42] Epoch 10 step [60|100] lr=0.00100000 acc: 94.83% loss: 0.003001
[2018-12-07 16:45:49] Epoch 10 step [70|100] lr=0.00100000 acc: 98.62% loss: 0.002061
[2018-12-07 16:45:53] Epoch 10 step [80|100] lr=0.00100000 acc: 100.00% loss: 0.002418
[2018-12-07 16:45:54] Epoch 10 step [90|100] lr=0.00100000 acc: 100.00% loss: 0.009391
[2018-12-07 16:45:55] Epoch 10 step [100|100] lr=0.00100000 acc: 100.00% loss: 0.009088
dev acc: 76.56% loss: 0.008043
test acc: 77.50% loss: 0.008809
not improved, best test acc: 78.12%, in epoch 8
[2018-12-07 16:45:58] Epoch 11 step [10|100] lr=0.00100000 acc: 93.29% loss: 0.003864
[2018-12-07 16:46:02] Epoch 11 step [20|100] lr=0.00100000 acc: 92.48% loss: 0.003314
[2018-12-07 16:46:08] Epoch 11 step [30|100] lr=0.00100000 acc: 93.91% loss: 0.002545
[2018-12-07 16:46:16] Epoch 11 step [40|100] lr=0.00100000 acc: 93.23% loss: 0.002526
[2018-12-07 16:46:26] Epoch 11 step [50|100] lr=0.00100000 acc: 95.48% loss: 0.002299
[2018-12-07 16:46:39] Epoch 11 step [60|100] lr=0.00100000 acc: 94.09% loss: 0.002883
[2018-12-07 16:46:47] Epoch 11 step [70|100] lr=0.00100000 acc: 99.08% loss: 0.001471
[2018-12-07 16:46:50] Epoch 11 step [80|100] lr=0.00100000 acc: 100.00% loss: 0.002104
[2018-12-07 16:46:51] Epoch 11 step [90|100] lr=0.00100000 acc: 100.00% loss: 0.001223
[2018-12-07 16:46:53] Epoch 11 step [100|100] lr=0.00100000 acc: 100.00% loss: 0.000461
dev acc: 77.19% loss: 0.008189
test acc: 78.44% loss: 0.008809
not improved, best test acc: 78.12%, in epoch 8
[2018-12-07 16:46:55] Epoch 12 step [10|100] lr=0.00100000 acc: 93.88% loss: 0.003475
[2018-12-07 16:46:59] Epoch 12 step [20|100] lr=0.00100000 acc: 92.90% loss: 0.002929
[2018-12-07 16:47:05] Epoch 12 step [30|100] lr=0.00100000 acc: 94.52% loss: 0.002235
[2018-12-07 16:47:13] Epoch 12 step [40|100] lr=0.00100000 acc: 95.55% loss: 0.002058
[2018-12-07 16:47:23] Epoch 12 step [50|100] lr=0.00100000 acc: 97.74% loss: 0.001539
[2018-12-07 16:47:37] Epoch 12 step [60|100] lr=0.00100000 acc: 97.54% loss: 0.001829
[2018-12-07 16:47:44] Epoch 12 step [70|100] lr=0.00100000 acc: 99.54% loss: 0.000873
[2018-12-07 16:47:47] Epoch 12 step [80|100] lr=0.00100000 acc: 100.00% loss: 0.000945
[2018-12-07 16:47:49] Epoch 12 step [90|100] lr=0.00100000 acc: 100.00% loss: 0.000866
[2018-12-07 16:47:51] Epoch 12 step [100|100] lr=0.00100000 acc: 100.00% loss: 0.000487
dev acc: 73.75% loss: 0.010080
test acc: 76.88% loss: 0.010756
not improved, best test acc: 78.12%, in epoch 8
[2018-12-07 16:47:53] Epoch 13 step [10|100] lr=0.00100000 acc: 94.46% loss: 0.003481
[2018-12-07 16:47:57] Epoch 13 step [20|100] lr=0.00100000 acc: 94.99% loss: 0.002515
[2018-12-07 16:48:03] Epoch 13 step [30|100] lr=0.00100000 acc: 94.93% loss: 0.001945
[2018-12-07 16:48:12] Epoch 13 step [40|100] lr=0.00100000 acc: 94.97% loss: 0.002061
[2018-12-07 16:48:22] Epoch 13 step [50|100] lr=0.00100000 acc: 97.29% loss: 0.001416
[2018-12-07 16:48:36] Epoch 13 step [60|100] lr=0.00100000 acc: 95.81% loss: 0.002157
[2018-12-07 16:48:43] Epoch 13 step [70|100] lr=0.00100000 acc: 98.62% loss: 0.001018
[2018-12-07 16:48:46] Epoch 13 step [80|100] lr=0.00100000 acc: 100.00% loss: 0.001484
[2018-12-07 16:48:48] Epoch 13 step [90|100] lr=0.00100000 acc: 100.00% loss: 0.001211
[2018-12-07 16:48:49] Epoch 13 step [100|100] lr=0.00100000 acc: 100.00% loss: 0.004688
dev acc: 77.81% loss: 0.008693
test acc: 78.44% loss: 0.009469
model saved succeed in save_models/2018-12-07-16-48-51-treelstm_rel-model_epoch_13.pt
Update! best test acc: 78.44%
[2018-12-07 16:48:53] Epoch 14 step [10|100] lr=0.00100000 acc: 94.46% loss: 0.002708
[2018-12-07 16:48:56] Epoch 14 step [20|100] lr=0.00100000 acc: 95.62% loss: 0.002169
[2018-12-07 16:49:03] Epoch 14 step [30|100] lr=0.00100000 acc: 96.35% loss: 0.001668
[2018-12-07 16:49:11] Epoch 14 step [40|100] lr=0.00100000 acc: 95.94% loss: 0.001860
[2018-12-07 16:49:22] Epoch 14 step [50|100] lr=0.00100000 acc: 96.38% loss: 0.001562
[2018-12-07 16:49:36] Epoch 14 step [60|100] lr=0.00100000 acc: 98.03% loss: 0.001332
[2018-12-07 16:49:43] Epoch 14 step [70|100] lr=0.00100000 acc: 99.54% loss: 0.001343
[2018-12-07 16:49:46] Epoch 14 step [80|100] lr=0.00100000 acc: 100.00% loss: 0.001730
[2018-12-07 16:49:48] Epoch 14 step [90|100] lr=0.00100000 acc: 100.00% loss: 0.000372
[2018-12-07 16:49:49] Epoch 14 step [100|100] lr=0.00100000 acc: 100.00% loss: 0.000215
dev acc: 76.56% loss: 0.008778
test acc: 77.19% loss: 0.009844
not improved, best test acc: 78.44%, in epoch 13
[2018-12-07 16:49:52] Epoch 15 step [10|100] lr=0.00100000 acc: 96.21% loss: 0.002180
[2018-12-07 16:49:56] Epoch 15 step [20|100] lr=0.00100000 acc: 95.41% loss: 0.001868
[2018-12-07 16:50:02] Epoch 15 step [30|100] lr=0.00100000 acc: 96.35% loss: 0.001367
[2018-12-07 16:50:10] Epoch 15 step [40|100] lr=0.00100000 acc: 97.10% loss: 0.001329
[2018-12-07 16:50:21] Epoch 15 step [50|100] lr=0.00100000 acc: 98.64% loss: 0.001153
[2018-12-07 16:50:35] Epoch 15 step [60|100] lr=0.00100000 acc: 96.80% loss: 0.002231
[2018-12-07 16:50:42] Epoch 15 step [70|100] lr=0.00100000 acc: 98.17% loss: 0.001792
[2018-12-07 16:50:45] Epoch 15 step [80|100] lr=0.00100000 acc: 100.00% loss: 0.000936
[2018-12-07 16:50:47] Epoch 15 step [90|100] lr=0.00100000 acc: 100.00% loss: 0.000696
[2018-12-07 16:50:48] Epoch 15 step [100|100] lr=0.00100000 acc: 100.00% loss: 0.001003
dev acc: 75.00% loss: 0.009912
test acc: 77.19% loss: 0.010846
not improved, best test acc: 78.44%, in epoch 13
[2018-12-07 16:50:51] Epoch 16 step [10|100] lr=0.00100000 acc: 95.92% loss: 0.002471
[2018-12-07 16:50:55] Epoch 16 step [20|100] lr=0.00100000 acc: 94.78% loss: 0.002170
[2018-12-07 16:51:01] Epoch 16 step [30|100] lr=0.00100000 acc: 96.75% loss: 0.001340
[2018-12-07 16:51:10] Epoch 16 step [40|100] lr=0.00100000 acc: 98.26% loss: 0.001072
[2018-12-07 16:51:21] Epoch 16 step [50|100] lr=0.00100000 acc: 97.29% loss: 0.001100
[2018-12-07 16:51:34] Epoch 16 step [60|100] lr=0.00100000 acc: 97.54% loss: 0.001090
[2018-12-07 16:51:42] Epoch 16 step [70|100] lr=0.00100000 acc: 99.54% loss: 0.000574
[2018-12-07 16:51:45] Epoch 16 step [80|100] lr=0.00100000 acc: 100.00% loss: 0.001076
[2018-12-07 16:51:47] Epoch 16 step [90|100] lr=0.00100000 acc: 100.00% loss: 0.001439
[2018-12-07 16:51:48] Epoch 16 step [100|100] lr=0.00100000 acc: 100.00% loss: 0.000781
dev acc: 75.31% loss: 0.010203
test acc: 78.12% loss: 0.010482
not improved, best test acc: 78.44%, in epoch 13
[2018-12-07 16:51:51] Epoch 17 step [10|100] lr=0.00100000 acc: 97.08% loss: 0.001867
[2018-12-07 16:51:54] Epoch 17 step [20|100] lr=0.00100000 acc: 96.03% loss: 0.001850
[2018-12-07 16:52:01] Epoch 17 step [30|100] lr=0.00100000 acc: 98.38% loss: 0.000843
[2018-12-07 16:52:09] Epoch 17 step [40|100] lr=0.00100000 acc: 97.68% loss: 0.000996
[2018-12-07 16:52:19] Epoch 17 step [50|100] lr=0.00100000 acc: 98.19% loss: 0.000707
[2018-12-07 16:52:33] Epoch 17 step [60|100] lr=0.00100000 acc: 99.75% loss: 0.000480
[2018-12-07 16:52:40] Epoch 17 step [70|100] lr=0.00100000 acc: 100.00% loss: 0.000641
[2018-12-07 16:52:43] Epoch 17 step [80|100] lr=0.00100000 acc: 98.78% loss: 0.001912
[2018-12-07 16:52:45] Epoch 17 step [90|100] lr=0.00100000 acc: 100.00% loss: 0.000231
[2018-12-07 16:52:46] Epoch 17 step [100|100] lr=0.00100000 acc: 100.00% loss: 0.000183
dev acc: 75.31% loss: 0.011283
test acc: 76.88% loss: 0.012136
not improved, best test acc: 78.44%, in epoch 13
[2018-12-07 16:52:49] Epoch 18 step [10|100] lr=0.00100000 acc: 97.08% loss: 0.001465
[2018-12-07 16:52:53] Epoch 18 step [20|100] lr=0.00100000 acc: 96.87% loss: 0.001484
[2018-12-07 16:52:59] Epoch 18 step [30|100] lr=0.00100000 acc: 97.36% loss: 0.000961
[2018-12-07 16:53:07] Epoch 18 step [40|100] lr=0.00100000 acc: 97.68% loss: 0.000966
[2018-12-07 16:53:17] Epoch 18 step [50|100] lr=0.00100000 acc: 99.55% loss: 0.000502
[2018-12-07 16:53:31] Epoch 18 step [60|100] lr=0.00100000 acc: 98.52% loss: 0.000894
[2018-12-07 16:53:38] Epoch 18 step [70|100] lr=0.00100000 acc: 100.00% loss: 0.000194
[2018-12-07 16:53:42] Epoch 18 step [80|100] lr=0.00100000 acc: 100.00% loss: 0.000487
[2018-12-07 16:53:43] Epoch 18 step [90|100] lr=0.00100000 acc: 100.00% loss: 0.000710
[2018-12-07 16:53:45] Epoch 18 step [100|100] lr=0.00100000 acc: 100.00% loss: 0.000078
dev acc: 78.12% loss: 0.009905
test acc: 77.81% loss: 0.010659
not improved, best test acc: 78.44%, in epoch 18
[2018-12-07 16:53:47] Epoch 19 step [10|100] lr=0.00100000 acc: 97.08% loss: 0.001694
[2018-12-07 16:53:51] Epoch 19 step [20|100] lr=0.00100000 acc: 97.29% loss: 0.001248
[2018-12-07 16:53:57] Epoch 19 step [30|100] lr=0.00100000 acc: 98.78% loss: 0.000817
[2018-12-07 16:54:06] Epoch 19 step [40|100] lr=0.00100000 acc: 97.87% loss: 0.000888
[2018-12-07 16:54:17] Epoch 19 step [50|100] lr=0.00100000 acc: 99.10% loss: 0.000520
[2018-12-07 16:54:30] Epoch 19 step [60|100] lr=0.00100000 acc: 98.77% loss: 0.000735
[2018-12-07 16:54:38] Epoch 19 step [70|100] lr=0.00100000 acc: 99.08% loss: 0.000640
[2018-12-07 16:54:41] Epoch 19 step [80|100] lr=0.00100000 acc: 100.00% loss: 0.000511
[2018-12-07 16:54:42] Epoch 19 step [90|100] lr=0.00100000 acc: 100.00% loss: 0.000249
[2018-12-07 16:54:44] Epoch 19 step [100|100] lr=0.00100000 acc: 100.00% loss: 0.000504
dev acc: 76.25% loss: 0.011107
test acc: 78.44% loss: 0.011766
not improved, best test acc: 78.44%, in epoch 18
[2018-12-07 16:54:47] Epoch 20 step [10|100] lr=0.00100000 acc: 98.25% loss: 0.001443
[2018-12-07 16:54:50] Epoch 20 step [20|100] lr=0.00100000 acc: 97.49% loss: 0.001437
[2018-12-07 16:54:57] Epoch 20 step [30|100] lr=0.00100000 acc: 97.36% loss: 0.001119
[2018-12-07 16:55:05] Epoch 20 step [40|100] lr=0.00100000 acc: 97.87% loss: 0.000834
[2018-12-07 16:55:16] Epoch 20 step [50|100] lr=0.00100000 acc: 98.42% loss: 0.000803
[2018-12-07 16:55:29] Epoch 20 step [60|100] lr=0.00100000 acc: 99.75% loss: 0.000294
[2018-12-07 16:55:37] Epoch 20 step [70|100] lr=0.00100000 acc: 100.00% loss: 0.000502
[2018-12-07 16:55:40] Epoch 20 step [80|100] lr=0.00100000 acc: 98.78% loss: 0.004427
[2018-12-07 16:55:42] Epoch 20 step [90|100] lr=0.00100000 acc: 100.00% loss: 0.000171
[2018-12-07 16:55:43] Epoch 20 step [100|100] lr=0.00100000 acc: 100.00% loss: 0.000154
dev acc: 75.62% loss: 0.012043
test acc: 78.12% loss: 0.011921
not improved, best test acc: 78.44%, in epoch 18
[2018-12-07 16:55:46] Epoch 21 step [10|100] lr=0.00100000 acc: 97.67% loss: 0.001351
[2018-12-07 16:55:49] Epoch 21 step [20|100] lr=0.00100000 acc: 96.45% loss: 0.001330
[2018-12-07 16:55:55] Epoch 21 step [30|100] lr=0.00100000 acc: 99.19% loss: 0.000546
[2018-12-07 16:56:04] Epoch 21 step [40|100] lr=0.00100000 acc: 99.23% loss: 0.000669
[2018-12-07 16:56:14] Epoch 21 step [50|100] lr=0.00100000 acc: 99.55% loss: 0.000457
[2018-12-07 16:56:28] Epoch 21 step [60|100] lr=0.00100000 acc: 99.51% loss: 0.000469
[2018-12-07 16:56:34] Epoch 21 step [70|100] lr=0.00100000 acc: 99.54% loss: 0.000779
[2018-12-07 16:56:37] Epoch 21 step [80|100] lr=0.00100000 acc: 100.00% loss: 0.001097
[2018-12-07 16:56:38] Epoch 21 step [90|100] lr=0.00100000 acc: 100.00% loss: 0.003178
[2018-12-07 16:56:38] Epoch 21 step [100|100] lr=0.00100000 acc: 100.00% loss: 0.000023
dev acc: 77.50% loss: 0.010744
test acc: 78.12% loss: 0.011963
not improved, best test acc: 78.44%, in epoch 18
[2018-12-07 16:56:41] Epoch 22 step [10|100] lr=0.00100000 acc: 97.67% loss: 0.000947
[2018-12-07 16:56:43] Epoch 22 step [20|100] lr=0.00100000 acc: 97.70% loss: 0.001041
[2018-12-07 16:56:48] Epoch 22 step [30|100] lr=0.00100000 acc: 98.38% loss: 0.000708
[2018-12-07 16:56:56] Epoch 22 step [40|100] lr=0.00100000 acc: 99.61% loss: 0.000402
[2018-12-07 16:57:05] Epoch 22 step [50|100] lr=0.00100000 acc: 100.00% loss: 0.000295
[2018-12-07 16:57:17] Epoch 22 step [60|100] lr=0.00100000 acc: 99.51% loss: 0.000283
[2018-12-07 16:57:24] Epoch 22 step [70|100] lr=0.00100000 acc: 99.54% loss: 0.000708
[2018-12-07 16:57:26] Epoch 22 step [80|100] lr=0.00100000 acc: 100.00% loss: 0.000169
[2018-12-07 16:57:27] Epoch 22 step [90|100] lr=0.00100000 acc: 100.00% loss: 0.000597
[2018-12-07 16:57:28] Epoch 22 step [100|100] lr=0.00100000 acc: 100.00% loss: 0.000869
dev acc: 77.50% loss: 0.010403
test acc: 78.44% loss: 0.011141
not improved, best test acc: 78.44%, in epoch 18
8 epoch have not improved, so adjust lr to 0.0007
[2018-12-07 16:57:30] Epoch 23 step [10|100] lr=0.00070000 acc: 97.08% loss: 0.001429
[2018-12-07 16:57:33] Epoch 23 step [20|100] lr=0.00070000 acc: 97.08% loss: 0.001149
[2018-12-07 16:57:38] Epoch 23 step [30|100] lr=0.00070000 acc: 98.58% loss: 0.000582
[2018-12-07 16:57:45] Epoch 23 step [40|100] lr=0.00070000 acc: 99.03% loss: 0.000536
[2018-12-07 16:57:54] Epoch 23 step [50|100] lr=0.00070000 acc: 99.55% loss: 0.000441
[2018-12-07 16:58:07] Epoch 23 step [60|100] lr=0.00070000 acc: 99.51% loss: 0.000415
[2018-12-07 16:58:13] Epoch 23 step [70|100] lr=0.00070000 acc: 99.54% loss: 0.000344
[2018-12-07 16:58:15] Epoch 23 step [80|100] lr=0.00070000 acc: 100.00% loss: 0.000584
[2018-12-07 16:58:16] Epoch 23 step [90|100] lr=0.00070000 acc: 100.00% loss: 0.000262
[2018-12-07 16:58:17] Epoch 23 step [100|100] lr=0.00070000 acc: 100.00% loss: 0.000287
dev acc: 77.19% loss: 0.010433
test acc: 78.44% loss: 0.011240
not improved, best test acc: 78.44%, in epoch 18
[2018-12-07 16:58:19] Epoch 24 step [10|100] lr=0.00070000 acc: 98.25% loss: 0.000928
[2018-12-07 16:58:22] Epoch 24 step [20|100] lr=0.00070000 acc: 99.16% loss: 0.000737
[2018-12-07 16:58:27] Epoch 24 step [30|100] lr=0.00070000 acc: 97.97% loss: 0.000701
[2018-12-07 16:58:34] Epoch 24 step [40|100] lr=0.00070000 acc: 99.23% loss: 0.000362
[2018-12-07 16:58:43] Epoch 24 step [50|100] lr=0.00070000 acc: 99.32% loss: 0.000373
[2018-12-07 16:58:56] Epoch 24 step [60|100] lr=0.00070000 acc: 98.52% loss: 0.000535
[2018-12-07 16:59:02] Epoch 24 step [70|100] lr=0.00070000 acc: 100.00% loss: 0.000075
[2018-12-07 16:59:04] Epoch 24 step [80|100] lr=0.00070000 acc: 100.00% loss: 0.001055
[2018-12-07 16:59:05] Epoch 24 step [90|100] lr=0.00070000 acc: 96.15% loss: 0.020392
[2018-12-07 16:59:06] Epoch 24 step [100|100] lr=0.00070000 acc: 100.00% loss: 0.031519
dev acc: 78.75% loss: 0.010768
test acc: 78.75% loss: 0.011524
model saved succeed in save_models/2018-12-07-16-59-07-treelstm_rel-model_epoch_24.pt
Update! best test acc: 78.75%
[2018-12-07 16:59:08] Epoch 25 step [10|100] lr=0.00070000 acc: 97.67% loss: 0.001260
[2018-12-07 16:59:11] Epoch 25 step [20|100] lr=0.00070000 acc: 97.29% loss: 0.001342
[2018-12-07 16:59:16] Epoch 25 step [30|100] lr=0.00070000 acc: 98.58% loss: 0.000758
[2018-12-07 16:59:23] Epoch 25 step [40|100] lr=0.00070000 acc: 98.65% loss: 0.000735
[2018-12-07 16:59:33] Epoch 25 step [50|100] lr=0.00070000 acc: 98.42% loss: 0.000813
[2018-12-07 16:59:45] Epoch 25 step [60|100] lr=0.00070000 acc: 99.26% loss: 0.000386
[2018-12-07 16:59:51] Epoch 25 step [70|100] lr=0.00070000 acc: 100.00% loss: 0.000570
[2018-12-07 16:59:54] Epoch 25 step [80|100] lr=0.00070000 acc: 100.00% loss: 0.000267
[2018-12-07 16:59:55] Epoch 25 step [90|100] lr=0.00070000 acc: 100.00% loss: 0.000679
[2018-12-07 16:59:55] Epoch 25 step [100|100] lr=0.00070000 acc: 100.00% loss: 0.000926
dev acc: 76.88% loss: 0.010218
test acc: 79.06% loss: 0.010335
not improved, best test acc: 78.75%, in epoch 24
[2018-12-07 16:59:58] Epoch 26 step [10|100] lr=0.00070000 acc: 97.67% loss: 0.000958
[2018-12-07 17:00:00] Epoch 26 step [20|100] lr=0.00070000 acc: 98.12% loss: 0.000617
[2018-12-07 17:00:05] Epoch 26 step [30|100] lr=0.00070000 acc: 99.80% loss: 0.000343
[2018-12-07 17:00:13] Epoch 26 step [40|100] lr=0.00070000 acc: 99.81% loss: 0.000312
[2018-12-07 17:00:22] Epoch 26 step [50|100] lr=0.00070000 acc: 99.55% loss: 0.000312
[2018-12-07 17:00:34] Epoch 26 step [60|100] lr=0.00070000 acc: 99.75% loss: 0.000254
[2018-12-07 17:00:41] Epoch 26 step [70|100] lr=0.00070000 acc: 99.54% loss: 0.000424
[2018-12-07 17:00:43] Epoch 26 step [80|100] lr=0.00070000 acc: 100.00% loss: 0.000030
[2018-12-07 17:00:44] Epoch 26 step [90|100] lr=0.00070000 acc: 100.00% loss: 0.000086
[2018-12-07 17:00:45] Epoch 26 step [100|100] lr=0.00070000 acc: 100.00% loss: 0.000040
dev acc: 77.50% loss: 0.010670
test acc: 77.81% loss: 0.011045
not improved, best test acc: 78.75%, in epoch 24
[2018-12-07 17:00:47] Epoch 27 step [10|100] lr=0.00070000 acc: 98.54% loss: 0.001180
[2018-12-07 17:00:50] Epoch 27 step [20|100] lr=0.00070000 acc: 97.70% loss: 0.000822
[2018-12-07 17:00:55] Epoch 27 step [30|100] lr=0.00070000 acc: 98.99% loss: 0.000525
[2018-12-07 17:01:02] Epoch 27 step [40|100] lr=0.00070000 acc: 99.81% loss: 0.000194
[2018-12-07 17:01:11] Epoch 27 step [50|100] lr=0.00070000 acc: 99.77% loss: 0.000289
[2018-12-07 17:01:24] Epoch 27 step [60|100] lr=0.00070000 acc: 99.75% loss: 0.000217
[2018-12-07 17:01:30] Epoch 27 step [70|100] lr=0.00070000 acc: 99.54% loss: 0.000312
[2018-12-07 17:01:32] Epoch 27 step [80|100] lr=0.00070000 acc: 100.00% loss: 0.000427
[2018-12-07 17:01:33] Epoch 27 step [90|100] lr=0.00070000 acc: 100.00% loss: 0.000064
[2018-12-07 17:01:34] Epoch 27 step [100|100] lr=0.00070000 acc: 100.00% loss: 0.000037
dev acc: 77.81% loss: 0.011305
test acc: 77.50% loss: 0.011654
not improved, best test acc: 78.75%, in epoch 24
[2018-12-07 17:01:36] Epoch 28 step [10|100] lr=0.00070000 acc: 98.54% loss: 0.000799
[2018-12-07 17:01:39] Epoch 28 step [20|100] lr=0.00070000 acc: 98.12% loss: 0.000689
[2018-12-07 17:01:44] Epoch 28 step [30|100] lr=0.00070000 acc: 99.19% loss: 0.000468
[2018-12-07 17:01:51] Epoch 28 step [40|100] lr=0.00070000 acc: 99.23% loss: 0.000363
[2018-12-07 17:02:00] Epoch 28 step [50|100] lr=0.00070000 acc: 99.32% loss: 0.000480
[2018-12-07 17:02:13] Epoch 28 step [60|100] lr=0.00070000 acc: 99.26% loss: 0.000227
[2018-12-07 17:02:19] Epoch 28 step [70|100] lr=0.00070000 acc: 100.00% loss: 0.000104
[2018-12-07 17:02:21] Epoch 28 step [80|100] lr=0.00070000 acc: 100.00% loss: 0.000115
[2018-12-07 17:02:22] Epoch 28 step [90|100] lr=0.00070000 acc: 100.00% loss: 0.000036
[2018-12-07 17:02:23] Epoch 28 step [100|100] lr=0.00070000 acc: 100.00% loss: 0.000080
dev acc: 76.88% loss: 0.011310
test acc: 79.06% loss: 0.011790
not improved, best test acc: 78.75%, in epoch 24
[2018-12-07 17:02:25] Epoch 29 step [10|100] lr=0.00070000 acc: 98.54% loss: 0.000787
[2018-12-07 17:02:28] Epoch 29 step [20|100] lr=0.00070000 acc: 98.75% loss: 0.000519
[2018-12-07 17:02:33] Epoch 29 step [30|100] lr=0.00070000 acc: 99.59% loss: 0.000245
[2018-12-07 17:02:40] Epoch 29 step [40|100] lr=0.00070000 acc: 99.81% loss: 0.000320
[2018-12-07 17:02:49] Epoch 29 step [50|100] lr=0.00070000 acc: 99.32% loss: 0.000292
[2018-12-07 17:03:02] Epoch 29 step [60|100] lr=0.00070000 acc: 99.51% loss: 0.000186
[2018-12-07 17:03:08] Epoch 29 step [70|100] lr=0.00070000 acc: 100.00% loss: 0.000074
[2018-12-07 17:03:10] Epoch 29 step [80|100] lr=0.00070000 acc: 100.00% loss: 0.000034
[2018-12-07 17:03:11] Epoch 29 step [90|100] lr=0.00070000 acc: 100.00% loss: 0.000040
[2018-12-07 17:03:12] Epoch 29 step [100|100] lr=0.00070000 acc: 100.00% loss: 0.000036
dev acc: 77.19% loss: 0.011546
test acc: 78.12% loss: 0.011842
not improved, best test acc: 78.75%, in epoch 24
[2018-12-07 17:03:14] Epoch 30 step [10|100] lr=0.00070000 acc: 98.83% loss: 0.000658
[2018-12-07 17:03:17] Epoch 30 step [20|100] lr=0.00070000 acc: 98.75% loss: 0.000680
[2018-12-07 17:03:22] Epoch 30 step [30|100] lr=0.00070000 acc: 99.59% loss: 0.000279
[2018-12-07 17:03:29] Epoch 30 step [40|100] lr=0.00070000 acc: 98.84% loss: 0.000358
[2018-12-07 17:03:39] Epoch 30 step [50|100] lr=0.00070000 acc: 99.55% loss: 0.000156
[2018-12-07 17:03:51] Epoch 30 step [60|100] lr=0.00070000 acc: 100.00% loss: 0.000171
[2018-12-07 17:03:58] Epoch 30 step [70|100] lr=0.00070000 acc: 99.08% loss: 0.000530
[2018-12-07 17:04:00] Epoch 30 step [80|100] lr=0.00070000 acc: 100.00% loss: 0.000036
[2018-12-07 17:04:01] Epoch 30 step [90|100] lr=0.00070000 acc: 100.00% loss: 0.000161
[2018-12-07 17:04:02] Epoch 30 step [100|100] lr=0.00070000 acc: 100.00% loss: 0.000050
dev acc: 77.19% loss: 0.011366
test acc: 78.12% loss: 0.011872
not improved, best test acc: 78.75%, in epoch 24
[2018-12-07 17:04:04] Epoch 31 step [10|100] lr=0.00070000 acc: 100.00% loss: 0.000483
[2018-12-07 17:04:07] Epoch 31 step [20|100] lr=0.00070000 acc: 99.16% loss: 0.000436
[2018-12-07 17:04:12] Epoch 31 step [30|100] lr=0.00070000 acc: 99.59% loss: 0.000236
[2018-12-07 17:04:19] Epoch 31 step [40|100] lr=0.00070000 acc: 99.61% loss: 0.000197
[2018-12-07 17:04:28] Epoch 31 step [50|100] lr=0.00070000 acc: 100.00% loss: 0.000144
[2018-12-07 17:04:41] Epoch 31 step [60|100] lr=0.00070000 acc: 99.75% loss: 0.000171
[2018-12-07 17:04:48] Epoch 31 step [70|100] lr=0.00070000 acc: 100.00% loss: 0.000092
[2018-12-07 17:04:51] Epoch 31 step [80|100] lr=0.00070000 acc: 100.00% loss: 0.000035
[2018-12-07 17:04:52] Epoch 31 step [90|100] lr=0.00070000 acc: 100.00% loss: 0.000010
[2018-12-07 17:04:53] Epoch 31 step [100|100] lr=0.00070000 acc: 100.00% loss: 0.000014
dev acc: 79.06% loss: 0.012409
test acc: 77.81% loss: 0.012976
not improved, best test acc: 78.75%, in epoch 31
[2018-12-07 17:04:56] Epoch 32 step [10|100] lr=0.00070000 acc: 98.83% loss: 0.000567
[2018-12-07 17:05:00] Epoch 32 step [20|100] lr=0.00070000 acc: 98.12% loss: 0.000649
[2018-12-07 17:05:05] Epoch 32 step [30|100] lr=0.00070000 acc: 99.39% loss: 0.000276
[2018-12-07 17:05:14] Epoch 32 step [40|100] lr=0.00070000 acc: 99.42% loss: 0.000315
[2018-12-07 17:05:24] Epoch 32 step [50|100] lr=0.00070000 acc: 99.32% loss: 0.000286
[2018-12-07 17:05:38] Epoch 32 step [60|100] lr=0.00070000 acc: 100.00% loss: 0.000077
[2018-12-07 17:05:45] Epoch 32 step [70|100] lr=0.00070000 acc: 100.00% loss: 0.000139
[2018-12-07 17:05:48] Epoch 32 step [80|100] lr=0.00070000 acc: 100.00% loss: 0.000133
[2018-12-07 17:05:50] Epoch 32 step [90|100] lr=0.00070000 acc: 100.00% loss: 0.000163
[2018-12-07 17:05:51] Epoch 32 step [100|100] lr=0.00070000 acc: 100.00% loss: 0.000018
dev acc: 76.56% loss: 0.012151
test acc: 77.19% loss: 0.012660
not improved, best test acc: 78.75%, in epoch 31
[2018-12-07 17:05:54] Epoch 33 step [10|100] lr=0.00070000 acc: 99.13% loss: 0.000577
[2018-12-07 17:05:58] Epoch 33 step [20|100] lr=0.00070000 acc: 99.58% loss: 0.000299
[2018-12-07 17:06:04] Epoch 33 step [30|100] lr=0.00070000 acc: 99.80% loss: 0.000137
[2018-12-07 17:06:12] Epoch 33 step [40|100] lr=0.00070000 acc: 99.81% loss: 0.000156
[2018-12-07 17:06:22] Epoch 33 step [50|100] lr=0.00070000 acc: 100.00% loss: 0.000118
[2018-12-07 17:06:36] Epoch 33 step [60|100] lr=0.00070000 acc: 99.75% loss: 0.000165
[2018-12-07 17:06:43] Epoch 33 step [70|100] lr=0.00070000 acc: 100.00% loss: 0.000082
[2018-12-07 17:06:47] Epoch 33 step [80|100] lr=0.00070000 acc: 100.00% loss: 0.000074
[2018-12-07 17:06:48] Epoch 33 step [90|100] lr=0.00070000 acc: 100.00% loss: 0.000063
[2018-12-07 17:06:50] Epoch 33 step [100|100] lr=0.00070000 acc: 100.00% loss: 0.000034
dev acc: 77.19% loss: 0.012457
test acc: 76.88% loss: 0.013366
not improved, best test acc: 78.75%, in epoch 31
8 epoch have not improved, so adjust lr to 0.00049
[2018-12-07 17:06:53] Epoch 34 step [10|100] lr=0.00049000 acc: 99.42% loss: 0.000457
[2018-12-07 17:06:56] Epoch 34 step [20|100] lr=0.00049000 acc: 99.58% loss: 0.000373
[2018-12-07 17:07:03] Epoch 34 step [30|100] lr=0.00049000 acc: 99.59% loss: 0.000187
[2018-12-07 17:07:11] Epoch 34 step [40|100] lr=0.00049000 acc: 99.03% loss: 0.000307
[2018-12-07 17:07:21] Epoch 34 step [50|100] lr=0.00049000 acc: 99.77% loss: 0.000169
[2018-12-07 17:07:35] Epoch 34 step [60|100] lr=0.00049000 acc: 99.51% loss: 0.000266
[2018-12-07 17:07:42] Epoch 34 step [70|100] lr=0.00049000 acc: 100.00% loss: 0.000070
[2018-12-07 17:07:46] Epoch 34 step [80|100] lr=0.00049000 acc: 100.00% loss: 0.000071
[2018-12-07 17:07:47] Epoch 34 step [90|100] lr=0.00049000 acc: 100.00% loss: 0.000050
[2018-12-07 17:07:49] Epoch 34 step [100|100] lr=0.00049000 acc: 100.00% loss: 0.000053
dev acc: 76.88% loss: 0.012420
test acc: 77.50% loss: 0.013194
not improved, best test acc: 78.75%, in epoch 31
[2018-12-07 17:07:52] Epoch 35 step [10|100] lr=0.00049000 acc: 99.71% loss: 0.000329
[2018-12-07 17:07:55] Epoch 35 step [20|100] lr=0.00049000 acc: 99.16% loss: 0.000373
[2018-12-07 17:08:02] Epoch 35 step [30|100] lr=0.00049000 acc: 99.59% loss: 0.000308
[2018-12-07 17:08:10] Epoch 35 step [40|100] lr=0.00049000 acc: 99.61% loss: 0.000242
[2018-12-07 17:08:20] Epoch 35 step [50|100] lr=0.00049000 acc: 99.77% loss: 0.000210
[2018-12-07 17:08:34] Epoch 35 step [60|100] lr=0.00049000 acc: 100.00% loss: 0.000089
[2018-12-07 17:08:41] Epoch 35 step [70|100] lr=0.00049000 acc: 100.00% loss: 0.000079
[2018-12-07 17:08:45] Epoch 35 step [80|100] lr=0.00049000 acc: 100.00% loss: 0.000097
[2018-12-07 17:08:47] Epoch 35 step [90|100] lr=0.00049000 acc: 100.00% loss: 0.000068
[2018-12-07 17:08:48] Epoch 35 step [100|100] lr=0.00049000 acc: 100.00% loss: 0.000024
dev acc: 77.19% loss: 0.012470
test acc: 77.19% loss: 0.013172
not improved, best test acc: 78.75%, in epoch 31
[2018-12-07 17:08:51] Epoch 36 step [10|100] lr=0.00049000 acc: 99.13% loss: 0.000588
[2018-12-07 17:08:55] Epoch 36 step [20|100] lr=0.00049000 acc: 98.75% loss: 0.000572
[2018-12-07 17:09:01] Epoch 36 step [30|100] lr=0.00049000 acc: 99.80% loss: 0.000135
[2018-12-07 17:09:10] Epoch 36 step [40|100] lr=0.00049000 acc: 99.81% loss: 0.000117
[2018-12-07 17:09:20] Epoch 36 step [50|100] lr=0.00049000 acc: 99.55% loss: 0.000176
[2018-12-07 17:09:34] Epoch 36 step [60|100] lr=0.00049000 acc: 100.00% loss: 0.000137
[2018-12-07 17:09:41] Epoch 36 step [70|100] lr=0.00049000 acc: 100.00% loss: 0.000117
[2018-12-07 17:09:44] Epoch 36 step [80|100] lr=0.00049000 acc: 100.00% loss: 0.000017
[2018-12-07 17:09:46] Epoch 36 step [90|100] lr=0.00049000 acc: 100.00% loss: 0.000043
[2018-12-07 17:09:47] Epoch 36 step [100|100] lr=0.00049000 acc: 100.00% loss: 0.000117
dev acc: 76.88% loss: 0.012433
test acc: 77.50% loss: 0.013162
not improved, best test acc: 78.75%, in epoch 31
[2018-12-07 17:09:50] Epoch 37 step [10|100] lr=0.00049000 acc: 100.00% loss: 0.000250
[2018-12-07 17:09:54] Epoch 37 step [20|100] lr=0.00049000 acc: 98.96% loss: 0.000511
[2018-12-07 17:10:00] Epoch 37 step [30|100] lr=0.00049000 acc: 99.19% loss: 0.000318
[2018-12-07 17:10:08] Epoch 37 step [40|100] lr=0.00049000 acc: 99.81% loss: 0.000169
[2018-12-07 17:10:19] Epoch 37 step [50|100] lr=0.00049000 acc: 100.00% loss: 0.000074
[2018-12-07 17:10:32] Epoch 37 step [60|100] lr=0.00049000 acc: 99.75% loss: 0.000288
[2018-12-07 17:10:40] Epoch 37 step [70|100] lr=0.00049000 acc: 100.00% loss: 0.000051
[2018-12-07 17:10:43] Epoch 37 step [80|100] lr=0.00049000 acc: 100.00% loss: 0.000007
[2018-12-07 17:10:45] Epoch 37 step [90|100] lr=0.00049000 acc: 100.00% loss: 0.000047
[2018-12-07 17:10:46] Epoch 37 step [100|100] lr=0.00049000 acc: 100.00% loss: 0.000003
dev acc: 78.44% loss: 0.013122
test acc: 78.12% loss: 0.014276
not improved, best test acc: 78.75%, in epoch 31
[2018-12-07 17:10:49] Epoch 38 step [10|100] lr=0.00049000 acc: 98.83% loss: 0.000587
[2018-12-07 17:10:53] Epoch 38 step [20|100] lr=0.00049000 acc: 99.37% loss: 0.000373
[2018-12-07 17:10:59] Epoch 38 step [30|100] lr=0.00049000 acc: 99.59% loss: 0.000245
[2018-12-07 17:11:08] Epoch 38 step [40|100] lr=0.00049000 acc: 99.81% loss: 0.000153
[2018-12-07 17:11:19] Epoch 38 step [50|100] lr=0.00049000 acc: 100.00% loss: 0.000063
[2018-12-07 17:11:32] Epoch 38 step [60|100] lr=0.00049000 acc: 99.51% loss: 0.000294
[2018-12-07 17:11:39] Epoch 38 step [70|100] lr=0.00049000 acc: 100.00% loss: 0.000059
[2018-12-07 17:11:43] Epoch 38 step [80|100] lr=0.00049000 acc: 100.00% loss: 0.000025
[2018-12-07 17:11:44] Epoch 38 step [90|100] lr=0.00049000 acc: 100.00% loss: 0.000017
[2018-12-07 17:11:46] Epoch 38 step [100|100] lr=0.00049000 acc: 100.00% loss: 0.000039
dev acc: 78.12% loss: 0.012980
test acc: 77.81% loss: 0.013801
not improved, best test acc: 78.75%, in epoch 31
[2018-12-07 17:11:49] Epoch 39 step [10|100] lr=0.00049000 acc: 98.83% loss: 0.000364
[2018-12-07 17:11:52] Epoch 39 step [20|100] lr=0.00049000 acc: 99.16% loss: 0.000338
[2018-12-07 17:11:59] Epoch 39 step [30|100] lr=0.00049000 acc: 99.80% loss: 0.000169
[2018-12-07 17:12:08] Epoch 39 step [40|100] lr=0.00049000 acc: 99.03% loss: 0.000225
[2018-12-07 17:12:18] Epoch 39 step [50|100] lr=0.00049000 acc: 99.77% loss: 0.000205
[2018-12-07 17:12:32] Epoch 39 step [60|100] lr=0.00049000 acc: 99.51% loss: 0.000297
[2018-12-07 17:12:40] Epoch 39 step [70|100] lr=0.00049000 acc: 100.00% loss: 0.000025
[2018-12-07 17:12:43] Epoch 39 step [80|100] lr=0.00049000 acc: 100.00% loss: 0.000074
[2018-12-07 17:12:45] Epoch 39 step [90|100] lr=0.00049000 acc: 100.00% loss: 0.000016
[2018-12-07 17:12:46] Epoch 39 step [100|100] lr=0.00049000 acc: 100.00% loss: 0.000027
dev acc: 78.75% loss: 0.013226
test acc: 78.12% loss: 0.014089
not improved, best test acc: 78.75%, in epoch 31
[2018-12-07 17:12:49] Epoch 40 step [10|100] lr=0.00049000 acc: 99.42% loss: 0.000320
[2018-12-07 17:12:53] Epoch 40 step [20|100] lr=0.00049000 acc: 99.16% loss: 0.000287
[2018-12-07 17:12:59] Epoch 40 step [30|100] lr=0.00049000 acc: 99.80% loss: 0.000286
[2018-12-07 17:13:08] Epoch 40 step [40|100] lr=0.00049000 acc: 100.00% loss: 0.000045
[2018-12-07 17:13:18] Epoch 40 step [50|100] lr=0.00049000 acc: 99.77% loss: 0.000148
[2018-12-07 17:13:31] Epoch 40 step [60|100] lr=0.00049000 acc: 100.00% loss: 0.000043
[2018-12-07 17:13:39] Epoch 40 step [70|100] lr=0.00049000 acc: 99.08% loss: 0.000400
[2018-12-07 17:13:42] Epoch 40 step [80|100] lr=0.00049000 acc: 100.00% loss: 0.000045
[2018-12-07 17:13:44] Epoch 40 step [90|100] lr=0.00049000 acc: 100.00% loss: 0.000070
[2018-12-07 17:13:45] Epoch 40 step [100|100] lr=0.00049000 acc: 100.00% loss: 0.002100
dev acc: 76.88% loss: 0.013456
test acc: 76.25% loss: 0.014458
not improved, best test acc: 78.75%, in epoch 31
[2018-12-07 17:13:48] Epoch 41 step [10|100] lr=0.00049000 acc: 98.83% loss: 0.000510
[2018-12-07 17:13:52] Epoch 41 step [20|100] lr=0.00049000 acc: 99.79% loss: 0.000313
[2018-12-07 17:13:58] Epoch 41 step [30|100] lr=0.00049000 acc: 99.59% loss: 0.000174
[2018-12-07 17:14:07] Epoch 41 step [40|100] lr=0.00049000 acc: 99.81% loss: 0.000230
[2018-12-07 17:14:17] Epoch 41 step [50|100] lr=0.00049000 acc: 99.55% loss: 0.000257
[2018-12-07 17:14:31] Epoch 41 step [60|100] lr=0.00049000 acc: 100.00% loss: 0.000059
[2018-12-07 17:14:38] Epoch 41 step [70|100] lr=0.00049000 acc: 100.00% loss: 0.000149
[2018-12-07 17:14:42] Epoch 41 step [80|100] lr=0.00049000 acc: 100.00% loss: 0.000041
[2018-12-07 17:14:43] Epoch 41 step [90|100] lr=0.00049000 acc: 100.00% loss: 0.000007
[2018-12-07 17:14:45] Epoch 41 step [100|100] lr=0.00049000 acc: 100.00% loss: 0.000004
dev acc: 77.50% loss: 0.012985
test acc: 77.81% loss: 0.013994
not improved, best test acc: 78.75%, in epoch 31
16 epoch have not improved, so adjust lr to 0.000343
[2018-12-07 17:14:48] Epoch 42 step [10|100] lr=0.00034300 acc: 99.13% loss: 0.000456
[2018-12-07 17:14:51] Epoch 42 step [20|100] lr=0.00034300 acc: 98.96% loss: 0.000359
[2018-12-07 17:14:58] Epoch 42 step [30|100] lr=0.00034300 acc: 99.80% loss: 0.000182
[2018-12-07 17:15:06] Epoch 42 step [40|100] lr=0.00034300 acc: 100.00% loss: 0.000109
[2018-12-07 17:15:16] Epoch 42 step [50|100] lr=0.00034300 acc: 100.00% loss: 0.000085
[2018-12-07 17:15:30] Epoch 42 step [60|100] lr=0.00034300 acc: 99.01% loss: 0.000270
[2018-12-07 17:15:37] Epoch 42 step [70|100] lr=0.00034300 acc: 100.00% loss: 0.000016
[2018-12-07 17:15:40] Epoch 42 step [80|100] lr=0.00034300 acc: 100.00% loss: 0.000445
[2018-12-07 17:15:42] Epoch 42 step [90|100] lr=0.00034300 acc: 100.00% loss: 0.000166
[2018-12-07 17:15:43] Epoch 42 step [100|100] lr=0.00034300 acc: 100.00% loss: 0.000018
dev acc: 76.25% loss: 0.013090
test acc: 77.19% loss: 0.014240
not improved, best test acc: 78.75%, in epoch 31
[2018-12-07 17:15:46] Epoch 43 step [10|100] lr=0.00034300 acc: 99.42% loss: 0.000378
[2018-12-07 17:15:50] Epoch 43 step [20|100] lr=0.00034300 acc: 100.00% loss: 0.000211
[2018-12-07 17:15:56] Epoch 43 step [30|100] lr=0.00034300 acc: 99.80% loss: 0.000151
[2018-12-07 17:16:04] Epoch 43 step [40|100] lr=0.00034300 acc: 99.81% loss: 0.000169
[2018-12-07 17:16:15] Epoch 43 step [50|100] lr=0.00034300 acc: 99.77% loss: 0.000145
[2018-12-07 17:16:28] Epoch 43 step [60|100] lr=0.00034300 acc: 99.75% loss: 0.000198
[2018-12-07 17:16:36] Epoch 43 step [70|100] lr=0.00034300 acc: 100.00% loss: 0.000026
[2018-12-07 17:16:39] Epoch 43 step [80|100] lr=0.00034300 acc: 100.00% loss: 0.000027
[2018-12-07 17:16:41] Epoch 43 step [90|100] lr=0.00034300 acc: 100.00% loss: 0.000007
[2018-12-07 17:16:42] Epoch 43 step [100|100] lr=0.00034300 acc: 100.00% loss: 0.000006
dev acc: 79.38% loss: 0.014199
test acc: 76.56% loss: 0.015002
not improved, best test acc: 78.75%, in epoch 43
[2018-12-07 17:16:45] Epoch 44 step [10|100] lr=0.00034300 acc: 98.25% loss: 0.000604
[2018-12-07 17:16:49] Epoch 44 step [20|100] lr=0.00034300 acc: 99.79% loss: 0.000172
[2018-12-07 17:16:55] Epoch 44 step [30|100] lr=0.00034300 acc: 99.80% loss: 0.000218
[2018-12-07 17:17:04] Epoch 44 step [40|100] lr=0.00034300 acc: 99.81% loss: 0.000142
[2018-12-07 17:17:14] Epoch 44 step [50|100] lr=0.00034300 acc: 100.00% loss: 0.000057
[2018-12-07 17:17:28] Epoch 44 step [60|100] lr=0.00034300 acc: 99.75% loss: 0.000083
[2018-12-07 17:17:35] Epoch 44 step [70|100] lr=0.00034300 acc: 100.00% loss: 0.000148
[2018-12-07 17:17:38] Epoch 44 step [80|100] lr=0.00034300 acc: 100.00% loss: 0.000027
[2018-12-07 17:17:40] Epoch 44 step [90|100] lr=0.00034300 acc: 100.00% loss: 0.000164
[2018-12-07 17:17:41] Epoch 44 step [100|100] lr=0.00034300 acc: 100.00% loss: 0.000279
dev acc: 77.50% loss: 0.013122
test acc: 78.44% loss: 0.013604
not improved, best test acc: 78.75%, in epoch 43
[2018-12-07 17:17:44] Epoch 45 step [10|100] lr=0.00034300 acc: 100.00% loss: 0.000148
[2018-12-07 17:17:48] Epoch 45 step [20|100] lr=0.00034300 acc: 98.96% loss: 0.000388
[2018-12-07 17:17:54] Epoch 45 step [30|100] lr=0.00034300 acc: 99.59% loss: 0.000138
[2018-12-07 17:18:03] Epoch 45 step [40|100] lr=0.00034300 acc: 100.00% loss: 0.000090
[2018-12-07 17:18:13] Epoch 45 step [50|100] lr=0.00034300 acc: 100.00% loss: 0.000099
[2018-12-07 17:18:27] Epoch 45 step [60|100] lr=0.00034300 acc: 100.00% loss: 0.000055
[2018-12-07 17:18:34] Epoch 45 step [70|100] lr=0.00034300 acc: 100.00% loss: 0.000013
[2018-12-07 17:18:38] Epoch 45 step [80|100] lr=0.00034300 acc: 100.00% loss: 0.000019
[2018-12-07 17:18:39] Epoch 45 step [90|100] lr=0.00034300 acc: 100.00% loss: 0.000025
[2018-12-07 17:18:41] Epoch 45 step [100|100] lr=0.00034300 acc: 100.00% loss: 0.000006
dev acc: 77.81% loss: 0.013627
test acc: 78.75% loss: 0.014352
not improved, best test acc: 78.75%, in epoch 43
[2018-12-07 17:18:43] Epoch 46 step [10|100] lr=0.00034300 acc: 99.42% loss: 0.000385
[2018-12-07 17:18:47] Epoch 46 step [20|100] lr=0.00034300 acc: 99.37% loss: 0.000414
[2018-12-07 17:18:53] Epoch 46 step [30|100] lr=0.00034300 acc: 100.00% loss: 0.000049
[2018-12-07 17:19:02] Epoch 46 step [40|100] lr=0.00034300 acc: 99.81% loss: 0.000061
[2018-12-07 17:19:12] Epoch 46 step [50|100] lr=0.00034300 acc: 99.55% loss: 0.000150
[2018-12-07 17:19:26] Epoch 46 step [60|100] lr=0.00034300 acc: 99.75% loss: 0.000102
[2018-12-07 17:19:34] Epoch 46 step [70|100] lr=0.00034300 acc: 100.00% loss: 0.000048
[2018-12-07 17:19:37] Epoch 46 step [80|100] lr=0.00034300 acc: 100.00% loss: 0.000026
[2018-12-07 17:19:38] Epoch 46 step [90|100] lr=0.00034300 acc: 100.00% loss: 0.000101
[2018-12-07 17:19:40] Epoch 46 step [100|100] lr=0.00034300 acc: 100.00% loss: 0.000012
dev acc: 77.50% loss: 0.013760
test acc: 77.81% loss: 0.014462
not improved, best test acc: 78.75%, in epoch 43
[2018-12-07 17:19:43] Epoch 47 step [10|100] lr=0.00034300 acc: 99.71% loss: 0.000177
[2018-12-07 17:19:46] Epoch 47 step [20|100] lr=0.00034300 acc: 99.37% loss: 0.000230
[2018-12-07 17:19:52] Epoch 47 step [30|100] lr=0.00034300 acc: 99.59% loss: 0.000181
[2018-12-07 17:20:00] Epoch 47 step [40|100] lr=0.00034300 acc: 99.81% loss: 0.000135
[2018-12-07 17:20:11] Epoch 47 step [50|100] lr=0.00034300 acc: 100.00% loss: 0.000057
[2018-12-07 17:20:24] Epoch 47 step [60|100] lr=0.00034300 acc: 99.75% loss: 0.000200
[2018-12-07 17:20:32] Epoch 47 step [70|100] lr=0.00034300 acc: 100.00% loss: 0.000119
[2018-12-07 17:20:35] Epoch 47 step [80|100] lr=0.00034300 acc: 100.00% loss: 0.000006
[2018-12-07 17:20:37] Epoch 47 step [90|100] lr=0.00034300 acc: 100.00% loss: 0.000008
[2018-12-07 17:20:38] Epoch 47 step [100|100] lr=0.00034300 acc: 100.00% loss: 0.000002
dev acc: 78.44% loss: 0.013686
test acc: 78.75% loss: 0.014153
not improved, best test acc: 78.75%, in epoch 43
[2018-12-07 17:20:41] Epoch 48 step [10|100] lr=0.00034300 acc: 99.71% loss: 0.000381
[2018-12-07 17:20:45] Epoch 48 step [20|100] lr=0.00034300 acc: 99.58% loss: 0.000252
[2018-12-07 17:20:50] Epoch 48 step [30|100] lr=0.00034300 acc: 99.59% loss: 0.000135
[2018-12-07 17:20:59] Epoch 48 step [40|100] lr=0.00034300 acc: 99.81% loss: 0.000102
[2018-12-07 17:21:09] Epoch 48 step [50|100] lr=0.00034300 acc: 99.77% loss: 0.000121
[2018-12-07 17:21:23] Epoch 48 step [60|100] lr=0.00034300 acc: 99.75% loss: 0.000132
[2018-12-07 17:21:30] Epoch 48 step [70|100] lr=0.00034300 acc: 100.00% loss: 0.000052
[2018-12-07 17:21:34] Epoch 48 step [80|100] lr=0.00034300 acc: 100.00% loss: 0.000016
[2018-12-07 17:21:35] Epoch 48 step [90|100] lr=0.00034300 acc: 100.00% loss: 0.000020
[2018-12-07 17:21:37] Epoch 48 step [100|100] lr=0.00034300 acc: 100.00% loss: 0.000016
dev acc: 78.12% loss: 0.014296
test acc: 78.44% loss: 0.014666
not improved, best test acc: 78.75%, in epoch 43
[2018-12-07 17:21:39] Epoch 49 step [10|100] lr=0.00034300 acc: 100.00% loss: 0.000168
[2018-12-07 17:21:43] Epoch 49 step [20|100] lr=0.00034300 acc: 99.16% loss: 0.000229
[2018-12-07 17:21:49] Epoch 49 step [30|100] lr=0.00034300 acc: 100.00% loss: 0.000071
[2018-12-07 17:21:58] Epoch 49 step [40|100] lr=0.00034300 acc: 100.00% loss: 0.000070
[2018-12-07 17:22:08] Epoch 49 step [50|100] lr=0.00034300 acc: 99.77% loss: 0.000079
[2018-12-07 17:22:22] Epoch 49 step [60|100] lr=0.00034300 acc: 99.51% loss: 0.000207
[2018-12-07 17:22:29] Epoch 49 step [70|100] lr=0.00034300 acc: 100.00% loss: 0.000018
[2018-12-07 17:22:32] Epoch 49 step [80|100] lr=0.00034300 acc: 100.00% loss: 0.000004
[2018-12-07 17:22:34] Epoch 49 step [90|100] lr=0.00034300 acc: 100.00% loss: 0.000067
[2018-12-07 17:22:35] Epoch 49 step [100|100] lr=0.00034300 acc: 100.00% loss: 0.000014
dev acc: 77.81% loss: 0.013794
test acc: 79.06% loss: 0.014152
not improved, best test acc: 78.75%, in epoch 43
[2018-12-07 17:22:38] Epoch 50 step [10|100] lr=0.00034300 acc: 100.00% loss: 0.000128
[2018-12-07 17:22:42] Epoch 50 step [20|100] lr=0.00034300 acc: 99.58% loss: 0.000216
[2018-12-07 17:22:48] Epoch 50 step [30|100] lr=0.00034300 acc: 99.19% loss: 0.000197
[2018-12-07 17:22:57] Epoch 50 step [40|100] lr=0.00034300 acc: 99.61% loss: 0.000170
[2018-12-07 17:23:07] Epoch 50 step [50|100] lr=0.00034300 acc: 100.00% loss: 0.000099
[2018-12-07 17:23:20] Epoch 50 step [60|100] lr=0.00034300 acc: 99.75% loss: 0.000093
[2018-12-07 17:23:28] Epoch 50 step [70|100] lr=0.00034300 acc: 100.00% loss: 0.000010
[2018-12-07 17:23:31] Epoch 50 step [80|100] lr=0.00034300 acc: 100.00% loss: 0.000076
[2018-12-07 17:23:33] Epoch 50 step [90|100] lr=0.00034300 acc: 100.00% loss: 0.000043
[2018-12-07 17:23:34] Epoch 50 step [100|100] lr=0.00034300 acc: 100.00% loss: 0.000006
dev acc: 78.12% loss: 0.013966
test acc: 78.44% loss: 0.014522
not improved, best test acc: 78.75%, in epoch 43
24 epoch have not improved, so adjust lr to 0.00024009999999999998
[2018-12-07 17:23:37] Epoch 51 step [10|100] lr=0.00024010 acc: 99.42% loss: 0.000259
[2018-12-07 17:23:40] Epoch 51 step [20|100] lr=0.00024010 acc: 100.00% loss: 0.000100
[2018-12-07 17:23:46] Epoch 51 step [30|100] lr=0.00024010 acc: 99.19% loss: 0.000377
[2018-12-07 17:23:55] Epoch 51 step [40|100] lr=0.00024010 acc: 100.00% loss: 0.000065
[2018-12-07 17:24:05] Epoch 51 step [50|100] lr=0.00024010 acc: 100.00% loss: 0.000025
[2018-12-07 17:24:18] Epoch 51 step [60|100] lr=0.00024010 acc: 100.00% loss: 0.000036
[2018-12-07 17:24:26] Epoch 51 step [70|100] lr=0.00024010 acc: 100.00% loss: 0.000006
[2018-12-07 17:24:29] Epoch 51 step [80|100] lr=0.00024010 acc: 100.00% loss: 0.000008
[2018-12-07 17:24:31] Epoch 51 step [90|100] lr=0.00024010 acc: 100.00% loss: 0.000028
[2018-12-07 17:24:32] Epoch 51 step [100|100] lr=0.00024010 acc: 100.00% loss: 0.000001
dev acc: 77.50% loss: 0.014090
test acc: 77.81% loss: 0.014729
not improved, best test acc: 78.75%, in epoch 43
[2018-12-07 17:24:35] Epoch 52 step [10|100] lr=0.00024010 acc: 99.42% loss: 0.000213
[2018-12-07 17:24:38] Epoch 52 step [20|100] lr=0.00024010 acc: 99.79% loss: 0.000136
[2018-12-07 17:24:45] Epoch 52 step [30|100] lr=0.00024010 acc: 100.00% loss: 0.000026
[2018-12-07 17:24:53] Epoch 52 step [40|100] lr=0.00024010 acc: 100.00% loss: 0.000027
[2018-12-07 17:25:04] Epoch 52 step [50|100] lr=0.00024010 acc: 100.00% loss: 0.000049
[2018-12-07 17:25:17] Epoch 52 step [60|100] lr=0.00024010 acc: 100.00% loss: 0.000072
[2018-12-07 17:25:25] Epoch 52 step [70|100] lr=0.00024010 acc: 100.00% loss: 0.000024
[2018-12-07 17:25:28] Epoch 52 step [80|100] lr=0.00024010 acc: 100.00% loss: 0.000022
[2018-12-07 17:25:30] Epoch 52 step [90|100] lr=0.00024010 acc: 100.00% loss: 0.000082
[2018-12-07 17:25:31] Epoch 52 step [100|100] lr=0.00024010 acc: 100.00% loss: 0.000002
dev acc: 78.12% loss: 0.014265
test acc: 77.81% loss: 0.014690
not improved, best test acc: 78.75%, in epoch 43
[2018-12-07 17:25:34] Epoch 53 step [10|100] lr=0.00024010 acc: 100.00% loss: 0.000175
[2018-12-07 17:25:37] Epoch 53 step [20|100] lr=0.00024010 acc: 99.58% loss: 0.000146
[2018-12-07 17:25:43] Epoch 53 step [30|100] lr=0.00024010 acc: 99.59% loss: 0.000173
[2018-12-07 17:25:52] Epoch 53 step [40|100] lr=0.00024010 acc: 100.00% loss: 0.000098
[2018-12-07 17:26:02] Epoch 53 step [50|100] lr=0.00024010 acc: 100.00% loss: 0.000048
[2018-12-07 17:26:16] Epoch 53 step [60|100] lr=0.00024010 acc: 100.00% loss: 0.000047
[2018-12-07 17:26:23] Epoch 53 step [70|100] lr=0.00024010 acc: 100.00% loss: 0.000032
[2018-12-07 17:26:26] Epoch 53 step [80|100] lr=0.00024010 acc: 100.00% loss: 0.000602
[2018-12-07 17:26:28] Epoch 53 step [90|100] lr=0.00024010 acc: 100.00% loss: 0.000009
[2018-12-07 17:26:29] Epoch 53 step [100|100] lr=0.00024010 acc: 100.00% loss: 0.000005
dev acc: 77.50% loss: 0.013867
test acc: 78.44% loss: 0.014314
not improved, best test acc: 78.75%, in epoch 43
[2018-12-07 17:26:32] Epoch 54 step [10|100] lr=0.00024010 acc: 100.00% loss: 0.000168
[2018-12-07 17:26:36] Epoch 54 step [20|100] lr=0.00024010 acc: 99.79% loss: 0.000139
[2018-12-07 17:26:42] Epoch 54 step [30|100] lr=0.00024010 acc: 99.59% loss: 0.000173
[2018-12-07 17:26:51] Epoch 54 step [40|100] lr=0.00024010 acc: 100.00% loss: 0.000065
[2018-12-07 17:27:01] Epoch 54 step [50|100] lr=0.00024010 acc: 99.77% loss: 0.000106
[2018-12-07 17:27:14] Epoch 54 step [60|100] lr=0.00024010 acc: 100.00% loss: 0.000031
[2018-12-07 17:27:22] Epoch 54 step [70|100] lr=0.00024010 acc: 100.00% loss: 0.000039
[2018-12-07 17:27:25] Epoch 54 step [80|100] lr=0.00024010 acc: 100.00% loss: 0.000001
[2018-12-07 17:27:27] Epoch 54 step [90|100] lr=0.00024010 acc: 100.00% loss: 0.000009
[2018-12-07 17:27:28] Epoch 54 step [100|100] lr=0.00024010 acc: 100.00% loss: 0.001433
dev acc: 77.19% loss: 0.014070
test acc: 77.81% loss: 0.014524
not improved, best test acc: 78.75%, in epoch 43
[2018-12-07 17:27:31] Epoch 55 step [10|100] lr=0.00024010 acc: 100.00% loss: 0.000115
[2018-12-07 17:27:35] Epoch 55 step [20|100] lr=0.00024010 acc: 99.16% loss: 0.000246
[2018-12-07 17:27:41] Epoch 55 step [30|100] lr=0.00024010 acc: 99.59% loss: 0.000180
[2018-12-07 17:27:50] Epoch 55 step [40|100] lr=0.00024010 acc: 99.61% loss: 0.000294
[2018-12-07 17:28:00] Epoch 55 step [50|100] lr=0.00024010 acc: 100.00% loss: 0.000050
[2018-12-07 17:28:14] Epoch 55 step [60|100] lr=0.00024010 acc: 100.00% loss: 0.000051
[2018-12-07 17:28:21] Epoch 55 step [70|100] lr=0.00024010 acc: 99.54% loss: 0.000126
[2018-12-07 17:28:24] Epoch 55 step [80|100] lr=0.00024010 acc: 100.00% loss: 0.000023
[2018-12-07 17:28:26] Epoch 55 step [90|100] lr=0.00024010 acc: 100.00% loss: 0.000024
[2018-12-07 17:28:27] Epoch 55 step [100|100] lr=0.00024010 acc: 100.00% loss: 0.000006
dev acc: 77.50% loss: 0.014222
test acc: 77.19% loss: 0.014722
not improved, best test acc: 78.75%, in epoch 43
[2018-12-07 17:28:30] Epoch 56 step [10|100] lr=0.00024010 acc: 100.00% loss: 0.000123
[2018-12-07 17:28:34] Epoch 56 step [20|100] lr=0.00024010 acc: 99.58% loss: 0.000151
[2018-12-07 17:28:40] Epoch 56 step [30|100] lr=0.00024010 acc: 99.80% loss: 0.000087
[2018-12-07 17:28:48] Epoch 56 step [40|100] lr=0.00024010 acc: 100.00% loss: 0.000101
[2018-12-07 17:28:58] Epoch 56 step [50|100] lr=0.00024010 acc: 100.00% loss: 0.000040
[2018-12-07 17:29:12] Epoch 56 step [60|100] lr=0.00024010 acc: 99.75% loss: 0.000134
[2018-12-07 17:29:19] Epoch 56 step [70|100] lr=0.00024010 acc: 100.00% loss: 0.000045
[2018-12-07 17:29:22] Epoch 56 step [80|100] lr=0.00024010 acc: 100.00% loss: 0.000008
[2018-12-07 17:29:24] Epoch 56 step [90|100] lr=0.00024010 acc: 100.00% loss: 0.000046
[2018-12-07 17:29:25] Epoch 56 step [100|100] lr=0.00024010 acc: 100.00% loss: 0.000004
dev acc: 78.44% loss: 0.014269
test acc: 77.81% loss: 0.014967
not improved, best test acc: 78.75%, in epoch 43
[2018-12-07 17:29:28] Epoch 57 step [10|100] lr=0.00024010 acc: 100.00% loss: 0.000125
[2018-12-07 17:29:31] Epoch 57 step [20|100] lr=0.00024010 acc: 99.79% loss: 0.000133
[2018-12-07 17:29:37] Epoch 57 step [30|100] lr=0.00024010 acc: 100.00% loss: 0.000071
[2018-12-07 17:29:46] Epoch 57 step [40|100] lr=0.00024010 acc: 99.81% loss: 0.000119
[2018-12-07 17:29:57] Epoch 57 step [50|100] lr=0.00024010 acc: 100.00% loss: 0.000118
[2018-12-07 17:30:10] Epoch 57 step [60|100] lr=0.00024010 acc: 100.00% loss: 0.000024
[2018-12-07 17:30:18] Epoch 57 step [70|100] lr=0.00024010 acc: 100.00% loss: 0.000030
[2018-12-07 17:30:21] Epoch 57 step [80|100] lr=0.00024010 acc: 100.00% loss: 0.000068
[2018-12-07 17:30:23] Epoch 57 step [90|100] lr=0.00024010 acc: 100.00% loss: 0.000020
[2018-12-07 17:30:24] Epoch 57 step [100|100] lr=0.00024010 acc: 100.00% loss: 0.000021
dev acc: 77.81% loss: 0.014333
test acc: 78.12% loss: 0.015129
not improved, best test acc: 78.75%, in epoch 43
[2018-12-07 17:30:27] Epoch 58 step [10|100] lr=0.00024010 acc: 99.71% loss: 0.000389
[2018-12-07 17:30:30] Epoch 58 step [20|100] lr=0.00024010 acc: 99.58% loss: 0.000129
[2018-12-07 17:30:37] Epoch 58 step [30|100] lr=0.00024010 acc: 99.80% loss: 0.000072
[2018-12-07 17:30:46] Epoch 58 step [40|100] lr=0.00024010 acc: 100.00% loss: 0.000043
[2018-12-07 17:30:56] Epoch 58 step [50|100] lr=0.00024010 acc: 100.00% loss: 0.000020
[2018-12-07 17:31:10] Epoch 58 step [60|100] lr=0.00024010 acc: 100.00% loss: 0.000044
[2018-12-07 17:31:17] Epoch 58 step [70|100] lr=0.00024010 acc: 100.00% loss: 0.000026
[2018-12-07 17:31:20] Epoch 58 step [80|100] lr=0.00024010 acc: 100.00% loss: 0.000026
[2018-12-07 17:31:22] Epoch 58 step [90|100] lr=0.00024010 acc: 100.00% loss: 0.000005
[2018-12-07 17:31:23] Epoch 58 step [100|100] lr=0.00024010 acc: 100.00% loss: 0.000014
dev acc: 77.50% loss: 0.014366
test acc: 78.75% loss: 0.014915
not improved, best test acc: 78.75%, in epoch 43
32 epoch have not improved, so adjust lr to 0.00016806999999999998
[2018-12-07 17:31:26] Epoch 59 step [10|100] lr=0.00016807 acc: 99.71% loss: 0.000197
[2018-12-07 17:31:30] Epoch 59 step [20|100] lr=0.00016807 acc: 99.79% loss: 0.000102
[2018-12-07 17:31:36] Epoch 59 step [30|100] lr=0.00016807 acc: 99.59% loss: 0.000136
[2018-12-07 17:31:45] Epoch 59 step [40|100] lr=0.00016807 acc: 100.00% loss: 0.000053
[2018-12-07 17:31:55] Epoch 59 step [50|100] lr=0.00016807 acc: 100.00% loss: 0.000035
[2018-12-07 17:32:09] Epoch 59 step [60|100] lr=0.00016807 acc: 100.00% loss: 0.000068
[2018-12-07 17:32:17] Epoch 59 step [70|100] lr=0.00016807 acc: 100.00% loss: 0.000016
[2018-12-07 17:32:20] Epoch 59 step [80|100] lr=0.00016807 acc: 100.00% loss: 0.000012
[2018-12-07 17:32:22] Epoch 59 step [90|100] lr=0.00016807 acc: 100.00% loss: 0.000015
[2018-12-07 17:32:23] Epoch 59 step [100|100] lr=0.00016807 acc: 100.00% loss: 0.000002
dev acc: 77.81% loss: 0.014405
test acc: 78.75% loss: 0.015039
not improved, best test acc: 78.75%, in epoch 43
[2018-12-07 17:32:26] Epoch 60 step [10|100] lr=0.00016807 acc: 99.71% loss: 0.000165
[2018-12-07 17:32:29] Epoch 60 step [20|100] lr=0.00016807 acc: 99.37% loss: 0.000276
[2018-12-07 17:32:36] Epoch 60 step [30|100] lr=0.00016807 acc: 99.80% loss: 0.000097
[2018-12-07 17:32:44] Epoch 60 step [40|100] lr=0.00016807 acc: 100.00% loss: 0.000032
[2018-12-07 17:32:54] Epoch 60 step [50|100] lr=0.00016807 acc: 100.00% loss: 0.000023
[2018-12-07 17:33:08] Epoch 60 step [60|100] lr=0.00016807 acc: 99.75% loss: 0.000160
[2018-12-07 17:33:15] Epoch 60 step [70|100] lr=0.00016807 acc: 100.00% loss: 0.000183
[2018-12-07 17:33:19] Epoch 60 step [80|100] lr=0.00016807 acc: 100.00% loss: 0.000001
[2018-12-07 17:33:20] Epoch 60 step [90|100] lr=0.00016807 acc: 100.00% loss: 0.000110
[2018-12-07 17:33:22] Epoch 60 step [100|100] lr=0.00016807 acc: 100.00% loss: 0.000007
dev acc: 77.50% loss: 0.014117
test acc: 77.19% loss: 0.014782
not improved, best test acc: 78.75%, in epoch 43
[2018-12-07 17:33:24] Epoch 61 step [10|100] lr=0.00016807 acc: 99.71% loss: 0.000198
[2018-12-07 17:33:28] Epoch 61 step [20|100] lr=0.00016807 acc: 99.79% loss: 0.000122
[2018-12-07 17:33:34] Epoch 61 step [30|100] lr=0.00016807 acc: 99.59% loss: 0.000110
[2018-12-07 17:33:43] Epoch 61 step [40|100] lr=0.00016807 acc: 100.00% loss: 0.000069
[2018-12-07 17:33:53] Epoch 61 step [50|100] lr=0.00016807 acc: 99.77% loss: 0.000064
[2018-12-07 17:34:07] Epoch 61 step [60|100] lr=0.00016807 acc: 100.00% loss: 0.000024
[2018-12-07 17:34:15] Epoch 61 step [70|100] lr=0.00016807 acc: 100.00% loss: 0.000022
[2018-12-07 17:34:18] Epoch 61 step [80|100] lr=0.00016807 acc: 100.00% loss: 0.000020
[2018-12-07 17:34:20] Epoch 61 step [90|100] lr=0.00016807 acc: 100.00% loss: 0.000036
[2018-12-07 17:34:21] Epoch 61 step [100|100] lr=0.00016807 acc: 100.00% loss: 0.000003
dev acc: 78.44% loss: 0.014332
test acc: 78.12% loss: 0.015149
not improved, best test acc: 78.75%, in epoch 43
[2018-12-07 17:34:24] Epoch 62 step [10|100] lr=0.00016807 acc: 99.42% loss: 0.000354
[2018-12-07 17:34:27] Epoch 62 step [20|100] lr=0.00016807 acc: 99.58% loss: 0.000191
[2018-12-07 17:34:33] Epoch 62 step [30|100] lr=0.00016807 acc: 99.80% loss: 0.000100
[2018-12-07 17:34:41] Epoch 62 step [40|100] lr=0.00016807 acc: 99.61% loss: 0.000084
[2018-12-07 17:34:52] Epoch 62 step [50|100] lr=0.00016807 acc: 99.77% loss: 0.000169
[2018-12-07 17:35:05] Epoch 62 step [60|100] lr=0.00016807 acc: 100.00% loss: 0.000091
[2018-12-07 17:35:13] Epoch 62 step [70|100] lr=0.00016807 acc: 100.00% loss: 0.000022
[2018-12-07 17:35:16] Epoch 62 step [80|100] lr=0.00016807 acc: 100.00% loss: 0.000338
[2018-12-07 17:35:18] Epoch 62 step [90|100] lr=0.00016807 acc: 100.00% loss: 0.000009
[2018-12-07 17:35:19] Epoch 62 step [100|100] lr=0.00016807 acc: 100.00% loss: 0.000091
dev acc: 78.12% loss: 0.014376
test acc: 77.81% loss: 0.014584
not improved, best test acc: 78.75%, in epoch 43
[2018-12-07 17:35:22] Epoch 63 step [10|100] lr=0.00016807 acc: 100.00% loss: 0.000196
[2018-12-07 17:35:26] Epoch 63 step [20|100] lr=0.00016807 acc: 100.00% loss: 0.000111
[2018-12-07 17:35:32] Epoch 63 step [30|100] lr=0.00016807 acc: 100.00% loss: 0.000038
[2018-12-07 17:35:40] Epoch 63 step [40|100] lr=0.00016807 acc: 99.81% loss: 0.000090
[2018-12-07 17:35:50] Epoch 63 step [50|100] lr=0.00016807 acc: 99.77% loss: 0.000248
[2018-12-07 17:36:04] Epoch 63 step [60|100] lr=0.00016807 acc: 99.75% loss: 0.000095
[2018-12-07 17:36:11] Epoch 63 step [70|100] lr=0.00016807 acc: 100.00% loss: 0.000007
[2018-12-07 17:36:14] Epoch 63 step [80|100] lr=0.00016807 acc: 100.00% loss: 0.000021
[2018-12-07 17:36:16] Epoch 63 step [90|100] lr=0.00016807 acc: 100.00% loss: 0.000029
[2018-12-07 17:36:17] Epoch 63 step [100|100] lr=0.00016807 acc: 100.00% loss: 0.000003
dev acc: 78.44% loss: 0.014497
test acc: 79.38% loss: 0.014779
not improved, best test acc: 78.75%, in epoch 43
[2018-12-07 17:36:20] Epoch 64 step [10|100] lr=0.00016807 acc: 99.71% loss: 0.000276
[2018-12-07 17:36:24] Epoch 64 step [20|100] lr=0.00016807 acc: 99.79% loss: 0.000129
[2018-12-07 17:36:30] Epoch 64 step [30|100] lr=0.00016807 acc: 100.00% loss: 0.000052
[2018-12-07 17:36:38] Epoch 64 step [40|100] lr=0.00016807 acc: 99.81% loss: 0.000106
[2018-12-07 17:36:49] Epoch 64 step [50|100] lr=0.00016807 acc: 100.00% loss: 0.000024
[2018-12-07 17:37:02] Epoch 64 step [60|100] lr=0.00016807 acc: 99.75% loss: 0.000121
[2018-12-07 17:37:10] Epoch 64 step [70|100] lr=0.00016807 acc: 100.00% loss: 0.000019
[2018-12-07 17:37:13] Epoch 64 step [80|100] lr=0.00016807 acc: 100.00% loss: 0.000020
[2018-12-07 17:37:15] Epoch 64 step [90|100] lr=0.00016807 acc: 100.00% loss: 0.000006
[2018-12-07 17:37:16] Epoch 64 step [100|100] lr=0.00016807 acc: 100.00% loss: 0.000003
dev acc: 79.38% loss: 0.014693
test acc: 78.75% loss: 0.015137
not improved, best test acc: 78.75%, in epoch 43
[2018-12-07 17:37:19] Epoch 65 step [10|100] lr=0.00016807 acc: 100.00% loss: 0.000236
[2018-12-07 17:37:22] Epoch 65 step [20|100] lr=0.00016807 acc: 100.00% loss: 0.000058
[2018-12-07 17:37:28] Epoch 65 step [30|100] lr=0.00016807 acc: 100.00% loss: 0.000058
[2018-12-07 17:37:37] Epoch 65 step [40|100] lr=0.00016807 acc: 99.23% loss: 0.000266
[2018-12-07 17:37:47] Epoch 65 step [50|100] lr=0.00016807 acc: 100.00% loss: 0.000059
[2018-12-07 17:38:01] Epoch 65 step [60|100] lr=0.00016807 acc: 100.00% loss: 0.000018
[2018-12-07 17:38:08] Epoch 65 step [70|100] lr=0.00016807 acc: 100.00% loss: 0.000007
[2018-12-07 17:38:11] Epoch 65 step [80|100] lr=0.00016807 acc: 100.00% loss: 0.000008
[2018-12-07 17:38:13] Epoch 65 step [90|100] lr=0.00016807 acc: 100.00% loss: 0.000019
[2018-12-07 17:38:14] Epoch 65 step [100|100] lr=0.00016807 acc: 100.00% loss: 0.000002
dev acc: 77.19% loss: 0.014710
test acc: 78.44% loss: 0.014959
not improved, best test acc: 78.75%, in epoch 43
[2018-12-07 17:38:17] Epoch 66 step [10|100] lr=0.00016807 acc: 100.00% loss: 0.000130
[2018-12-07 17:38:21] Epoch 66 step [20|100] lr=0.00016807 acc: 99.58% loss: 0.000186
[2018-12-07 17:38:27] Epoch 66 step [30|100] lr=0.00016807 acc: 100.00% loss: 0.000032
[2018-12-07 17:38:36] Epoch 66 step [40|100] lr=0.00016807 acc: 100.00% loss: 0.000050
[2018-12-07 17:38:46] Epoch 66 step [50|100] lr=0.00016807 acc: 100.00% loss: 0.000021
[2018-12-07 17:39:00] Epoch 66 step [60|100] lr=0.00016807 acc: 99.75% loss: 0.000036
[2018-12-07 17:39:07] Epoch 66 step [70|100] lr=0.00016807 acc: 100.00% loss: 0.000052
[2018-12-07 17:39:10] Epoch 66 step [80|100] lr=0.00016807 acc: 100.00% loss: 0.000004
[2018-12-07 17:39:12] Epoch 66 step [90|100] lr=0.00016807 acc: 100.00% loss: 0.000006
[2018-12-07 17:39:13] Epoch 66 step [100|100] lr=0.00016807 acc: 100.00% loss: 0.000002
dev acc: 78.12% loss: 0.014917
test acc: 78.12% loss: 0.015290
not improved, best test acc: 78.75%, in epoch 43
40 epoch have not improved, so adjust lr to 0.00011764899999999998
[2018-12-07 17:39:16] Epoch 67 step [10|100] lr=0.00011765 acc: 99.71% loss: 0.000286
[2018-12-07 17:39:20] Epoch 67 step [20|100] lr=0.00011765 acc: 99.58% loss: 0.000111
[2018-12-07 17:39:26] Epoch 67 step [30|100] lr=0.00011765 acc: 100.00% loss: 0.000034
[2018-12-07 17:39:35] Epoch 67 step [40|100] lr=0.00011765 acc: 100.00% loss: 0.000059
[2018-12-07 17:39:45] Epoch 67 step [50|100] lr=0.00011765 acc: 100.00% loss: 0.000067
[2018-12-07 17:39:59] Epoch 67 step [60|100] lr=0.00011765 acc: 99.75% loss: 0.000119
[2018-12-07 17:40:06] Epoch 67 step [70|100] lr=0.00011765 acc: 100.00% loss: 0.000004
[2018-12-07 17:40:09] Epoch 67 step [80|100] lr=0.00011765 acc: 100.00% loss: 0.000006
[2018-12-07 17:40:11] Epoch 67 step [90|100] lr=0.00011765 acc: 100.00% loss: 0.000050
[2018-12-07 17:40:13] Epoch 67 step [100|100] lr=0.00011765 acc: 100.00% loss: 0.000007
dev acc: 77.19% loss: 0.014801
test acc: 78.75% loss: 0.015259
not improved, best test acc: 78.75%, in epoch 43
[2018-12-07 17:40:15] Epoch 68 step [10|100] lr=0.00011765 acc: 99.71% loss: 0.000153
[2018-12-07 17:40:19] Epoch 68 step [20|100] lr=0.00011765 acc: 99.37% loss: 0.000157
[2018-12-07 17:40:25] Epoch 68 step [30|100] lr=0.00011765 acc: 99.80% loss: 0.000096
[2018-12-07 17:40:33] Epoch 68 step [40|100] lr=0.00011765 acc: 100.00% loss: 0.000035
[2018-12-07 17:40:44] Epoch 68 step [50|100] lr=0.00011765 acc: 100.00% loss: 0.000019
[2018-12-07 17:40:57] Epoch 68 step [60|100] lr=0.00011765 acc: 100.00% loss: 0.000012
[2018-12-07 17:41:04] Epoch 68 step [70|100] lr=0.00011765 acc: 99.54% loss: 0.000143
[2018-12-07 17:41:07] Epoch 68 step [80|100] lr=0.00011765 acc: 100.00% loss: 0.000005
[2018-12-07 17:41:09] Epoch 68 step [90|100] lr=0.00011765 acc: 100.00% loss: 0.000004
[2018-12-07 17:41:10] Epoch 68 step [100|100] lr=0.00011765 acc: 100.00% loss: 0.000170
dev acc: 78.44% loss: 0.015140
test acc: 77.19% loss: 0.015581
not improved, best test acc: 78.75%, in epoch 43
[2018-12-07 17:41:13] Epoch 69 step [10|100] lr=0.00011765 acc: 100.00% loss: 0.000100
[2018-12-07 17:41:17] Epoch 69 step [20|100] lr=0.00011765 acc: 100.00% loss: 0.000094
[2018-12-07 17:41:23] Epoch 69 step [30|100] lr=0.00011765 acc: 99.80% loss: 0.000146
[2018-12-07 17:41:32] Epoch 69 step [40|100] lr=0.00011765 acc: 99.81% loss: 0.000062
[2018-12-07 17:41:42] Epoch 69 step [50|100] lr=0.00011765 acc: 99.77% loss: 0.000048
[2018-12-07 17:41:56] Epoch 69 step [60|100] lr=0.00011765 acc: 100.00% loss: 0.000029
[2018-12-07 17:42:03] Epoch 69 step [70|100] lr=0.00011765 acc: 100.00% loss: 0.000006
[2018-12-07 17:42:07] Epoch 69 step [80|100] lr=0.00011765 acc: 100.00% loss: 0.000011
[2018-12-07 17:42:08] Epoch 69 step [90|100] lr=0.00011765 acc: 100.00% loss: 0.000014
[2018-12-07 17:42:10] Epoch 69 step [100|100] lr=0.00011765 acc: 100.00% loss: 0.000003
dev acc: 77.50% loss: 0.014940
test acc: 77.81% loss: 0.015383
not improved, best test acc: 78.75%, in epoch 43
[2018-12-07 17:42:13] Epoch 70 step [10|100] lr=0.00011765 acc: 100.00% loss: 0.000196
[2018-12-07 17:42:16] Epoch 70 step [20|100] lr=0.00011765 acc: 99.37% loss: 0.000234
[2018-12-07 17:42:22] Epoch 70 step [30|100] lr=0.00011765 acc: 99.80% loss: 0.000090
[2018-12-07 17:42:31] Epoch 70 step [40|100] lr=0.00011765 acc: 100.00% loss: 0.000039
[2018-12-07 17:42:41] Epoch 70 step [50|100] lr=0.00011765 acc: 100.00% loss: 0.000054
[2018-12-07 17:42:55] Epoch 70 step [60|100] lr=0.00011765 acc: 100.00% loss: 0.000014
[2018-12-07 17:43:03] Epoch 70 step [70|100] lr=0.00011765 acc: 100.00% loss: 0.000010
[2018-12-07 17:43:06] Epoch 70 step [80|100] lr=0.00011765 acc: 100.00% loss: 0.000003
[2018-12-07 17:43:08] Epoch 70 step [90|100] lr=0.00011765 acc: 100.00% loss: 0.000017
[2018-12-07 17:43:09] Epoch 70 step [100|100] lr=0.00011765 acc: 100.00% loss: 0.000001
dev acc: 77.81% loss: 0.014894
test acc: 78.75% loss: 0.015356
not improved, best test acc: 78.75%, in epoch 43
[2018-12-07 17:43:12] Epoch 71 step [10|100] lr=0.00011765 acc: 100.00% loss: 0.000209
[2018-12-07 17:43:16] Epoch 71 step [20|100] lr=0.00011765 acc: 99.37% loss: 0.000188
[2018-12-07 17:43:22] Epoch 71 step [30|100] lr=0.00011765 acc: 100.00% loss: 0.000045
[2018-12-07 17:43:31] Epoch 71 step [40|100] lr=0.00011765 acc: 100.00% loss: 0.000041
[2018-12-07 17:43:41] Epoch 71 step [50|100] lr=0.00011765 acc: 99.77% loss: 0.000108
[2018-12-07 17:43:55] Epoch 71 step [60|100] lr=0.00011765 acc: 100.00% loss: 0.000009
[2018-12-07 17:44:02] Epoch 71 step [70|100] lr=0.00011765 acc: 100.00% loss: 0.000141
[2018-12-07 17:44:05] Epoch 71 step [80|100] lr=0.00011765 acc: 100.00% loss: 0.000010
[2018-12-07 17:44:07] Epoch 71 step [90|100] lr=0.00011765 acc: 100.00% loss: 0.000003
[2018-12-07 17:44:08] Epoch 71 step [100|100] lr=0.00011765 acc: 100.00% loss: 0.000001
dev acc: 78.44% loss: 0.015381
test acc: 78.12% loss: 0.016151
not improved, best test acc: 78.75%, in epoch 43
[2018-12-07 17:44:11] Epoch 72 step [10|100] lr=0.00011765 acc: 99.71% loss: 0.000265
[2018-12-07 17:44:15] Epoch 72 step [20|100] lr=0.00011765 acc: 99.79% loss: 0.000167
[2018-12-07 17:44:21] Epoch 72 step [30|100] lr=0.00011765 acc: 100.00% loss: 0.000042
[2018-12-07 17:44:30] Epoch 72 step [40|100] lr=0.00011765 acc: 100.00% loss: 0.000035
[2018-12-07 17:44:41] Epoch 72 step [50|100] lr=0.00011765 acc: 99.77% loss: 0.000172
[2018-12-07 17:44:54] Epoch 72 step [60|100] lr=0.00011765 acc: 99.51% loss: 0.000341
[2018-12-07 17:45:02] Epoch 72 step [70|100] lr=0.00011765 acc: 100.00% loss: 0.000039
[2018-12-07 17:45:05] Epoch 72 step [80|100] lr=0.00011765 acc: 100.00% loss: 0.000097
[2018-12-07 17:45:07] Epoch 72 step [90|100] lr=0.00011765 acc: 100.00% loss: 0.000017
[2018-12-07 17:45:08] Epoch 72 step [100|100] lr=0.00011765 acc: 100.00% loss: 0.000003
dev acc: 77.50% loss: 0.014825
test acc: 79.06% loss: 0.015377
not improved, best test acc: 78.75%, in epoch 43
[2018-12-07 17:45:11] Epoch 73 step [10|100] lr=0.00011765 acc: 99.71% loss: 0.000139
[2018-12-07 17:45:15] Epoch 73 step [20|100] lr=0.00011765 acc: 100.00% loss: 0.000092
[2018-12-07 17:45:21] Epoch 73 step [30|100] lr=0.00011765 acc: 100.00% loss: 0.000039
[2018-12-07 17:45:29] Epoch 73 step [40|100] lr=0.00011765 acc: 100.00% loss: 0.000047
[2018-12-07 17:45:40] Epoch 73 step [50|100] lr=0.00011765 acc: 99.77% loss: 0.000058
[2018-12-07 17:45:53] Epoch 73 step [60|100] lr=0.00011765 acc: 100.00% loss: 0.000031
[2018-12-07 17:46:01] Epoch 73 step [70|100] lr=0.00011765 acc: 100.00% loss: 0.000021
[2018-12-07 17:46:04] Epoch 73 step [80|100] lr=0.00011765 acc: 100.00% loss: 0.000005
[2018-12-07 17:46:06] Epoch 73 step [90|100] lr=0.00011765 acc: 100.00% loss: 0.000012
[2018-12-07 17:46:07] Epoch 73 step [100|100] lr=0.00011765 acc: 100.00% loss: 0.000026
dev acc: 77.81% loss: 0.015062
test acc: 78.75% loss: 0.015538
not improved, best test acc: 78.75%, in epoch 43
[2018-12-07 17:46:10] Epoch 74 step [10|100] lr=0.00011765 acc: 99.42% loss: 0.000255
[2018-12-07 17:46:14] Epoch 74 step [20|100] lr=0.00011765 acc: 99.58% loss: 0.000137
[2018-12-07 17:46:20] Epoch 74 step [30|100] lr=0.00011765 acc: 99.80% loss: 0.000065
[2018-12-07 17:46:28] Epoch 74 step [40|100] lr=0.00011765 acc: 99.81% loss: 0.000066
[2018-12-07 17:46:38] Epoch 74 step [50|100] lr=0.00011765 acc: 100.00% loss: 0.000026
[2018-12-07 17:46:52] Epoch 74 step [60|100] lr=0.00011765 acc: 100.00% loss: 0.000012
[2018-12-07 17:46:59] Epoch 74 step [70|100] lr=0.00011765 acc: 100.00% loss: 0.000026
[2018-12-07 17:47:03] Epoch 74 step [80|100] lr=0.00011765 acc: 100.00% loss: 0.000008
[2018-12-07 17:47:04] Epoch 74 step [90|100] lr=0.00011765 acc: 100.00% loss: 0.000044
[2018-12-07 17:47:06] Epoch 74 step [100|100] lr=0.00011765 acc: 100.00% loss: 0.000002
dev acc: 78.44% loss: 0.015230
test acc: 77.19% loss: 0.015907
not improved, best test acc: 78.75%, in epoch 43
48 epoch have not improved, so adjust lr to 8.235429999999999e-05
[2018-12-07 17:47:08] Epoch 75 step [10|100] lr=0.00008235 acc: 100.00% loss: 0.000128
[2018-12-07 17:47:12] Epoch 75 step [20|100] lr=0.00008235 acc: 100.00% loss: 0.000044
[2018-12-07 17:47:18] Epoch 75 step [30|100] lr=0.00008235 acc: 100.00% loss: 0.000020
[2018-12-07 17:47:27] Epoch 75 step [40|100] lr=0.00008235 acc: 99.81% loss: 0.000122
[2018-12-07 17:47:37] Epoch 75 step [50|100] lr=0.00008235 acc: 100.00% loss: 0.000027
[2018-12-07 17:47:50] Epoch 75 step [60|100] lr=0.00008235 acc: 100.00% loss: 0.000026
[2018-12-07 17:47:58] Epoch 75 step [70|100] lr=0.00008235 acc: 100.00% loss: 0.000039
[2018-12-07 17:48:01] Epoch 75 step [80|100] lr=0.00008235 acc: 100.00% loss: 0.000011
[2018-12-07 17:48:03] Epoch 75 step [90|100] lr=0.00008235 acc: 100.00% loss: 0.000013
[2018-12-07 17:48:04] Epoch 75 step [100|100] lr=0.00008235 acc: 100.00% loss: 0.000001
dev acc: 79.06% loss: 0.015148
test acc: 78.12% loss: 0.015785
not improved, best test acc: 78.75%, in epoch 43
[2018-12-07 17:48:07] Epoch 76 step [10|100] lr=0.00008235 acc: 100.00% loss: 0.000152
[2018-12-07 17:48:11] Epoch 76 step [20|100] lr=0.00008235 acc: 99.79% loss: 0.000066
[2018-12-07 17:48:17] Epoch 76 step [30|100] lr=0.00008235 acc: 99.80% loss: 0.000131
[2018-12-07 17:48:26] Epoch 76 step [40|100] lr=0.00008235 acc: 99.81% loss: 0.000076
[2018-12-07 17:48:37] Epoch 76 step [50|100] lr=0.00008235 acc: 100.00% loss: 0.000021
[2018-12-07 17:48:50] Epoch 76 step [60|100] lr=0.00008235 acc: 100.00% loss: 0.000015
[2018-12-07 17:48:57] Epoch 76 step [70|100] lr=0.00008235 acc: 100.00% loss: 0.000015
[2018-12-07 17:49:01] Epoch 76 step [80|100] lr=0.00008235 acc: 100.00% loss: 0.000016
[2018-12-07 17:49:02] Epoch 76 step [90|100] lr=0.00008235 acc: 100.00% loss: 0.000007
[2018-12-07 17:49:04] Epoch 76 step [100|100] lr=0.00008235 acc: 100.00% loss: 0.000151
dev acc: 78.12% loss: 0.015364
test acc: 77.19% loss: 0.016011
not improved, best test acc: 78.75%, in epoch 43
[2018-12-07 17:49:07] Epoch 77 step [10|100] lr=0.00008235 acc: 99.71% loss: 0.000199
[2018-12-07 17:49:10] Epoch 77 step [20|100] lr=0.00008235 acc: 99.79% loss: 0.000075
[2018-12-07 17:49:16] Epoch 77 step [30|100] lr=0.00008235 acc: 99.59% loss: 0.000090
[2018-12-07 17:49:25] Epoch 77 step [40|100] lr=0.00008235 acc: 100.00% loss: 0.000038
[2018-12-07 17:49:35] Epoch 77 step [50|100] lr=0.00008235 acc: 100.00% loss: 0.000076
[2018-12-07 17:49:49] Epoch 77 step [60|100] lr=0.00008235 acc: 100.00% loss: 0.000033
[2018-12-07 17:49:56] Epoch 77 step [70|100] lr=0.00008235 acc: 100.00% loss: 0.000083
[2018-12-07 17:49:59] Epoch 77 step [80|100] lr=0.00008235 acc: 100.00% loss: 0.000010
[2018-12-07 17:50:01] Epoch 77 step [90|100] lr=0.00008235 acc: 100.00% loss: 0.000043
[2018-12-07 17:50:02] Epoch 77 step [100|100] lr=0.00008235 acc: 100.00% loss: 0.000013
dev acc: 78.12% loss: 0.015287
test acc: 77.50% loss: 0.015809
not improved, best test acc: 78.75%, in epoch 43
[2018-12-07 17:50:05] Epoch 78 step [10|100] lr=0.00008235 acc: 100.00% loss: 0.000063
[2018-12-07 17:50:09] Epoch 78 step [20|100] lr=0.00008235 acc: 99.79% loss: 0.000173
[2018-12-07 17:50:15] Epoch 78 step [30|100] lr=0.00008235 acc: 99.59% loss: 0.000080
[2018-12-07 17:50:23] Epoch 78 step [40|100] lr=0.00008235 acc: 100.00% loss: 0.000024
[2018-12-07 17:50:34] Epoch 78 step [50|100] lr=0.00008235 acc: 100.00% loss: 0.000041
[2018-12-07 17:50:47] Epoch 78 step [60|100] lr=0.00008235 acc: 100.00% loss: 0.000081
[2018-12-07 17:50:55] Epoch 78 step [70|100] lr=0.00008235 acc: 100.00% loss: 0.000006
[2018-12-07 17:50:58] Epoch 78 step [80|100] lr=0.00008235 acc: 100.00% loss: 0.000012
[2018-12-07 17:50:59] Epoch 78 step [90|100] lr=0.00008235 acc: 100.00% loss: 0.000007
[2018-12-07 17:51:01] Epoch 78 step [100|100] lr=0.00008235 acc: 100.00% loss: 0.000001
dev acc: 78.12% loss: 0.015583
test acc: 77.81% loss: 0.016117
not improved, best test acc: 78.75%, in epoch 43
[2018-12-07 17:51:04] Epoch 79 step [10|100] lr=0.00008235 acc: 99.71% loss: 0.000150
[2018-12-07 17:51:07] Epoch 79 step [20|100] lr=0.00008235 acc: 100.00% loss: 0.000103
[2018-12-07 17:51:13] Epoch 79 step [30|100] lr=0.00008235 acc: 99.80% loss: 0.000072
[2018-12-07 17:51:22] Epoch 79 step [40|100] lr=0.00008235 acc: 99.81% loss: 0.000089
[2018-12-07 17:51:32] Epoch 79 step [50|100] lr=0.00008235 acc: 99.77% loss: 0.000189
[2018-12-07 17:51:46] Epoch 79 step [60|100] lr=0.00008235 acc: 100.00% loss: 0.000020
[2018-12-07 17:51:53] Epoch 79 step [70|100] lr=0.00008235 acc: 100.00% loss: 0.000031
[2018-12-07 17:51:57] Epoch 79 step [80|100] lr=0.00008235 acc: 100.00% loss: 0.000003
[2018-12-07 17:51:58] Epoch 79 step [90|100] lr=0.00008235 acc: 100.00% loss: 0.000008
[2018-12-07 17:52:00] Epoch 79 step [100|100] lr=0.00008235 acc: 100.00% loss: 0.000002
dev acc: 78.44% loss: 0.015373
test acc: 79.06% loss: 0.015965
not improved, best test acc: 78.75%, in epoch 43
[2018-12-07 17:52:03] Epoch 80 step [10|100] lr=0.00008235 acc: 100.00% loss: 0.000132
[2018-12-07 17:52:06] Epoch 80 step [20|100] lr=0.00008235 acc: 100.00% loss: 0.000061
[2018-12-07 17:52:13] Epoch 80 step [30|100] lr=0.00008235 acc: 100.00% loss: 0.000038
[2018-12-07 17:52:21] Epoch 80 step [40|100] lr=0.00008235 acc: 99.81% loss: 0.000124
[2018-12-07 17:52:32] Epoch 80 step [50|100] lr=0.00008235 acc: 100.00% loss: 0.000031
[2018-12-07 17:52:45] Epoch 80 step [60|100] lr=0.00008235 acc: 100.00% loss: 0.000010
[2018-12-07 17:52:53] Epoch 80 step [70|100] lr=0.00008235 acc: 100.00% loss: 0.000003
[2018-12-07 17:52:56] Epoch 80 step [80|100] lr=0.00008235 acc: 100.00% loss: 0.000005
[2018-12-07 17:52:57] Epoch 80 step [90|100] lr=0.00008235 acc: 100.00% loss: 0.000007
[2018-12-07 17:52:59] Epoch 80 step [100|100] lr=0.00008235 acc: 100.00% loss: 0.000007
dev acc: 77.81% loss: 0.015685
test acc: 77.50% loss: 0.016277
not improved, best test acc: 78.75%, in epoch 43
[2018-12-07 17:53:01] Epoch 81 step [10|100] lr=0.00008235 acc: 100.00% loss: 0.000093
[2018-12-07 17:53:05] Epoch 81 step [20|100] lr=0.00008235 acc: 100.00% loss: 0.000037
[2018-12-07 17:53:11] Epoch 81 step [30|100] lr=0.00008235 acc: 99.59% loss: 0.000137
[2018-12-07 17:53:20] Epoch 81 step [40|100] lr=0.00008235 acc: 99.81% loss: 0.000132
[2018-12-07 17:53:30] Epoch 81 step [50|100] lr=0.00008235 acc: 100.00% loss: 0.000022
[2018-12-07 17:53:44] Epoch 81 step [60|100] lr=0.00008235 acc: 100.00% loss: 0.000009
[2018-12-07 17:53:51] Epoch 81 step [70|100] lr=0.00008235 acc: 100.00% loss: 0.000003
[2018-12-07 17:53:55] Epoch 81 step [80|100] lr=0.00008235 acc: 100.00% loss: 0.000001
[2018-12-07 17:53:57] Epoch 81 step [90|100] lr=0.00008235 acc: 100.00% loss: 0.000027
[2018-12-07 17:53:58] Epoch 81 step [100|100] lr=0.00008235 acc: 100.00% loss: 0.000003
dev acc: 77.81% loss: 0.015293
test acc: 79.38% loss: 0.015993
not improved, best test acc: 78.75%, in epoch 43
[2018-12-07 17:54:01] Epoch 82 step [10|100] lr=0.00008235 acc: 100.00% loss: 0.000055
[2018-12-07 17:54:05] Epoch 82 step [20|100] lr=0.00008235 acc: 99.58% loss: 0.000108
[2018-12-07 17:54:11] Epoch 82 step [30|100] lr=0.00008235 acc: 100.00% loss: 0.000062
[2018-12-07 17:54:20] Epoch 82 step [40|100] lr=0.00008235 acc: 100.00% loss: 0.000052
[2018-12-07 17:54:30] Epoch 82 step [50|100] lr=0.00008235 acc: 100.00% loss: 0.000015
[2018-12-07 17:54:43] Epoch 82 step [60|100] lr=0.00008235 acc: 99.75% loss: 0.000194
[2018-12-07 17:54:51] Epoch 82 step [70|100] lr=0.00008235 acc: 100.00% loss: 0.000016
[2018-12-07 17:54:54] Epoch 82 step [80|100] lr=0.00008235 acc: 100.00% loss: 0.000075
[2018-12-07 17:54:56] Epoch 82 step [90|100] lr=0.00008235 acc: 100.00% loss: 0.000034
[2018-12-07 17:54:57] Epoch 82 step [100|100] lr=0.00008235 acc: 100.00% loss: 0.000004
dev acc: 77.81% loss: 0.015831
test acc: 77.50% loss: 0.016432
not improved, best test acc: 78.75%, in epoch 43
56 epoch have not improved, so adjust lr to 5.764800999999999e-05
[2018-12-07 17:55:00] Epoch 83 step [10|100] lr=0.00005765 acc: 100.00% loss: 0.000083
[2018-12-07 17:55:04] Epoch 83 step [20|100] lr=0.00005765 acc: 100.00% loss: 0.000048
[2018-12-07 17:55:10] Epoch 83 step [30|100] lr=0.00005765 acc: 100.00% loss: 0.000013
[2018-12-07 17:55:19] Epoch 83 step [40|100] lr=0.00005765 acc: 100.00% loss: 0.000051
[2018-12-07 17:55:30] Epoch 83 step [50|100] lr=0.00005765 acc: 99.77% loss: 0.000156
[2018-12-07 17:55:43] Epoch 83 step [60|100] lr=0.00005765 acc: 100.00% loss: 0.000043
[2018-12-07 17:55:51] Epoch 83 step [70|100] lr=0.00005765 acc: 99.54% loss: 0.000166
[2018-12-07 17:55:54] Epoch 83 step [80|100] lr=0.00005765 acc: 100.00% loss: 0.000004
[2018-12-07 17:55:56] Epoch 83 step [90|100] lr=0.00005765 acc: 100.00% loss: 0.000022
[2018-12-07 17:55:57] Epoch 83 step [100|100] lr=0.00005765 acc: 100.00% loss: 0.000016
dev acc: 78.12% loss: 0.015415
test acc: 79.38% loss: 0.015902
not improved, best test acc: 78.75%, in epoch 43
[2018-12-07 17:56:00] Epoch 84 step [10|100] lr=0.00005765 acc: 99.71% loss: 0.000183
[2018-12-07 17:56:04] Epoch 84 step [20|100] lr=0.00005765 acc: 100.00% loss: 0.000078
[2018-12-07 17:56:10] Epoch 84 step [30|100] lr=0.00005765 acc: 99.59% loss: 0.000097
[2018-12-07 17:56:19] Epoch 84 step [40|100] lr=0.00005765 acc: 100.00% loss: 0.000025
[2018-12-07 17:56:30] Epoch 84 step [50|100] lr=0.00005765 acc: 100.00% loss: 0.000017
[2018-12-07 17:56:43] Epoch 84 step [60|100] lr=0.00005765 acc: 100.00% loss: 0.000030
[2018-12-07 17:56:51] Epoch 84 step [70|100] lr=0.00005765 acc: 100.00% loss: 0.000004
[2018-12-07 17:56:54] Epoch 84 step [80|100] lr=0.00005765 acc: 100.00% loss: 0.000002
[2018-12-07 17:56:56] Epoch 84 step [90|100] lr=0.00005765 acc: 100.00% loss: 0.000005
[2018-12-07 17:56:57] Epoch 84 step [100|100] lr=0.00005765 acc: 100.00% loss: 0.000002
dev acc: 77.50% loss: 0.015514
test acc: 79.06% loss: 0.016012
not improved, best test acc: 78.75%, in epoch 43
[2018-12-07 17:57:00] Epoch 85 step [10|100] lr=0.00005765 acc: 100.00% loss: 0.000078
[2018-12-07 17:57:04] Epoch 85 step [20|100] lr=0.00005765 acc: 99.79% loss: 0.000166
[2018-12-07 17:57:10] Epoch 85 step [30|100] lr=0.00005765 acc: 100.00% loss: 0.000040
[2018-12-07 17:57:19] Epoch 85 step [40|100] lr=0.00005765 acc: 100.00% loss: 0.000048
[2018-12-07 17:57:29] Epoch 85 step [50|100] lr=0.00005765 acc: 100.00% loss: 0.000064
[2018-12-07 17:57:43] Epoch 85 step [60|100] lr=0.00005765 acc: 99.75% loss: 0.000097
[2018-12-07 17:57:51] Epoch 85 step [70|100] lr=0.00005765 acc: 100.00% loss: 0.000010
[2018-12-07 17:57:54] Epoch 85 step [80|100] lr=0.00005765 acc: 100.00% loss: 0.000002
[2018-12-07 17:57:56] Epoch 85 step [90|100] lr=0.00005765 acc: 100.00% loss: 0.000007
[2018-12-07 17:57:57] Epoch 85 step [100|100] lr=0.00005765 acc: 100.00% loss: 0.000002
dev acc: 78.12% loss: 0.015422
test acc: 79.06% loss: 0.016048
not improved, best test acc: 78.75%, in epoch 43
[2018-12-07 17:58:00] Epoch 86 step [10|100] lr=0.00005765 acc: 99.71% loss: 0.000179
[2018-12-07 17:58:03] Epoch 86 step [20|100] lr=0.00005765 acc: 100.00% loss: 0.000048
[2018-12-07 17:58:10] Epoch 86 step [30|100] lr=0.00005765 acc: 99.59% loss: 0.000135
[2018-12-07 17:58:18] Epoch 86 step [40|100] lr=0.00005765 acc: 99.81% loss: 0.000161
[2018-12-07 17:58:29] Epoch 86 step [50|100] lr=0.00005765 acc: 100.00% loss: 0.000037
[2018-12-07 17:58:42] Epoch 86 step [60|100] lr=0.00005765 acc: 100.00% loss: 0.000024
[2018-12-07 17:58:50] Epoch 86 step [70|100] lr=0.00005765 acc: 100.00% loss: 0.000025
[2018-12-07 17:58:54] Epoch 86 step [80|100] lr=0.00005765 acc: 100.00% loss: 0.000002
[2018-12-07 17:58:55] Epoch 86 step [90|100] lr=0.00005765 acc: 100.00% loss: 0.000008
[2018-12-07 17:58:57] Epoch 86 step [100|100] lr=0.00005765 acc: 100.00% loss: 0.000001
dev acc: 78.44% loss: 0.015776
test acc: 77.19% loss: 0.016507
not improved, best test acc: 78.75%, in epoch 43
[2018-12-07 17:59:00] Epoch 87 step [10|100] lr=0.00005765 acc: 99.71% loss: 0.000147
[2018-12-07 17:59:04] Epoch 87 step [20|100] lr=0.00005765 acc: 99.58% loss: 0.000142
[2018-12-07 17:59:10] Epoch 87 step [30|100] lr=0.00005765 acc: 99.80% loss: 0.000084
[2018-12-07 17:59:19] Epoch 87 step [40|100] lr=0.00005765 acc: 99.81% loss: 0.000049
[2018-12-07 17:59:29] Epoch 87 step [50|100] lr=0.00005765 acc: 99.77% loss: 0.000064
[2018-12-07 17:59:43] Epoch 87 step [60|100] lr=0.00005765 acc: 100.00% loss: 0.000046
[2018-12-07 17:59:51] Epoch 87 step [70|100] lr=0.00005765 acc: 100.00% loss: 0.000014
[2018-12-07 17:59:54] Epoch 87 step [80|100] lr=0.00005765 acc: 100.00% loss: 0.000003
[2018-12-07 17:59:56] Epoch 87 step [90|100] lr=0.00005765 acc: 100.00% loss: 0.000016
[2018-12-07 17:59:57] Epoch 87 step [100|100] lr=0.00005765 acc: 100.00% loss: 0.000002
dev acc: 77.81% loss: 0.015496
test acc: 78.44% loss: 0.016230
not improved, best test acc: 78.75%, in epoch 43
[2018-12-07 18:00:00] Epoch 88 step [10|100] lr=0.00005765 acc: 99.71% loss: 0.000111
[2018-12-07 18:00:04] Epoch 88 step [20|100] lr=0.00005765 acc: 100.00% loss: 0.000064
[2018-12-07 18:00:10] Epoch 88 step [30|100] lr=0.00005765 acc: 99.80% loss: 0.000059
[2018-12-07 18:00:19] Epoch 88 step [40|100] lr=0.00005765 acc: 100.00% loss: 0.000020
[2018-12-07 18:00:30] Epoch 88 step [50|100] lr=0.00005765 acc: 100.00% loss: 0.000026
[2018-12-07 18:00:43] Epoch 88 step [60|100] lr=0.00005765 acc: 100.00% loss: 0.000026
[2018-12-07 18:00:51] Epoch 88 step [70|100] lr=0.00005765 acc: 100.00% loss: 0.000007
[2018-12-07 18:00:54] Epoch 88 step [80|100] lr=0.00005765 acc: 100.00% loss: 0.000018
[2018-12-07 18:00:56] Epoch 88 step [90|100] lr=0.00005765 acc: 100.00% loss: 0.000014
[2018-12-07 18:00:57] Epoch 88 step [100|100] lr=0.00005765 acc: 100.00% loss: 0.000004
dev acc: 77.81% loss: 0.015660
test acc: 78.44% loss: 0.016318
not improved, best test acc: 78.75%, in epoch 43
[2018-12-07 18:01:00] Epoch 89 step [10|100] lr=0.00005765 acc: 100.00% loss: 0.000095
[2018-12-07 18:01:04] Epoch 89 step [20|100] lr=0.00005765 acc: 100.00% loss: 0.000059
[2018-12-07 18:01:11] Epoch 89 step [30|100] lr=0.00005765 acc: 100.00% loss: 0.000065
[2018-12-07 18:01:20] Epoch 89 step [40|100] lr=0.00005765 acc: 100.00% loss: 0.000018
[2018-12-07 18:01:31] Epoch 89 step [50|100] lr=0.00005765 acc: 100.00% loss: 0.000013
[2018-12-07 18:01:44] Epoch 89 step [60|100] lr=0.00005765 acc: 100.00% loss: 0.000010
[2018-12-07 18:01:52] Epoch 89 step [70|100] lr=0.00005765 acc: 100.00% loss: 0.000003
[2018-12-07 18:01:55] Epoch 89 step [80|100] lr=0.00005765 acc: 100.00% loss: 0.000012
[2018-12-07 18:01:57] Epoch 89 step [90|100] lr=0.00005765 acc: 100.00% loss: 0.000004
[2018-12-07 18:01:58] Epoch 89 step [100|100] lr=0.00005765 acc: 100.00% loss: 0.000001
dev acc: 77.81% loss: 0.015737
test acc: 78.75% loss: 0.016403
not improved, best test acc: 78.75%, in epoch 43
[2018-12-07 18:02:01] Epoch 90 step [10|100] lr=0.00005765 acc: 99.71% loss: 0.000168
[2018-12-07 18:02:05] Epoch 90 step [20|100] lr=0.00005765 acc: 100.00% loss: 0.000050
[2018-12-07 18:02:11] Epoch 90 step [30|100] lr=0.00005765 acc: 99.59% loss: 0.000158
[2018-12-07 18:02:20] Epoch 90 step [40|100] lr=0.00005765 acc: 100.00% loss: 0.000037
[2018-12-07 18:02:31] Epoch 90 step [50|100] lr=0.00005765 acc: 100.00% loss: 0.000019
[2018-12-07 18:02:45] Epoch 90 step [60|100] lr=0.00005765 acc: 100.00% loss: 0.000070
[2018-12-07 18:02:52] Epoch 90 step [70|100] lr=0.00005765 acc: 100.00% loss: 0.000007
[2018-12-07 18:02:56] Epoch 90 step [80|100] lr=0.00005765 acc: 100.00% loss: 0.000006
[2018-12-07 18:02:57] Epoch 90 step [90|100] lr=0.00005765 acc: 100.00% loss: 0.000006
[2018-12-07 18:02:59] Epoch 90 step [100|100] lr=0.00005765 acc: 100.00% loss: 0.000001
dev acc: 78.44% loss: 0.015797
test acc: 77.81% loss: 0.016437
not improved, best test acc: 78.75%, in epoch 43
64 epoch have not improved, so adjust lr to 4.035360699999999e-05
[2018-12-07 18:03:02] Epoch 91 step [10|100] lr=0.00004035 acc: 100.00% loss: 0.000046
[2018-12-07 18:03:05] Epoch 91 step [20|100] lr=0.00004035 acc: 100.00% loss: 0.000074
[2018-12-07 18:03:11] Epoch 91 step [30|100] lr=0.00004035 acc: 99.80% loss: 0.000076
[2018-12-07 18:03:20] Epoch 91 step [40|100] lr=0.00004035 acc: 99.81% loss: 0.000050
[2018-12-07 18:03:30] Epoch 91 step [50|100] lr=0.00004035 acc: 100.00% loss: 0.000018
[2018-12-07 18:03:43] Epoch 91 step [60|100] lr=0.00004035 acc: 99.75% loss: 0.000035
[2018-12-07 18:03:50] Epoch 91 step [70|100] lr=0.00004035 acc: 100.00% loss: 0.000056
[2018-12-07 18:03:53] Epoch 91 step [80|100] lr=0.00004035 acc: 100.00% loss: 0.000022
[2018-12-07 18:03:55] Epoch 91 step [90|100] lr=0.00004035 acc: 100.00% loss: 0.000003
[2018-12-07 18:03:57] Epoch 91 step [100|100] lr=0.00004035 acc: 100.00% loss: 0.000001
dev acc: 78.44% loss: 0.015903
test acc: 77.19% loss: 0.016527
not improved, best test acc: 78.75%, in epoch 43
[2018-12-07 18:04:00] Epoch 92 step [10|100] lr=0.00004035 acc: 99.71% loss: 0.000105
[2018-12-07 18:04:03] Epoch 92 step [20|100] lr=0.00004035 acc: 99.79% loss: 0.000135
[2018-12-07 18:04:09] Epoch 92 step [30|100] lr=0.00004035 acc: 99.80% loss: 0.000061
[2018-12-07 18:04:18] Epoch 92 step [40|100] lr=0.00004035 acc: 100.00% loss: 0.000018
[2018-12-07 18:04:29] Epoch 92 step [50|100] lr=0.00004035 acc: 100.00% loss: 0.000028
[2018-12-07 18:04:42] Epoch 92 step [60|100] lr=0.00004035 acc: 100.00% loss: 0.000006
[2018-12-07 18:04:49] Epoch 92 step [70|100] lr=0.00004035 acc: 100.00% loss: 0.000043
[2018-12-07 18:04:52] Epoch 92 step [80|100] lr=0.00004035 acc: 100.00% loss: 0.000056
[2018-12-07 18:04:54] Epoch 92 step [90|100] lr=0.00004035 acc: 100.00% loss: 0.000006
[2018-12-07 18:04:55] Epoch 92 step [100|100] lr=0.00004035 acc: 100.00% loss: 0.000002
dev acc: 77.50% loss: 0.015878
test acc: 78.12% loss: 0.016448
not improved, best test acc: 78.75%, in epoch 43
[2018-12-07 18:04:58] Epoch 93 step [10|100] lr=0.00004035 acc: 99.71% loss: 0.000161
[2018-12-07 18:05:02] Epoch 93 step [20|100] lr=0.00004035 acc: 100.00% loss: 0.000044
[2018-12-07 18:05:08] Epoch 93 step [30|100] lr=0.00004035 acc: 100.00% loss: 0.000033
[2018-12-07 18:05:16] Epoch 93 step [40|100] lr=0.00004035 acc: 100.00% loss: 0.000016
[2018-12-07 18:05:27] Epoch 93 step [50|100] lr=0.00004035 acc: 100.00% loss: 0.000025
[2018-12-07 18:05:40] Epoch 93 step [60|100] lr=0.00004035 acc: 100.00% loss: 0.000006
[2018-12-07 18:05:47] Epoch 93 step [70|100] lr=0.00004035 acc: 100.00% loss: 0.000020
[2018-12-07 18:05:51] Epoch 93 step [80|100] lr=0.00004035 acc: 100.00% loss: 0.000004
[2018-12-07 18:05:52] Epoch 93 step [90|100] lr=0.00004035 acc: 100.00% loss: 0.000011
[2018-12-07 18:05:54] Epoch 93 step [100|100] lr=0.00004035 acc: 100.00% loss: 0.000011
dev acc: 77.81% loss: 0.015915
test acc: 78.12% loss: 0.016492
not improved, best test acc: 78.75%, in epoch 43
[2018-12-07 18:05:56] Epoch 94 step [10|100] lr=0.00004035 acc: 99.71% loss: 0.000093
[2018-12-07 18:06:00] Epoch 94 step [20|100] lr=0.00004035 acc: 100.00% loss: 0.000047
[2018-12-07 18:06:06] Epoch 94 step [30|100] lr=0.00004035 acc: 100.00% loss: 0.000048
[2018-12-07 18:06:15] Epoch 94 step [40|100] lr=0.00004035 acc: 99.81% loss: 0.000094
[2018-12-07 18:06:25] Epoch 94 step [50|100] lr=0.00004035 acc: 100.00% loss: 0.000017
[2018-12-07 18:06:39] Epoch 94 step [60|100] lr=0.00004035 acc: 100.00% loss: 0.000019
[2018-12-07 18:06:46] Epoch 94 step [70|100] lr=0.00004035 acc: 100.00% loss: 0.000007
[2018-12-07 18:06:49] Epoch 94 step [80|100] lr=0.00004035 acc: 100.00% loss: 0.000001
[2018-12-07 18:06:51] Epoch 94 step [90|100] lr=0.00004035 acc: 100.00% loss: 0.000006
[2018-12-07 18:06:52] Epoch 94 step [100|100] lr=0.00004035 acc: 100.00% loss: 0.000003
dev acc: 78.12% loss: 0.015898
test acc: 78.12% loss: 0.016491
not improved, best test acc: 78.75%, in epoch 43
[2018-12-07 18:06:55] Epoch 95 step [10|100] lr=0.00004035 acc: 99.71% loss: 0.000128
[2018-12-07 18:06:59] Epoch 95 step [20|100] lr=0.00004035 acc: 99.79% loss: 0.000194
[2018-12-07 18:07:05] Epoch 95 step [30|100] lr=0.00004035 acc: 99.80% loss: 0.000076
[2018-12-07 18:07:13] Epoch 95 step [40|100] lr=0.00004035 acc: 100.00% loss: 0.000061
[2018-12-07 18:07:23] Epoch 95 step [50|100] lr=0.00004035 acc: 100.00% loss: 0.000042
[2018-12-07 18:07:37] Epoch 95 step [60|100] lr=0.00004035 acc: 100.00% loss: 0.000030
[2018-12-07 18:07:45] Epoch 95 step [70|100] lr=0.00004035 acc: 100.00% loss: 0.000018
[2018-12-07 18:07:48] Epoch 95 step [80|100] lr=0.00004035 acc: 100.00% loss: 0.000075
[2018-12-07 18:07:50] Epoch 95 step [90|100] lr=0.00004035 acc: 100.00% loss: 0.000005
[2018-12-07 18:07:51] Epoch 95 step [100|100] lr=0.00004035 acc: 100.00% loss: 0.000001
dev acc: 78.12% loss: 0.015867
test acc: 78.44% loss: 0.016267
not improved, best test acc: 78.75%, in epoch 43
[2018-12-07 18:07:54] Epoch 96 step [10|100] lr=0.00004035 acc: 100.00% loss: 0.000090
[2018-12-07 18:07:58] Epoch 96 step [20|100] lr=0.00004035 acc: 100.00% loss: 0.000045
[2018-12-07 18:08:04] Epoch 96 step [30|100] lr=0.00004035 acc: 99.80% loss: 0.000045
[2018-12-07 18:08:13] Epoch 96 step [40|100] lr=0.00004035 acc: 100.00% loss: 0.000029
[2018-12-07 18:08:23] Epoch 96 step [50|100] lr=0.00004035 acc: 100.00% loss: 0.000008
[2018-12-07 18:08:36] Epoch 96 step [60|100] lr=0.00004035 acc: 100.00% loss: 0.000023
[2018-12-07 18:08:44] Epoch 96 step [70|100] lr=0.00004035 acc: 100.00% loss: 0.000010
[2018-12-07 18:08:48] Epoch 96 step [80|100] lr=0.00004035 acc: 100.00% loss: 0.000016
[2018-12-07 18:08:49] Epoch 96 step [90|100] lr=0.00004035 acc: 100.00% loss: 0.000007
[2018-12-07 18:08:51] Epoch 96 step [100|100] lr=0.00004035 acc: 100.00% loss: 0.000006
dev acc: 78.44% loss: 0.015824
test acc: 78.12% loss: 0.016215
not improved, best test acc: 78.75%, in epoch 43
[2018-12-07 18:08:54] Epoch 97 step [10|100] lr=0.00004035 acc: 100.00% loss: 0.000084
[2018-12-07 18:08:58] Epoch 97 step [20|100] lr=0.00004035 acc: 100.00% loss: 0.000062
[2018-12-07 18:09:04] Epoch 97 step [30|100] lr=0.00004035 acc: 99.80% loss: 0.000041
[2018-12-07 18:09:13] Epoch 97 step [40|100] lr=0.00004035 acc: 99.81% loss: 0.000061
[2018-12-07 18:09:24] Epoch 97 step [50|100] lr=0.00004035 acc: 100.00% loss: 0.000011
[2018-12-07 18:09:37] Epoch 97 step [60|100] lr=0.00004035 acc: 100.00% loss: 0.000005
[2018-12-07 18:09:45] Epoch 97 step [70|100] lr=0.00004035 acc: 100.00% loss: 0.000011
[2018-12-07 18:09:49] Epoch 97 step [80|100] lr=0.00004035 acc: 100.00% loss: 0.000007
[2018-12-07 18:09:50] Epoch 97 step [90|100] lr=0.00004035 acc: 100.00% loss: 0.000037
[2018-12-07 18:09:52] Epoch 97 step [100|100] lr=0.00004035 acc: 100.00% loss: 0.000001
dev acc: 78.44% loss: 0.015957
test acc: 77.50% loss: 0.016337
not improved, best test acc: 78.75%, in epoch 43
[2018-12-07 18:09:55] Epoch 98 step [10|100] lr=0.00004035 acc: 100.00% loss: 0.000110
[2018-12-07 18:09:58] Epoch 98 step [20|100] lr=0.00004035 acc: 99.79% loss: 0.000074
[2018-12-07 18:10:05] Epoch 98 step [30|100] lr=0.00004035 acc: 99.80% loss: 0.000045
[2018-12-07 18:10:13] Epoch 98 step [40|100] lr=0.00004035 acc: 100.00% loss: 0.000040
[2018-12-07 18:10:23] Epoch 98 step [50|100] lr=0.00004035 acc: 100.00% loss: 0.000045
[2018-12-07 18:10:37] Epoch 98 step [60|100] lr=0.00004035 acc: 100.00% loss: 0.000008
[2018-12-07 18:10:44] Epoch 98 step [70|100] lr=0.00004035 acc: 100.00% loss: 0.000009
[2018-12-07 18:10:47] Epoch 98 step [80|100] lr=0.00004035 acc: 100.00% loss: 0.000001
[2018-12-07 18:10:49] Epoch 98 step [90|100] lr=0.00004035 acc: 100.00% loss: 0.000013
[2018-12-07 18:10:50] Epoch 98 step [100|100] lr=0.00004035 acc: 100.00% loss: 0.000002
dev acc: 78.12% loss: 0.015889
test acc: 78.44% loss: 0.016254
not improved, best test acc: 78.75%, in epoch 43
72 epoch have not improved, so adjust lr to 2.8247524899999994e-05
[2018-12-07 18:10:53] Epoch 99 step [10|100] lr=0.00002825 acc: 100.00% loss: 0.000074
[2018-12-07 18:10:56] Epoch 99 step [20|100] lr=0.00002825 acc: 99.58% loss: 0.000135
[2018-12-07 18:11:02] Epoch 99 step [30|100] lr=0.00002825 acc: 99.80% loss: 0.000132
[2018-12-07 18:11:11] Epoch 99 step [40|100] lr=0.00002825 acc: 100.00% loss: 0.000050
[2018-12-07 18:11:21] Epoch 99 step [50|100] lr=0.00002825 acc: 99.77% loss: 0.000057
