data_dir=cr_processed_data

----batch----
train_batch_size=64
train_batch_type=same
dev_batch_size=64
dev_batch_type=normal
test_batch_size=64
test_batch_type=normal
shuffer=True
sort=True

----embedding----
embed_size=100
char_embed_size=50
embed_uniform_init=0.0
pre_embed_path=/home/zrr/projects/Data/glove.6B/glove.6B.100d.txt

----model----
model=treelstm
save_model_dir=save_models
save_model_every=1
save_model_start_from=0
hidden_num=1
hidden_size=100
bidirectional=True
dropout=0.3

----optimizer----
lr=0.001
optim=adam
weight_decay=1e-08
momentum=0.9
early_stop=9999999

----train----
epoch=100
print_every=10

----GPU----
gpu_device=0
use_cuda=False

----seed----
gpu_seed=23
seed=23

----log----
log_dir=log
log_fname=treelstm.cr.log

[2018-12-07 16:35:57] Epoch 0 step [10|100] lr=0.00100000 acc: 66.47% loss: 0.035477
[2018-12-07 16:36:01] Epoch 0 step [20|100] lr=0.00100000 acc: 66.81% loss: 0.016749
[2018-12-07 16:36:05] Epoch 0 step [30|100] lr=0.00100000 acc: 63.49% loss: 0.012806
[2018-12-07 16:36:13] Epoch 0 step [40|100] lr=0.00100000 acc: 63.06% loss: 0.012482
[2018-12-07 16:36:21] Epoch 0 step [50|100] lr=0.00100000 acc: 62.44% loss: 0.014560
[2018-12-07 16:36:32] Epoch 0 step [60|100] lr=0.00100000 acc: 59.61% loss: 0.015686
[2018-12-07 16:36:38] Epoch 0 step [70|100] lr=0.00100000 acc: 64.68% loss: 0.029082
[2018-12-07 16:36:41] Epoch 0 step [80|100] lr=0.00100000 acc: 58.54% loss: 0.082654
[2018-12-07 16:36:43] Epoch 0 step [90|100] lr=0.00100000 acc: 53.85% loss: 0.284946
[2018-12-07 16:36:44] Epoch 0 step [100|100] lr=0.00100000 acc: 69.23% loss: 0.436506
dev acc: 66.56% loss: 0.009755
test acc: 68.44% loss: 0.009592
model saved succeed in save_models/2018-12-07-16-36-46-treelstm-model_epoch_0.pt
Update! best test acc: 68.44%
[2018-12-07 16:36:47] Epoch 1 step [10|100] lr=0.00100000 acc: 72.89% loss: 0.018294
[2018-12-07 16:36:50] Epoch 1 step [20|100] lr=0.00100000 acc: 66.81% loss: 0.012012
[2018-12-07 16:36:55] Epoch 1 step [30|100] lr=0.00100000 acc: 65.52% loss: 0.010834
[2018-12-07 16:37:03] Epoch 1 step [40|100] lr=0.00100000 acc: 70.21% loss: 0.011278
[2018-12-07 16:37:11] Epoch 1 step [50|100] lr=0.00100000 acc: 73.98% loss: 0.012773
[2018-12-07 16:37:21] Epoch 1 step [60|100] lr=0.00100000 acc: 67.49% loss: 0.012930
[2018-12-07 16:37:27] Epoch 1 step [70|100] lr=0.00100000 acc: 71.10% loss: 0.024951
[2018-12-07 16:37:30] Epoch 1 step [80|100] lr=0.00100000 acc: 73.17% loss: 0.064608
[2018-12-07 16:37:32] Epoch 1 step [90|100] lr=0.00100000 acc: 69.23% loss: 0.225727
[2018-12-07 16:37:33] Epoch 1 step [100|100] lr=0.00100000 acc: 84.62% loss: 0.278578
dev acc: 72.50% loss: 0.008288
test acc: 72.50% loss: 0.008223
model saved succeed in save_models/2018-12-07-16-37-35-treelstm-model_epoch_1.pt
Update! best test acc: 72.50%
[2018-12-07 16:37:36] Epoch 2 step [10|100] lr=0.00100000 acc: 77.55% loss: 0.014594
[2018-12-07 16:37:39] Epoch 2 step [20|100] lr=0.00100000 acc: 75.16% loss: 0.010310
[2018-12-07 16:37:44] Epoch 2 step [30|100] lr=0.00100000 acc: 76.88% loss: 0.008924
[2018-12-07 16:37:51] Epoch 2 step [40|100] lr=0.00100000 acc: 75.05% loss: 0.009501
[2018-12-07 16:37:59] Epoch 2 step [50|100] lr=0.00100000 acc: 73.08% loss: 0.010594
[2018-12-07 16:38:10] Epoch 2 step [60|100] lr=0.00100000 acc: 77.59% loss: 0.011092
[2018-12-07 16:38:16] Epoch 2 step [70|100] lr=0.00100000 acc: 78.90% loss: 0.021901
[2018-12-07 16:38:19] Epoch 2 step [80|100] lr=0.00100000 acc: 89.02% loss: 0.042026
[2018-12-07 16:38:21] Epoch 2 step [90|100] lr=0.00100000 acc: 69.23% loss: 0.204934
[2018-12-07 16:38:22] Epoch 2 step [100|100] lr=0.00100000 acc: 100.00% loss: 0.140251
dev acc: 71.88% loss: 0.007793
test acc: 76.25% loss: 0.007703
not improved, best test acc: 72.50%, in epoch 1
[2018-12-07 16:38:25] Epoch 3 step [10|100] lr=0.00100000 acc: 80.17% loss: 0.012532
[2018-12-07 16:38:28] Epoch 3 step [20|100] lr=0.00100000 acc: 77.87% loss: 0.009328
[2018-12-07 16:38:33] Epoch 3 step [30|100] lr=0.00100000 acc: 81.34% loss: 0.007828
[2018-12-07 16:38:41] Epoch 3 step [40|100] lr=0.00100000 acc: 78.53% loss: 0.008586
[2018-12-07 16:38:49] Epoch 3 step [50|100] lr=0.00100000 acc: 79.19% loss: 0.009177
[2018-12-07 16:39:00] Epoch 3 step [60|100] lr=0.00100000 acc: 81.28% loss: 0.009893
[2018-12-07 16:39:06] Epoch 3 step [70|100] lr=0.00100000 acc: 83.49% loss: 0.016710
[2018-12-07 16:39:09] Epoch 3 step [80|100] lr=0.00100000 acc: 84.15% loss: 0.033367
[2018-12-07 16:39:11] Epoch 3 step [90|100] lr=0.00100000 acc: 92.31% loss: 0.098963
[2018-12-07 16:39:12] Epoch 3 step [100|100] lr=0.00100000 acc: 92.31% loss: 0.137755
dev acc: 74.69% loss: 0.007338
test acc: 80.31% loss: 0.007453
model saved succeed in save_models/2018-12-07-16-39-14-treelstm-model_epoch_3.pt
Update! best test acc: 80.31%
[2018-12-07 16:39:15] Epoch 4 step [10|100] lr=0.00100000 acc: 84.26% loss: 0.010580
[2018-12-07 16:39:18] Epoch 4 step [20|100] lr=0.00100000 acc: 82.46% loss: 0.007830
[2018-12-07 16:39:24] Epoch 4 step [30|100] lr=0.00100000 acc: 82.56% loss: 0.007279
[2018-12-07 16:39:31] Epoch 4 step [40|100] lr=0.00100000 acc: 82.59% loss: 0.007397
[2018-12-07 16:39:39] Epoch 4 step [50|100] lr=0.00100000 acc: 80.54% loss: 0.007919
[2018-12-07 16:39:50] Epoch 4 step [60|100] lr=0.00100000 acc: 82.51% loss: 0.008760
[2018-12-07 16:39:56] Epoch 4 step [70|100] lr=0.00100000 acc: 83.94% loss: 0.015656
[2018-12-07 16:39:59] Epoch 4 step [80|100] lr=0.00100000 acc: 91.46% loss: 0.024555
[2018-12-07 16:40:01] Epoch 4 step [90|100] lr=0.00100000 acc: 88.46% loss: 0.067438
[2018-12-07 16:40:03] Epoch 4 step [100|100] lr=0.00100000 acc: 100.00% loss: 0.025126
dev acc: 76.88% loss: 0.006953
test acc: 79.69% loss: 0.007470
not improved, best test acc: 80.31%, in epoch 4
[2018-12-07 16:40:05] Epoch 5 step [10|100] lr=0.00100000 acc: 86.59% loss: 0.009648
[2018-12-07 16:40:08] Epoch 5 step [20|100] lr=0.00100000 acc: 82.25% loss: 0.006993
[2018-12-07 16:40:14] Epoch 5 step [30|100] lr=0.00100000 acc: 84.58% loss: 0.006327
[2018-12-07 16:40:21] Epoch 5 step [40|100] lr=0.00100000 acc: 82.98% loss: 0.007163
[2018-12-07 16:40:29] Epoch 5 step [50|100] lr=0.00100000 acc: 82.13% loss: 0.007481
[2018-12-07 16:40:40] Epoch 5 step [60|100] lr=0.00100000 acc: 86.21% loss: 0.007775
[2018-12-07 16:40:46] Epoch 5 step [70|100] lr=0.00100000 acc: 86.24% loss: 0.013141
[2018-12-07 16:40:49] Epoch 5 step [80|100] lr=0.00100000 acc: 95.12% loss: 0.015280
[2018-12-07 16:40:51] Epoch 5 step [90|100] lr=0.00100000 acc: 96.15% loss: 0.032178
[2018-12-07 16:40:52] Epoch 5 step [100|100] lr=0.00100000 acc: 100.00% loss: 0.014984
dev acc: 75.31% loss: 0.007580
test acc: 77.81% loss: 0.007782
not improved, best test acc: 80.31%, in epoch 4
[2018-12-07 16:40:55] Epoch 6 step [10|100] lr=0.00100000 acc: 88.05% loss: 0.007662
[2018-12-07 16:40:58] Epoch 6 step [20|100] lr=0.00100000 acc: 85.18% loss: 0.006358
[2018-12-07 16:41:03] Epoch 6 step [30|100] lr=0.00100000 acc: 86.21% loss: 0.005392
[2018-12-07 16:41:10] Epoch 6 step [40|100] lr=0.00100000 acc: 85.49% loss: 0.006433
[2018-12-07 16:41:19] Epoch 6 step [50|100] lr=0.00100000 acc: 85.97% loss: 0.005931
[2018-12-07 16:41:29] Epoch 6 step [60|100] lr=0.00100000 acc: 87.93% loss: 0.006738
[2018-12-07 16:41:35] Epoch 6 step [70|100] lr=0.00100000 acc: 91.28% loss: 0.010267
[2018-12-07 16:41:38] Epoch 6 step [80|100] lr=0.00100000 acc: 93.90% loss: 0.012034
[2018-12-07 16:41:39] Epoch 6 step [90|100] lr=0.00100000 acc: 100.00% loss: 0.023689
[2018-12-07 16:41:41] Epoch 6 step [100|100] lr=0.00100000 acc: 100.00% loss: 0.010251
dev acc: 78.44% loss: 0.006710
test acc: 80.00% loss: 0.007175
not improved, best test acc: 80.31%, in epoch 6
[2018-12-07 16:41:43] Epoch 7 step [10|100] lr=0.00100000 acc: 88.92% loss: 0.006536
[2018-12-07 16:41:46] Epoch 7 step [20|100] lr=0.00100000 acc: 86.22% loss: 0.005596
[2018-12-07 16:41:52] Epoch 7 step [30|100] lr=0.00100000 acc: 88.44% loss: 0.004869
[2018-12-07 16:41:59] Epoch 7 step [40|100] lr=0.00100000 acc: 88.78% loss: 0.004910
[2018-12-07 16:42:07] Epoch 7 step [50|100] lr=0.00100000 acc: 90.27% loss: 0.004907
[2018-12-07 16:42:18] Epoch 7 step [60|100] lr=0.00100000 acc: 87.19% loss: 0.006246
[2018-12-07 16:42:23] Epoch 7 step [70|100] lr=0.00100000 acc: 93.12% loss: 0.007241
[2018-12-07 16:42:26] Epoch 7 step [80|100] lr=0.00100000 acc: 97.56% loss: 0.007804
[2018-12-07 16:42:27] Epoch 7 step [90|100] lr=0.00100000 acc: 96.15% loss: 0.013375
[2018-12-07 16:42:29] Epoch 7 step [100|100] lr=0.00100000 acc: 100.00% loss: 0.005307
dev acc: 79.06% loss: 0.006794
test acc: 80.62% loss: 0.007365
model saved succeed in save_models/2018-12-07-16-42-30-treelstm-model_epoch_7.pt
Update! best test acc: 80.62%
[2018-12-07 16:42:31] Epoch 8 step [10|100] lr=0.00100000 acc: 90.67% loss: 0.006055
[2018-12-07 16:42:34] Epoch 8 step [20|100] lr=0.00100000 acc: 89.77% loss: 0.004809
[2018-12-07 16:42:39] Epoch 8 step [30|100] lr=0.00100000 acc: 89.86% loss: 0.004477
[2018-12-07 16:42:46] Epoch 8 step [40|100] lr=0.00100000 acc: 87.81% loss: 0.004886
[2018-12-07 16:42:54] Epoch 8 step [50|100] lr=0.00100000 acc: 88.69% loss: 0.004469
[2018-12-07 16:43:05] Epoch 8 step [60|100] lr=0.00100000 acc: 91.38% loss: 0.004976
[2018-12-07 16:43:11] Epoch 8 step [70|100] lr=0.00100000 acc: 94.95% loss: 0.006068
[2018-12-07 16:43:13] Epoch 8 step [80|100] lr=0.00100000 acc: 98.78% loss: 0.006380
[2018-12-07 16:43:14] Epoch 8 step [90|100] lr=0.00100000 acc: 100.00% loss: 0.003219
[2018-12-07 16:43:16] Epoch 8 step [100|100] lr=0.00100000 acc: 100.00% loss: 0.007949
dev acc: 79.38% loss: 0.006731
test acc: 81.25% loss: 0.007422
model saved succeed in save_models/2018-12-07-16-43-17-treelstm-model_epoch_8.pt
Update! best test acc: 81.25%
[2018-12-07 16:43:18] Epoch 9 step [10|100] lr=0.00100000 acc: 93.29% loss: 0.004885
[2018-12-07 16:43:21] Epoch 9 step [20|100] lr=0.00100000 acc: 88.73% loss: 0.004737
[2018-12-07 16:43:26] Epoch 9 step [30|100] lr=0.00100000 acc: 92.70% loss: 0.003556
[2018-12-07 16:43:33] Epoch 9 step [40|100] lr=0.00100000 acc: 90.33% loss: 0.004071
[2018-12-07 16:43:41] Epoch 9 step [50|100] lr=0.00100000 acc: 91.86% loss: 0.003435
[2018-12-07 16:43:52] Epoch 9 step [60|100] lr=0.00100000 acc: 92.36% loss: 0.004008
[2018-12-07 16:43:58] Epoch 9 step [70|100] lr=0.00100000 acc: 97.25% loss: 0.003485
[2018-12-07 16:44:01] Epoch 9 step [80|100] lr=0.00100000 acc: 98.78% loss: 0.005369
[2018-12-07 16:44:03] Epoch 9 step [90|100] lr=0.00100000 acc: 100.00% loss: 0.004168
[2018-12-07 16:44:04] Epoch 9 step [100|100] lr=0.00100000 acc: 100.00% loss: 0.005058
dev acc: 78.44% loss: 0.007632
test acc: 80.94% loss: 0.007575
not improved, best test acc: 81.25%, in epoch 8
[2018-12-07 16:44:06] Epoch 10 step [10|100] lr=0.00100000 acc: 92.71% loss: 0.004177
[2018-12-07 16:44:10] Epoch 10 step [20|100] lr=0.00100000 acc: 90.81% loss: 0.003731
[2018-12-07 16:44:14] Epoch 10 step [30|100] lr=0.00100000 acc: 91.48% loss: 0.003703
[2018-12-07 16:44:21] Epoch 10 step [40|100] lr=0.00100000 acc: 94.58% loss: 0.003331
[2018-12-07 16:44:30] Epoch 10 step [50|100] lr=0.00100000 acc: 92.76% loss: 0.002805
[2018-12-07 16:44:41] Epoch 10 step [60|100] lr=0.00100000 acc: 93.84% loss: 0.003464
[2018-12-07 16:44:46] Epoch 10 step [70|100] lr=0.00100000 acc: 97.25% loss: 0.003293
[2018-12-07 16:44:49] Epoch 10 step [80|100] lr=0.00100000 acc: 100.00% loss: 0.003364
[2018-12-07 16:44:51] Epoch 10 step [90|100] lr=0.00100000 acc: 100.00% loss: 0.008672
[2018-12-07 16:44:52] Epoch 10 step [100|100] lr=0.00100000 acc: 100.00% loss: 0.001844
dev acc: 78.75% loss: 0.007223
test acc: 80.00% loss: 0.007635
not improved, best test acc: 81.25%, in epoch 8
[2018-12-07 16:44:55] Epoch 11 step [10|100] lr=0.00100000 acc: 93.29% loss: 0.003703
[2018-12-07 16:44:58] Epoch 11 step [20|100] lr=0.00100000 acc: 93.74% loss: 0.003177
[2018-12-07 16:45:03] Epoch 11 step [30|100] lr=0.00100000 acc: 92.70% loss: 0.003077
[2018-12-07 16:45:10] Epoch 11 step [40|100] lr=0.00100000 acc: 92.84% loss: 0.003521
[2018-12-07 16:45:18] Epoch 11 step [50|100] lr=0.00100000 acc: 95.48% loss: 0.002431
[2018-12-07 16:45:29] Epoch 11 step [60|100] lr=0.00100000 acc: 95.32% loss: 0.002901
[2018-12-07 16:45:35] Epoch 11 step [70|100] lr=0.00100000 acc: 97.71% loss: 0.002315
[2018-12-07 16:45:38] Epoch 11 step [80|100] lr=0.00100000 acc: 98.78% loss: 0.005462
[2018-12-07 16:45:39] Epoch 11 step [90|100] lr=0.00100000 acc: 100.00% loss: 0.001419
[2018-12-07 16:45:40] Epoch 11 step [100|100] lr=0.00100000 acc: 100.00% loss: 0.004007
dev acc: 78.12% loss: 0.007695
test acc: 81.25% loss: 0.007678
not improved, best test acc: 81.25%, in epoch 8
[2018-12-07 16:45:43] Epoch 12 step [10|100] lr=0.00100000 acc: 95.34% loss: 0.003146
[2018-12-07 16:45:46] Epoch 12 step [20|100] lr=0.00100000 acc: 93.74% loss: 0.003236
[2018-12-07 16:45:51] Epoch 12 step [30|100] lr=0.00100000 acc: 95.74% loss: 0.002233
[2018-12-07 16:45:58] Epoch 12 step [40|100] lr=0.00100000 acc: 94.39% loss: 0.002398
[2018-12-07 16:46:06] Epoch 12 step [50|100] lr=0.00100000 acc: 96.38% loss: 0.002220
[2018-12-07 16:46:17] Epoch 12 step [60|100] lr=0.00100000 acc: 96.31% loss: 0.002587
[2018-12-07 16:46:23] Epoch 12 step [70|100] lr=0.00100000 acc: 99.54% loss: 0.001510
[2018-12-07 16:46:25] Epoch 12 step [80|100] lr=0.00100000 acc: 100.00% loss: 0.000701
[2018-12-07 16:46:27] Epoch 12 step [90|100] lr=0.00100000 acc: 100.00% loss: 0.000903
[2018-12-07 16:46:28] Epoch 12 step [100|100] lr=0.00100000 acc: 100.00% loss: 0.002514
dev acc: 78.44% loss: 0.008482
test acc: 81.56% loss: 0.008159
not improved, best test acc: 81.25%, in epoch 8
[2018-12-07 16:46:31] Epoch 13 step [10|100] lr=0.00100000 acc: 95.04% loss: 0.003544
[2018-12-07 16:46:34] Epoch 13 step [20|100] lr=0.00100000 acc: 94.36% loss: 0.002813
[2018-12-07 16:46:39] Epoch 13 step [30|100] lr=0.00100000 acc: 94.73% loss: 0.002272
[2018-12-07 16:46:45] Epoch 13 step [40|100] lr=0.00100000 acc: 95.55% loss: 0.002149
[2018-12-07 16:46:53] Epoch 13 step [50|100] lr=0.00100000 acc: 96.38% loss: 0.001577
[2018-12-07 16:47:04] Epoch 13 step [60|100] lr=0.00100000 acc: 96.06% loss: 0.002451
[2018-12-07 16:47:10] Epoch 13 step [70|100] lr=0.00100000 acc: 99.54% loss: 0.001315
[2018-12-07 16:47:13] Epoch 13 step [80|100] lr=0.00100000 acc: 100.00% loss: 0.000454
[2018-12-07 16:47:14] Epoch 13 step [90|100] lr=0.00100000 acc: 96.15% loss: 0.020142
[2018-12-07 16:47:15] Epoch 13 step [100|100] lr=0.00100000 acc: 100.00% loss: 0.013045
dev acc: 77.81% loss: 0.009038
test acc: 81.88% loss: 0.008125
not improved, best test acc: 81.25%, in epoch 8
[2018-12-07 16:47:18] Epoch 14 step [10|100] lr=0.00100000 acc: 95.92% loss: 0.002330
[2018-12-07 16:47:21] Epoch 14 step [20|100] lr=0.00100000 acc: 94.36% loss: 0.002432
[2018-12-07 16:47:26] Epoch 14 step [30|100] lr=0.00100000 acc: 95.74% loss: 0.002127
[2018-12-07 16:47:33] Epoch 14 step [40|100] lr=0.00100000 acc: 95.36% loss: 0.002191
[2018-12-07 16:47:41] Epoch 14 step [50|100] lr=0.00100000 acc: 96.83% loss: 0.001465
[2018-12-07 16:47:52] Epoch 14 step [60|100] lr=0.00100000 acc: 96.80% loss: 0.001875
[2018-12-07 16:47:57] Epoch 14 step [70|100] lr=0.00100000 acc: 98.17% loss: 0.003241
[2018-12-07 16:48:00] Epoch 14 step [80|100] lr=0.00100000 acc: 100.00% loss: 0.001101
[2018-12-07 16:48:02] Epoch 14 step [90|100] lr=0.00100000 acc: 100.00% loss: 0.001194
[2018-12-07 16:48:03] Epoch 14 step [100|100] lr=0.00100000 acc: 100.00% loss: 0.000228
dev acc: 79.06% loss: 0.009266
test acc: 79.38% loss: 0.009525
not improved, best test acc: 81.25%, in epoch 8
[2018-12-07 16:48:05] Epoch 15 step [10|100] lr=0.00100000 acc: 96.79% loss: 0.002380
[2018-12-07 16:48:08] Epoch 15 step [20|100] lr=0.00100000 acc: 94.99% loss: 0.002346
[2018-12-07 16:48:13] Epoch 15 step [30|100] lr=0.00100000 acc: 93.91% loss: 0.002133
[2018-12-07 16:48:20] Epoch 15 step [40|100] lr=0.00100000 acc: 97.10% loss: 0.001364
[2018-12-07 16:48:29] Epoch 15 step [50|100] lr=0.00100000 acc: 97.06% loss: 0.001173
[2018-12-07 16:48:39] Epoch 15 step [60|100] lr=0.00100000 acc: 97.04% loss: 0.001559
[2018-12-07 16:48:45] Epoch 15 step [70|100] lr=0.00100000 acc: 98.62% loss: 0.000897
[2018-12-07 16:48:48] Epoch 15 step [80|100] lr=0.00100000 acc: 100.00% loss: 0.002747
[2018-12-07 16:48:50] Epoch 15 step [90|100] lr=0.00100000 acc: 100.00% loss: 0.003380
[2018-12-07 16:48:51] Epoch 15 step [100|100] lr=0.00100000 acc: 100.00% loss: 0.002745
dev acc: 78.75% loss: 0.009428
test acc: 77.50% loss: 0.009280
not improved, best test acc: 81.25%, in epoch 8
[2018-12-07 16:48:54] Epoch 16 step [10|100] lr=0.00100000 acc: 95.04% loss: 0.002835
[2018-12-07 16:48:57] Epoch 16 step [20|100] lr=0.00100000 acc: 95.41% loss: 0.002275
[2018-12-07 16:49:02] Epoch 16 step [30|100] lr=0.00100000 acc: 95.74% loss: 0.001698
[2018-12-07 16:49:09] Epoch 16 step [40|100] lr=0.00100000 acc: 95.74% loss: 0.001743
[2018-12-07 16:49:17] Epoch 16 step [50|100] lr=0.00100000 acc: 97.51% loss: 0.001355
[2018-12-07 16:49:27] Epoch 16 step [60|100] lr=0.00100000 acc: 97.54% loss: 0.001368
[2018-12-07 16:49:33] Epoch 16 step [70|100] lr=0.00100000 acc: 99.54% loss: 0.000726
[2018-12-07 16:49:36] Epoch 16 step [80|100] lr=0.00100000 acc: 100.00% loss: 0.000726
[2018-12-07 16:49:37] Epoch 16 step [90|100] lr=0.00100000 acc: 100.00% loss: 0.000683
[2018-12-07 16:49:39] Epoch 16 step [100|100] lr=0.00100000 acc: 100.00% loss: 0.000392
dev acc: 78.12% loss: 0.010158
test acc: 79.69% loss: 0.009689
not improved, best test acc: 81.25%, in epoch 8
8 epoch have not improved, so adjust lr to 0.0007
[2018-12-07 16:49:41] Epoch 17 step [10|100] lr=0.00070000 acc: 96.21% loss: 0.002131
[2018-12-07 16:49:44] Epoch 17 step [20|100] lr=0.00070000 acc: 96.45% loss: 0.001770
[2018-12-07 16:49:49] Epoch 17 step [30|100] lr=0.00070000 acc: 96.15% loss: 0.001654
[2018-12-07 16:49:56] Epoch 17 step [40|100] lr=0.00070000 acc: 97.49% loss: 0.001394
[2018-12-07 16:50:05] Epoch 17 step [50|100] lr=0.00070000 acc: 98.19% loss: 0.000938
[2018-12-07 16:50:15] Epoch 17 step [60|100] lr=0.00070000 acc: 95.57% loss: 0.002019
[2018-12-07 16:50:21] Epoch 17 step [70|100] lr=0.00070000 acc: 98.62% loss: 0.002115
[2018-12-07 16:50:24] Epoch 17 step [80|100] lr=0.00070000 acc: 100.00% loss: 0.001094
[2018-12-07 16:50:26] Epoch 17 step [90|100] lr=0.00070000 acc: 100.00% loss: 0.001979
[2018-12-07 16:50:27] Epoch 17 step [100|100] lr=0.00070000 acc: 100.00% loss: 0.000177
dev acc: 79.38% loss: 0.009869
test acc: 80.62% loss: 0.009817
not improved, best test acc: 81.25%, in epoch 8
[2018-12-07 16:50:29] Epoch 18 step [10|100] lr=0.00070000 acc: 97.67% loss: 0.001986
[2018-12-07 16:50:33] Epoch 18 step [20|100] lr=0.00070000 acc: 96.45% loss: 0.001755
[2018-12-07 16:50:38] Epoch 18 step [30|100] lr=0.00070000 acc: 95.94% loss: 0.001372
[2018-12-07 16:50:45] Epoch 18 step [40|100] lr=0.00070000 acc: 97.49% loss: 0.000999
[2018-12-07 16:50:53] Epoch 18 step [50|100] lr=0.00070000 acc: 97.74% loss: 0.000904
[2018-12-07 16:51:04] Epoch 18 step [60|100] lr=0.00070000 acc: 98.28% loss: 0.001007
[2018-12-07 16:51:10] Epoch 18 step [70|100] lr=0.00070000 acc: 98.62% loss: 0.001181
[2018-12-07 16:51:13] Epoch 18 step [80|100] lr=0.00070000 acc: 98.78% loss: 0.002372
[2018-12-07 16:51:15] Epoch 18 step [90|100] lr=0.00070000 acc: 96.15% loss: 0.017619
[2018-12-07 16:51:16] Epoch 18 step [100|100] lr=0.00070000 acc: 100.00% loss: 0.001713
dev acc: 75.94% loss: 0.010909
test acc: 78.75% loss: 0.010445
not improved, best test acc: 81.25%, in epoch 8
[2018-12-07 16:51:19] Epoch 19 step [10|100] lr=0.00070000 acc: 94.75% loss: 0.002300
[2018-12-07 16:51:21] Epoch 19 step [20|100] lr=0.00070000 acc: 96.87% loss: 0.001744
[2018-12-07 16:51:26] Epoch 19 step [30|100] lr=0.00070000 acc: 95.94% loss: 0.002033
[2018-12-07 16:51:33] Epoch 19 step [40|100] lr=0.00070000 acc: 97.87% loss: 0.000976
[2018-12-07 16:51:41] Epoch 19 step [50|100] lr=0.00070000 acc: 97.96% loss: 0.001315
[2018-12-07 16:51:52] Epoch 19 step [60|100] lr=0.00070000 acc: 96.80% loss: 0.001763
[2018-12-07 16:51:58] Epoch 19 step [70|100] lr=0.00070000 acc: 98.62% loss: 0.001939
[2018-12-07 16:52:01] Epoch 19 step [80|100] lr=0.00070000 acc: 98.78% loss: 0.001377
[2018-12-07 16:52:03] Epoch 19 step [90|100] lr=0.00070000 acc: 100.00% loss: 0.001247
[2018-12-07 16:52:04] Epoch 19 step [100|100] lr=0.00070000 acc: 100.00% loss: 0.000385
dev acc: 79.38% loss: 0.011201
test acc: 79.38% loss: 0.010608
not improved, best test acc: 81.25%, in epoch 8
[2018-12-07 16:52:07] Epoch 20 step [10|100] lr=0.00070000 acc: 96.21% loss: 0.002071
[2018-12-07 16:52:10] Epoch 20 step [20|100] lr=0.00070000 acc: 96.03% loss: 0.001626
[2018-12-07 16:52:15] Epoch 20 step [30|100] lr=0.00070000 acc: 97.16% loss: 0.000976
[2018-12-07 16:52:22] Epoch 20 step [40|100] lr=0.00070000 acc: 98.84% loss: 0.000809
[2018-12-07 16:52:30] Epoch 20 step [50|100] lr=0.00070000 acc: 99.10% loss: 0.000713
[2018-12-07 16:52:41] Epoch 20 step [60|100] lr=0.00070000 acc: 98.77% loss: 0.000867
[2018-12-07 16:52:47] Epoch 20 step [70|100] lr=0.00070000 acc: 99.54% loss: 0.000856
[2018-12-07 16:52:50] Epoch 20 step [80|100] lr=0.00070000 acc: 100.00% loss: 0.000338
[2018-12-07 16:52:52] Epoch 20 step [90|100] lr=0.00070000 acc: 100.00% loss: 0.000523
[2018-12-07 16:52:53] Epoch 20 step [100|100] lr=0.00070000 acc: 100.00% loss: 0.000302
dev acc: 77.81% loss: 0.010763
test acc: 79.38% loss: 0.010105
not improved, best test acc: 81.25%, in epoch 8
[2018-12-07 16:52:55] Epoch 21 step [10|100] lr=0.00070000 acc: 96.21% loss: 0.001962
[2018-12-07 16:52:59] Epoch 21 step [20|100] lr=0.00070000 acc: 96.24% loss: 0.001618
[2018-12-07 16:53:04] Epoch 21 step [30|100] lr=0.00070000 acc: 97.36% loss: 0.001262
[2018-12-07 16:53:10] Epoch 21 step [40|100] lr=0.00070000 acc: 99.03% loss: 0.000568
[2018-12-07 16:53:18] Epoch 21 step [50|100] lr=0.00070000 acc: 98.42% loss: 0.000621
[2018-12-07 16:53:28] Epoch 21 step [60|100] lr=0.00070000 acc: 98.28% loss: 0.000939
[2018-12-07 16:53:34] Epoch 21 step [70|100] lr=0.00070000 acc: 100.00% loss: 0.000415
[2018-12-07 16:53:37] Epoch 21 step [80|100] lr=0.00070000 acc: 100.00% loss: 0.000883
[2018-12-07 16:53:38] Epoch 21 step [90|100] lr=0.00070000 acc: 100.00% loss: 0.000160
[2018-12-07 16:53:39] Epoch 21 step [100|100] lr=0.00070000 acc: 100.00% loss: 0.000181
dev acc: 79.06% loss: 0.011544
test acc: 81.25% loss: 0.010844
not improved, best test acc: 81.25%, in epoch 8
[2018-12-07 16:53:42] Epoch 22 step [10|100] lr=0.00070000 acc: 97.67% loss: 0.001833
[2018-12-07 16:53:45] Epoch 22 step [20|100] lr=0.00070000 acc: 97.08% loss: 0.001585
[2018-12-07 16:53:50] Epoch 22 step [30|100] lr=0.00070000 acc: 95.94% loss: 0.001296
[2018-12-07 16:53:57] Epoch 22 step [40|100] lr=0.00070000 acc: 98.45% loss: 0.001014
[2018-12-07 16:54:06] Epoch 22 step [50|100] lr=0.00070000 acc: 98.87% loss: 0.000578
[2018-12-07 16:54:16] Epoch 22 step [60|100] lr=0.00070000 acc: 98.28% loss: 0.000963
[2018-12-07 16:54:22] Epoch 22 step [70|100] lr=0.00070000 acc: 100.00% loss: 0.000202
[2018-12-07 16:54:25] Epoch 22 step [80|100] lr=0.00070000 acc: 100.00% loss: 0.000417
[2018-12-07 16:54:27] Epoch 22 step [90|100] lr=0.00070000 acc: 100.00% loss: 0.000411
[2018-12-07 16:54:28] Epoch 22 step [100|100] lr=0.00070000 acc: 100.00% loss: 0.000232
dev acc: 79.38% loss: 0.011376
test acc: 80.62% loss: 0.010552
not improved, best test acc: 81.25%, in epoch 8
[2018-12-07 16:54:31] Epoch 23 step [10|100] lr=0.00070000 acc: 96.50% loss: 0.001491
[2018-12-07 16:54:34] Epoch 23 step [20|100] lr=0.00070000 acc: 97.70% loss: 0.001366
[2018-12-07 16:54:39] Epoch 23 step [30|100] lr=0.00070000 acc: 97.57% loss: 0.001113
[2018-12-07 16:54:46] Epoch 23 step [40|100] lr=0.00070000 acc: 98.45% loss: 0.000973
[2018-12-07 16:54:55] Epoch 23 step [50|100] lr=0.00070000 acc: 98.19% loss: 0.000691
[2018-12-07 16:55:05] Epoch 23 step [60|100] lr=0.00070000 acc: 98.28% loss: 0.000580
[2018-12-07 16:55:12] Epoch 23 step [70|100] lr=0.00070000 acc: 100.00% loss: 0.000309
[2018-12-07 16:55:14] Epoch 23 step [80|100] lr=0.00070000 acc: 100.00% loss: 0.000196
[2018-12-07 16:55:15] Epoch 23 step [90|100] lr=0.00070000 acc: 100.00% loss: 0.002997
[2018-12-07 16:55:16] Epoch 23 step [100|100] lr=0.00070000 acc: 100.00% loss: 0.000097
dev acc: 77.81% loss: 0.012510
test acc: 81.56% loss: 0.011376
not improved, best test acc: 81.25%, in epoch 8
[2018-12-07 16:55:19] Epoch 24 step [10|100] lr=0.00070000 acc: 97.67% loss: 0.001325
[2018-12-07 16:55:22] Epoch 24 step [20|100] lr=0.00070000 acc: 97.29% loss: 0.001211
[2018-12-07 16:55:27] Epoch 24 step [30|100] lr=0.00070000 acc: 98.17% loss: 0.000646
[2018-12-07 16:55:34] Epoch 24 step [40|100] lr=0.00070000 acc: 98.65% loss: 0.000594
[2018-12-07 16:55:43] Epoch 24 step [50|100] lr=0.00070000 acc: 98.64% loss: 0.000558
[2018-12-07 16:55:54] Epoch 24 step [60|100] lr=0.00070000 acc: 99.01% loss: 0.000566
[2018-12-07 16:56:00] Epoch 24 step [70|100] lr=0.00070000 acc: 99.54% loss: 0.000574
[2018-12-07 16:56:03] Epoch 24 step [80|100] lr=0.00070000 acc: 98.78% loss: 0.010039
[2018-12-07 16:56:04] Epoch 24 step [90|100] lr=0.00070000 acc: 100.00% loss: 0.000527
[2018-12-07 16:56:05] Epoch 24 step [100|100] lr=0.00070000 acc: 100.00% loss: 0.000161
dev acc: 77.81% loss: 0.012582
test acc: 80.00% loss: 0.011451
not improved, best test acc: 81.25%, in epoch 8
16 epoch have not improved, so adjust lr to 0.00049
[2018-12-07 16:56:08] Epoch 25 step [10|100] lr=0.00049000 acc: 98.54% loss: 0.001237
[2018-12-07 16:56:11] Epoch 25 step [20|100] lr=0.00049000 acc: 97.29% loss: 0.001385
[2018-12-07 16:56:16] Epoch 25 step [30|100] lr=0.00049000 acc: 97.77% loss: 0.000853
[2018-12-07 16:56:23] Epoch 25 step [40|100] lr=0.00049000 acc: 99.03% loss: 0.000615
[2018-12-07 16:56:32] Epoch 25 step [50|100] lr=0.00049000 acc: 99.10% loss: 0.000735
[2018-12-07 16:56:42] Epoch 25 step [60|100] lr=0.00049000 acc: 98.77% loss: 0.000759
[2018-12-07 16:56:48] Epoch 25 step [70|100] lr=0.00049000 acc: 100.00% loss: 0.000135
[2018-12-07 16:56:51] Epoch 25 step [80|100] lr=0.00049000 acc: 100.00% loss: 0.000756
[2018-12-07 16:56:53] Epoch 25 step [90|100] lr=0.00049000 acc: 100.00% loss: 0.001480
[2018-12-07 16:56:54] Epoch 25 step [100|100] lr=0.00049000 acc: 100.00% loss: 0.000280
dev acc: 76.56% loss: 0.011672
test acc: 80.00% loss: 0.010942
not improved, best test acc: 81.25%, in epoch 8
[2018-12-07 16:56:57] Epoch 26 step [10|100] lr=0.00049000 acc: 97.67% loss: 0.001197
[2018-12-07 16:57:00] Epoch 26 step [20|100] lr=0.00049000 acc: 97.08% loss: 0.001252
[2018-12-07 16:57:05] Epoch 26 step [30|100] lr=0.00049000 acc: 97.36% loss: 0.000793
[2018-12-07 16:57:11] Epoch 26 step [40|100] lr=0.00049000 acc: 99.03% loss: 0.000571
[2018-12-07 16:57:20] Epoch 26 step [50|100] lr=0.00049000 acc: 99.55% loss: 0.000292
[2018-12-07 16:57:30] Epoch 26 step [60|100] lr=0.00049000 acc: 99.26% loss: 0.000445
[2018-12-07 16:57:36] Epoch 26 step [70|100] lr=0.00049000 acc: 99.54% loss: 0.000332
[2018-12-07 16:57:39] Epoch 26 step [80|100] lr=0.00049000 acc: 100.00% loss: 0.000240
[2018-12-07 16:57:41] Epoch 26 step [90|100] lr=0.00049000 acc: 100.00% loss: 0.000165
[2018-12-07 16:57:42] Epoch 26 step [100|100] lr=0.00049000 acc: 100.00% loss: 0.000430
dev acc: 77.50% loss: 0.011981
test acc: 79.69% loss: 0.011417
not improved, best test acc: 81.25%, in epoch 8
[2018-12-07 16:57:45] Epoch 27 step [10|100] lr=0.00049000 acc: 98.54% loss: 0.001048
[2018-12-07 16:57:48] Epoch 27 step [20|100] lr=0.00049000 acc: 98.54% loss: 0.000824
[2018-12-07 16:57:53] Epoch 27 step [30|100] lr=0.00049000 acc: 99.39% loss: 0.000508
[2018-12-07 16:57:59] Epoch 27 step [40|100] lr=0.00049000 acc: 99.23% loss: 0.000406
[2018-12-07 16:58:08] Epoch 27 step [50|100] lr=0.00049000 acc: 98.87% loss: 0.000477
[2018-12-07 16:58:18] Epoch 27 step [60|100] lr=0.00049000 acc: 99.01% loss: 0.001115
[2018-12-07 16:58:24] Epoch 27 step [70|100] lr=0.00049000 acc: 99.08% loss: 0.001276
[2018-12-07 16:58:27] Epoch 27 step [80|100] lr=0.00049000 acc: 100.00% loss: 0.000062
[2018-12-07 16:58:28] Epoch 27 step [90|100] lr=0.00049000 acc: 100.00% loss: 0.001826
[2018-12-07 16:58:30] Epoch 27 step [100|100] lr=0.00049000 acc: 100.00% loss: 0.000434
dev acc: 77.19% loss: 0.012264
test acc: 78.75% loss: 0.011744
not improved, best test acc: 81.25%, in epoch 8
[2018-12-07 16:58:32] Epoch 28 step [10|100] lr=0.00049000 acc: 98.54% loss: 0.000889
[2018-12-07 16:58:35] Epoch 28 step [20|100] lr=0.00049000 acc: 98.33% loss: 0.000914
[2018-12-07 16:58:39] Epoch 28 step [30|100] lr=0.00049000 acc: 97.77% loss: 0.000813
[2018-12-07 16:58:46] Epoch 28 step [40|100] lr=0.00049000 acc: 99.03% loss: 0.000440
[2018-12-07 16:58:55] Epoch 28 step [50|100] lr=0.00049000 acc: 99.77% loss: 0.000229
[2018-12-07 16:59:05] Epoch 28 step [60|100] lr=0.00049000 acc: 99.75% loss: 0.000312
[2018-12-07 16:59:11] Epoch 28 step [70|100] lr=0.00049000 acc: 100.00% loss: 0.000172
[2018-12-07 16:59:14] Epoch 28 step [80|100] lr=0.00049000 acc: 98.78% loss: 0.001224
[2018-12-07 16:59:16] Epoch 28 step [90|100] lr=0.00049000 acc: 100.00% loss: 0.000033
[2018-12-07 16:59:17] Epoch 28 step [100|100] lr=0.00049000 acc: 100.00% loss: 0.000099
dev acc: 79.06% loss: 0.013447
test acc: 80.94% loss: 0.012589
not improved, best test acc: 81.25%, in epoch 8
[2018-12-07 16:59:19] Epoch 29 step [10|100] lr=0.00049000 acc: 98.83% loss: 0.000988
[2018-12-07 16:59:23] Epoch 29 step [20|100] lr=0.00049000 acc: 97.91% loss: 0.001046
[2018-12-07 16:59:27] Epoch 29 step [30|100] lr=0.00049000 acc: 98.38% loss: 0.000511
[2018-12-07 16:59:33] Epoch 29 step [40|100] lr=0.00049000 acc: 99.61% loss: 0.000331
[2018-12-07 16:59:40] Epoch 29 step [50|100] lr=0.00049000 acc: 99.10% loss: 0.000347
[2018-12-07 16:59:49] Epoch 29 step [60|100] lr=0.00049000 acc: 99.75% loss: 0.000238
[2018-12-07 16:59:55] Epoch 29 step [70|100] lr=0.00049000 acc: 99.54% loss: 0.000440
[2018-12-07 16:59:58] Epoch 29 step [80|100] lr=0.00049000 acc: 100.00% loss: 0.000083
[2018-12-07 16:59:59] Epoch 29 step [90|100] lr=0.00049000 acc: 100.00% loss: 0.000184
[2018-12-07 17:00:00] Epoch 29 step [100|100] lr=0.00049000 acc: 100.00% loss: 0.000166
dev acc: 77.50% loss: 0.012953
test acc: 79.06% loss: 0.011988
not improved, best test acc: 81.25%, in epoch 8
[2018-12-07 17:00:03] Epoch 30 step [10|100] lr=0.00049000 acc: 98.54% loss: 0.001117
[2018-12-07 17:00:06] Epoch 30 step [20|100] lr=0.00049000 acc: 98.33% loss: 0.001080
[2018-12-07 17:00:11] Epoch 30 step [30|100] lr=0.00049000 acc: 98.99% loss: 0.000497
[2018-12-07 17:00:18] Epoch 30 step [40|100] lr=0.00049000 acc: 98.84% loss: 0.000558
[2018-12-07 17:00:26] Epoch 30 step [50|100] lr=0.00049000 acc: 99.32% loss: 0.000432
[2018-12-07 17:00:36] Epoch 30 step [60|100] lr=0.00049000 acc: 99.26% loss: 0.000435
[2018-12-07 17:00:43] Epoch 30 step [70|100] lr=0.00049000 acc: 99.54% loss: 0.000548
[2018-12-07 17:00:45] Epoch 30 step [80|100] lr=0.00049000 acc: 100.00% loss: 0.000134
[2018-12-07 17:00:47] Epoch 30 step [90|100] lr=0.00049000 acc: 100.00% loss: 0.000124
[2018-12-07 17:00:48] Epoch 30 step [100|100] lr=0.00049000 acc: 100.00% loss: 0.028203
dev acc: 78.12% loss: 0.013118
test acc: 81.25% loss: 0.011552
not improved, best test acc: 81.25%, in epoch 8
[2018-12-07 17:00:51] Epoch 31 step [10|100] lr=0.00049000 acc: 98.54% loss: 0.001063
[2018-12-07 17:00:54] Epoch 31 step [20|100] lr=0.00049000 acc: 97.70% loss: 0.001115
[2018-12-07 17:00:59] Epoch 31 step [30|100] lr=0.00049000 acc: 98.78% loss: 0.000740
[2018-12-07 17:01:06] Epoch 31 step [40|100] lr=0.00049000 acc: 99.23% loss: 0.000659
[2018-12-07 17:01:14] Epoch 31 step [50|100] lr=0.00049000 acc: 99.10% loss: 0.000440
[2018-12-07 17:01:25] Epoch 31 step [60|100] lr=0.00049000 acc: 98.03% loss: 0.000796
[2018-12-07 17:01:31] Epoch 31 step [70|100] lr=0.00049000 acc: 99.54% loss: 0.000603
[2018-12-07 17:01:33] Epoch 31 step [80|100] lr=0.00049000 acc: 100.00% loss: 0.000178
[2018-12-07 17:01:35] Epoch 31 step [90|100] lr=0.00049000 acc: 100.00% loss: 0.000828
[2018-12-07 17:01:36] Epoch 31 step [100|100] lr=0.00049000 acc: 100.00% loss: 0.000153
dev acc: 76.25% loss: 0.012498
test acc: 78.12% loss: 0.010998
not improved, best test acc: 81.25%, in epoch 8
[2018-12-07 17:01:39] Epoch 32 step [10|100] lr=0.00049000 acc: 97.96% loss: 0.001089
[2018-12-07 17:01:42] Epoch 32 step [20|100] lr=0.00049000 acc: 97.70% loss: 0.000905
[2018-12-07 17:01:47] Epoch 32 step [30|100] lr=0.00049000 acc: 98.17% loss: 0.000751
[2018-12-07 17:01:54] Epoch 32 step [40|100] lr=0.00049000 acc: 98.84% loss: 0.000544
[2018-12-07 17:02:02] Epoch 32 step [50|100] lr=0.00049000 acc: 99.77% loss: 0.000367
[2018-12-07 17:02:12] Epoch 32 step [60|100] lr=0.00049000 acc: 99.01% loss: 0.000483
[2018-12-07 17:02:18] Epoch 32 step [70|100] lr=0.00049000 acc: 100.00% loss: 0.000153
[2018-12-07 17:02:20] Epoch 32 step [80|100] lr=0.00049000 acc: 100.00% loss: 0.000535
[2018-12-07 17:02:22] Epoch 32 step [90|100] lr=0.00049000 acc: 100.00% loss: 0.000020
[2018-12-07 17:02:23] Epoch 32 step [100|100] lr=0.00049000 acc: 100.00% loss: 0.000612
dev acc: 76.88% loss: 0.012783
test acc: 79.38% loss: 0.011271
not improved, best test acc: 81.25%, in epoch 8
24 epoch have not improved, so adjust lr to 0.000343
[2018-12-07 17:02:26] Epoch 33 step [10|100] lr=0.00034300 acc: 98.25% loss: 0.000954
[2018-12-07 17:02:29] Epoch 33 step [20|100] lr=0.00034300 acc: 98.33% loss: 0.000875
[2018-12-07 17:02:34] Epoch 33 step [30|100] lr=0.00034300 acc: 97.97% loss: 0.000641
[2018-12-07 17:02:41] Epoch 33 step [40|100] lr=0.00034300 acc: 98.84% loss: 0.000507
[2018-12-07 17:02:50] Epoch 33 step [50|100] lr=0.00034300 acc: 99.10% loss: 0.000545
[2018-12-07 17:03:00] Epoch 33 step [60|100] lr=0.00034300 acc: 99.51% loss: 0.000351
[2018-12-07 17:03:06] Epoch 33 step [70|100] lr=0.00034300 acc: 100.00% loss: 0.000160
[2018-12-07 17:03:09] Epoch 33 step [80|100] lr=0.00034300 acc: 100.00% loss: 0.000055
[2018-12-07 17:03:11] Epoch 33 step [90|100] lr=0.00034300 acc: 100.00% loss: 0.002418
[2018-12-07 17:03:12] Epoch 33 step [100|100] lr=0.00034300 acc: 100.00% loss: 0.000107
dev acc: 78.12% loss: 0.013371
test acc: 81.88% loss: 0.011661
not improved, best test acc: 81.25%, in epoch 8
[2018-12-07 17:03:15] Epoch 34 step [10|100] lr=0.00034300 acc: 97.67% loss: 0.001014
[2018-12-07 17:03:18] Epoch 34 step [20|100] lr=0.00034300 acc: 98.75% loss: 0.000796
[2018-12-07 17:03:23] Epoch 34 step [30|100] lr=0.00034300 acc: 98.58% loss: 0.000422
[2018-12-07 17:03:30] Epoch 34 step [40|100] lr=0.00034300 acc: 99.23% loss: 0.000368
[2018-12-07 17:03:38] Epoch 34 step [50|100] lr=0.00034300 acc: 99.55% loss: 0.000253
[2018-12-07 17:03:49] Epoch 34 step [60|100] lr=0.00034300 acc: 99.51% loss: 0.000271
[2018-12-07 17:03:56] Epoch 34 step [70|100] lr=0.00034300 acc: 100.00% loss: 0.000178
[2018-12-07 17:03:58] Epoch 34 step [80|100] lr=0.00034300 acc: 100.00% loss: 0.000086
[2018-12-07 17:04:00] Epoch 34 step [90|100] lr=0.00034300 acc: 100.00% loss: 0.000050
[2018-12-07 17:04:01] Epoch 34 step [100|100] lr=0.00034300 acc: 100.00% loss: 0.000127
dev acc: 78.12% loss: 0.013450
test acc: 80.94% loss: 0.011706
not improved, best test acc: 81.25%, in epoch 8
[2018-12-07 17:04:04] Epoch 35 step [10|100] lr=0.00034300 acc: 97.96% loss: 0.000898
[2018-12-07 17:04:07] Epoch 35 step [20|100] lr=0.00034300 acc: 97.91% loss: 0.000803
[2018-12-07 17:04:12] Epoch 35 step [30|100] lr=0.00034300 acc: 99.19% loss: 0.000356
[2018-12-07 17:04:19] Epoch 35 step [40|100] lr=0.00034300 acc: 99.42% loss: 0.000382
[2018-12-07 17:04:27] Epoch 35 step [50|100] lr=0.00034300 acc: 99.10% loss: 0.000345
[2018-12-07 17:04:37] Epoch 35 step [60|100] lr=0.00034300 acc: 99.75% loss: 0.000242
[2018-12-07 17:04:43] Epoch 35 step [70|100] lr=0.00034300 acc: 100.00% loss: 0.000131
[2018-12-07 17:04:46] Epoch 35 step [80|100] lr=0.00034300 acc: 100.00% loss: 0.000163
[2018-12-07 17:04:47] Epoch 35 step [90|100] lr=0.00034300 acc: 100.00% loss: 0.000053
[2018-12-07 17:04:48] Epoch 35 step [100|100] lr=0.00034300 acc: 100.00% loss: 0.000011
dev acc: 77.50% loss: 0.013695
test acc: 80.00% loss: 0.011909
not improved, best test acc: 81.25%, in epoch 8
[2018-12-07 17:04:51] Epoch 36 step [10|100] lr=0.00034300 acc: 97.96% loss: 0.000949
[2018-12-07 17:04:54] Epoch 36 step [20|100] lr=0.00034300 acc: 98.75% loss: 0.000693
[2018-12-07 17:04:59] Epoch 36 step [30|100] lr=0.00034300 acc: 99.80% loss: 0.000269
[2018-12-07 17:05:06] Epoch 36 step [40|100] lr=0.00034300 acc: 99.61% loss: 0.000317
[2018-12-07 17:05:14] Epoch 36 step [50|100] lr=0.00034300 acc: 99.77% loss: 0.000131
[2018-12-07 17:05:25] Epoch 36 step [60|100] lr=0.00034300 acc: 99.75% loss: 0.000203
[2018-12-07 17:05:31] Epoch 36 step [70|100] lr=0.00034300 acc: 100.00% loss: 0.000356
[2018-12-07 17:05:34] Epoch 36 step [80|100] lr=0.00034300 acc: 100.00% loss: 0.000185
[2018-12-07 17:05:35] Epoch 36 step [90|100] lr=0.00034300 acc: 100.00% loss: 0.000011
[2018-12-07 17:05:37] Epoch 36 step [100|100] lr=0.00034300 acc: 100.00% loss: 0.000023
dev acc: 77.50% loss: 0.013910
test acc: 80.62% loss: 0.012080
not improved, best test acc: 81.25%, in epoch 8
[2018-12-07 17:05:39] Epoch 37 step [10|100] lr=0.00034300 acc: 98.83% loss: 0.000820
[2018-12-07 17:05:42] Epoch 37 step [20|100] lr=0.00034300 acc: 98.54% loss: 0.000676
[2018-12-07 17:05:47] Epoch 37 step [30|100] lr=0.00034300 acc: 98.78% loss: 0.000469
[2018-12-07 17:05:54] Epoch 37 step [40|100] lr=0.00034300 acc: 99.61% loss: 0.000288
[2018-12-07 17:06:03] Epoch 37 step [50|100] lr=0.00034300 acc: 99.10% loss: 0.000434
[2018-12-07 17:06:13] Epoch 37 step [60|100] lr=0.00034300 acc: 100.00% loss: 0.000142
[2018-12-07 17:06:19] Epoch 37 step [70|100] lr=0.00034300 acc: 100.00% loss: 0.000125
[2018-12-07 17:06:22] Epoch 37 step [80|100] lr=0.00034300 acc: 100.00% loss: 0.000017
[2018-12-07 17:06:24] Epoch 37 step [90|100] lr=0.00034300 acc: 100.00% loss: 0.000020
[2018-12-07 17:06:25] Epoch 37 step [100|100] lr=0.00034300 acc: 100.00% loss: 0.000010
dev acc: 77.81% loss: 0.014210
test acc: 80.62% loss: 0.012292
not improved, best test acc: 81.25%, in epoch 8
[2018-12-07 17:06:27] Epoch 38 step [10|100] lr=0.00034300 acc: 97.67% loss: 0.000810
[2018-12-07 17:06:31] Epoch 38 step [20|100] lr=0.00034300 acc: 98.54% loss: 0.000863
[2018-12-07 17:06:36] Epoch 38 step [30|100] lr=0.00034300 acc: 99.19% loss: 0.000416
[2018-12-07 17:06:42] Epoch 38 step [40|100] lr=0.00034300 acc: 99.23% loss: 0.000342
[2018-12-07 17:06:50] Epoch 38 step [50|100] lr=0.00034300 acc: 99.32% loss: 0.000269
[2018-12-07 17:07:01] Epoch 38 step [60|100] lr=0.00034300 acc: 99.51% loss: 0.000603
[2018-12-07 17:07:07] Epoch 38 step [70|100] lr=0.00034300 acc: 100.00% loss: 0.000139
[2018-12-07 17:07:10] Epoch 38 step [80|100] lr=0.00034300 acc: 100.00% loss: 0.000056
[2018-12-07 17:07:11] Epoch 38 step [90|100] lr=0.00034300 acc: 100.00% loss: 0.000020
[2018-12-07 17:07:13] Epoch 38 step [100|100] lr=0.00034300 acc: 100.00% loss: 0.000666
dev acc: 77.81% loss: 0.014516
test acc: 80.00% loss: 0.012511
not improved, best test acc: 81.25%, in epoch 8
[2018-12-07 17:07:15] Epoch 39 step [10|100] lr=0.00034300 acc: 98.83% loss: 0.000599
[2018-12-07 17:07:18] Epoch 39 step [20|100] lr=0.00034300 acc: 98.54% loss: 0.000690
[2018-12-07 17:07:23] Epoch 39 step [30|100] lr=0.00034300 acc: 99.19% loss: 0.000305
[2018-12-07 17:07:31] Epoch 39 step [40|100] lr=0.00034300 acc: 99.42% loss: 0.000345
[2018-12-07 17:07:39] Epoch 39 step [50|100] lr=0.00034300 acc: 99.55% loss: 0.000380
[2018-12-07 17:07:50] Epoch 39 step [60|100] lr=0.00034300 acc: 100.00% loss: 0.000140
[2018-12-07 17:07:56] Epoch 39 step [70|100] lr=0.00034300 acc: 100.00% loss: 0.000068
[2018-12-07 17:07:59] Epoch 39 step [80|100] lr=0.00034300 acc: 100.00% loss: 0.000033
[2018-12-07 17:08:00] Epoch 39 step [90|100] lr=0.00034300 acc: 100.00% loss: 0.000007
[2018-12-07 17:08:01] Epoch 39 step [100|100] lr=0.00034300 acc: 100.00% loss: 0.000007
dev acc: 78.12% loss: 0.014644
test acc: 80.31% loss: 0.012588
not improved, best test acc: 81.25%, in epoch 8
[2018-12-07 17:08:04] Epoch 40 step [10|100] lr=0.00034300 acc: 98.54% loss: 0.000519
[2018-12-07 17:08:07] Epoch 40 step [20|100] lr=0.00034300 acc: 99.16% loss: 0.000462
[2018-12-07 17:08:12] Epoch 40 step [30|100] lr=0.00034300 acc: 99.39% loss: 0.000287
[2018-12-07 17:08:19] Epoch 40 step [40|100] lr=0.00034300 acc: 99.03% loss: 0.000414
[2018-12-07 17:08:28] Epoch 40 step [50|100] lr=0.00034300 acc: 99.55% loss: 0.000364
[2018-12-07 17:08:39] Epoch 40 step [60|100] lr=0.00034300 acc: 99.01% loss: 0.000395
[2018-12-07 17:08:45] Epoch 40 step [70|100] lr=0.00034300 acc: 100.00% loss: 0.000116
[2018-12-07 17:08:48] Epoch 40 step [80|100] lr=0.00034300 acc: 100.00% loss: 0.000075
[2018-12-07 17:08:49] Epoch 40 step [90|100] lr=0.00034300 acc: 100.00% loss: 0.000037
[2018-12-07 17:08:51] Epoch 40 step [100|100] lr=0.00034300 acc: 100.00% loss: 0.000006
dev acc: 78.44% loss: 0.014554
test acc: 80.62% loss: 0.012401
not improved, best test acc: 81.25%, in epoch 8
32 epoch have not improved, so adjust lr to 0.00024009999999999998
[2018-12-07 17:08:53] Epoch 41 step [10|100] lr=0.00024010 acc: 99.42% loss: 0.000531
[2018-12-07 17:08:56] Epoch 41 step [20|100] lr=0.00024010 acc: 99.37% loss: 0.000520
[2018-12-07 17:09:01] Epoch 41 step [30|100] lr=0.00024010 acc: 99.19% loss: 0.000375
[2018-12-07 17:09:08] Epoch 41 step [40|100] lr=0.00024010 acc: 99.23% loss: 0.000322
[2018-12-07 17:09:17] Epoch 41 step [50|100] lr=0.00024010 acc: 99.10% loss: 0.000337
[2018-12-07 17:09:27] Epoch 41 step [60|100] lr=0.00024010 acc: 99.51% loss: 0.000189
[2018-12-07 17:09:33] Epoch 41 step [70|100] lr=0.00024010 acc: 100.00% loss: 0.000128
[2018-12-07 17:09:36] Epoch 41 step [80|100] lr=0.00024010 acc: 100.00% loss: 0.000260
[2018-12-07 17:09:37] Epoch 41 step [90|100] lr=0.00024010 acc: 100.00% loss: 0.000008
[2018-12-07 17:09:39] Epoch 41 step [100|100] lr=0.00024010 acc: 100.00% loss: 0.000025
dev acc: 78.75% loss: 0.014697
test acc: 80.31% loss: 0.012568
not improved, best test acc: 81.25%, in epoch 8
[2018-12-07 17:09:41] Epoch 42 step [10|100] lr=0.00024010 acc: 99.13% loss: 0.000590
[2018-12-07 17:09:44] Epoch 42 step [20|100] lr=0.00024010 acc: 98.96% loss: 0.000526
[2018-12-07 17:09:49] Epoch 42 step [30|100] lr=0.00024010 acc: 99.59% loss: 0.000325
[2018-12-07 17:09:57] Epoch 42 step [40|100] lr=0.00024010 acc: 99.81% loss: 0.000228
[2018-12-07 17:10:05] Epoch 42 step [50|100] lr=0.00024010 acc: 100.00% loss: 0.000137
[2018-12-07 17:10:16] Epoch 42 step [60|100] lr=0.00024010 acc: 100.00% loss: 0.000089
[2018-12-07 17:10:22] Epoch 42 step [70|100] lr=0.00024010 acc: 100.00% loss: 0.000053
[2018-12-07 17:10:25] Epoch 42 step [80|100] lr=0.00024010 acc: 100.00% loss: 0.000186
[2018-12-07 17:10:26] Epoch 42 step [90|100] lr=0.00024010 acc: 100.00% loss: 0.000032
[2018-12-07 17:10:28] Epoch 42 step [100|100] lr=0.00024010 acc: 100.00% loss: 0.000115
dev acc: 77.81% loss: 0.015010
test acc: 80.62% loss: 0.012811
not improved, best test acc: 81.25%, in epoch 8
[2018-12-07 17:10:30] Epoch 43 step [10|100] lr=0.00024010 acc: 98.83% loss: 0.000743
[2018-12-07 17:10:33] Epoch 43 step [20|100] lr=0.00024010 acc: 98.96% loss: 0.000483
[2018-12-07 17:10:38] Epoch 43 step [30|100] lr=0.00024010 acc: 99.39% loss: 0.000369
[2018-12-07 17:10:45] Epoch 43 step [40|100] lr=0.00024010 acc: 99.61% loss: 0.000290
[2018-12-07 17:10:54] Epoch 43 step [50|100] lr=0.00024010 acc: 99.77% loss: 0.000105
[2018-12-07 17:11:05] Epoch 43 step [60|100] lr=0.00024010 acc: 100.00% loss: 0.000188
[2018-12-07 17:11:11] Epoch 43 step [70|100] lr=0.00024010 acc: 99.54% loss: 0.000262
[2018-12-07 17:11:14] Epoch 43 step [80|100] lr=0.00024010 acc: 98.78% loss: 0.000753
[2018-12-07 17:11:15] Epoch 43 step [90|100] lr=0.00024010 acc: 100.00% loss: 0.000006
[2018-12-07 17:11:16] Epoch 43 step [100|100] lr=0.00024010 acc: 100.00% loss: 0.000747
dev acc: 78.12% loss: 0.015474
test acc: 82.19% loss: 0.012943
not improved, best test acc: 81.25%, in epoch 8
[2018-12-07 17:11:19] Epoch 44 step [10|100] lr=0.00024010 acc: 99.42% loss: 0.000547
[2018-12-07 17:11:22] Epoch 44 step [20|100] lr=0.00024010 acc: 98.54% loss: 0.000562
[2018-12-07 17:11:27] Epoch 44 step [30|100] lr=0.00024010 acc: 98.99% loss: 0.000476
[2018-12-07 17:11:34] Epoch 44 step [40|100] lr=0.00024010 acc: 99.61% loss: 0.000194
[2018-12-07 17:11:42] Epoch 44 step [50|100] lr=0.00024010 acc: 99.77% loss: 0.000154
[2018-12-07 17:11:53] Epoch 44 step [60|100] lr=0.00024010 acc: 99.51% loss: 0.000163
[2018-12-07 17:11:59] Epoch 44 step [70|100] lr=0.00024010 acc: 100.00% loss: 0.000033
[2018-12-07 17:12:02] Epoch 44 step [80|100] lr=0.00024010 acc: 100.00% loss: 0.000101
[2018-12-07 17:12:04] Epoch 44 step [90|100] lr=0.00024010 acc: 100.00% loss: 0.000047
[2018-12-07 17:12:05] Epoch 44 step [100|100] lr=0.00024010 acc: 100.00% loss: 0.000027
dev acc: 77.50% loss: 0.015033
test acc: 80.00% loss: 0.012414
not improved, best test acc: 81.25%, in epoch 8
[2018-12-07 17:12:07] Epoch 45 step [10|100] lr=0.00024010 acc: 99.13% loss: 0.000689
[2018-12-07 17:12:10] Epoch 45 step [20|100] lr=0.00024010 acc: 98.33% loss: 0.000869
[2018-12-07 17:12:16] Epoch 45 step [30|100] lr=0.00024010 acc: 99.59% loss: 0.000510
[2018-12-07 17:12:23] Epoch 45 step [40|100] lr=0.00024010 acc: 99.61% loss: 0.000307
[2018-12-07 17:12:31] Epoch 45 step [50|100] lr=0.00024010 acc: 99.55% loss: 0.000254
[2018-12-07 17:12:42] Epoch 45 step [60|100] lr=0.00024010 acc: 99.75% loss: 0.000117
[2018-12-07 17:12:48] Epoch 45 step [70|100] lr=0.00024010 acc: 100.00% loss: 0.000033
[2018-12-07 17:12:51] Epoch 45 step [80|100] lr=0.00024010 acc: 100.00% loss: 0.000069
[2018-12-07 17:12:53] Epoch 45 step [90|100] lr=0.00024010 acc: 100.00% loss: 0.000007
[2018-12-07 17:12:54] Epoch 45 step [100|100] lr=0.00024010 acc: 100.00% loss: 0.000014
dev acc: 78.75% loss: 0.015319
test acc: 79.69% loss: 0.012742
not improved, best test acc: 81.25%, in epoch 8
[2018-12-07 17:12:57] Epoch 46 step [10|100] lr=0.00024010 acc: 99.42% loss: 0.000492
[2018-12-07 17:13:00] Epoch 46 step [20|100] lr=0.00024010 acc: 99.58% loss: 0.000337
[2018-12-07 17:13:05] Epoch 46 step [30|100] lr=0.00024010 acc: 99.19% loss: 0.000268
[2018-12-07 17:13:12] Epoch 46 step [40|100] lr=0.00024010 acc: 100.00% loss: 0.000131
[2018-12-07 17:13:20] Epoch 46 step [50|100] lr=0.00024010 acc: 99.55% loss: 0.000281
[2018-12-07 17:13:31] Epoch 46 step [60|100] lr=0.00024010 acc: 99.51% loss: 0.000197
[2018-12-07 17:13:37] Epoch 46 step [70|100] lr=0.00024010 acc: 99.54% loss: 0.000332
[2018-12-07 17:13:40] Epoch 46 step [80|100] lr=0.00024010 acc: 100.00% loss: 0.000009
[2018-12-07 17:13:42] Epoch 46 step [90|100] lr=0.00024010 acc: 100.00% loss: 0.000105
[2018-12-07 17:13:43] Epoch 46 step [100|100] lr=0.00024010 acc: 100.00% loss: 0.000043
dev acc: 77.19% loss: 0.015388
test acc: 80.00% loss: 0.012743
not improved, best test acc: 81.25%, in epoch 8
[2018-12-07 17:13:46] Epoch 47 step [10|100] lr=0.00024010 acc: 99.13% loss: 0.000506
[2018-12-07 17:13:49] Epoch 47 step [20|100] lr=0.00024010 acc: 99.58% loss: 0.000304
[2018-12-07 17:13:54] Epoch 47 step [30|100] lr=0.00024010 acc: 98.78% loss: 0.000345
[2018-12-07 17:14:01] Epoch 47 step [40|100] lr=0.00024010 acc: 99.61% loss: 0.000316
[2018-12-07 17:14:10] Epoch 47 step [50|100] lr=0.00024010 acc: 99.55% loss: 0.000175
[2018-12-07 17:14:20] Epoch 47 step [60|100] lr=0.00024010 acc: 99.51% loss: 0.000190
[2018-12-07 17:14:26] Epoch 47 step [70|100] lr=0.00024010 acc: 99.54% loss: 0.000386
[2018-12-07 17:14:29] Epoch 47 step [80|100] lr=0.00024010 acc: 100.00% loss: 0.000051
[2018-12-07 17:14:31] Epoch 47 step [90|100] lr=0.00024010 acc: 100.00% loss: 0.000023
[2018-12-07 17:14:32] Epoch 47 step [100|100] lr=0.00024010 acc: 100.00% loss: 0.000030
dev acc: 77.81% loss: 0.015394
test acc: 80.31% loss: 0.012831
not improved, best test acc: 81.25%, in epoch 8
[2018-12-07 17:14:35] Epoch 48 step [10|100] lr=0.00024010 acc: 98.83% loss: 0.000429
[2018-12-07 17:14:38] Epoch 48 step [20|100] lr=0.00024010 acc: 98.96% loss: 0.000447
[2018-12-07 17:14:43] Epoch 48 step [30|100] lr=0.00024010 acc: 99.39% loss: 0.000305
[2018-12-07 17:14:50] Epoch 48 step [40|100] lr=0.00024010 acc: 99.03% loss: 0.000315
[2018-12-07 17:14:59] Epoch 48 step [50|100] lr=0.00024010 acc: 100.00% loss: 0.000127
[2018-12-07 17:15:09] Epoch 48 step [60|100] lr=0.00024010 acc: 100.00% loss: 0.000110
[2018-12-07 17:15:15] Epoch 48 step [70|100] lr=0.00024010 acc: 100.00% loss: 0.000053
[2018-12-07 17:15:18] Epoch 48 step [80|100] lr=0.00024010 acc: 100.00% loss: 0.000020
[2018-12-07 17:15:20] Epoch 48 step [90|100] lr=0.00024010 acc: 100.00% loss: 0.000020
[2018-12-07 17:15:21] Epoch 48 step [100|100] lr=0.00024010 acc: 100.00% loss: 0.000006
dev acc: 78.12% loss: 0.015454
test acc: 80.00% loss: 0.012897
not improved, best test acc: 81.25%, in epoch 8
40 epoch have not improved, so adjust lr to 0.00016806999999999998
[2018-12-07 17:15:24] Epoch 49 step [10|100] lr=0.00016807 acc: 98.54% loss: 0.000587
[2018-12-07 17:15:27] Epoch 49 step [20|100] lr=0.00016807 acc: 99.16% loss: 0.000575
[2018-12-07 17:15:32] Epoch 49 step [30|100] lr=0.00016807 acc: 99.39% loss: 0.000290
[2018-12-07 17:15:39] Epoch 49 step [40|100] lr=0.00016807 acc: 99.42% loss: 0.000353
[2018-12-07 17:15:47] Epoch 49 step [50|100] lr=0.00016807 acc: 100.00% loss: 0.000092
[2018-12-07 17:15:58] Epoch 49 step [60|100] lr=0.00016807 acc: 99.51% loss: 0.000225
[2018-12-07 17:16:04] Epoch 49 step [70|100] lr=0.00016807 acc: 100.00% loss: 0.000044
[2018-12-07 17:16:07] Epoch 49 step [80|100] lr=0.00016807 acc: 100.00% loss: 0.000024
[2018-12-07 17:16:09] Epoch 49 step [90|100] lr=0.00016807 acc: 100.00% loss: 0.000055
[2018-12-07 17:16:10] Epoch 49 step [100|100] lr=0.00016807 acc: 100.00% loss: 0.000052
dev acc: 78.12% loss: 0.015631
test acc: 80.94% loss: 0.013216
not improved, best test acc: 81.25%, in epoch 8
[2018-12-07 17:16:13] Epoch 50 step [10|100] lr=0.00016807 acc: 99.13% loss: 0.000553
[2018-12-07 17:16:16] Epoch 50 step [20|100] lr=0.00016807 acc: 98.75% loss: 0.000438
[2018-12-07 17:16:21] Epoch 50 step [30|100] lr=0.00016807 acc: 99.39% loss: 0.000350
[2018-12-07 17:16:28] Epoch 50 step [40|100] lr=0.00016807 acc: 99.81% loss: 0.000135
[2018-12-07 17:16:37] Epoch 50 step [50|100] lr=0.00016807 acc: 99.10% loss: 0.000291
[2018-12-07 17:16:48] Epoch 50 step [60|100] lr=0.00016807 acc: 99.26% loss: 0.000328
[2018-12-07 17:16:54] Epoch 50 step [70|100] lr=0.00016807 acc: 100.00% loss: 0.000202
[2018-12-07 17:16:57] Epoch 50 step [80|100] lr=0.00016807 acc: 100.00% loss: 0.000021
[2018-12-07 17:16:58] Epoch 50 step [90|100] lr=0.00016807 acc: 100.00% loss: 0.000056
[2018-12-07 17:16:59] Epoch 50 step [100|100] lr=0.00016807 acc: 100.00% loss: 0.000011
dev acc: 78.44% loss: 0.015714
test acc: 80.62% loss: 0.013189
not improved, best test acc: 81.25%, in epoch 8
[2018-12-07 17:17:02] Epoch 51 step [10|100] lr=0.00016807 acc: 98.83% loss: 0.000523
[2018-12-07 17:17:05] Epoch 51 step [20|100] lr=0.00016807 acc: 99.37% loss: 0.000444
[2018-12-07 17:17:10] Epoch 51 step [30|100] lr=0.00016807 acc: 98.99% loss: 0.000455
[2018-12-07 17:17:17] Epoch 51 step [40|100] lr=0.00016807 acc: 99.61% loss: 0.000468
[2018-12-07 17:17:26] Epoch 51 step [50|100] lr=0.00016807 acc: 100.00% loss: 0.000110
[2018-12-07 17:17:36] Epoch 51 step [60|100] lr=0.00016807 acc: 99.75% loss: 0.000127
[2018-12-07 17:17:42] Epoch 51 step [70|100] lr=0.00016807 acc: 100.00% loss: 0.000198
[2018-12-07 17:17:45] Epoch 51 step [80|100] lr=0.00016807 acc: 100.00% loss: 0.000019
[2018-12-07 17:17:46] Epoch 51 step [90|100] lr=0.00016807 acc: 100.00% loss: 0.000014
[2018-12-07 17:17:47] Epoch 51 step [100|100] lr=0.00016807 acc: 100.00% loss: 0.000062
dev acc: 78.44% loss: 0.015611
test acc: 81.25% loss: 0.012986
not improved, best test acc: 81.25%, in epoch 8
[2018-12-07 17:17:50] Epoch 52 step [10|100] lr=0.00016807 acc: 98.83% loss: 0.000726
[2018-12-07 17:17:53] Epoch 52 step [20|100] lr=0.00016807 acc: 98.75% loss: 0.000529
[2018-12-07 17:17:58] Epoch 52 step [30|100] lr=0.00016807 acc: 99.59% loss: 0.000251
[2018-12-07 17:18:05] Epoch 52 step [40|100] lr=0.00016807 acc: 99.61% loss: 0.000218
[2018-12-07 17:18:14] Epoch 52 step [50|100] lr=0.00016807 acc: 99.55% loss: 0.000208
[2018-12-07 17:18:24] Epoch 52 step [60|100] lr=0.00016807 acc: 100.00% loss: 0.000063
[2018-12-07 17:18:31] Epoch 52 step [70|100] lr=0.00016807 acc: 100.00% loss: 0.000053
[2018-12-07 17:18:33] Epoch 52 step [80|100] lr=0.00016807 acc: 100.00% loss: 0.000015
[2018-12-07 17:18:35] Epoch 52 step [90|100] lr=0.00016807 acc: 100.00% loss: 0.000030
[2018-12-07 17:18:36] Epoch 52 step [100|100] lr=0.00016807 acc: 100.00% loss: 0.000035
dev acc: 78.12% loss: 0.015867
test acc: 81.25% loss: 0.013384
not improved, best test acc: 81.25%, in epoch 8
[2018-12-07 17:18:39] Epoch 53 step [10|100] lr=0.00016807 acc: 99.13% loss: 0.000533
[2018-12-07 17:18:42] Epoch 53 step [20|100] lr=0.00016807 acc: 99.58% loss: 0.000383
[2018-12-07 17:18:47] Epoch 53 step [30|100] lr=0.00016807 acc: 99.80% loss: 0.000268
[2018-12-07 17:18:54] Epoch 53 step [40|100] lr=0.00016807 acc: 99.03% loss: 0.000231
[2018-12-07 17:19:03] Epoch 53 step [50|100] lr=0.00016807 acc: 100.00% loss: 0.000081
[2018-12-07 17:19:13] Epoch 53 step [60|100] lr=0.00016807 acc: 100.00% loss: 0.000094
[2018-12-07 17:19:19] Epoch 53 step [70|100] lr=0.00016807 acc: 100.00% loss: 0.000088
[2018-12-07 17:19:22] Epoch 53 step [80|100] lr=0.00016807 acc: 100.00% loss: 0.000275
[2018-12-07 17:19:24] Epoch 53 step [90|100] lr=0.00016807 acc: 100.00% loss: 0.000014
[2018-12-07 17:19:25] Epoch 53 step [100|100] lr=0.00016807 acc: 100.00% loss: 0.000020
dev acc: 78.12% loss: 0.015841
test acc: 80.62% loss: 0.013319
not improved, best test acc: 81.25%, in epoch 8
[2018-12-07 17:19:27] Epoch 54 step [10|100] lr=0.00016807 acc: 99.13% loss: 0.000406
[2018-12-07 17:19:31] Epoch 54 step [20|100] lr=0.00016807 acc: 98.96% loss: 0.000377
[2018-12-07 17:19:36] Epoch 54 step [30|100] lr=0.00016807 acc: 99.19% loss: 0.000354
[2018-12-07 17:19:43] Epoch 54 step [40|100] lr=0.00016807 acc: 99.61% loss: 0.000285
[2018-12-07 17:19:51] Epoch 54 step [50|100] lr=0.00016807 acc: 99.55% loss: 0.000169
[2018-12-07 17:20:02] Epoch 54 step [60|100] lr=0.00016807 acc: 99.51% loss: 0.000171
[2018-12-07 17:20:08] Epoch 54 step [70|100] lr=0.00016807 acc: 100.00% loss: 0.000092
[2018-12-07 17:20:11] Epoch 54 step [80|100] lr=0.00016807 acc: 100.00% loss: 0.000019
[2018-12-07 17:20:12] Epoch 54 step [90|100] lr=0.00016807 acc: 100.00% loss: 0.000026
[2018-12-07 17:20:14] Epoch 54 step [100|100] lr=0.00016807 acc: 100.00% loss: 0.000020
dev acc: 78.44% loss: 0.016116
test acc: 81.25% loss: 0.013715
not improved, best test acc: 81.25%, in epoch 8
[2018-12-07 17:20:16] Epoch 55 step [10|100] lr=0.00016807 acc: 98.83% loss: 0.000482
[2018-12-07 17:20:19] Epoch 55 step [20|100] lr=0.00016807 acc: 99.16% loss: 0.000443
[2018-12-07 17:20:24] Epoch 55 step [30|100] lr=0.00016807 acc: 99.39% loss: 0.000271
[2018-12-07 17:20:31] Epoch 55 step [40|100] lr=0.00016807 acc: 99.42% loss: 0.000195
[2018-12-07 17:20:40] Epoch 55 step [50|100] lr=0.00016807 acc: 100.00% loss: 0.000085
[2018-12-07 17:20:50] Epoch 55 step [60|100] lr=0.00016807 acc: 100.00% loss: 0.000057
[2018-12-07 17:20:56] Epoch 55 step [70|100] lr=0.00016807 acc: 100.00% loss: 0.000053
[2018-12-07 17:20:59] Epoch 55 step [80|100] lr=0.00016807 acc: 100.00% loss: 0.000028
[2018-12-07 17:21:01] Epoch 55 step [90|100] lr=0.00016807 acc: 100.00% loss: 0.000009
[2018-12-07 17:21:02] Epoch 55 step [100|100] lr=0.00016807 acc: 100.00% loss: 0.000026
dev acc: 78.12% loss: 0.016429
test acc: 81.25% loss: 0.013849
not improved, best test acc: 81.25%, in epoch 8
[2018-12-07 17:21:05] Epoch 56 step [10|100] lr=0.00016807 acc: 99.71% loss: 0.000331
[2018-12-07 17:21:08] Epoch 56 step [20|100] lr=0.00016807 acc: 99.16% loss: 0.000374
[2018-12-07 17:21:13] Epoch 56 step [30|100] lr=0.00016807 acc: 99.39% loss: 0.000287
[2018-12-07 17:21:20] Epoch 56 step [40|100] lr=0.00016807 acc: 99.81% loss: 0.000137
[2018-12-07 17:21:28] Epoch 56 step [50|100] lr=0.00016807 acc: 99.77% loss: 0.000125
[2018-12-07 17:21:38] Epoch 56 step [60|100] lr=0.00016807 acc: 99.26% loss: 0.000243
[2018-12-07 17:21:44] Epoch 56 step [70|100] lr=0.00016807 acc: 100.00% loss: 0.000258
[2018-12-07 17:21:47] Epoch 56 step [80|100] lr=0.00016807 acc: 100.00% loss: 0.000041
[2018-12-07 17:21:49] Epoch 56 step [90|100] lr=0.00016807 acc: 100.00% loss: 0.000021
[2018-12-07 17:21:50] Epoch 56 step [100|100] lr=0.00016807 acc: 100.00% loss: 0.000080
dev acc: 78.44% loss: 0.016770
test acc: 82.19% loss: 0.013966
not improved, best test acc: 81.25%, in epoch 8
48 epoch have not improved, so adjust lr to 0.00011764899999999998
[2018-12-07 17:21:53] Epoch 57 step [10|100] lr=0.00011765 acc: 98.83% loss: 0.000507
[2018-12-07 17:21:56] Epoch 57 step [20|100] lr=0.00011765 acc: 98.54% loss: 0.000655
[2018-12-07 17:22:01] Epoch 57 step [30|100] lr=0.00011765 acc: 99.19% loss: 0.000283
[2018-12-07 17:22:08] Epoch 57 step [40|100] lr=0.00011765 acc: 99.81% loss: 0.000145
[2018-12-07 17:22:16] Epoch 57 step [50|100] lr=0.00011765 acc: 100.00% loss: 0.000074
[2018-12-07 17:22:27] Epoch 57 step [60|100] lr=0.00011765 acc: 99.26% loss: 0.000252
[2018-12-07 17:22:32] Epoch 57 step [70|100] lr=0.00011765 acc: 100.00% loss: 0.000202
[2018-12-07 17:22:35] Epoch 57 step [80|100] lr=0.00011765 acc: 100.00% loss: 0.000477
[2018-12-07 17:22:37] Epoch 57 step [90|100] lr=0.00011765 acc: 100.00% loss: 0.000051
[2018-12-07 17:22:38] Epoch 57 step [100|100] lr=0.00011765 acc: 100.00% loss: 0.000040
dev acc: 76.25% loss: 0.016544
test acc: 80.00% loss: 0.013669
not improved, best test acc: 81.25%, in epoch 8
[2018-12-07 17:22:40] Epoch 58 step [10|100] lr=0.00011765 acc: 99.71% loss: 0.000342
[2018-12-07 17:22:43] Epoch 58 step [20|100] lr=0.00011765 acc: 98.75% loss: 0.000549
[2018-12-07 17:22:48] Epoch 58 step [30|100] lr=0.00011765 acc: 98.99% loss: 0.000490
[2018-12-07 17:22:55] Epoch 58 step [40|100] lr=0.00011765 acc: 99.42% loss: 0.000213
[2018-12-07 17:23:04] Epoch 58 step [50|100] lr=0.00011765 acc: 100.00% loss: 0.000173
[2018-12-07 17:23:14] Epoch 58 step [60|100] lr=0.00011765 acc: 99.26% loss: 0.000309
[2018-12-07 17:23:20] Epoch 58 step [70|100] lr=0.00011765 acc: 100.00% loss: 0.000077
[2018-12-07 17:23:23] Epoch 58 step [80|100] lr=0.00011765 acc: 100.00% loss: 0.000005
[2018-12-07 17:23:25] Epoch 58 step [90|100] lr=0.00011765 acc: 100.00% loss: 0.000017
[2018-12-07 17:23:26] Epoch 58 step [100|100] lr=0.00011765 acc: 100.00% loss: 0.000007
dev acc: 77.81% loss: 0.016752
test acc: 81.88% loss: 0.014176
not improved, best test acc: 81.25%, in epoch 8
[2018-12-07 17:23:29] Epoch 59 step [10|100] lr=0.00011765 acc: 99.71% loss: 0.000450
[2018-12-07 17:23:32] Epoch 59 step [20|100] lr=0.00011765 acc: 99.37% loss: 0.000261
[2018-12-07 17:23:37] Epoch 59 step [30|100] lr=0.00011765 acc: 99.39% loss: 0.000223
[2018-12-07 17:23:44] Epoch 59 step [40|100] lr=0.00011765 acc: 100.00% loss: 0.000105
[2018-12-07 17:23:52] Epoch 59 step [50|100] lr=0.00011765 acc: 99.55% loss: 0.000238
[2018-12-07 17:24:03] Epoch 59 step [60|100] lr=0.00011765 acc: 100.00% loss: 0.000057
[2018-12-07 17:24:09] Epoch 59 step [70|100] lr=0.00011765 acc: 100.00% loss: 0.000050
[2018-12-07 17:24:11] Epoch 59 step [80|100] lr=0.00011765 acc: 100.00% loss: 0.000022
[2018-12-07 17:24:13] Epoch 59 step [90|100] lr=0.00011765 acc: 100.00% loss: 0.000094
[2018-12-07 17:24:14] Epoch 59 step [100|100] lr=0.00011765 acc: 100.00% loss: 0.000021
dev acc: 78.12% loss: 0.016759
test acc: 81.25% loss: 0.014146
not improved, best test acc: 81.25%, in epoch 8
[2018-12-07 17:24:17] Epoch 60 step [10|100] lr=0.00011765 acc: 99.13% loss: 0.000495
[2018-12-07 17:24:20] Epoch 60 step [20|100] lr=0.00011765 acc: 99.58% loss: 0.000303
[2018-12-07 17:24:25] Epoch 60 step [30|100] lr=0.00011765 acc: 100.00% loss: 0.000178
[2018-12-07 17:24:32] Epoch 60 step [40|100] lr=0.00011765 acc: 99.61% loss: 0.000262
[2018-12-07 17:24:40] Epoch 60 step [50|100] lr=0.00011765 acc: 99.77% loss: 0.000122
[2018-12-07 17:24:50] Epoch 60 step [60|100] lr=0.00011765 acc: 99.51% loss: 0.000195
[2018-12-07 17:24:56] Epoch 60 step [70|100] lr=0.00011765 acc: 100.00% loss: 0.000044
[2018-12-07 17:24:59] Epoch 60 step [80|100] lr=0.00011765 acc: 100.00% loss: 0.000070
[2018-12-07 17:25:01] Epoch 60 step [90|100] lr=0.00011765 acc: 100.00% loss: 0.000021
[2018-12-07 17:25:02] Epoch 60 step [100|100] lr=0.00011765 acc: 100.00% loss: 0.000024
dev acc: 78.44% loss: 0.016706
test acc: 81.25% loss: 0.013970
not improved, best test acc: 81.25%, in epoch 8
[2018-12-07 17:25:04] Epoch 61 step [10|100] lr=0.00011765 acc: 98.83% loss: 0.000574
[2018-12-07 17:25:08] Epoch 61 step [20|100] lr=0.00011765 acc: 98.33% loss: 0.000633
[2018-12-07 17:25:13] Epoch 61 step [30|100] lr=0.00011765 acc: 99.59% loss: 0.000182
[2018-12-07 17:25:20] Epoch 61 step [40|100] lr=0.00011765 acc: 99.61% loss: 0.000160
[2018-12-07 17:25:28] Epoch 61 step [50|100] lr=0.00011765 acc: 99.55% loss: 0.000144
[2018-12-07 17:25:39] Epoch 61 step [60|100] lr=0.00011765 acc: 100.00% loss: 0.000101
[2018-12-07 17:25:45] Epoch 61 step [70|100] lr=0.00011765 acc: 100.00% loss: 0.000171
[2018-12-07 17:25:48] Epoch 61 step [80|100] lr=0.00011765 acc: 100.00% loss: 0.000023
[2018-12-07 17:25:50] Epoch 61 step [90|100] lr=0.00011765 acc: 100.00% loss: 0.000011
[2018-12-07 17:25:51] Epoch 61 step [100|100] lr=0.00011765 acc: 100.00% loss: 0.000005
dev acc: 79.38% loss: 0.016674
test acc: 80.94% loss: 0.014033
not improved, best test acc: 81.25%, in epoch 8
[2018-12-07 17:25:53] Epoch 62 step [10|100] lr=0.00011765 acc: 99.13% loss: 0.000483
[2018-12-07 17:25:56] Epoch 62 step [20|100] lr=0.00011765 acc: 99.37% loss: 0.000256
[2018-12-07 17:26:01] Epoch 62 step [30|100] lr=0.00011765 acc: 99.80% loss: 0.000155
[2018-12-07 17:26:08] Epoch 62 step [40|100] lr=0.00011765 acc: 99.42% loss: 0.000201
[2018-12-07 17:26:17] Epoch 62 step [50|100] lr=0.00011765 acc: 99.77% loss: 0.000113
[2018-12-07 17:26:27] Epoch 62 step [60|100] lr=0.00011765 acc: 99.75% loss: 0.000181
[2018-12-07 17:26:34] Epoch 62 step [70|100] lr=0.00011765 acc: 100.00% loss: 0.000047
[2018-12-07 17:26:36] Epoch 62 step [80|100] lr=0.00011765 acc: 100.00% loss: 0.000045
[2018-12-07 17:26:38] Epoch 62 step [90|100] lr=0.00011765 acc: 100.00% loss: 0.000006
[2018-12-07 17:26:39] Epoch 62 step [100|100] lr=0.00011765 acc: 100.00% loss: 0.000012
dev acc: 78.12% loss: 0.017004
test acc: 80.94% loss: 0.014287
not improved, best test acc: 81.25%, in epoch 8
[2018-12-07 17:26:42] Epoch 63 step [10|100] lr=0.00011765 acc: 99.13% loss: 0.000567
[2018-12-07 17:26:45] Epoch 63 step [20|100] lr=0.00011765 acc: 99.79% loss: 0.000230
[2018-12-07 17:26:50] Epoch 63 step [30|100] lr=0.00011765 acc: 99.39% loss: 0.000295
[2018-12-07 17:26:57] Epoch 63 step [40|100] lr=0.00011765 acc: 99.03% loss: 0.000459
[2018-12-07 17:27:05] Epoch 63 step [50|100] lr=0.00011765 acc: 100.00% loss: 0.000039
[2018-12-07 17:27:15] Epoch 63 step [60|100] lr=0.00011765 acc: 99.75% loss: 0.000102
[2018-12-07 17:27:22] Epoch 63 step [70|100] lr=0.00011765 acc: 100.00% loss: 0.000109
[2018-12-07 17:27:24] Epoch 63 step [80|100] lr=0.00011765 acc: 100.00% loss: 0.000047
[2018-12-07 17:27:26] Epoch 63 step [90|100] lr=0.00011765 acc: 100.00% loss: 0.000025
[2018-12-07 17:27:27] Epoch 63 step [100|100] lr=0.00011765 acc: 100.00% loss: 0.000002
dev acc: 78.44% loss: 0.016842
test acc: 81.25% loss: 0.014092
not improved, best test acc: 81.25%, in epoch 8
[2018-12-07 17:27:30] Epoch 64 step [10|100] lr=0.00011765 acc: 99.42% loss: 0.000350
[2018-12-07 17:27:33] Epoch 64 step [20|100] lr=0.00011765 acc: 98.54% loss: 0.000459
[2018-12-07 17:27:38] Epoch 64 step [30|100] lr=0.00011765 acc: 99.80% loss: 0.000141
[2018-12-07 17:27:45] Epoch 64 step [40|100] lr=0.00011765 acc: 99.23% loss: 0.000202
[2018-12-07 17:27:53] Epoch 64 step [50|100] lr=0.00011765 acc: 99.77% loss: 0.000098
[2018-12-07 17:28:04] Epoch 64 step [60|100] lr=0.00011765 acc: 99.75% loss: 0.000075
[2018-12-07 17:28:10] Epoch 64 step [70|100] lr=0.00011765 acc: 100.00% loss: 0.000076
[2018-12-07 17:28:13] Epoch 64 step [80|100] lr=0.00011765 acc: 100.00% loss: 0.000037
[2018-12-07 17:28:15] Epoch 64 step [90|100] lr=0.00011765 acc: 100.00% loss: 0.000013
[2018-12-07 17:28:16] Epoch 64 step [100|100] lr=0.00011765 acc: 100.00% loss: 0.000028
dev acc: 78.75% loss: 0.016930
test acc: 81.25% loss: 0.014185
not improved, best test acc: 81.25%, in epoch 8
56 epoch have not improved, so adjust lr to 8.235429999999999e-05
[2018-12-07 17:28:19] Epoch 65 step [10|100] lr=0.00008235 acc: 99.42% loss: 0.000430
[2018-12-07 17:28:22] Epoch 65 step [20|100] lr=0.00008235 acc: 99.16% loss: 0.000363
[2018-12-07 17:28:27] Epoch 65 step [30|100] lr=0.00008235 acc: 99.80% loss: 0.000179
[2018-12-07 17:28:34] Epoch 65 step [40|100] lr=0.00008235 acc: 100.00% loss: 0.000130
[2018-12-07 17:28:42] Epoch 65 step [50|100] lr=0.00008235 acc: 100.00% loss: 0.000097
[2018-12-07 17:28:53] Epoch 65 step [60|100] lr=0.00008235 acc: 100.00% loss: 0.000058
[2018-12-07 17:28:59] Epoch 65 step [70|100] lr=0.00008235 acc: 100.00% loss: 0.000128
[2018-12-07 17:29:02] Epoch 65 step [80|100] lr=0.00008235 acc: 100.00% loss: 0.000293
[2018-12-07 17:29:03] Epoch 65 step [90|100] lr=0.00008235 acc: 100.00% loss: 0.000037
[2018-12-07 17:29:04] Epoch 65 step [100|100] lr=0.00008235 acc: 100.00% loss: 0.000040
dev acc: 79.69% loss: 0.016982
test acc: 81.25% loss: 0.014247
not improved, best test acc: 81.25%, in epoch 65
[2018-12-07 17:29:07] Epoch 66 step [10|100] lr=0.00008235 acc: 99.71% loss: 0.000222
[2018-12-07 17:29:10] Epoch 66 step [20|100] lr=0.00008235 acc: 99.79% loss: 0.000189
[2018-12-07 17:29:15] Epoch 66 step [30|100] lr=0.00008235 acc: 99.59% loss: 0.000149
[2018-12-07 17:29:22] Epoch 66 step [40|100] lr=0.00008235 acc: 99.23% loss: 0.000213
[2018-12-07 17:29:30] Epoch 66 step [50|100] lr=0.00008235 acc: 100.00% loss: 0.000153
[2018-12-07 17:29:41] Epoch 66 step [60|100] lr=0.00008235 acc: 100.00% loss: 0.000039
[2018-12-07 17:29:47] Epoch 66 step [70|100] lr=0.00008235 acc: 99.54% loss: 0.000291
[2018-12-07 17:29:50] Epoch 66 step [80|100] lr=0.00008235 acc: 100.00% loss: 0.000015
[2018-12-07 17:29:51] Epoch 66 step [90|100] lr=0.00008235 acc: 100.00% loss: 0.000029
[2018-12-07 17:29:53] Epoch 66 step [100|100] lr=0.00008235 acc: 100.00% loss: 0.000012
dev acc: 78.75% loss: 0.017360
test acc: 81.25% loss: 0.014672
not improved, best test acc: 81.25%, in epoch 65
[2018-12-07 17:29:55] Epoch 67 step [10|100] lr=0.00008235 acc: 99.13% loss: 0.000426
[2018-12-07 17:29:58] Epoch 67 step [20|100] lr=0.00008235 acc: 99.16% loss: 0.000294
[2018-12-07 17:30:03] Epoch 67 step [30|100] lr=0.00008235 acc: 99.59% loss: 0.000241
[2018-12-07 17:30:10] Epoch 67 step [40|100] lr=0.00008235 acc: 99.61% loss: 0.000177
[2018-12-07 17:30:19] Epoch 67 step [50|100] lr=0.00008235 acc: 99.55% loss: 0.000131
[2018-12-07 17:30:29] Epoch 67 step [60|100] lr=0.00008235 acc: 99.75% loss: 0.000083
[2018-12-07 17:30:35] Epoch 67 step [70|100] lr=0.00008235 acc: 100.00% loss: 0.000027
[2018-12-07 17:30:38] Epoch 67 step [80|100] lr=0.00008235 acc: 100.00% loss: 0.000024
[2018-12-07 17:30:40] Epoch 67 step [90|100] lr=0.00008235 acc: 100.00% loss: 0.000031
[2018-12-07 17:30:41] Epoch 67 step [100|100] lr=0.00008235 acc: 100.00% loss: 0.000014
dev acc: 78.44% loss: 0.017561
test acc: 80.94% loss: 0.014866
not improved, best test acc: 81.25%, in epoch 65
[2018-12-07 17:30:44] Epoch 68 step [10|100] lr=0.00008235 acc: 99.42% loss: 0.000443
[2018-12-07 17:30:47] Epoch 68 step [20|100] lr=0.00008235 acc: 98.96% loss: 0.000387
[2018-12-07 17:30:52] Epoch 68 step [30|100] lr=0.00008235 acc: 99.80% loss: 0.000156
[2018-12-07 17:30:59] Epoch 68 step [40|100] lr=0.00008235 acc: 99.61% loss: 0.000252
[2018-12-07 17:31:07] Epoch 68 step [50|100] lr=0.00008235 acc: 99.77% loss: 0.000111
[2018-12-07 17:31:17] Epoch 68 step [60|100] lr=0.00008235 acc: 99.75% loss: 0.000120
[2018-12-07 17:31:23] Epoch 68 step [70|100] lr=0.00008235 acc: 100.00% loss: 0.000035
[2018-12-07 17:31:26] Epoch 68 step [80|100] lr=0.00008235 acc: 100.00% loss: 0.000051
[2018-12-07 17:31:27] Epoch 68 step [90|100] lr=0.00008235 acc: 100.00% loss: 0.000026
[2018-12-07 17:31:29] Epoch 68 step [100|100] lr=0.00008235 acc: 100.00% loss: 0.000011
dev acc: 77.81% loss: 0.017887
test acc: 81.25% loss: 0.015191
not improved, best test acc: 81.25%, in epoch 65
[2018-12-07 17:31:31] Epoch 69 step [10|100] lr=0.00008235 acc: 99.42% loss: 0.000360
[2018-12-07 17:31:34] Epoch 69 step [20|100] lr=0.00008235 acc: 99.37% loss: 0.000299
[2018-12-07 17:31:40] Epoch 69 step [30|100] lr=0.00008235 acc: 99.59% loss: 0.000180
[2018-12-07 17:31:47] Epoch 69 step [40|100] lr=0.00008235 acc: 99.61% loss: 0.000485
[2018-12-07 17:31:55] Epoch 69 step [50|100] lr=0.00008235 acc: 99.55% loss: 0.000136
[2018-12-07 17:32:06] Epoch 69 step [60|100] lr=0.00008235 acc: 100.00% loss: 0.000126
[2018-12-07 17:32:12] Epoch 69 step [70|100] lr=0.00008235 acc: 100.00% loss: 0.000064
[2018-12-07 17:32:15] Epoch 69 step [80|100] lr=0.00008235 acc: 100.00% loss: 0.000090
[2018-12-07 17:32:16] Epoch 69 step [90|100] lr=0.00008235 acc: 100.00% loss: 0.000016
[2018-12-07 17:32:17] Epoch 69 step [100|100] lr=0.00008235 acc: 100.00% loss: 0.000001
dev acc: 78.12% loss: 0.017708
test acc: 81.88% loss: 0.014904
not improved, best test acc: 81.25%, in epoch 65
[2018-12-07 17:32:20] Epoch 70 step [10|100] lr=0.00008235 acc: 99.71% loss: 0.000313
[2018-12-07 17:32:24] Epoch 70 step [20|100] lr=0.00008235 acc: 100.00% loss: 0.000094
[2018-12-07 17:32:29] Epoch 70 step [30|100] lr=0.00008235 acc: 99.39% loss: 0.000297
[2018-12-07 17:32:36] Epoch 70 step [40|100] lr=0.00008235 acc: 100.00% loss: 0.000071
[2018-12-07 17:32:44] Epoch 70 step [50|100] lr=0.00008235 acc: 99.77% loss: 0.000161
[2018-12-07 17:32:55] Epoch 70 step [60|100] lr=0.00008235 acc: 100.00% loss: 0.000057
[2018-12-07 17:33:01] Epoch 70 step [70|100] lr=0.00008235 acc: 100.00% loss: 0.000014
[2018-12-07 17:33:04] Epoch 70 step [80|100] lr=0.00008235 acc: 100.00% loss: 0.000044
[2018-12-07 17:33:05] Epoch 70 step [90|100] lr=0.00008235 acc: 100.00% loss: 0.000030
[2018-12-07 17:33:07] Epoch 70 step [100|100] lr=0.00008235 acc: 100.00% loss: 0.000017
dev acc: 77.81% loss: 0.017642
test acc: 81.25% loss: 0.014761
not improved, best test acc: 81.25%, in epoch 65
[2018-12-07 17:33:09] Epoch 71 step [10|100] lr=0.00008235 acc: 99.42% loss: 0.000424
[2018-12-07 17:33:12] Epoch 71 step [20|100] lr=0.00008235 acc: 99.37% loss: 0.000302
[2018-12-07 17:33:18] Epoch 71 step [30|100] lr=0.00008235 acc: 99.19% loss: 0.000424
[2018-12-07 17:33:25] Epoch 71 step [40|100] lr=0.00008235 acc: 99.61% loss: 0.000205
[2018-12-07 17:33:33] Epoch 71 step [50|100] lr=0.00008235 acc: 100.00% loss: 0.000063
[2018-12-07 17:33:44] Epoch 71 step [60|100] lr=0.00008235 acc: 99.51% loss: 0.000207
[2018-12-07 17:33:50] Epoch 71 step [70|100] lr=0.00008235 acc: 100.00% loss: 0.000021
[2018-12-07 17:33:53] Epoch 71 step [80|100] lr=0.00008235 acc: 100.00% loss: 0.000020
[2018-12-07 17:33:55] Epoch 71 step [90|100] lr=0.00008235 acc: 100.00% loss: 0.000020
[2018-12-07 17:33:56] Epoch 71 step [100|100] lr=0.00008235 acc: 100.00% loss: 0.000011
dev acc: 78.44% loss: 0.017677
test acc: 81.25% loss: 0.014914
not improved, best test acc: 81.25%, in epoch 65
[2018-12-07 17:33:59] Epoch 72 step [10|100] lr=0.00008235 acc: 100.00% loss: 0.000235
[2018-12-07 17:34:02] Epoch 72 step [20|100] lr=0.00008235 acc: 99.16% loss: 0.000357
[2018-12-07 17:34:07] Epoch 72 step [30|100] lr=0.00008235 acc: 99.19% loss: 0.000268
[2018-12-07 17:34:13] Epoch 72 step [40|100] lr=0.00008235 acc: 100.00% loss: 0.000071
[2018-12-07 17:34:22] Epoch 72 step [50|100] lr=0.00008235 acc: 99.77% loss: 0.000127
[2018-12-07 17:34:32] Epoch 72 step [60|100] lr=0.00008235 acc: 100.00% loss: 0.000045
[2018-12-07 17:34:39] Epoch 72 step [70|100] lr=0.00008235 acc: 100.00% loss: 0.000015
[2018-12-07 17:34:42] Epoch 72 step [80|100] lr=0.00008235 acc: 100.00% loss: 0.000015
[2018-12-07 17:34:43] Epoch 72 step [90|100] lr=0.00008235 acc: 100.00% loss: 0.000003
[2018-12-07 17:34:45] Epoch 72 step [100|100] lr=0.00008235 acc: 100.00% loss: 0.000010
dev acc: 78.12% loss: 0.017878
test acc: 81.56% loss: 0.015147
not improved, best test acc: 81.25%, in epoch 65
[2018-12-07 17:34:47] Epoch 73 step [10|100] lr=0.00008235 acc: 98.54% loss: 0.000559
[2018-12-07 17:34:50] Epoch 73 step [20|100] lr=0.00008235 acc: 98.96% loss: 0.000322
[2018-12-07 17:34:56] Epoch 73 step [30|100] lr=0.00008235 acc: 99.59% loss: 0.000228
[2018-12-07 17:35:03] Epoch 73 step [40|100] lr=0.00008235 acc: 99.61% loss: 0.000228
[2018-12-07 17:35:11] Epoch 73 step [50|100] lr=0.00008235 acc: 100.00% loss: 0.000057
[2018-12-07 17:35:21] Epoch 73 step [60|100] lr=0.00008235 acc: 99.26% loss: 0.000228
[2018-12-07 17:35:28] Epoch 73 step [70|100] lr=0.00008235 acc: 100.00% loss: 0.000035
[2018-12-07 17:35:31] Epoch 73 step [80|100] lr=0.00008235 acc: 100.00% loss: 0.000013
[2018-12-07 17:35:32] Epoch 73 step [90|100] lr=0.00008235 acc: 100.00% loss: 0.000017
[2018-12-07 17:35:33] Epoch 73 step [100|100] lr=0.00008235 acc: 100.00% loss: 0.000017
dev acc: 78.44% loss: 0.017786
test acc: 81.56% loss: 0.015001
not improved, best test acc: 81.25%, in epoch 65
64 epoch have not improved, so adjust lr to 5.764800999999999e-05
[2018-12-07 17:35:36] Epoch 74 step [10|100] lr=0.00005765 acc: 98.83% loss: 0.000422
[2018-12-07 17:35:39] Epoch 74 step [20|100] lr=0.00005765 acc: 99.37% loss: 0.000246
[2018-12-07 17:35:44] Epoch 74 step [30|100] lr=0.00005765 acc: 99.19% loss: 0.000408
[2018-12-07 17:35:51] Epoch 74 step [40|100] lr=0.00005765 acc: 99.81% loss: 0.000240
[2018-12-07 17:35:59] Epoch 74 step [50|100] lr=0.00005765 acc: 99.55% loss: 0.000151
[2018-12-07 17:36:10] Epoch 74 step [60|100] lr=0.00005765 acc: 99.51% loss: 0.000107
[2018-12-07 17:36:16] Epoch 74 step [70|100] lr=0.00005765 acc: 100.00% loss: 0.000031
[2018-12-07 17:36:18] Epoch 74 step [80|100] lr=0.00005765 acc: 100.00% loss: 0.000014
[2018-12-07 17:36:20] Epoch 74 step [90|100] lr=0.00005765 acc: 100.00% loss: 0.000013
[2018-12-07 17:36:21] Epoch 74 step [100|100] lr=0.00005765 acc: 100.00% loss: 0.000017
dev acc: 78.75% loss: 0.017760
test acc: 81.56% loss: 0.014941
not improved, best test acc: 81.25%, in epoch 65
[2018-12-07 17:36:23] Epoch 75 step [10|100] lr=0.00005765 acc: 99.42% loss: 0.000403
[2018-12-07 17:36:27] Epoch 75 step [20|100] lr=0.00005765 acc: 99.79% loss: 0.000206
[2018-12-07 17:36:32] Epoch 75 step [30|100] lr=0.00005765 acc: 99.80% loss: 0.000141
[2018-12-07 17:36:39] Epoch 75 step [40|100] lr=0.00005765 acc: 99.81% loss: 0.000120
[2018-12-07 17:36:47] Epoch 75 step [50|100] lr=0.00005765 acc: 99.55% loss: 0.000238
[2018-12-07 17:36:57] Epoch 75 step [60|100] lr=0.00005765 acc: 100.00% loss: 0.000046
[2018-12-07 17:37:03] Epoch 75 step [70|100] lr=0.00005765 acc: 100.00% loss: 0.000147
[2018-12-07 17:37:06] Epoch 75 step [80|100] lr=0.00005765 acc: 100.00% loss: 0.000005
[2018-12-07 17:37:07] Epoch 75 step [90|100] lr=0.00005765 acc: 100.00% loss: 0.000017
[2018-12-07 17:37:08] Epoch 75 step [100|100] lr=0.00005765 acc: 100.00% loss: 0.000017
dev acc: 78.44% loss: 0.017903
test acc: 81.56% loss: 0.015035
not improved, best test acc: 81.25%, in epoch 65
[2018-12-07 17:37:11] Epoch 76 step [10|100] lr=0.00005765 acc: 100.00% loss: 0.000207
[2018-12-07 17:37:14] Epoch 76 step [20|100] lr=0.00005765 acc: 99.37% loss: 0.000296
[2018-12-07 17:37:19] Epoch 76 step [30|100] lr=0.00005765 acc: 98.58% loss: 0.000476
[2018-12-07 17:37:26] Epoch 76 step [40|100] lr=0.00005765 acc: 99.81% loss: 0.000167
[2018-12-07 17:37:35] Epoch 76 step [50|100] lr=0.00005765 acc: 99.55% loss: 0.000318
[2018-12-07 17:37:45] Epoch 76 step [60|100] lr=0.00005765 acc: 99.51% loss: 0.000239
[2018-12-07 17:37:51] Epoch 76 step [70|100] lr=0.00005765 acc: 100.00% loss: 0.000024
[2018-12-07 17:37:54] Epoch 76 step [80|100] lr=0.00005765 acc: 100.00% loss: 0.000054
[2018-12-07 17:37:55] Epoch 76 step [90|100] lr=0.00005765 acc: 100.00% loss: 0.000005
[2018-12-07 17:37:56] Epoch 76 step [100|100] lr=0.00005765 acc: 100.00% loss: 0.000003
dev acc: 78.44% loss: 0.017791
test acc: 81.56% loss: 0.014926
not improved, best test acc: 81.25%, in epoch 65
[2018-12-07 17:37:59] Epoch 77 step [10|100] lr=0.00005765 acc: 99.71% loss: 0.000535
[2018-12-07 17:38:02] Epoch 77 step [20|100] lr=0.00005765 acc: 99.37% loss: 0.000371
[2018-12-07 17:38:07] Epoch 77 step [30|100] lr=0.00005765 acc: 99.39% loss: 0.000233
[2018-12-07 17:38:15] Epoch 77 step [40|100] lr=0.00005765 acc: 99.81% loss: 0.000088
[2018-12-07 17:38:23] Epoch 77 step [50|100] lr=0.00005765 acc: 100.00% loss: 0.000063
[2018-12-07 17:38:34] Epoch 77 step [60|100] lr=0.00005765 acc: 99.26% loss: 0.000263
[2018-12-07 17:38:40] Epoch 77 step [70|100] lr=0.00005765 acc: 100.00% loss: 0.000079
[2018-12-07 17:38:43] Epoch 77 step [80|100] lr=0.00005765 acc: 100.00% loss: 0.000007
[2018-12-07 17:38:45] Epoch 77 step [90|100] lr=0.00005765 acc: 100.00% loss: 0.000060
[2018-12-07 17:38:46] Epoch 77 step [100|100] lr=0.00005765 acc: 100.00% loss: 0.000007
dev acc: 78.75% loss: 0.017864
test acc: 81.25% loss: 0.014961
not improved, best test acc: 81.25%, in epoch 65
[2018-12-07 17:38:49] Epoch 78 step [10|100] lr=0.00005765 acc: 99.13% loss: 0.000557
[2018-12-07 17:38:52] Epoch 78 step [20|100] lr=0.00005765 acc: 99.58% loss: 0.000210
[2018-12-07 17:38:57] Epoch 78 step [30|100] lr=0.00005765 acc: 99.80% loss: 0.000118
[2018-12-07 17:39:04] Epoch 78 step [40|100] lr=0.00005765 acc: 100.00% loss: 0.000051
[2018-12-07 17:39:12] Epoch 78 step [50|100] lr=0.00005765 acc: 99.32% loss: 0.000151
[2018-12-07 17:39:23] Epoch 78 step [60|100] lr=0.00005765 acc: 100.00% loss: 0.000064
[2018-12-07 17:39:29] Epoch 78 step [70|100] lr=0.00005765 acc: 100.00% loss: 0.000038
[2018-12-07 17:39:32] Epoch 78 step [80|100] lr=0.00005765 acc: 100.00% loss: 0.000056
[2018-12-07 17:39:33] Epoch 78 step [90|100] lr=0.00005765 acc: 100.00% loss: 0.000014
[2018-12-07 17:39:35] Epoch 78 step [100|100] lr=0.00005765 acc: 100.00% loss: 0.000007
dev acc: 78.44% loss: 0.018083
test acc: 81.88% loss: 0.015256
not improved, best test acc: 81.25%, in epoch 65
[2018-12-07 17:39:37] Epoch 79 step [10|100] lr=0.00005765 acc: 99.71% loss: 0.000287
[2018-12-07 17:39:40] Epoch 79 step [20|100] lr=0.00005765 acc: 99.58% loss: 0.000240
[2018-12-07 17:39:46] Epoch 79 step [30|100] lr=0.00005765 acc: 99.80% loss: 0.000117
[2018-12-07 17:39:53] Epoch 79 step [40|100] lr=0.00005765 acc: 99.61% loss: 0.000185
[2018-12-07 17:40:01] Epoch 79 step [50|100] lr=0.00005765 acc: 99.77% loss: 0.000099
[2018-12-07 17:40:11] Epoch 79 step [60|100] lr=0.00005765 acc: 99.75% loss: 0.000118
[2018-12-07 17:40:17] Epoch 79 step [70|100] lr=0.00005765 acc: 99.54% loss: 0.000226
[2018-12-07 17:40:20] Epoch 79 step [80|100] lr=0.00005765 acc: 100.00% loss: 0.000052
[2018-12-07 17:40:21] Epoch 79 step [90|100] lr=0.00005765 acc: 100.00% loss: 0.000005
[2018-12-07 17:40:22] Epoch 79 step [100|100] lr=0.00005765 acc: 100.00% loss: 0.000016
dev acc: 78.44% loss: 0.017882
test acc: 80.62% loss: 0.015031
not improved, best test acc: 81.25%, in epoch 65
[2018-12-07 17:40:25] Epoch 80 step [10|100] lr=0.00005765 acc: 100.00% loss: 0.000166
[2018-12-07 17:40:28] Epoch 80 step [20|100] lr=0.00005765 acc: 99.16% loss: 0.000387
[2018-12-07 17:40:33] Epoch 80 step [30|100] lr=0.00005765 acc: 99.80% loss: 0.000138
[2018-12-07 17:40:40] Epoch 80 step [40|100] lr=0.00005765 acc: 100.00% loss: 0.000091
[2018-12-07 17:40:48] Epoch 80 step [50|100] lr=0.00005765 acc: 100.00% loss: 0.000085
[2018-12-07 17:40:59] Epoch 80 step [60|100] lr=0.00005765 acc: 99.75% loss: 0.000077
[2018-12-07 17:41:05] Epoch 80 step [70|100] lr=0.00005765 acc: 99.54% loss: 0.000147
[2018-12-07 17:41:08] Epoch 80 step [80|100] lr=0.00005765 acc: 100.00% loss: 0.000022
[2018-12-07 17:41:10] Epoch 80 step [90|100] lr=0.00005765 acc: 100.00% loss: 0.000004
[2018-12-07 17:41:11] Epoch 80 step [100|100] lr=0.00005765 acc: 100.00% loss: 0.000008
dev acc: 78.44% loss: 0.018200
test acc: 81.25% loss: 0.015351
not improved, best test acc: 81.25%, in epoch 65
[2018-12-07 17:41:13] Epoch 81 step [10|100] lr=0.00005765 acc: 99.13% loss: 0.000319
[2018-12-07 17:41:16] Epoch 81 step [20|100] lr=0.00005765 acc: 99.16% loss: 0.000218
[2018-12-07 17:41:22] Epoch 81 step [30|100] lr=0.00005765 acc: 99.59% loss: 0.000183
[2018-12-07 17:41:29] Epoch 81 step [40|100] lr=0.00005765 acc: 99.61% loss: 0.000187
[2018-12-07 17:41:37] Epoch 81 step [50|100] lr=0.00005765 acc: 99.77% loss: 0.000122
[2018-12-07 17:41:48] Epoch 81 step [60|100] lr=0.00005765 acc: 99.26% loss: 0.000200
[2018-12-07 17:41:54] Epoch 81 step [70|100] lr=0.00005765 acc: 100.00% loss: 0.000047
[2018-12-07 17:41:57] Epoch 81 step [80|100] lr=0.00005765 acc: 100.00% loss: 0.000032
[2018-12-07 17:41:59] Epoch 81 step [90|100] lr=0.00005765 acc: 100.00% loss: 0.000007
[2018-12-07 17:42:00] Epoch 81 step [100|100] lr=0.00005765 acc: 100.00% loss: 0.000033
dev acc: 78.44% loss: 0.018147
test acc: 81.56% loss: 0.015276
not improved, best test acc: 81.25%, in epoch 65
72 epoch have not improved, so adjust lr to 4.035360699999999e-05
[2018-12-07 17:42:03] Epoch 82 step [10|100] lr=0.00004035 acc: 99.42% loss: 0.000245
[2018-12-07 17:42:06] Epoch 82 step [20|100] lr=0.00004035 acc: 99.58% loss: 0.000227
[2018-12-07 17:42:11] Epoch 82 step [30|100] lr=0.00004035 acc: 99.39% loss: 0.000164
[2018-12-07 17:42:18] Epoch 82 step [40|100] lr=0.00004035 acc: 100.00% loss: 0.000053
[2018-12-07 17:42:26] Epoch 82 step [50|100] lr=0.00004035 acc: 100.00% loss: 0.000038
[2018-12-07 17:42:37] Epoch 82 step [60|100] lr=0.00004035 acc: 100.00% loss: 0.000041
[2018-12-07 17:42:43] Epoch 82 step [70|100] lr=0.00004035 acc: 100.00% loss: 0.000017
[2018-12-07 17:42:46] Epoch 82 step [80|100] lr=0.00004035 acc: 100.00% loss: 0.000024
[2018-12-07 17:42:47] Epoch 82 step [90|100] lr=0.00004035 acc: 100.00% loss: 0.000004
[2018-12-07 17:42:49] Epoch 82 step [100|100] lr=0.00004035 acc: 100.00% loss: 0.000079
dev acc: 78.44% loss: 0.018083
test acc: 81.25% loss: 0.015175
not improved, best test acc: 81.25%, in epoch 65
[2018-12-07 17:42:51] Epoch 83 step [10|100] lr=0.00004035 acc: 99.71% loss: 0.000259
[2018-12-07 17:42:54] Epoch 83 step [20|100] lr=0.00004035 acc: 99.37% loss: 0.000306
[2018-12-07 17:43:00] Epoch 83 step [30|100] lr=0.00004035 acc: 100.00% loss: 0.000082
[2018-12-07 17:43:07] Epoch 83 step [40|100] lr=0.00004035 acc: 99.81% loss: 0.000073
[2018-12-07 17:43:15] Epoch 83 step [50|100] lr=0.00004035 acc: 100.00% loss: 0.000067
[2018-12-07 17:43:26] Epoch 83 step [60|100] lr=0.00004035 acc: 99.75% loss: 0.000144
[2018-12-07 17:43:32] Epoch 83 step [70|100] lr=0.00004035 acc: 100.00% loss: 0.000036
[2018-12-07 17:43:35] Epoch 83 step [80|100] lr=0.00004035 acc: 100.00% loss: 0.000010
[2018-12-07 17:43:36] Epoch 83 step [90|100] lr=0.00004035 acc: 100.00% loss: 0.000022
[2018-12-07 17:43:38] Epoch 83 step [100|100] lr=0.00004035 acc: 100.00% loss: 0.000012
dev acc: 78.44% loss: 0.018180
test acc: 81.25% loss: 0.015271
not improved, best test acc: 81.25%, in epoch 65
[2018-12-07 17:43:40] Epoch 84 step [10|100] lr=0.00004035 acc: 98.83% loss: 0.000354
[2018-12-07 17:43:44] Epoch 84 step [20|100] lr=0.00004035 acc: 99.16% loss: 0.000353
[2018-12-07 17:43:49] Epoch 84 step [30|100] lr=0.00004035 acc: 99.19% loss: 0.000187
[2018-12-07 17:43:56] Epoch 84 step [40|100] lr=0.00004035 acc: 99.81% loss: 0.000175
[2018-12-07 17:44:04] Epoch 84 step [50|100] lr=0.00004035 acc: 99.55% loss: 0.000179
[2018-12-07 17:44:15] Epoch 84 step [60|100] lr=0.00004035 acc: 100.00% loss: 0.000039
[2018-12-07 17:44:21] Epoch 84 step [70|100] lr=0.00004035 acc: 100.00% loss: 0.000017
[2018-12-07 17:44:24] Epoch 84 step [80|100] lr=0.00004035 acc: 100.00% loss: 0.000020
[2018-12-07 17:44:26] Epoch 84 step [90|100] lr=0.00004035 acc: 100.00% loss: 0.000213
[2018-12-07 17:44:27] Epoch 84 step [100|100] lr=0.00004035 acc: 100.00% loss: 0.000075
dev acc: 78.75% loss: 0.018000
test acc: 80.62% loss: 0.015009
not improved, best test acc: 81.25%, in epoch 65
[2018-12-07 17:44:29] Epoch 85 step [10|100] lr=0.00004035 acc: 99.42% loss: 0.000456
[2018-12-07 17:44:33] Epoch 85 step [20|100] lr=0.00004035 acc: 99.16% loss: 0.000407
[2018-12-07 17:44:38] Epoch 85 step [30|100] lr=0.00004035 acc: 99.59% loss: 0.000209
[2018-12-07 17:44:45] Epoch 85 step [40|100] lr=0.00004035 acc: 99.81% loss: 0.000093
[2018-12-07 17:44:53] Epoch 85 step [50|100] lr=0.00004035 acc: 100.00% loss: 0.000054
[2018-12-07 17:45:04] Epoch 85 step [60|100] lr=0.00004035 acc: 99.75% loss: 0.000185
[2018-12-07 17:45:10] Epoch 85 step [70|100] lr=0.00004035 acc: 100.00% loss: 0.000115
[2018-12-07 17:45:13] Epoch 85 step [80|100] lr=0.00004035 acc: 100.00% loss: 0.000015
[2018-12-07 17:45:15] Epoch 85 step [90|100] lr=0.00004035 acc: 100.00% loss: 0.000018
[2018-12-07 17:45:16] Epoch 85 step [100|100] lr=0.00004035 acc: 100.00% loss: 0.000008
dev acc: 78.44% loss: 0.018090
test acc: 80.94% loss: 0.015137
not improved, best test acc: 81.25%, in epoch 65
[2018-12-07 17:45:19] Epoch 86 step [10|100] lr=0.00004035 acc: 99.42% loss: 0.000309
[2018-12-07 17:45:22] Epoch 86 step [20|100] lr=0.00004035 acc: 98.75% loss: 0.000436
[2018-12-07 17:45:27] Epoch 86 step [30|100] lr=0.00004035 acc: 99.19% loss: 0.000335
[2018-12-07 17:45:34] Epoch 86 step [40|100] lr=0.00004035 acc: 99.61% loss: 0.000170
[2018-12-07 17:45:42] Epoch 86 step [50|100] lr=0.00004035 acc: 99.77% loss: 0.000112
[2018-12-07 17:45:53] Epoch 86 step [60|100] lr=0.00004035 acc: 100.00% loss: 0.000060
[2018-12-07 17:45:59] Epoch 86 step [70|100] lr=0.00004035 acc: 99.54% loss: 0.000568
[2018-12-07 17:46:01] Epoch 86 step [80|100] lr=0.00004035 acc: 100.00% loss: 0.000031
[2018-12-07 17:46:03] Epoch 86 step [90|100] lr=0.00004035 acc: 100.00% loss: 0.000024
[2018-12-07 17:46:04] Epoch 86 step [100|100] lr=0.00004035 acc: 100.00% loss: 0.000004
dev acc: 78.44% loss: 0.017962
test acc: 80.94% loss: 0.015027
not improved, best test acc: 81.25%, in epoch 65
[2018-12-07 17:46:07] Epoch 87 step [10|100] lr=0.00004035 acc: 99.13% loss: 0.000388
[2018-12-07 17:46:10] Epoch 87 step [20|100] lr=0.00004035 acc: 99.79% loss: 0.000200
[2018-12-07 17:46:15] Epoch 87 step [30|100] lr=0.00004035 acc: 99.80% loss: 0.000143
[2018-12-07 17:46:22] Epoch 87 step [40|100] lr=0.00004035 acc: 99.61% loss: 0.000190
[2018-12-07 17:46:31] Epoch 87 step [50|100] lr=0.00004035 acc: 100.00% loss: 0.000027
[2018-12-07 17:46:41] Epoch 87 step [60|100] lr=0.00004035 acc: 100.00% loss: 0.000035
[2018-12-07 17:46:47] Epoch 87 step [70|100] lr=0.00004035 acc: 100.00% loss: 0.000045
[2018-12-07 17:46:50] Epoch 87 step [80|100] lr=0.00004035 acc: 100.00% loss: 0.000025
[2018-12-07 17:46:52] Epoch 87 step [90|100] lr=0.00004035 acc: 100.00% loss: 0.000021
[2018-12-07 17:46:53] Epoch 87 step [100|100] lr=0.00004035 acc: 100.00% loss: 0.000008
dev acc: 78.44% loss: 0.018253
test acc: 81.25% loss: 0.015350
not improved, best test acc: 81.25%, in epoch 65
[2018-12-07 17:46:56] Epoch 88 step [10|100] lr=0.00004035 acc: 99.13% loss: 0.000415
[2018-12-07 17:46:59] Epoch 88 step [20|100] lr=0.00004035 acc: 99.79% loss: 0.000185
[2018-12-07 17:47:04] Epoch 88 step [30|100] lr=0.00004035 acc: 99.80% loss: 0.000188
[2018-12-07 17:47:11] Epoch 88 step [40|100] lr=0.00004035 acc: 99.61% loss: 0.000248
[2018-12-07 17:47:19] Epoch 88 step [50|100] lr=0.00004035 acc: 100.00% loss: 0.000037
[2018-12-07 17:47:30] Epoch 88 step [60|100] lr=0.00004035 acc: 99.75% loss: 0.000113
[2018-12-07 17:47:36] Epoch 88 step [70|100] lr=0.00004035 acc: 100.00% loss: 0.000016
[2018-12-07 17:47:39] Epoch 88 step [80|100] lr=0.00004035 acc: 100.00% loss: 0.000006
[2018-12-07 17:47:40] Epoch 88 step [90|100] lr=0.00004035 acc: 100.00% loss: 0.000002
[2018-12-07 17:47:42] Epoch 88 step [100|100] lr=0.00004035 acc: 100.00% loss: 0.000039
dev acc: 78.44% loss: 0.018195
test acc: 81.25% loss: 0.015276
not improved, best test acc: 81.25%, in epoch 65
[2018-12-07 17:47:44] Epoch 89 step [10|100] lr=0.00004035 acc: 99.71% loss: 0.000324
[2018-12-07 17:47:47] Epoch 89 step [20|100] lr=0.00004035 acc: 99.58% loss: 0.000184
[2018-12-07 17:47:52] Epoch 89 step [30|100] lr=0.00004035 acc: 99.80% loss: 0.000092
[2018-12-07 17:48:00] Epoch 89 step [40|100] lr=0.00004035 acc: 100.00% loss: 0.000077
[2018-12-07 17:48:07] Epoch 89 step [50|100] lr=0.00004035 acc: 100.00% loss: 0.000025
[2018-12-07 17:48:18] Epoch 89 step [60|100] lr=0.00004035 acc: 99.26% loss: 0.000206
[2018-12-07 17:48:24] Epoch 89 step [70|100] lr=0.00004035 acc: 100.00% loss: 0.000065
[2018-12-07 17:48:27] Epoch 89 step [80|100] lr=0.00004035 acc: 100.00% loss: 0.000160
[2018-12-07 17:48:29] Epoch 89 step [90|100] lr=0.00004035 acc: 100.00% loss: 0.000127
[2018-12-07 17:48:30] Epoch 89 step [100|100] lr=0.00004035 acc: 100.00% loss: 0.000020
dev acc: 78.75% loss: 0.018376
test acc: 81.56% loss: 0.015463
not improved, best test acc: 81.25%, in epoch 65
80 epoch have not improved, so adjust lr to 2.8247524899999994e-05
[2018-12-07 17:48:33] Epoch 90 step [10|100] lr=0.00002825 acc: 99.13% loss: 0.000461
[2018-12-07 17:48:36] Epoch 90 step [20|100] lr=0.00002825 acc: 99.79% loss: 0.000161
[2018-12-07 17:48:41] Epoch 90 step [30|100] lr=0.00002825 acc: 100.00% loss: 0.000081
[2018-12-07 17:48:48] Epoch 90 step [40|100] lr=0.00002825 acc: 99.23% loss: 0.000310
[2018-12-07 17:48:56] Epoch 90 step [50|100] lr=0.00002825 acc: 99.55% loss: 0.000160
[2018-12-07 17:49:07] Epoch 90 step [60|100] lr=0.00002825 acc: 100.00% loss: 0.000060
[2018-12-07 17:49:13] Epoch 90 step [70|100] lr=0.00002825 acc: 100.00% loss: 0.000038
[2018-12-07 17:49:16] Epoch 90 step [80|100] lr=0.00002825 acc: 100.00% loss: 0.000012
[2018-12-07 17:49:17] Epoch 90 step [90|100] lr=0.00002825 acc: 100.00% loss: 0.000013
[2018-12-07 17:49:19] Epoch 90 step [100|100] lr=0.00002825 acc: 100.00% loss: 0.000025
dev acc: 78.44% loss: 0.018215
test acc: 81.25% loss: 0.015245
not improved, best test acc: 81.25%, in epoch 65
[2018-12-07 17:49:21] Epoch 91 step [10|100] lr=0.00002825 acc: 99.71% loss: 0.000359
[2018-12-07 17:49:24] Epoch 91 step [20|100] lr=0.00002825 acc: 99.58% loss: 0.000319
[2018-12-07 17:49:29] Epoch 91 step [30|100] lr=0.00002825 acc: 99.80% loss: 0.000132
[2018-12-07 17:49:36] Epoch 91 step [40|100] lr=0.00002825 acc: 99.81% loss: 0.000093
[2018-12-07 17:49:45] Epoch 91 step [50|100] lr=0.00002825 acc: 100.00% loss: 0.000072
[2018-12-07 17:49:55] Epoch 91 step [60|100] lr=0.00002825 acc: 99.51% loss: 0.000147
[2018-12-07 17:50:01] Epoch 91 step [70|100] lr=0.00002825 acc: 100.00% loss: 0.000021
[2018-12-07 17:50:04] Epoch 91 step [80|100] lr=0.00002825 acc: 100.00% loss: 0.000021
[2018-12-07 17:50:06] Epoch 91 step [90|100] lr=0.00002825 acc: 100.00% loss: 0.000019
[2018-12-07 17:50:07] Epoch 91 step [100|100] lr=0.00002825 acc: 100.00% loss: 0.000004
dev acc: 78.12% loss: 0.018132
test acc: 81.25% loss: 0.015170
not improved, best test acc: 81.25%, in epoch 65
[2018-12-07 17:50:10] Epoch 92 step [10|100] lr=0.00002825 acc: 99.71% loss: 0.000216
[2018-12-07 17:50:13] Epoch 92 step [20|100] lr=0.00002825 acc: 99.37% loss: 0.000225
[2018-12-07 17:50:18] Epoch 92 step [30|100] lr=0.00002825 acc: 99.80% loss: 0.000135
[2018-12-07 17:50:25] Epoch 92 step [40|100] lr=0.00002825 acc: 100.00% loss: 0.000084
[2018-12-07 17:50:33] Epoch 92 step [50|100] lr=0.00002825 acc: 100.00% loss: 0.000045
[2018-12-07 17:50:44] Epoch 92 step [60|100] lr=0.00002825 acc: 100.00% loss: 0.000061
[2018-12-07 17:50:50] Epoch 92 step [70|100] lr=0.00002825 acc: 100.00% loss: 0.000059
[2018-12-07 17:50:53] Epoch 92 step [80|100] lr=0.00002825 acc: 100.00% loss: 0.000013
[2018-12-07 17:50:55] Epoch 92 step [90|100] lr=0.00002825 acc: 100.00% loss: 0.000003
[2018-12-07 17:50:56] Epoch 92 step [100|100] lr=0.00002825 acc: 100.00% loss: 0.000062
dev acc: 78.12% loss: 0.018148
test acc: 80.94% loss: 0.015175
not improved, best test acc: 81.25%, in epoch 65
[2018-12-07 17:50:59] Epoch 93 step [10|100] lr=0.00002825 acc: 99.13% loss: 0.000470
[2018-12-07 17:51:02] Epoch 93 step [20|100] lr=0.00002825 acc: 99.16% loss: 0.000410
[2018-12-07 17:51:07] Epoch 93 step [30|100] lr=0.00002825 acc: 99.39% loss: 0.000198
[2018-12-07 17:51:14] Epoch 93 step [40|100] lr=0.00002825 acc: 99.81% loss: 0.000185
[2018-12-07 17:51:22] Epoch 93 step [50|100] lr=0.00002825 acc: 100.00% loss: 0.000068
[2018-12-07 17:51:33] Epoch 93 step [60|100] lr=0.00002825 acc: 99.75% loss: 0.000075
[2018-12-07 17:51:39] Epoch 93 step [70|100] lr=0.00002825 acc: 100.00% loss: 0.000022
[2018-12-07 17:51:42] Epoch 93 step [80|100] lr=0.00002825 acc: 100.00% loss: 0.000011
[2018-12-07 17:51:43] Epoch 93 step [90|100] lr=0.00002825 acc: 100.00% loss: 0.000006
[2018-12-07 17:51:44] Epoch 93 step [100|100] lr=0.00002825 acc: 100.00% loss: 0.000013
dev acc: 78.44% loss: 0.018245
test acc: 81.25% loss: 0.015269
not improved, best test acc: 81.25%, in epoch 65
[2018-12-07 17:51:47] Epoch 94 step [10|100] lr=0.00002825 acc: 99.71% loss: 0.000276
[2018-12-07 17:51:50] Epoch 94 step [20|100] lr=0.00002825 acc: 99.16% loss: 0.000306
[2018-12-07 17:51:55] Epoch 94 step [30|100] lr=0.00002825 acc: 99.80% loss: 0.000094
[2018-12-07 17:52:03] Epoch 94 step [40|100] lr=0.00002825 acc: 99.61% loss: 0.000217
[2018-12-07 17:52:11] Epoch 94 step [50|100] lr=0.00002825 acc: 100.00% loss: 0.000089
[2018-12-07 17:52:22] Epoch 94 step [60|100] lr=0.00002825 acc: 100.00% loss: 0.000069
[2018-12-07 17:52:28] Epoch 94 step [70|100] lr=0.00002825 acc: 100.00% loss: 0.000046
[2018-12-07 17:52:31] Epoch 94 step [80|100] lr=0.00002825 acc: 100.00% loss: 0.000009
[2018-12-07 17:52:33] Epoch 94 step [90|100] lr=0.00002825 acc: 100.00% loss: 0.000004
[2018-12-07 17:52:34] Epoch 94 step [100|100] lr=0.00002825 acc: 100.00% loss: 0.000015
dev acc: 78.44% loss: 0.018294
test acc: 81.25% loss: 0.015344
not improved, best test acc: 81.25%, in epoch 65
[2018-12-07 17:52:37] Epoch 95 step [10|100] lr=0.00002825 acc: 99.71% loss: 0.000280
[2018-12-07 17:52:40] Epoch 95 step [20|100] lr=0.00002825 acc: 99.58% loss: 0.000265
[2018-12-07 17:52:45] Epoch 95 step [30|100] lr=0.00002825 acc: 99.59% loss: 0.000157
[2018-12-07 17:52:52] Epoch 95 step [40|100] lr=0.00002825 acc: 99.42% loss: 0.000140
[2018-12-07 17:53:01] Epoch 95 step [50|100] lr=0.00002825 acc: 99.77% loss: 0.000114
[2018-12-07 17:53:12] Epoch 95 step [60|100] lr=0.00002825 acc: 100.00% loss: 0.000071
[2018-12-07 17:53:18] Epoch 95 step [70|100] lr=0.00002825 acc: 100.00% loss: 0.000025
[2018-12-07 17:53:21] Epoch 95 step [80|100] lr=0.00002825 acc: 100.00% loss: 0.000064
[2018-12-07 17:53:22] Epoch 95 step [90|100] lr=0.00002825 acc: 100.00% loss: 0.000005
[2018-12-07 17:53:24] Epoch 95 step [100|100] lr=0.00002825 acc: 100.00% loss: 0.000010
dev acc: 78.44% loss: 0.018249
test acc: 81.25% loss: 0.015282
not improved, best test acc: 81.25%, in epoch 65
[2018-12-07 17:53:26] Epoch 96 step [10|100] lr=0.00002825 acc: 99.42% loss: 0.000227
[2018-12-07 17:53:29] Epoch 96 step [20|100] lr=0.00002825 acc: 100.00% loss: 0.000152
[2018-12-07 17:53:34] Epoch 96 step [30|100] lr=0.00002825 acc: 100.00% loss: 0.000149
[2018-12-07 17:53:41] Epoch 96 step [40|100] lr=0.00002825 acc: 99.81% loss: 0.000089
[2018-12-07 17:53:49] Epoch 96 step [50|100] lr=0.00002825 acc: 100.00% loss: 0.000042
[2018-12-07 17:54:00] Epoch 96 step [60|100] lr=0.00002825 acc: 99.75% loss: 0.000116
[2018-12-07 17:54:06] Epoch 96 step [70|100] lr=0.00002825 acc: 99.54% loss: 0.000413
[2018-12-07 17:54:09] Epoch 96 step [80|100] lr=0.00002825 acc: 100.00% loss: 0.000040
[2018-12-07 17:54:10] Epoch 96 step [90|100] lr=0.00002825 acc: 100.00% loss: 0.000002
[2018-12-07 17:54:12] Epoch 96 step [100|100] lr=0.00002825 acc: 100.00% loss: 0.000002
dev acc: 78.12% loss: 0.018212
test acc: 80.62% loss: 0.015243
not improved, best test acc: 81.25%, in epoch 65
[2018-12-07 17:54:14] Epoch 97 step [10|100] lr=0.00002825 acc: 100.00% loss: 0.000226
[2018-12-07 17:54:17] Epoch 97 step [20|100] lr=0.00002825 acc: 99.16% loss: 0.000318
[2018-12-07 17:54:23] Epoch 97 step [30|100] lr=0.00002825 acc: 99.59% loss: 0.000138
[2018-12-07 17:54:30] Epoch 97 step [40|100] lr=0.00002825 acc: 99.81% loss: 0.000162
[2018-12-07 17:54:38] Epoch 97 step [50|100] lr=0.00002825 acc: 100.00% loss: 0.000031
[2018-12-07 17:54:49] Epoch 97 step [60|100] lr=0.00002825 acc: 99.75% loss: 0.000102
[2018-12-07 17:54:55] Epoch 97 step [70|100] lr=0.00002825 acc: 99.54% loss: 0.000259
[2018-12-07 17:54:58] Epoch 97 step [80|100] lr=0.00002825 acc: 100.00% loss: 0.000044
[2018-12-07 17:55:00] Epoch 97 step [90|100] lr=0.00002825 acc: 100.00% loss: 0.000005
[2018-12-07 17:55:01] Epoch 97 step [100|100] lr=0.00002825 acc: 100.00% loss: 0.000025
dev acc: 78.44% loss: 0.018457
test acc: 81.56% loss: 0.015497
not improved, best test acc: 81.25%, in epoch 65
88 epoch have not improved, so adjust lr to 1.9773267429999995e-05
[2018-12-07 17:55:04] Epoch 98 step [10|100] lr=0.00001977 acc: 99.71% loss: 0.000270
[2018-12-07 17:55:07] Epoch 98 step [20|100] lr=0.00001977 acc: 99.58% loss: 0.000267
[2018-12-07 17:55:12] Epoch 98 step [30|100] lr=0.00001977 acc: 99.39% loss: 0.000218
[2018-12-07 17:55:20] Epoch 98 step [40|100] lr=0.00001977 acc: 100.00% loss: 0.000083
[2018-12-07 17:55:28] Epoch 98 step [50|100] lr=0.00001977 acc: 99.77% loss: 0.000097
[2018-12-07 17:55:39] Epoch 98 step [60|100] lr=0.00001977 acc: 100.00% loss: 0.000053
[2018-12-07 17:55:45] Epoch 98 step [70|100] lr=0.00001977 acc: 100.00% loss: 0.000113
[2018-12-07 17:55:48] Epoch 98 step [80|100] lr=0.00001977 acc: 100.00% loss: 0.000111
[2018-12-07 17:55:50] Epoch 98 step [90|100] lr=0.00001977 acc: 100.00% loss: 0.000002
[2018-12-07 17:55:51] Epoch 98 step [100|100] lr=0.00001977 acc: 100.00% loss: 0.000006
dev acc: 78.44% loss: 0.018394
test acc: 81.25% loss: 0.015405
not improved, best test acc: 81.25%, in epoch 65
[2018-12-07 17:55:54] Epoch 99 step [10|100] lr=0.00001977 acc: 99.71% loss: 0.000490
[2018-12-07 17:55:57] Epoch 99 step [20|100] lr=0.00001977 acc: 99.79% loss: 0.000197
[2018-12-07 17:56:02] Epoch 99 step [30|100] lr=0.00001977 acc: 99.80% loss: 0.000145
[2018-12-07 17:56:09] Epoch 99 step [40|100] lr=0.00001977 acc: 100.00% loss: 0.000109
[2018-12-07 17:56:18] Epoch 99 step [50|100] lr=0.00001977 acc: 99.77% loss: 0.000148
[2018-12-07 17:56:29] Epoch 99 step [60|100] lr=0.00001977 acc: 99.51% loss: 0.000187
[2018-12-07 17:56:35] Epoch 99 step [70|100] lr=0.00001977 acc: 100.00% loss: 0.000096
[2018-12-07 17:56:38] Epoch 99 step [80|100] lr=0.00001977 acc: 100.00% loss: 0.000421
[2018-12-07 17:56:39] Epoch 99 step [90|100] lr=0.00001977 acc: 100.00% loss: 0.000004
[2018-12-07 17:56:41] Epoch 99 step [100|100] lr=0.00001977 acc: 100.00% loss: 0.000014
dev acc: 78.44% loss: 0.018429
test acc: 81.56% loss: 0.015410
not improved, best test acc: 81.25%, in epoch 65
