data_dir=mr_processed_data

----batch----
train_batch_size=64
train_batch_type=normal
dev_batch_size=64
dev_batch_type=normal
test_batch_size=64
test_batch_type=normal
shuffer=True
sort=True

----embedding----
embed_size=100
char_embed_size=50
embed_uniform_init=0.0
pre_embed_path=/home/zrr/projects/Data/glove.6B/glove.6B.100d.txt

----model----
model=treelstm_rel
save_model_dir=save_models
save_model_every=1
save_model_start_from=0
hidden_num=1
hidden_size=100
bidirectional=True
dropout=0.2

----optimizer----
lr=0.001
optim=adam
weight_decay=1e-08
momentum=0.9
early_stop=9999999

----train----
epoch=100
print_every=10

----GPU----
gpu_device=0
use_cuda=False

----seed----
gpu_seed=23
seed=23

----log----
log_dir=log
log_fname=treelstm_rel.mr.log

[2018-12-07 12:32:38] Epoch 0 step [10|133] lr=0.00100000 acc: 51.56% loss: 0.016899
[2018-12-07 12:32:43] Epoch 0 step [20|133] lr=0.00100000 acc: 56.88% loss: 0.011316
[2018-12-07 12:32:49] Epoch 0 step [30|133] lr=0.00100000 acc: 58.44% loss: 0.010589
[2018-12-07 12:32:57] Epoch 0 step [40|133] lr=0.00100000 acc: 64.22% loss: 0.010224
[2018-12-07 12:33:08] Epoch 0 step [50|133] lr=0.00100000 acc: 65.47% loss: 0.009998
[2018-12-07 12:33:20] Epoch 0 step [60|133] lr=0.00100000 acc: 66.25% loss: 0.009827
[2018-12-07 12:33:34] Epoch 0 step [70|133] lr=0.00100000 acc: 66.72% loss: 0.009489
[2018-12-07 12:33:51] Epoch 0 step [80|133] lr=0.00100000 acc: 68.91% loss: 0.009227
[2018-12-07 12:34:09] Epoch 0 step [90|133] lr=0.00100000 acc: 67.97% loss: 0.009348
[2018-12-07 12:34:30] Epoch 0 step [100|133] lr=0.00100000 acc: 69.53% loss: 0.008945
[2018-12-07 12:34:55] Epoch 0 step [110|133] lr=0.00100000 acc: 69.69% loss: 0.009092
[2018-12-07 12:35:26] Epoch 0 step [120|133] lr=0.00100000 acc: 68.12% loss: 0.009250
[2018-12-07 12:36:06] Epoch 0 step [130|133] lr=0.00100000 acc: 70.94% loss: 0.008989
dev acc: 60.64% loss: 0.010152
test acc: 68.85% loss: 0.008892
model saved succeed in save_models/2018-12-07-12-36-29-treelstm_rel-model_epoch_0.pt
Update! best test acc: 68.85%
[2018-12-07 12:36:32] Epoch 1 step [10|133] lr=0.00100000 acc: 81.09% loss: 0.007133
[2018-12-07 12:36:37] Epoch 1 step [20|133] lr=0.00100000 acc: 77.50% loss: 0.007400
[2018-12-07 12:36:43] Epoch 1 step [30|133] lr=0.00100000 acc: 79.38% loss: 0.007127
[2018-12-07 12:36:51] Epoch 1 step [40|133] lr=0.00100000 acc: 77.50% loss: 0.007200
[2018-12-07 12:37:01] Epoch 1 step [50|133] lr=0.00100000 acc: 79.06% loss: 0.006616
[2018-12-07 12:37:13] Epoch 1 step [60|133] lr=0.00100000 acc: 78.12% loss: 0.006928
[2018-12-07 12:37:27] Epoch 1 step [70|133] lr=0.00100000 acc: 75.78% loss: 0.007036
[2018-12-07 12:37:43] Epoch 1 step [80|133] lr=0.00100000 acc: 75.78% loss: 0.007355
[2018-12-07 12:38:03] Epoch 1 step [90|133] lr=0.00100000 acc: 76.56% loss: 0.007588
[2018-12-07 12:38:25] Epoch 1 step [100|133] lr=0.00100000 acc: 78.91% loss: 0.007102
[2018-12-07 12:38:50] Epoch 1 step [110|133] lr=0.00100000 acc: 75.00% loss: 0.007831
[2018-12-07 12:39:21] Epoch 1 step [120|133] lr=0.00100000 acc: 77.81% loss: 0.007123
[2018-12-07 12:40:03] Epoch 1 step [130|133] lr=0.00100000 acc: 80.16% loss: 0.006991
dev acc: 67.29% loss: 0.009220
test acc: 72.85% loss: 0.007920
model saved succeed in save_models/2018-12-07-12-40-27-treelstm_rel-model_epoch_1.pt
Update! best test acc: 72.85%
[2018-12-07 12:40:30] Epoch 2 step [10|133] lr=0.00100000 acc: 83.91% loss: 0.005467
[2018-12-07 12:40:34] Epoch 2 step [20|133] lr=0.00100000 acc: 83.59% loss: 0.005661
[2018-12-07 12:40:41] Epoch 2 step [30|133] lr=0.00100000 acc: 83.28% loss: 0.005513
[2018-12-07 12:40:50] Epoch 2 step [40|133] lr=0.00100000 acc: 84.06% loss: 0.005500
[2018-12-07 12:41:00] Epoch 2 step [50|133] lr=0.00100000 acc: 87.50% loss: 0.004891
[2018-12-07 12:41:11] Epoch 2 step [60|133] lr=0.00100000 acc: 84.69% loss: 0.005429
[2018-12-07 12:41:24] Epoch 2 step [70|133] lr=0.00100000 acc: 85.62% loss: 0.005227
[2018-12-07 12:41:40] Epoch 2 step [80|133] lr=0.00100000 acc: 81.88% loss: 0.006063
[2018-12-07 12:41:59] Epoch 2 step [90|133] lr=0.00100000 acc: 80.47% loss: 0.006406
[2018-12-07 12:42:22] Epoch 2 step [100|133] lr=0.00100000 acc: 85.78% loss: 0.005421
[2018-12-07 12:42:47] Epoch 2 step [110|133] lr=0.00100000 acc: 81.56% loss: 0.006186
[2018-12-07 12:43:18] Epoch 2 step [120|133] lr=0.00100000 acc: 83.12% loss: 0.005647
[2018-12-07 12:43:56] Epoch 2 step [130|133] lr=0.00100000 acc: 84.84% loss: 0.005377
dev acc: 73.83% loss: 0.007856
test acc: 78.12% loss: 0.007212
model saved succeed in save_models/2018-12-07-12-44-20-treelstm_rel-model_epoch_2.pt
Update! best test acc: 78.12%
[2018-12-07 12:44:22] Epoch 3 step [10|133] lr=0.00100000 acc: 89.22% loss: 0.004282
[2018-12-07 12:44:26] Epoch 3 step [20|133] lr=0.00100000 acc: 88.75% loss: 0.004237
[2018-12-07 12:44:32] Epoch 3 step [30|133] lr=0.00100000 acc: 88.44% loss: 0.004345
[2018-12-07 12:44:40] Epoch 3 step [40|133] lr=0.00100000 acc: 87.81% loss: 0.004583
[2018-12-07 12:44:50] Epoch 3 step [50|133] lr=0.00100000 acc: 90.62% loss: 0.003667
[2018-12-07 12:45:02] Epoch 3 step [60|133] lr=0.00100000 acc: 89.22% loss: 0.004361
[2018-12-07 12:45:15] Epoch 3 step [70|133] lr=0.00100000 acc: 88.75% loss: 0.004169
[2018-12-07 12:45:30] Epoch 3 step [80|133] lr=0.00100000 acc: 88.59% loss: 0.004326
[2018-12-07 12:45:47] Epoch 3 step [90|133] lr=0.00100000 acc: 87.81% loss: 0.004894
[2018-12-07 12:46:09] Epoch 3 step [100|133] lr=0.00100000 acc: 88.12% loss: 0.004401
[2018-12-07 12:46:35] Epoch 3 step [110|133] lr=0.00100000 acc: 87.66% loss: 0.004868
[2018-12-07 12:47:06] Epoch 3 step [120|133] lr=0.00100000 acc: 87.97% loss: 0.004345
[2018-12-07 12:47:46] Epoch 3 step [130|133] lr=0.00100000 acc: 89.38% loss: 0.003833
dev acc: 76.56% loss: 0.007479
test acc: 79.20% loss: 0.007256
model saved succeed in save_models/2018-12-07-12-48-11-treelstm_rel-model_epoch_3.pt
Update! best test acc: 79.20%
[2018-12-07 12:48:13] Epoch 4 step [10|133] lr=0.00100000 acc: 89.84% loss: 0.003676
[2018-12-07 12:48:18] Epoch 4 step [20|133] lr=0.00100000 acc: 90.47% loss: 0.003315
[2018-12-07 12:48:24] Epoch 4 step [30|133] lr=0.00100000 acc: 91.72% loss: 0.003197
[2018-12-07 12:48:32] Epoch 4 step [40|133] lr=0.00100000 acc: 90.47% loss: 0.003529
[2018-12-07 12:48:41] Epoch 4 step [50|133] lr=0.00100000 acc: 93.12% loss: 0.003001
[2018-12-07 12:48:53] Epoch 4 step [60|133] lr=0.00100000 acc: 91.25% loss: 0.003488
[2018-12-07 12:49:06] Epoch 4 step [70|133] lr=0.00100000 acc: 91.56% loss: 0.003156
[2018-12-07 12:49:23] Epoch 4 step [80|133] lr=0.00100000 acc: 91.72% loss: 0.003393
[2018-12-07 12:49:42] Epoch 4 step [90|133] lr=0.00100000 acc: 91.41% loss: 0.003410
[2018-12-07 12:50:04] Epoch 4 step [100|133] lr=0.00100000 acc: 94.22% loss: 0.002789
[2018-12-07 12:50:28] Epoch 4 step [110|133] lr=0.00100000 acc: 91.56% loss: 0.003131
[2018-12-07 12:51:00] Epoch 4 step [120|133] lr=0.00100000 acc: 90.94% loss: 0.003599
[2018-12-07 12:51:40] Epoch 4 step [130|133] lr=0.00100000 acc: 93.75% loss: 0.002795
dev acc: 76.76% loss: 0.007627
test acc: 79.59% loss: 0.007762
model saved succeed in save_models/2018-12-07-12-52-05-treelstm_rel-model_epoch_4.pt
Update! best test acc: 79.59%
[2018-12-07 12:52:07] Epoch 5 step [10|133] lr=0.00100000 acc: 90.62% loss: 0.003480
[2018-12-07 12:52:11] Epoch 5 step [20|133] lr=0.00100000 acc: 93.44% loss: 0.002712
[2018-12-07 12:52:17] Epoch 5 step [30|133] lr=0.00100000 acc: 92.66% loss: 0.002806
[2018-12-07 12:52:25] Epoch 5 step [40|133] lr=0.00100000 acc: 92.97% loss: 0.002680
[2018-12-07 12:52:35] Epoch 5 step [50|133] lr=0.00100000 acc: 94.22% loss: 0.002265
[2018-12-07 12:52:46] Epoch 5 step [60|133] lr=0.00100000 acc: 92.97% loss: 0.002444
[2018-12-07 12:52:59] Epoch 5 step [70|133] lr=0.00100000 acc: 93.59% loss: 0.002722
[2018-12-07 12:53:14] Epoch 5 step [80|133] lr=0.00100000 acc: 91.72% loss: 0.002809
[2018-12-07 12:53:33] Epoch 5 step [90|133] lr=0.00100000 acc: 94.53% loss: 0.001996
[2018-12-07 12:53:55] Epoch 5 step [100|133] lr=0.00100000 acc: 95.78% loss: 0.001731
[2018-12-07 12:54:18] Epoch 5 step [110|133] lr=0.00100000 acc: 95.94% loss: 0.001877
[2018-12-07 12:54:48] Epoch 5 step [120|133] lr=0.00100000 acc: 96.09% loss: 0.001870
[2018-12-07 12:55:29] Epoch 5 step [130|133] lr=0.00100000 acc: 94.53% loss: 0.002002
dev acc: 75.59% loss: 0.008657
test acc: 76.56% loss: 0.009791
not improved, best test acc: 79.59%, in epoch 4
[2018-12-07 12:55:55] Epoch 6 step [10|133] lr=0.00100000 acc: 93.28% loss: 0.002738
[2018-12-07 12:55:59] Epoch 6 step [20|133] lr=0.00100000 acc: 94.06% loss: 0.002380
[2018-12-07 12:56:06] Epoch 6 step [30|133] lr=0.00100000 acc: 95.47% loss: 0.001930
[2018-12-07 12:56:15] Epoch 6 step [40|133] lr=0.00100000 acc: 94.38% loss: 0.002288
[2018-12-07 12:56:25] Epoch 6 step [50|133] lr=0.00100000 acc: 95.94% loss: 0.001736
[2018-12-07 12:56:36] Epoch 6 step [60|133] lr=0.00100000 acc: 95.31% loss: 0.001761
[2018-12-07 12:56:49] Epoch 6 step [70|133] lr=0.00100000 acc: 94.22% loss: 0.002043
[2018-12-07 12:57:05] Epoch 6 step [80|133] lr=0.00100000 acc: 93.12% loss: 0.002410
[2018-12-07 12:57:23] Epoch 6 step [90|133] lr=0.00100000 acc: 95.47% loss: 0.001734
[2018-12-07 12:57:45] Epoch 6 step [100|133] lr=0.00100000 acc: 96.25% loss: 0.001520
[2018-12-07 12:58:09] Epoch 6 step [110|133] lr=0.00100000 acc: 96.41% loss: 0.001679
[2018-12-07 12:58:38] Epoch 6 step [120|133] lr=0.00100000 acc: 97.19% loss: 0.001218
[2018-12-07 12:59:16] Epoch 6 step [130|133] lr=0.00100000 acc: 97.03% loss: 0.001157
dev acc: 75.98% loss: 0.008468
test acc: 77.34% loss: 0.010041
not improved, best test acc: 79.59%, in epoch 4
[2018-12-07 12:59:43] Epoch 7 step [10|133] lr=0.00100000 acc: 94.53% loss: 0.002210
[2018-12-07 12:59:47] Epoch 7 step [20|133] lr=0.00100000 acc: 95.31% loss: 0.001908
[2018-12-07 12:59:52] Epoch 7 step [30|133] lr=0.00100000 acc: 95.16% loss: 0.001766
[2018-12-07 13:00:01] Epoch 7 step [40|133] lr=0.00100000 acc: 97.81% loss: 0.001064
[2018-12-07 13:00:12] Epoch 7 step [50|133] lr=0.00100000 acc: 96.41% loss: 0.001250
[2018-12-07 13:00:25] Epoch 7 step [60|133] lr=0.00100000 acc: 96.88% loss: 0.001501
[2018-12-07 13:00:39] Epoch 7 step [70|133] lr=0.00100000 acc: 97.34% loss: 0.001408
[2018-12-07 13:00:55] Epoch 7 step [80|133] lr=0.00100000 acc: 97.03% loss: 0.001262
[2018-12-07 13:01:14] Epoch 7 step [90|133] lr=0.00100000 acc: 97.03% loss: 0.001186
[2018-12-07 13:01:36] Epoch 7 step [100|133] lr=0.00100000 acc: 97.66% loss: 0.000916
[2018-12-07 13:02:02] Epoch 7 step [110|133] lr=0.00100000 acc: 97.19% loss: 0.001162
[2018-12-07 13:02:32] Epoch 7 step [120|133] lr=0.00100000 acc: 97.03% loss: 0.001103
[2018-12-07 13:03:11] Epoch 7 step [130|133] lr=0.00100000 acc: 99.22% loss: 0.000486
dev acc: 75.00% loss: 0.009305
test acc: 77.64% loss: 0.010994
not improved, best test acc: 79.59%, in epoch 4
[2018-12-07 13:03:37] Epoch 8 step [10|133] lr=0.00100000 acc: 95.94% loss: 0.001806
[2018-12-07 13:03:41] Epoch 8 step [20|133] lr=0.00100000 acc: 97.50% loss: 0.001289
[2018-12-07 13:03:46] Epoch 8 step [30|133] lr=0.00100000 acc: 96.72% loss: 0.001340
[2018-12-07 13:03:54] Epoch 8 step [40|133] lr=0.00100000 acc: 98.75% loss: 0.000904
[2018-12-07 13:04:04] Epoch 8 step [50|133] lr=0.00100000 acc: 97.34% loss: 0.000915
[2018-12-07 13:04:15] Epoch 8 step [60|133] lr=0.00100000 acc: 96.88% loss: 0.001000
[2018-12-07 13:04:28] Epoch 8 step [70|133] lr=0.00100000 acc: 96.72% loss: 0.000981
[2018-12-07 13:04:44] Epoch 8 step [80|133] lr=0.00100000 acc: 97.66% loss: 0.001111
[2018-12-07 13:05:02] Epoch 8 step [90|133] lr=0.00100000 acc: 97.34% loss: 0.000848
[2018-12-07 13:05:23] Epoch 8 step [100|133] lr=0.00100000 acc: 98.91% loss: 0.000545
[2018-12-07 13:05:47] Epoch 8 step [110|133] lr=0.00100000 acc: 98.75% loss: 0.000581
[2018-12-07 13:06:18] Epoch 8 step [120|133] lr=0.00100000 acc: 98.44% loss: 0.000613
[2018-12-07 13:06:57] Epoch 8 step [130|133] lr=0.00100000 acc: 98.44% loss: 0.000760
dev acc: 75.49% loss: 0.009355
test acc: 77.44% loss: 0.011274
not improved, best test acc: 79.59%, in epoch 4
[2018-12-07 13:07:23] Epoch 9 step [10|133] lr=0.00100000 acc: 95.94% loss: 0.001606
[2018-12-07 13:07:27] Epoch 9 step [20|133] lr=0.00100000 acc: 97.50% loss: 0.001218
[2018-12-07 13:07:33] Epoch 9 step [30|133] lr=0.00100000 acc: 96.09% loss: 0.001318
[2018-12-07 13:07:41] Epoch 9 step [40|133] lr=0.00100000 acc: 97.66% loss: 0.000969
[2018-12-07 13:07:50] Epoch 9 step [50|133] lr=0.00100000 acc: 97.66% loss: 0.001080
[2018-12-07 13:08:01] Epoch 9 step [60|133] lr=0.00100000 acc: 97.81% loss: 0.000934
[2018-12-07 13:08:14] Epoch 9 step [70|133] lr=0.00100000 acc: 98.12% loss: 0.000938
[2018-12-07 13:08:29] Epoch 9 step [80|133] lr=0.00100000 acc: 99.06% loss: 0.000569
[2018-12-07 13:08:48] Epoch 9 step [90|133] lr=0.00100000 acc: 99.53% loss: 0.000376
[2018-12-07 13:09:09] Epoch 9 step [100|133] lr=0.00100000 acc: 98.91% loss: 0.000477
[2018-12-07 13:09:33] Epoch 9 step [110|133] lr=0.00100000 acc: 99.38% loss: 0.000317
[2018-12-07 13:10:02] Epoch 9 step [120|133] lr=0.00100000 acc: 98.91% loss: 0.000525
[2018-12-07 13:10:42] Epoch 9 step [130|133] lr=0.00100000 acc: 99.22% loss: 0.000385
dev acc: 74.90% loss: 0.010405
test acc: 75.78% loss: 0.013457
not improved, best test acc: 79.59%, in epoch 4
[2018-12-07 13:11:08] Epoch 10 step [10|133] lr=0.00100000 acc: 95.78% loss: 0.001570
[2018-12-07 13:11:13] Epoch 10 step [20|133] lr=0.00100000 acc: 97.50% loss: 0.001136
[2018-12-07 13:11:19] Epoch 10 step [30|133] lr=0.00100000 acc: 97.03% loss: 0.001104
[2018-12-07 13:11:28] Epoch 10 step [40|133] lr=0.00100000 acc: 98.28% loss: 0.000642
[2018-12-07 13:11:39] Epoch 10 step [50|133] lr=0.00100000 acc: 98.12% loss: 0.000771
[2018-12-07 13:11:51] Epoch 10 step [60|133] lr=0.00100000 acc: 98.28% loss: 0.000685
[2018-12-07 13:12:05] Epoch 10 step [70|133] lr=0.00100000 acc: 99.22% loss: 0.000450
[2018-12-07 13:12:21] Epoch 10 step [80|133] lr=0.00100000 acc: 98.12% loss: 0.000781
[2018-12-07 13:12:40] Epoch 10 step [90|133] lr=0.00100000 acc: 99.06% loss: 0.000390
[2018-12-07 13:13:02] Epoch 10 step [100|133] lr=0.00100000 acc: 99.53% loss: 0.000270
[2018-12-07 13:13:27] Epoch 10 step [110|133] lr=0.00100000 acc: 98.59% loss: 0.000524
[2018-12-07 13:13:58] Epoch 10 step [120|133] lr=0.00100000 acc: 99.53% loss: 0.000304
[2018-12-07 13:14:36] Epoch 10 step [130|133] lr=0.00100000 acc: 99.38% loss: 0.000319
dev acc: 74.22% loss: 0.011061
test acc: 73.34% loss: 0.015257
not improved, best test acc: 79.59%, in epoch 4
[2018-12-07 13:15:04] Epoch 11 step [10|133] lr=0.00100000 acc: 96.56% loss: 0.001188
[2018-12-07 13:15:09] Epoch 11 step [20|133] lr=0.00100000 acc: 98.12% loss: 0.000780
[2018-12-07 13:15:15] Epoch 11 step [30|133] lr=0.00100000 acc: 98.12% loss: 0.000778
[2018-12-07 13:15:23] Epoch 11 step [40|133] lr=0.00100000 acc: 97.81% loss: 0.000810
[2018-12-07 13:15:33] Epoch 11 step [50|133] lr=0.00100000 acc: 97.97% loss: 0.000919
[2018-12-07 13:15:46] Epoch 11 step [60|133] lr=0.00100000 acc: 99.22% loss: 0.000506
[2018-12-07 13:16:00] Epoch 11 step [70|133] lr=0.00100000 acc: 97.97% loss: 0.000690
[2018-12-07 13:16:16] Epoch 11 step [80|133] lr=0.00100000 acc: 98.28% loss: 0.000611
[2018-12-07 13:16:35] Epoch 11 step [90|133] lr=0.00100000 acc: 98.91% loss: 0.000412
[2018-12-07 13:16:56] Epoch 11 step [100|133] lr=0.00100000 acc: 99.53% loss: 0.000234
[2018-12-07 13:17:22] Epoch 11 step [110|133] lr=0.00100000 acc: 99.38% loss: 0.000241
[2018-12-07 13:17:53] Epoch 11 step [120|133] lr=0.00100000 acc: 99.53% loss: 0.000207
[2018-12-07 13:18:32] Epoch 11 step [130|133] lr=0.00100000 acc: 99.06% loss: 0.000278
dev acc: 75.29% loss: 0.011675
test acc: 73.54% loss: 0.015624
not improved, best test acc: 79.59%, in epoch 4
[2018-12-07 13:19:00] Epoch 12 step [10|133] lr=0.00100000 acc: 97.03% loss: 0.001005
[2018-12-07 13:19:05] Epoch 12 step [20|133] lr=0.00100000 acc: 98.91% loss: 0.000457
[2018-12-07 13:19:11] Epoch 12 step [30|133] lr=0.00100000 acc: 98.59% loss: 0.000644
[2018-12-07 13:19:20] Epoch 12 step [40|133] lr=0.00100000 acc: 98.28% loss: 0.000623
[2018-12-07 13:19:30] Epoch 12 step [50|133] lr=0.00100000 acc: 98.28% loss: 0.000551
[2018-12-07 13:19:42] Epoch 12 step [60|133] lr=0.00100000 acc: 98.91% loss: 0.000523
[2018-12-07 13:19:56] Epoch 12 step [70|133] lr=0.00100000 acc: 98.75% loss: 0.000538
[2018-12-07 13:20:14] Epoch 12 step [80|133] lr=0.00100000 acc: 98.44% loss: 0.000521
[2018-12-07 13:20:32] Epoch 12 step [90|133] lr=0.00100000 acc: 99.53% loss: 0.000247
[2018-12-07 13:20:54] Epoch 12 step [100|133] lr=0.00100000 acc: 99.06% loss: 0.000482
[2018-12-07 13:21:19] Epoch 12 step [110|133] lr=0.00100000 acc: 99.84% loss: 0.000134
[2018-12-07 13:21:49] Epoch 12 step [120|133] lr=0.00100000 acc: 98.91% loss: 0.000311
[2018-12-07 13:22:29] Epoch 12 step [130|133] lr=0.00100000 acc: 99.38% loss: 0.000232
dev acc: 75.59% loss: 0.011304
test acc: 76.56% loss: 0.014785
not improved, best test acc: 79.59%, in epoch 4
8 epoch have not improved, so adjust lr to 0.0007
[2018-12-07 13:22:56] Epoch 13 step [10|133] lr=0.00070000 acc: 97.34% loss: 0.001173
[2018-12-07 13:23:01] Epoch 13 step [20|133] lr=0.00070000 acc: 98.59% loss: 0.000589
[2018-12-07 13:23:07] Epoch 13 step [30|133] lr=0.00070000 acc: 99.22% loss: 0.000530
[2018-12-07 13:23:16] Epoch 13 step [40|133] lr=0.00070000 acc: 99.53% loss: 0.000438
[2018-12-07 13:23:27] Epoch 13 step [50|133] lr=0.00070000 acc: 98.91% loss: 0.000397
[2018-12-07 13:23:39] Epoch 13 step [60|133] lr=0.00070000 acc: 99.06% loss: 0.000458
[2018-12-07 13:23:53] Epoch 13 step [70|133] lr=0.00070000 acc: 98.28% loss: 0.000607
[2018-12-07 13:24:09] Epoch 13 step [80|133] lr=0.00070000 acc: 99.22% loss: 0.000436
[2018-12-07 13:24:28] Epoch 13 step [90|133] lr=0.00070000 acc: 98.91% loss: 0.000529
[2018-12-07 13:24:49] Epoch 13 step [100|133] lr=0.00070000 acc: 99.06% loss: 0.000395
[2018-12-07 13:25:14] Epoch 13 step [110|133] lr=0.00070000 acc: 99.53% loss: 0.000245
[2018-12-07 13:25:44] Epoch 13 step [120|133] lr=0.00070000 acc: 99.69% loss: 0.000175
[2018-12-07 13:26:23] Epoch 13 step [130|133] lr=0.00070000 acc: 99.69% loss: 0.000141
dev acc: 76.17% loss: 0.010983
test acc: 77.34% loss: 0.014103
not improved, best test acc: 79.59%, in epoch 4
[2018-12-07 13:26:49] Epoch 14 step [10|133] lr=0.00070000 acc: 98.12% loss: 0.000905
[2018-12-07 13:26:54] Epoch 14 step [20|133] lr=0.00070000 acc: 99.22% loss: 0.000367
[2018-12-07 13:27:01] Epoch 14 step [30|133] lr=0.00070000 acc: 98.44% loss: 0.000553
[2018-12-07 13:27:09] Epoch 14 step [40|133] lr=0.00070000 acc: 98.59% loss: 0.000599
[2018-12-07 13:27:20] Epoch 14 step [50|133] lr=0.00070000 acc: 99.38% loss: 0.000206
[2018-12-07 13:27:33] Epoch 14 step [60|133] lr=0.00070000 acc: 98.91% loss: 0.000496
[2018-12-07 13:27:46] Epoch 14 step [70|133] lr=0.00070000 acc: 99.38% loss: 0.000404
[2018-12-07 13:28:03] Epoch 14 step [80|133] lr=0.00070000 acc: 99.06% loss: 0.000367
[2018-12-07 13:28:21] Epoch 14 step [90|133] lr=0.00070000 acc: 98.44% loss: 0.000545
[2018-12-07 13:28:43] Epoch 14 step [100|133] lr=0.00070000 acc: 99.53% loss: 0.000155
[2018-12-07 13:29:08] Epoch 14 step [110|133] lr=0.00070000 acc: 100.00% loss: 0.000129
[2018-12-07 13:29:38] Epoch 14 step [120|133] lr=0.00070000 acc: 100.00% loss: 0.000082
[2018-12-07 13:30:17] Epoch 14 step [130|133] lr=0.00070000 acc: 99.69% loss: 0.000124
dev acc: 76.17% loss: 0.011360
test acc: 77.73% loss: 0.014697
not improved, best test acc: 79.59%, in epoch 4
[2018-12-07 13:30:44] Epoch 15 step [10|133] lr=0.00070000 acc: 98.12% loss: 0.000824
[2018-12-07 13:30:49] Epoch 15 step [20|133] lr=0.00070000 acc: 99.53% loss: 0.000304
[2018-12-07 13:30:56] Epoch 15 step [30|133] lr=0.00070000 acc: 98.75% loss: 0.000534
[2018-12-07 13:31:04] Epoch 15 step [40|133] lr=0.00070000 acc: 98.75% loss: 0.000409
[2018-12-07 13:31:14] Epoch 15 step [50|133] lr=0.00070000 acc: 99.22% loss: 0.000375
[2018-12-07 13:31:26] Epoch 15 step [60|133] lr=0.00070000 acc: 98.59% loss: 0.000502
[2018-12-07 13:31:42] Epoch 15 step [70|133] lr=0.00070000 acc: 99.53% loss: 0.000320
[2018-12-07 13:31:58] Epoch 15 step [80|133] lr=0.00070000 acc: 99.22% loss: 0.000258
[2018-12-07 13:32:17] Epoch 15 step [90|133] lr=0.00070000 acc: 99.53% loss: 0.000291
[2018-12-07 13:32:38] Epoch 15 step [100|133] lr=0.00070000 acc: 99.84% loss: 0.000203
[2018-12-07 13:33:02] Epoch 15 step [110|133] lr=0.00070000 acc: 99.53% loss: 0.000213
[2018-12-07 13:33:33] Epoch 15 step [120|133] lr=0.00070000 acc: 99.53% loss: 0.000160
[2018-12-07 13:34:12] Epoch 15 step [130|133] lr=0.00070000 acc: 99.38% loss: 0.000198
dev acc: 76.66% loss: 0.011684
test acc: 75.98% loss: 0.015437
not improved, best test acc: 79.59%, in epoch 4
[2018-12-07 13:34:39] Epoch 16 step [10|133] lr=0.00070000 acc: 97.97% loss: 0.000762
[2018-12-07 13:34:44] Epoch 16 step [20|133] lr=0.00070000 acc: 99.53% loss: 0.000275
[2018-12-07 13:34:50] Epoch 16 step [30|133] lr=0.00070000 acc: 99.69% loss: 0.000269
[2018-12-07 13:34:59] Epoch 16 step [40|133] lr=0.00070000 acc: 98.59% loss: 0.000387
[2018-12-07 13:35:09] Epoch 16 step [50|133] lr=0.00070000 acc: 99.53% loss: 0.000259
[2018-12-07 13:35:21] Epoch 16 step [60|133] lr=0.00070000 acc: 99.06% loss: 0.000353
[2018-12-07 13:35:36] Epoch 16 step [70|133] lr=0.00070000 acc: 99.06% loss: 0.000251
[2018-12-07 13:35:53] Epoch 16 step [80|133] lr=0.00070000 acc: 99.22% loss: 0.000342
[2018-12-07 13:36:12] Epoch 16 step [90|133] lr=0.00070000 acc: 99.84% loss: 0.000125
[2018-12-07 13:36:34] Epoch 16 step [100|133] lr=0.00070000 acc: 100.00% loss: 0.000083
[2018-12-07 13:36:59] Epoch 16 step [110|133] lr=0.00070000 acc: 99.53% loss: 0.000190
[2018-12-07 13:37:29] Epoch 16 step [120|133] lr=0.00070000 acc: 99.53% loss: 0.000152
[2018-12-07 13:38:09] Epoch 16 step [130|133] lr=0.00070000 acc: 100.00% loss: 0.000076
dev acc: 75.98% loss: 0.011417
test acc: 77.15% loss: 0.015201
not improved, best test acc: 79.59%, in epoch 4
[2018-12-07 13:38:33] Epoch 17 step [10|133] lr=0.00070000 acc: 98.75% loss: 0.000617
[2018-12-07 13:38:37] Epoch 17 step [20|133] lr=0.00070000 acc: 99.38% loss: 0.000342
[2018-12-07 13:38:44] Epoch 17 step [30|133] lr=0.00070000 acc: 99.22% loss: 0.000355
[2018-12-07 13:38:51] Epoch 17 step [40|133] lr=0.00070000 acc: 99.69% loss: 0.000214
[2018-12-07 13:39:00] Epoch 17 step [50|133] lr=0.00070000 acc: 99.53% loss: 0.000230
[2018-12-07 13:39:11] Epoch 17 step [60|133] lr=0.00070000 acc: 99.06% loss: 0.000370
[2018-12-07 13:39:25] Epoch 17 step [70|133] lr=0.00070000 acc: 99.84% loss: 0.000107
[2018-12-07 13:39:40] Epoch 17 step [80|133] lr=0.00070000 acc: 99.84% loss: 0.000266
[2018-12-07 13:39:57] Epoch 17 step [90|133] lr=0.00070000 acc: 99.84% loss: 0.000105
[2018-12-07 13:40:19] Epoch 17 step [100|133] lr=0.00070000 acc: 99.69% loss: 0.000153
[2018-12-07 13:40:43] Epoch 17 step [110|133] lr=0.00070000 acc: 100.00% loss: 0.000053
[2018-12-07 13:41:13] Epoch 17 step [120|133] lr=0.00070000 acc: 99.84% loss: 0.000077
[2018-12-07 13:41:52] Epoch 17 step [130|133] lr=0.00070000 acc: 99.69% loss: 0.000123
dev acc: 76.27% loss: 0.012145
test acc: 77.15% loss: 0.016358
not improved, best test acc: 79.59%, in epoch 4
[2018-12-07 13:42:18] Epoch 18 step [10|133] lr=0.00070000 acc: 98.75% loss: 0.000599
[2018-12-07 13:42:22] Epoch 18 step [20|133] lr=0.00070000 acc: 99.84% loss: 0.000165
[2018-12-07 13:42:28] Epoch 18 step [30|133] lr=0.00070000 acc: 99.69% loss: 0.000198
[2018-12-07 13:42:35] Epoch 18 step [40|133] lr=0.00070000 acc: 99.38% loss: 0.000219
[2018-12-07 13:42:46] Epoch 18 step [50|133] lr=0.00070000 acc: 99.84% loss: 0.000146
[2018-12-07 13:42:57] Epoch 18 step [60|133] lr=0.00070000 acc: 99.53% loss: 0.000161
[2018-12-07 13:43:11] Epoch 18 step [70|133] lr=0.00070000 acc: 99.84% loss: 0.000082
[2018-12-07 13:43:27] Epoch 18 step [80|133] lr=0.00070000 acc: 99.53% loss: 0.000271
[2018-12-07 13:43:45] Epoch 18 step [90|133] lr=0.00070000 acc: 99.53% loss: 0.000121
[2018-12-07 13:44:07] Epoch 18 step [100|133] lr=0.00070000 acc: 99.84% loss: 0.000084
[2018-12-07 13:44:33] Epoch 18 step [110|133] lr=0.00070000 acc: 99.84% loss: 0.000093
[2018-12-07 13:45:03] Epoch 18 step [120|133] lr=0.00070000 acc: 100.00% loss: 0.000052
[2018-12-07 13:45:41] Epoch 18 step [130|133] lr=0.00070000 acc: 100.00% loss: 0.000054
dev acc: 76.27% loss: 0.012663
test acc: 77.25% loss: 0.016841
not improved, best test acc: 79.59%, in epoch 4
[2018-12-07 13:46:07] Epoch 19 step [10|133] lr=0.00070000 acc: 99.06% loss: 0.000459
[2018-12-07 13:46:12] Epoch 19 step [20|133] lr=0.00070000 acc: 99.84% loss: 0.000181
[2018-12-07 13:46:18] Epoch 19 step [30|133] lr=0.00070000 acc: 99.53% loss: 0.000260
[2018-12-07 13:46:26] Epoch 19 step [40|133] lr=0.00070000 acc: 99.06% loss: 0.000367
[2018-12-07 13:46:37] Epoch 19 step [50|133] lr=0.00070000 acc: 99.53% loss: 0.000164
[2018-12-07 13:46:48] Epoch 19 step [60|133] lr=0.00070000 acc: 99.38% loss: 0.000255
[2018-12-07 13:47:03] Epoch 19 step [70|133] lr=0.00070000 acc: 99.53% loss: 0.000209
[2018-12-07 13:47:19] Epoch 19 step [80|133] lr=0.00070000 acc: 100.00% loss: 0.000092
[2018-12-07 13:47:37] Epoch 19 step [90|133] lr=0.00070000 acc: 100.00% loss: 0.000063
[2018-12-07 13:47:59] Epoch 19 step [100|133] lr=0.00070000 acc: 99.53% loss: 0.000136
[2018-12-07 13:48:24] Epoch 19 step [110|133] lr=0.00070000 acc: 99.84% loss: 0.000080
[2018-12-07 13:48:54] Epoch 19 step [120|133] lr=0.00070000 acc: 99.53% loss: 0.000185
[2018-12-07 13:49:33] Epoch 19 step [130|133] lr=0.00070000 acc: 100.00% loss: 0.000080
dev acc: 76.56% loss: 0.012280
test acc: 75.98% loss: 0.016667
not improved, best test acc: 79.59%, in epoch 4
[2018-12-07 13:49:59] Epoch 20 step [10|133] lr=0.00070000 acc: 99.38% loss: 0.000337
[2018-12-07 13:50:04] Epoch 20 step [20|133] lr=0.00070000 acc: 99.53% loss: 0.000241
[2018-12-07 13:50:10] Epoch 20 step [30|133] lr=0.00070000 acc: 99.84% loss: 0.000187
[2018-12-07 13:50:19] Epoch 20 step [40|133] lr=0.00070000 acc: 100.00% loss: 0.000127
[2018-12-07 13:50:29] Epoch 20 step [50|133] lr=0.00070000 acc: 99.69% loss: 0.000169
[2018-12-07 13:50:41] Epoch 20 step [60|133] lr=0.00070000 acc: 99.69% loss: 0.000189
[2018-12-07 13:50:55] Epoch 20 step [70|133] lr=0.00070000 acc: 100.00% loss: 0.000084
[2018-12-07 13:51:12] Epoch 20 step [80|133] lr=0.00070000 acc: 99.69% loss: 0.000121
[2018-12-07 13:51:31] Epoch 20 step [90|133] lr=0.00070000 acc: 100.00% loss: 0.000070
[2018-12-07 13:51:52] Epoch 20 step [100|133] lr=0.00070000 acc: 99.84% loss: 0.000090
[2018-12-07 13:52:17] Epoch 20 step [110|133] lr=0.00070000 acc: 99.84% loss: 0.000091
[2018-12-07 13:52:46] Epoch 20 step [120|133] lr=0.00070000 acc: 99.69% loss: 0.000070
[2018-12-07 13:53:26] Epoch 20 step [130|133] lr=0.00070000 acc: 100.00% loss: 0.000040
dev acc: 75.39% loss: 0.012634
test acc: 76.86% loss: 0.017216
not improved, best test acc: 79.59%, in epoch 4
16 epoch have not improved, so adjust lr to 0.00049
[2018-12-07 13:53:52] Epoch 21 step [10|133] lr=0.00049000 acc: 99.22% loss: 0.000323
[2018-12-07 13:53:56] Epoch 21 step [20|133] lr=0.00049000 acc: 99.53% loss: 0.000299
[2018-12-07 13:54:03] Epoch 21 step [30|133] lr=0.00049000 acc: 99.69% loss: 0.000208
[2018-12-07 13:54:12] Epoch 21 step [40|133] lr=0.00049000 acc: 99.84% loss: 0.000143
[2018-12-07 13:54:23] Epoch 21 step [50|133] lr=0.00049000 acc: 99.84% loss: 0.000109
[2018-12-07 13:54:35] Epoch 21 step [60|133] lr=0.00049000 acc: 99.69% loss: 0.000125
[2018-12-07 13:54:49] Epoch 21 step [70|133] lr=0.00049000 acc: 99.69% loss: 0.000191
[2018-12-07 13:55:05] Epoch 21 step [80|133] lr=0.00049000 acc: 99.69% loss: 0.000150
[2018-12-07 13:55:23] Epoch 21 step [90|133] lr=0.00049000 acc: 100.00% loss: 0.000024
[2018-12-07 13:55:45] Epoch 21 step [100|133] lr=0.00049000 acc: 99.53% loss: 0.000089
[2018-12-07 13:56:10] Epoch 21 step [110|133] lr=0.00049000 acc: 100.00% loss: 0.000054
[2018-12-07 13:56:40] Epoch 21 step [120|133] lr=0.00049000 acc: 100.00% loss: 0.000031
[2018-12-07 13:57:18] Epoch 21 step [130|133] lr=0.00049000 acc: 99.84% loss: 0.000041
dev acc: 75.68% loss: 0.013094
test acc: 76.95% loss: 0.017917
not improved, best test acc: 79.59%, in epoch 4
[2018-12-07 13:57:44] Epoch 22 step [10|133] lr=0.00049000 acc: 99.53% loss: 0.000281
[2018-12-07 13:57:49] Epoch 22 step [20|133] lr=0.00049000 acc: 99.84% loss: 0.000149
[2018-12-07 13:57:56] Epoch 22 step [30|133] lr=0.00049000 acc: 99.53% loss: 0.000247
[2018-12-07 13:58:04] Epoch 22 step [40|133] lr=0.00049000 acc: 99.69% loss: 0.000242
[2018-12-07 13:58:15] Epoch 22 step [50|133] lr=0.00049000 acc: 100.00% loss: 0.000043
[2018-12-07 13:58:28] Epoch 22 step [60|133] lr=0.00049000 acc: 99.53% loss: 0.000169
[2018-12-07 13:58:42] Epoch 22 step [70|133] lr=0.00049000 acc: 99.69% loss: 0.000170
[2018-12-07 13:58:58] Epoch 22 step [80|133] lr=0.00049000 acc: 100.00% loss: 0.000039
[2018-12-07 13:59:16] Epoch 22 step [90|133] lr=0.00049000 acc: 99.84% loss: 0.000071
[2018-12-07 13:59:37] Epoch 22 step [100|133] lr=0.00049000 acc: 100.00% loss: 0.000020
[2018-12-07 14:00:03] Epoch 22 step [110|133] lr=0.00049000 acc: 100.00% loss: 0.000049
[2018-12-07 14:00:32] Epoch 22 step [120|133] lr=0.00049000 acc: 99.84% loss: 0.000064
[2018-12-07 14:01:11] Epoch 22 step [130|133] lr=0.00049000 acc: 99.69% loss: 0.000104
dev acc: 75.59% loss: 0.013603
test acc: 76.37% loss: 0.018244
not improved, best test acc: 79.59%, in epoch 4
[2018-12-07 14:01:38] Epoch 23 step [10|133] lr=0.00049000 acc: 99.06% loss: 0.000342
[2018-12-07 14:01:42] Epoch 23 step [20|133] lr=0.00049000 acc: 99.84% loss: 0.000140
[2018-12-07 14:01:49] Epoch 23 step [30|133] lr=0.00049000 acc: 99.69% loss: 0.000193
[2018-12-07 14:01:57] Epoch 23 step [40|133] lr=0.00049000 acc: 99.84% loss: 0.000130
[2018-12-07 14:02:08] Epoch 23 step [50|133] lr=0.00049000 acc: 99.84% loss: 0.000084
[2018-12-07 14:02:20] Epoch 23 step [60|133] lr=0.00049000 acc: 100.00% loss: 0.000076
[2018-12-07 14:02:35] Epoch 23 step [70|133] lr=0.00049000 acc: 99.69% loss: 0.000174
[2018-12-07 14:02:51] Epoch 23 step [80|133] lr=0.00049000 acc: 99.84% loss: 0.000087
[2018-12-07 14:03:09] Epoch 23 step [90|133] lr=0.00049000 acc: 99.84% loss: 0.000081
[2018-12-07 14:03:31] Epoch 23 step [100|133] lr=0.00049000 acc: 99.84% loss: 0.000100
[2018-12-07 14:03:55] Epoch 23 step [110|133] lr=0.00049000 acc: 99.69% loss: 0.000079
[2018-12-07 14:04:26] Epoch 23 step [120|133] lr=0.00049000 acc: 99.84% loss: 0.000089
[2018-12-07 14:05:05] Epoch 23 step [130|133] lr=0.00049000 acc: 100.00% loss: 0.000021
dev acc: 75.68% loss: 0.013671
test acc: 76.76% loss: 0.018497
not improved, best test acc: 79.59%, in epoch 4
[2018-12-07 14:05:31] Epoch 24 step [10|133] lr=0.00049000 acc: 99.38% loss: 0.000315
[2018-12-07 14:05:36] Epoch 24 step [20|133] lr=0.00049000 acc: 99.53% loss: 0.000237
[2018-12-07 14:05:43] Epoch 24 step [30|133] lr=0.00049000 acc: 99.69% loss: 0.000158
[2018-12-07 14:05:51] Epoch 24 step [40|133] lr=0.00049000 acc: 99.53% loss: 0.000242
[2018-12-07 14:06:01] Epoch 24 step [50|133] lr=0.00049000 acc: 99.69% loss: 0.000126
[2018-12-07 14:06:14] Epoch 24 step [60|133] lr=0.00049000 acc: 99.22% loss: 0.000163
[2018-12-07 14:06:28] Epoch 24 step [70|133] lr=0.00049000 acc: 99.69% loss: 0.000097
[2018-12-07 14:06:44] Epoch 24 step [80|133] lr=0.00049000 acc: 99.84% loss: 0.000075
[2018-12-07 14:07:03] Epoch 24 step [90|133] lr=0.00049000 acc: 99.84% loss: 0.000101
[2018-12-07 14:07:24] Epoch 24 step [100|133] lr=0.00049000 acc: 100.00% loss: 0.000030
[2018-12-07 14:07:49] Epoch 24 step [110|133] lr=0.00049000 acc: 100.00% loss: 0.000042
[2018-12-07 14:08:18] Epoch 24 step [120|133] lr=0.00049000 acc: 100.00% loss: 0.000034
[2018-12-07 14:08:58] Epoch 24 step [130|133] lr=0.00049000 acc: 99.84% loss: 0.000073
dev acc: 75.29% loss: 0.013636
test acc: 76.95% loss: 0.018612
not improved, best test acc: 79.59%, in epoch 4
[2018-12-07 14:09:24] Epoch 25 step [10|133] lr=0.00049000 acc: 99.53% loss: 0.000249
[2018-12-07 14:09:28] Epoch 25 step [20|133] lr=0.00049000 acc: 99.69% loss: 0.000142
[2018-12-07 14:09:35] Epoch 25 step [30|133] lr=0.00049000 acc: 100.00% loss: 0.000057
[2018-12-07 14:09:44] Epoch 25 step [40|133] lr=0.00049000 acc: 99.84% loss: 0.000092
[2018-12-07 14:09:53] Epoch 25 step [50|133] lr=0.00049000 acc: 99.53% loss: 0.000166
[2018-12-07 14:10:05] Epoch 25 step [60|133] lr=0.00049000 acc: 99.84% loss: 0.000060
[2018-12-07 14:10:19] Epoch 25 step [70|133] lr=0.00049000 acc: 99.69% loss: 0.000145
[2018-12-07 14:10:35] Epoch 25 step [80|133] lr=0.00049000 acc: 99.84% loss: 0.000078
[2018-12-07 14:10:53] Epoch 25 step [90|133] lr=0.00049000 acc: 100.00% loss: 0.000026
[2018-12-07 14:11:16] Epoch 25 step [100|133] lr=0.00049000 acc: 100.00% loss: 0.000034
[2018-12-07 14:11:40] Epoch 25 step [110|133] lr=0.00049000 acc: 99.69% loss: 0.000099
[2018-12-07 14:12:09] Epoch 25 step [120|133] lr=0.00049000 acc: 100.00% loss: 0.000023
[2018-12-07 14:12:49] Epoch 25 step [130|133] lr=0.00049000 acc: 100.00% loss: 0.000022
dev acc: 75.78% loss: 0.014145
test acc: 76.76% loss: 0.019286
not improved, best test acc: 79.59%, in epoch 4
[2018-12-07 14:13:14] Epoch 26 step [10|133] lr=0.00049000 acc: 99.22% loss: 0.000302
[2018-12-07 14:13:18] Epoch 26 step [20|133] lr=0.00049000 acc: 99.84% loss: 0.000085
[2018-12-07 14:13:25] Epoch 26 step [30|133] lr=0.00049000 acc: 99.69% loss: 0.000152
[2018-12-07 14:13:33] Epoch 26 step [40|133] lr=0.00049000 acc: 99.84% loss: 0.000118
[2018-12-07 14:13:43] Epoch 26 step [50|133] lr=0.00049000 acc: 99.69% loss: 0.000093
[2018-12-07 14:13:56] Epoch 26 step [60|133] lr=0.00049000 acc: 99.69% loss: 0.000122
[2018-12-07 14:14:08] Epoch 26 step [70|133] lr=0.00049000 acc: 99.38% loss: 0.000145
[2018-12-07 14:14:23] Epoch 26 step [80|133] lr=0.00049000 acc: 99.69% loss: 0.000154
[2018-12-07 14:14:41] Epoch 26 step [90|133] lr=0.00049000 acc: 100.00% loss: 0.000042
[2018-12-07 14:15:02] Epoch 26 step [100|133] lr=0.00049000 acc: 99.84% loss: 0.000079
[2018-12-07 14:15:26] Epoch 26 step [110|133] lr=0.00049000 acc: 100.00% loss: 0.000038
[2018-12-07 14:15:55] Epoch 26 step [120|133] lr=0.00049000 acc: 100.00% loss: 0.000025
[2018-12-07 14:16:32] Epoch 26 step [130|133] lr=0.00049000 acc: 99.84% loss: 0.000157
dev acc: 76.27% loss: 0.013878
test acc: 76.95% loss: 0.019167
not improved, best test acc: 79.59%, in epoch 4
[2018-12-07 14:16:58] Epoch 27 step [10|133] lr=0.00049000 acc: 99.22% loss: 0.000319
[2018-12-07 14:17:02] Epoch 27 step [20|133] lr=0.00049000 acc: 99.84% loss: 0.000162
[2018-12-07 14:17:08] Epoch 27 step [30|133] lr=0.00049000 acc: 100.00% loss: 0.000081
[2018-12-07 14:17:17] Epoch 27 step [40|133] lr=0.00049000 acc: 99.84% loss: 0.000089
[2018-12-07 14:17:27] Epoch 27 step [50|133] lr=0.00049000 acc: 100.00% loss: 0.000034
[2018-12-07 14:17:39] Epoch 27 step [60|133] lr=0.00049000 acc: 100.00% loss: 0.000030
[2018-12-07 14:17:54] Epoch 27 step [70|133] lr=0.00049000 acc: 99.69% loss: 0.000100
[2018-12-07 14:18:10] Epoch 27 step [80|133] lr=0.00049000 acc: 100.00% loss: 0.000021
[2018-12-07 14:18:29] Epoch 27 step [90|133] lr=0.00049000 acc: 100.00% loss: 0.000016
[2018-12-07 14:18:50] Epoch 27 step [100|133] lr=0.00049000 acc: 99.53% loss: 0.000329
[2018-12-07 14:19:15] Epoch 27 step [110|133] lr=0.00049000 acc: 99.84% loss: 0.000057
[2018-12-07 14:19:46] Epoch 27 step [120|133] lr=0.00049000 acc: 99.84% loss: 0.000045
[2018-12-07 14:20:24] Epoch 27 step [130|133] lr=0.00049000 acc: 100.00% loss: 0.000016
dev acc: 76.46% loss: 0.014230
test acc: 76.56% loss: 0.019493
not improved, best test acc: 79.59%, in epoch 4
[2018-12-07 14:20:51] Epoch 28 step [10|133] lr=0.00049000 acc: 99.84% loss: 0.000202
[2018-12-07 14:20:55] Epoch 28 step [20|133] lr=0.00049000 acc: 99.53% loss: 0.000234
[2018-12-07 14:21:02] Epoch 28 step [30|133] lr=0.00049000 acc: 99.69% loss: 0.000173
[2018-12-07 14:21:10] Epoch 28 step [40|133] lr=0.00049000 acc: 99.53% loss: 0.000250
[2018-12-07 14:21:21] Epoch 28 step [50|133] lr=0.00049000 acc: 99.84% loss: 0.000075
[2018-12-07 14:21:32] Epoch 28 step [60|133] lr=0.00049000 acc: 100.00% loss: 0.000034
[2018-12-07 14:21:45] Epoch 28 step [70|133] lr=0.00049000 acc: 99.84% loss: 0.000085
[2018-12-07 14:22:01] Epoch 28 step [80|133] lr=0.00049000 acc: 100.00% loss: 0.000032
[2018-12-07 14:22:20] Epoch 28 step [90|133] lr=0.00049000 acc: 99.84% loss: 0.000058
[2018-12-07 14:22:41] Epoch 28 step [100|133] lr=0.00049000 acc: 100.00% loss: 0.000024
[2018-12-07 14:23:04] Epoch 28 step [110|133] lr=0.00049000 acc: 99.38% loss: 0.000136
[2018-12-07 14:23:33] Epoch 28 step [120|133] lr=0.00049000 acc: 100.00% loss: 0.000012
[2018-12-07 14:24:12] Epoch 28 step [130|133] lr=0.00049000 acc: 100.00% loss: 0.000025
dev acc: 75.78% loss: 0.014275
test acc: 76.37% loss: 0.020029
not improved, best test acc: 79.59%, in epoch 4
24 epoch have not improved, so adjust lr to 0.000343
[2018-12-07 14:24:36] Epoch 29 step [10|133] lr=0.00034300 acc: 99.53% loss: 0.000237
[2018-12-07 14:24:40] Epoch 29 step [20|133] lr=0.00034300 acc: 99.69% loss: 0.000124
[2018-12-07 14:24:47] Epoch 29 step [30|133] lr=0.00034300 acc: 99.53% loss: 0.000181
[2018-12-07 14:24:55] Epoch 29 step [40|133] lr=0.00034300 acc: 99.69% loss: 0.000107
[2018-12-07 14:25:05] Epoch 29 step [50|133] lr=0.00034300 acc: 99.84% loss: 0.000064
[2018-12-07 14:25:15] Epoch 29 step [60|133] lr=0.00034300 acc: 99.69% loss: 0.000108
[2018-12-07 14:25:28] Epoch 29 step [70|133] lr=0.00034300 acc: 99.84% loss: 0.000046
[2018-12-07 14:25:43] Epoch 29 step [80|133] lr=0.00034300 acc: 100.00% loss: 0.000056
[2018-12-07 14:26:01] Epoch 29 step [90|133] lr=0.00034300 acc: 100.00% loss: 0.000025
[2018-12-07 14:26:22] Epoch 29 step [100|133] lr=0.00034300 acc: 99.84% loss: 0.000056
[2018-12-07 14:26:47] Epoch 29 step [110|133] lr=0.00034300 acc: 100.00% loss: 0.000010
[2018-12-07 14:27:17] Epoch 29 step [120|133] lr=0.00034300 acc: 100.00% loss: 0.000026
[2018-12-07 14:27:56] Epoch 29 step [130|133] lr=0.00034300 acc: 100.00% loss: 0.000054
dev acc: 75.29% loss: 0.014339
test acc: 77.15% loss: 0.019662
not improved, best test acc: 79.59%, in epoch 4
[2018-12-07 14:28:21] Epoch 30 step [10|133] lr=0.00034300 acc: 99.69% loss: 0.000166
[2018-12-07 14:28:26] Epoch 30 step [20|133] lr=0.00034300 acc: 100.00% loss: 0.000057
[2018-12-07 14:28:32] Epoch 30 step [30|133] lr=0.00034300 acc: 99.69% loss: 0.000109
[2018-12-07 14:28:40] Epoch 30 step [40|133] lr=0.00034300 acc: 99.84% loss: 0.000090
[2018-12-07 14:28:50] Epoch 30 step [50|133] lr=0.00034300 acc: 99.84% loss: 0.000092
[2018-12-07 14:29:02] Epoch 30 step [60|133] lr=0.00034300 acc: 100.00% loss: 0.000022
[2018-12-07 14:29:16] Epoch 30 step [70|133] lr=0.00034300 acc: 100.00% loss: 0.000032
[2018-12-07 14:29:32] Epoch 30 step [80|133] lr=0.00034300 acc: 100.00% loss: 0.000036
[2018-12-07 14:29:50] Epoch 30 step [90|133] lr=0.00034300 acc: 100.00% loss: 0.000016
[2018-12-07 14:30:11] Epoch 30 step [100|133] lr=0.00034300 acc: 99.84% loss: 0.000037
[2018-12-07 14:30:36] Epoch 30 step [110|133] lr=0.00034300 acc: 100.00% loss: 0.000022
[2018-12-07 14:31:05] Epoch 30 step [120|133] lr=0.00034300 acc: 100.00% loss: 0.000016
[2018-12-07 14:31:43] Epoch 30 step [130|133] lr=0.00034300 acc: 99.84% loss: 0.000035
dev acc: 75.68% loss: 0.014946
test acc: 75.98% loss: 0.020396
not improved, best test acc: 79.59%, in epoch 4
[2018-12-07 14:32:09] Epoch 31 step [10|133] lr=0.00034300 acc: 99.69% loss: 0.000212
[2018-12-07 14:32:13] Epoch 31 step [20|133] lr=0.00034300 acc: 100.00% loss: 0.000046
[2018-12-07 14:32:20] Epoch 31 step [30|133] lr=0.00034300 acc: 99.69% loss: 0.000136
[2018-12-07 14:32:28] Epoch 31 step [40|133] lr=0.00034300 acc: 99.84% loss: 0.000059
[2018-12-07 14:32:38] Epoch 31 step [50|133] lr=0.00034300 acc: 99.53% loss: 0.000119
[2018-12-07 14:32:50] Epoch 31 step [60|133] lr=0.00034300 acc: 100.00% loss: 0.000038
[2018-12-07 14:33:05] Epoch 31 step [70|133] lr=0.00034300 acc: 99.69% loss: 0.000124
[2018-12-07 14:33:20] Epoch 31 step [80|133] lr=0.00034300 acc: 99.84% loss: 0.000080
[2018-12-07 14:33:38] Epoch 31 step [90|133] lr=0.00034300 acc: 99.84% loss: 0.000063
[2018-12-07 14:33:59] Epoch 31 step [100|133] lr=0.00034300 acc: 99.84% loss: 0.000032
[2018-12-07 14:34:23] Epoch 31 step [110|133] lr=0.00034300 acc: 100.00% loss: 0.000014
[2018-12-07 14:34:53] Epoch 31 step [120|133] lr=0.00034300 acc: 100.00% loss: 0.000013
[2018-12-07 14:35:31] Epoch 31 step [130|133] lr=0.00034300 acc: 100.00% loss: 0.000009
dev acc: 76.17% loss: 0.014675
test acc: 77.05% loss: 0.019717
not improved, best test acc: 79.59%, in epoch 4
[2018-12-07 14:35:57] Epoch 32 step [10|133] lr=0.00034300 acc: 99.69% loss: 0.000182
[2018-12-07 14:36:02] Epoch 32 step [20|133] lr=0.00034300 acc: 99.84% loss: 0.000081
[2018-12-07 14:36:08] Epoch 32 step [30|133] lr=0.00034300 acc: 99.84% loss: 0.000067
[2018-12-07 14:36:16] Epoch 32 step [40|133] lr=0.00034300 acc: 99.53% loss: 0.000111
[2018-12-07 14:36:26] Epoch 32 step [50|133] lr=0.00034300 acc: 99.84% loss: 0.000046
[2018-12-07 14:36:38] Epoch 32 step [60|133] lr=0.00034300 acc: 99.84% loss: 0.000057
[2018-12-07 14:36:52] Epoch 32 step [70|133] lr=0.00034300 acc: 100.00% loss: 0.000022
[2018-12-07 14:37:08] Epoch 32 step [80|133] lr=0.00034300 acc: 100.00% loss: 0.000053
[2018-12-07 14:37:27] Epoch 32 step [90|133] lr=0.00034300 acc: 100.00% loss: 0.000019
[2018-12-07 14:37:48] Epoch 32 step [100|133] lr=0.00034300 acc: 100.00% loss: 0.000014
